[INFO](retrieveLog) wrote 57.251442MB to latest.log in 4.396802186965942
[INFO](monitor) succesfully monitoring 76561199229177989 for user 709547527334002829
[INFO](staffParse) CAUGHT UP TO LATEST 47
[DEBUG](staffLog) 04:36:50/07-06 04:35:49(-2) logged VANISH in vanish: [2024-07-05 23:35:51.122 UTC] [Info] [Main] [Command] okbinoutube [okbinoutube]: /vanish
[DEBUG](staffLog) 04:37:10/07-06 04:36:11(-3) logged VANISH in vanish: [2024-07-05 23:36:14.352 UTC] [Info] [Main] [Command] okbinoutube [okbinoutube]: /vanish
[DEBUG](staffLog) 04:37:10/07-06 04:36:16(-3) logged VANISH in vanish: [2024-07-05 23:36:19.008 UTC] [Info] [Main] [Command] drakos [Andre]: /vanish
[DEBUG](staffLog) 04:37:33/07-06 04:36:33(-3) logged VANISH in vanish: [2024-07-05 23:36:36.362 UTC] [Info] [Main] [Command] okbinoutube [okbinoutube]: /vanish
[DEBUG](staffLog) 04:38:10/07-06 04:37:17(-1) logged TP in tp: [2024-07-05 23:37:18.174 UTC] [Info] [Main] Pandahut >> okbinoutube (76561198843696538) - Teleported to Typical (76561199442263109 at East of Arena (3028.395 0.5898048 1950.377) from North West of Range (390.6723 65.31444 2564.614)
[DEBUG](staffLog) 04:38:14/07-06 04:37:18(-2) logged DEBUG in debug-logs: [2024-07-05 23:37:20.055 UTC] [Info] [Main] [Command] drakos [Andre]: /bunker
[DEBUG](staffLog) 04:38:40/07-06 04:37:38(-3) fakelogged DEBUG in 🤯: [2024-07-05 23:37:41.124 UTC] [Info] [Main] [Command] drakos [Andre]: /trash
[DEBUG](staffLog) 04:38:40/07-06 04:37:46(-1) fakelogged DEBUG in 🤯: [2024-07-05 23:37:47.120 UTC] [Info] [Main] [Command] drakos [Andre]: /trash
[DEBUG](staffLog) 04:38:50/07-06 04:37:48(-2) fakelogged DEBUG in 🤯: [2024-07-05 23:37:50.684 UTC] [Info] [Main] [Command] drakos [Andre]: /trash
[DEBUG](staffLog) 04:38:50/07-06 04:37:48(-2) logged TP in tp: [2024-07-05 23:37:50.825 UTC] [Info] [Main] Pandahut >> okbinoutube (76561198843696538) - Teleported to Typical (76561199442263109 at East of gorge (2972.917 0.3000023 816.1379) from East of Arena (3025.088 0.3747619 1961.105)
[DEBUG](staffLog) 04:38:51/07-06 04:37:56(-3) logged VANISH in vanish: [2024-07-05 23:37:59.596 UTC] [Info] [Main] [Command] drakos [Andre]: /vanish
[DEBUG](staffLog) 04:39:01/07-06 04:37:57(-3) logged VANISH in vanish: [2024-07-05 23:38:00.793 UTC] [Info] [Main] [Command] drakos [Andre]: /vanish
[DEBUG](staffLog) 04:39:01/07-06 04:38:01(-3) logged TP in tp: [2024-07-05 23:38:04.433 UTC] [Info] [Main] Pandahut >> okbinoutube (76561198843696538) - Teleported to Typical (76561199442263109 at North East of event (2480.446 0.3000008 -303.0453) from East of gorge (2969.492 0.3000031 836.9818)
[DEBUG](staffLog) 04:39:32/07-06 04:38:32(-2) logged TP in tp: [2024-07-05 23:38:34.309 UTC] [Info] [Main] Pandahut >> okbinoutube (76561198843696538) - Teleported to Typical (76561199442263109 at South East of gorge (2912.374 0.5898048 230.3363) from North East of event (2480.823 0.3747618 -295.0333)
[DEBUG](staffLog) 04:40:53/07-06 04:39:55(-3) logged MSG in 🌹: [2024-07-05 23:39:58.700 UTC] [Info] [Main] [Command] okbinoutube [okbinoutube]: /pm BA1 who is spawncamping
[DEBUG](staffLog) 04:41:00/07-06 04:40:03(-2) logged BAN in bans mentioned 1218944589994659850: [2024-07-05 23:40:05.793 UTC] [Info] [Main] [Command] drakos [Andre]: /ban 76561199730099165 "Cheating | ESP | Perm" 0
[DEBUG](staffLog) 04:42:01/07-06 04:41:06(-3) logged VANISH in vanish: [2024-07-05 23:41:09.535 UTC] [Info] [Main] [Command] drakos [Andre]: /vanish
[DEBUG](staffLog) 04:42:11/07-06 04:41:14(-1) logged TP in tp: [2024-07-05 23:41:15.078 UTC] [Info] [Main] Pandahut >> drakos (76561199531161985) - Teleported to hood (76561198388306018 at North of Woods (-1436.569 48.70567 -1647.759) from North West of Range (332.7251 65.06445 2663.135)
[DEBUG](staffLog) 04:42:11/07-06 04:41:17(-1) logged TP in tp: [2024-07-05 23:41:18.160 UTC] [Info] [Main] Pandahut >> drakos (76561199531161985) - Teleported to hood (76561198388306018 at North of Woods (-1435.999 48.91343 -1647.526) from South West of Woods (-1980.92 62.41629 -1435.219)
[DEBUG](staffLog) 04:42:32/07-06 04:41:29(-3) logged VANISH in vanish: [2024-07-05 23:41:32.337 UTC] [Info] [Main] [Command] drakos [Andre]: /vanish
[DEBUG](staffLog) 04:42:52/07-06 04:41:52(-2) logged TP in tp: [2024-07-05 23:41:54.305 UTC] [Info] [Main] Pandahut >> okbinoutube (76561198843696538) - Teleported to Typical (76561199442263109 at East of Woods (-1045.755 62.41629 -1845.985) from South East of gorge (2904.623 0.3000083 163.1939)
[DEBUG](staffLog) 04:42:52/07-06 04:41:54(-2) logged TP in tp: [2024-07-05 23:41:56.727 UTC] [Info] [Main] Pandahut >> drakos (76561199531161985) - Teleported to Ballerd (76561198187121533 at North of Woods (-1434.777 49.50702 -1645.47) from North of Woods (-1435.97 48.92938 -1647.497)
[DEBUG](staffLog) 04:43:02/07-06 04:42:00(-2) logged TP in tp: [2024-07-05 23:42:02.577 UTC] [Info] [Main] Pandahut >> okbinoutube (76561198843696538) - Teleported to Typical (76561199442263109 at North East of Woods (-1105.984 65.59794 -1817.774) from South West of Woods (-1971.147 62.41629 -1428.23)
[DEBUG](staffLog) 04:43:22/07-06 04:42:18(-1) logged DEBUG in debug-logs: [2024-07-05 23:42:19.778 UTC] [Info] [Main] [Command] drakos [Andre]: /bunker
[DEBUG](staffLog) 04:43:30/07-06 04:42:32(-3) logged DEBUG in debug-logs: [2024-07-05 23:42:35.796 UTC] [Info] [Main] [Command] drakos [Andre]: /mod
[DEBUG](staffLog) 04:45:21/07-06 04:44:19(-3) logged MSG in 🌹: [2024-07-05 23:44:22.729 UTC] [Info] [Main] [Command] okbinoutube [okbinoutube]: /pm tytbeastmode please use a more respectable language
[DEBUG](staffLog) 04:45:42/07-06 04:44:42(-2) logged CHAT in 🥶: [2024-07-05 23:44:44.292 UTC] [Info] [Main] [Global] okbinoutube [okbinoutube]: I am warning you tyt
[DEBUG](staffLog) 04:46:43/07-06 04:45:42(-2) logged MSG in 🌹: [2024-07-05 23:45:44.829 UTC] [Info] [Main] [Command] okbinoutube [okbinoutube]: /pm tytbeast send pm and tell me who is camping
[DEBUG](staffLog) 04:49:42/07-06 04:48:41(-2) logged DEBUG in debug-logs: [2024-07-05 23:48:43.115 UTC] [Info] [Main] [Command] drakos [Andre]: /mod
[DEBUG](staffLog) 04:51:51/07-06 04:50:48(-3) logged DEBUG in debug-logs: [2024-07-05 23:50:51.276 UTC] [Info] [Main] [Command] drakos [Andre]: /mute 76561199151240423 "Sexual cont. | First Offense | 1d" 1 d
[DEBUG](staffLog) 04:52:42/07-06 04:51:41(-1) logged DEBUG in debug-logs: [2024-07-05 23:51:42.714 UTC] [Info] [Main] [Command] drakos [Andre]: /mute 76561199465677141 "Mic Spam | First Offense | 12hr" 12 h
[DEBUG](staffLog) 04:53:30/07-06 04:52:36(-3) logged VANISH in vanish: [2024-07-05 23:52:39.226 UTC] [Info] [Main] [Command] drakos [Andre]: /vanish
[DEBUG](staffLog) 04:57:43/07-06 04:56:43(-1) logged DEBUG in debug-logs: [2024-07-05 23:56:44.387 UTC] [Info] [Main] [Command] drakos [Andre]: /mod
[DEBUG](staffLog) 04:59:01/07-06 04:58:05(-2) fakelogged DEBUG in 🤯: [2024-07-05 23:58:07.509 UTC] [Info] [Main] [Command] drakos [Andre]: /buyfrom 76561198194948123 75
[DEBUG](staffLog) 04:59:10/07-06 04:58:10(-3) fakelogged DEBUG in 🤯: [2024-07-05 23:58:13.957 UTC] [Info] [Main] [Command] drakos [Andre]: /buyfrom 76561198194948123 75
[DEBUG](staffLog) 04:59:30/07-06 04:58:18(-3) fakelogged DEBUG in 🤯: [2024-07-05 23:58:21.326 UTC] [Info] [Main] [Command] drakos [Andre]: /buyfrom 76561198194948123 75
[DEBUG](staffLog) 04:59:30/07-06 04:58:24(-2) fakelogged DEBUG in 🤯: [2024-07-05 23:58:26.870 UTC] [Info] [Main] [Command] drakos [Andre]: /buyfrom 76561198194948123 75
[DEBUG](staffLog) 04:59:50/07-06 04:58:49(-3) fakelogged DEBUG in 🤯: [2024-07-05 23:58:52.635 UTC] [Info] [Main] [Command] drakos [Andre]: /buyfrom 76561198194948123 55013
[DEBUG](staffLog) 04:59:50/07-06 04:58:53(-3) fakelogged DEBUG in 🤯: [2024-07-05 23:58:56.912 UTC] [Info] [Main] [Command] drakos [Andre]: /buyfrom 76561198194948123 55013
[DEBUG](staffLog) 05:00:00/07-06 04:58:59(-2) fakelogged DEBUG in 🤯: [2024-07-05 23:59:01.443 UTC] [Info] [Main] [Command] drakos [Andre]: /stuck
[DEBUG](staffLog) 05:00:20/07-06 04:59:24(-1) fakelogged DEBUG in 🤯: [2024-07-05 23:59:25.454 UTC] [Info] [Main] [Command] drakos [Andre]: /doortp
[DEBUG](staffLog) 05:00:20/07-06 04:59:27(-1) fakelogged DEBUG in 🤯: [2024-07-05 23:59:28.727 UTC] [Info] [Main] [Command] drakos [Andre]: /vault
[DEBUG](staffLog) 05:00:30/07-06 04:59:35(-3) fakelogged DEBUG in 🤯: [2024-07-05 23:59:38.275 UTC] [Info] [Main] [Command] drakos [Andre]: /stuck
[DEBUG](staffLog) 05:01:01/07-06 05:00:04(-1) fakelogged DEBUG in 🤯: [2024-07-06 00:00:05.107 UTC] [Info] [Main] [Command] drakos [Andre]: /vault
[DEBUG](staffLog) 05:05:00/07-06 05:04:01(-1) fakelogged DEBUG in 🤯: [2024-07-06 00:04:02.107 UTC] [Info] [Main] [Command] drakos [Andre]: /stuck
[DEBUG](staffLog) 05:05:30/07-06 05:04:28(-3) logged VANISH in vanish: [2024-07-06 00:04:31.051 UTC] [Info] [Main] [Command] drakos [Andre]: /vanish
[DEBUG](staffLog) 05:07:10/07-06 05:06:14(-2) fakelogged DEBUG in 🤯: [2024-07-06 00:06:16.901 UTC] [Info] [Main] [Command] drakos [Andre]: /mc
[DEBUG](staffLog) 05:08:20/07-06 05:07:21(-3) fakelogged DEBUG in 🤯: [2024-07-06 00:07:24.574 UTC] [Info] [Main] [Command] drakos [Andre]: /mc
[DEBUG](staffLog) 05:13:01/07-06 05:11:59(-3) fakelogged DEBUG in 🤯: [2024-07-06 00:12:02.799 UTC] [Info] [Main] [Command] drakos [Andre]: /stuck
[DEBUG](staffLog) 05:13:10/07-06 05:12:12(-3) fakelogged DEBUG in 🤯: [2024-07-06 00:12:15.054 UTC] [Info] [Main] [Command] drakos [Andre]: /vault
[DEBUG](staffLog) 05:13:10/07-06 05:12:16(-3) fakelogged DEBUG in 🤯: [2024-07-06 00:12:19.107 UTC] [Info] [Main] [Command] drakos [Andre]: /doortp
[DEBUG](staffLog) 05:13:34/07-06 05:12:29(-3) fakelogged DEBUG in 🤯: [2024-07-06 00:12:32.345 UTC] [Info] [Main] [Command] drakos [Andre]: /stuck
[DEBUG](staffLog) 05:18:50/07-06 05:17:53(-3) logged MSG in 🌹: [2024-07-06 00:17:56.782 UTC] [Info] [Main] [Command] DJ [DJ_Julien]: /pm chaos bro nigger please dont leave me with this cunt
[DEBUG](staffLog) 05:19:00/07-06 05:18:05(-1) logged MSG in 🌹: [2024-07-06 00:18:06.057 UTC] [Info] [Main] [Command] DJ [DJ_Julien]: /pm chaos dont leave me with this cunt
[DEBUG](staffLog) 05:19:00/07-06 05:18:07(-2) logged MSG in 🌹: [2024-07-06 00:18:09.293 UTC] [Info] [Main] [Command] DJ [DJ_Julien]: /pm chaos bruh\
[DEBUG](staffLog) 05:20:22/07-06 05:19:25(-2) fakelogged DEBUG in 🤯: [2024-07-06 00:19:27.558 UTC] [Info] [Main] [Command] drakos [Andre]: /vault
[DEBUG](staffLog) 05:20:40/07-06 05:19:43(-2) fakelogged DEBUG in 🤯: [2024-07-06 00:19:45.914 UTC] [Info] [Main] [Command] drakos [Andre]: /stuck
[DEBUG](staffLog) 05:21:40/07-06 05:20:45(-1) fakelogged DEBUG in 🤯: [2024-07-06 00:20:46.780 UTC] [Info] [Main] [Command] drakos [Andre]: /vault
[DEBUG](staffLog) 05:23:50/07-06 05:22:49(-1) fakelogged DEBUG in 🤯: [2024-07-06 00:22:50.095 UTC] [Info] [Main] [Command] drakos [Andre]: /vault
[DEBUG](staffLog) 05:24:20/07-06 05:23:21(-1) fakelogged DEBUG in 🤯: [2024-07-06 00:23:22.958 UTC] [Info] [Main] [Command] drakos [Andre]: /vault
[DEBUG](staffLog) 05:28:00/07-06 05:27:03(-3) fakelogged DEBUG in 🤯: [2024-07-06 00:27:06.361 UTC] [Info] [Main] [Command] drakos [Andre]: /doortp
[DEBUG](staffLog) 05:28:10/07-06 05:27:09(-2) fakelogged DEBUG in 🤯: [2024-07-06 00:27:11.960 UTC] [Info] [Main] [Command] drakos [Andre]: /stuck
[DEBUG](staffLog) 05:29:02/07-06 05:28:00(-3) logged MSG in 🌹: [2024-07-06 00:28:03.866 UTC] [Info] [Main] [Command] Zenji [Zenji]: /pm PrimeTimeBuckeye Im at 15D.
[DEBUG](staffLog) 05:32:12/07-06 05:31:13(-1) fakelogged DEBUG in 🤯: [2024-07-06 00:31:14.803 UTC] [Info] [Main] [Command] drakos [Andre]: /stuck
[DEBUG](staffLog) 05:36:57/07-06 05:36:01(-3) fakelogged DEBUG in 🤯: [2024-07-06 00:36:04.820 UTC] [Info] [Main] [Command] drakos [Andre]: /stuck
[DEBUG](staffLog) 05:37:56/07-06 05:36:57(-1) fakelogged DEBUG in 🤯: [2024-07-06 00:36:58.878 UTC] [Info] [Main] [Command] drakos [Andre]: /stuck
[DEBUG](staffLog) 05:39:12/07-06 05:38:18(-2) fakelogged DEBUG in 🤯: [2024-07-06 00:38:20.157 UTC] [Info] [Main] [Command] drakos [Andre]: /stuck
[DEBUG](staffLog) 05:39:53/07-06 05:38:44(-3) logged MSG in 🌹: [2024-07-06 00:38:47.836 UTC] [Info] [Main] [Command] High [High]: /pm hood ur dog
[DEBUG](staffLog) 05:42:11/07-06 05:41:17(-1) logged VANISH in vanish: [2024-07-06 00:41:18.761 UTC] [Info] [Main] [Command] drakos [Andre]: /vanish
[DEBUG](staffLog) 05:42:21/07-06 05:41:18(-2) logged VANISH in vanish: [2024-07-06 00:41:20.592 UTC] [Info] [Main] [Command] drakos [Andre]: /vanish
[DEBUG](staffLog) 05:43:53/07-06 05:42:53(-2) logged MSG in 🌹: [2024-07-06 00:42:55.635 UTC] [Info] [Main] [Command] High [High]: /pm amtainted your a dick
[DEBUG](staffLog) 05:44:14/07-06 05:43:09(-1) fakelogged DEBUG in 🤯: [2024-07-06 00:43:10.849 UTC] [Info] [Main] [Command] drakos [Andre]: /stuck
[DEBUG](staffLog) 05:47:21/07-06 05:46:28(-1) fakelogged DEBUG in 🤯: [2024-07-06 00:46:29.239 UTC] [Info] [Main] [Command] drakos [Andre]: /stuck
[DEBUG](staffLog) 05:49:21/07-06 05:48:21(-2) fakelogged DEBUG in 🤯: [2024-07-06 00:48:23.335 UTC] [Info] [Main] [Command] drakos [Andre]: /stuck
[DEBUG](staffLog) 05:49:31/07-06 05:48:31(-2) fakelogged DEBUG in 🤯: [2024-07-06 00:48:33.380 UTC] [Info] [Main] [Command] drakos [Andre]: /vault
[DEBUG](staffLog) 05:49:41/07-06 05:48:39(-2) fakelogged DEBUG in 🤯: [2024-07-06 00:48:41.533 UTC] [Info] [Main] [Command] drakos [Andre]: /doortp
[DEBUG](staffLog) 05:50:01/07-06 05:49:06(-1) fakelogged DEBUG in 🤯: [2024-07-06 00:49:07.159 UTC] [Info] [Main] [Command] drakos [Andre]: /stuck
[DEBUG](staffLog) 05:51:02/07-06 05:50:04(-3) fakelogged DEBUG in 🤯: [2024-07-06 00:50:07.639 UTC] [Info] [Main] [Command] drakos [Andre]: /stuck
[DEBUG](staffLog) 05:52:51/07-06 05:51:56(-2) fakelogged DEBUG in 🤯: [2024-07-06 00:51:58.085 UTC] [Info] [Main] [Command] drakos [Andre]: /doortp
[DEBUG](staffLog) 05:53:23/07-06 05:52:23(-2) fakelogged DEBUG in 🤯: [2024-07-06 00:52:25.037 UTC] [Info] [Main] [Command] drakos [Andre]: /stuck
[DEBUG](staffLog) 05:54:20/07-06 05:53:22(-1) logged MSG in 🌹: [2024-07-06 00:53:23.242 UTC] [Info] [Main] [Command] DJ [DJ_Julien]: /pm john why is movie night hosted by a nigger get him back in his cage
[DEBUG](staffLog) 05:55:24/07-06 05:54:25(-1) fakelogged DEBUG in 🤯: [2024-07-06 00:54:26.660 UTC] [Info] [Main] [Command] drakos [Andre]: /doortp
[DEBUG](staffLog) 05:55:41/07-06 05:54:47(-1) fakelogged DEBUG in 🤯: [2024-07-06 00:54:48.542 UTC] [Info] [Main] [Command] drakos [Andre]: /stuck
[DEBUG](staffLog) 05:56:11/07-06 05:55:14(-1) fakelogged DEBUG in 🤯: [2024-07-06 00:55:15.091 UTC] [Info] [Main] [Command] drakos [Andre]: /doortp
[DEBUG](staffLog) 05:56:41/07-06 05:55:42(-2) fakelogged DEBUG in 🤯: [2024-07-06 00:55:44.951 UTC] [Info] [Main] [Command] drakos [Andre]: /stuck
[DEBUG](staffLog) 05:58:10/07-06 05:57:01(-1) fakelogged DEBUG in 🤯: [2024-07-06 00:57:02.101 UTC] [Info] [Main] [Command] drakos [Andre]: /vault
[DEBUG](staffLog) 05:58:10/07-06 05:57:05(-2) fakelogged DEBUG in 🤯: [2024-07-06 00:57:07.473 UTC] [Info] [Main] [Command] drakos [Andre]: /doortp
[DEBUG](staffLog) 05:58:10/07-06 05:57:15(-1) fakelogged DEBUG in 🤯: [2024-07-06 00:57:16.488 UTC] [Info] [Main] [Command] drakos [Andre]: /stuck
[DEBUG](staffLog) 06:13:55/07-06 06:12:55(-2) logged MSG in 🌹: [2024-07-06 01:12:57.945 UTC] [Info] [Main] [Command] yung_pickle52 [Accurse]: /pm vini yung pickle get real
[DEBUG](staffLog) 06:14:12/07-06 06:13:04(-1) logged R in 🌹: [2024-07-06 01:13:05.221 UTC] [Info] [Main] [Command] vini is awful [$yq]: /r huh
[DEBUG](staffLog) 06:16:23/07-06 06:15:19(-3) fakelogged DEBUG in 🤯: [2024-07-06 01:15:22.346 UTC] [Info] [Main] [Command] drakos [Andre]: /doortp
[DEBUG](staffLog) 06:17:21/07-06 06:16:19(-3) fakelogged DEBUG in 🤯: [2024-07-06 01:16:22.486 UTC] [Info] [Main] [Command] drakos [Andre]: /stuck
[DEBUG](staffLog) 06:17:53/07-06 06:16:50(-2) logged DEBUG in debug-logs: [2024-07-06 01:16:52.630 UTC] [Info] [Main] [Command] drakos [Andre]: /mod
[DEBUG](staffLog) 06:17:53/07-06 06:16:51(-3) logged DEBUG in debug-logs: [2024-07-06 01:16:54.721 UTC] [Info] [Main] [Command] drakos [Andre]: /mod
[DEBUG](staffLog) 06:18:36/07-06 06:17:22(-2) logged DEBUG in debug-logs: [2024-07-06 01:17:24.554 UTC] [Info] [Main] [Command] drakos [Andre]: /mod
[DEBUG](staffLog) 06:22:53/07-06 06:21:54(-2) logged MSG in 🌹: [2024-07-06 01:21:56.213 UTC] [Info] [Main] [Command] hood [hood]: /msg
[DEBUG](staffLog) 06:24:41/07-06 06:23:42(-2) fakelogged DEBUG in 🤯: [2024-07-06 01:23:44.752 UTC] [Info] [Main] [Command] drakos [Andre]: /doortp
[DEBUG](staffLog) 06:24:51/07-06 06:23:48(-2) fakelogged DEBUG in 🤯: [2024-07-06 01:23:50.862 UTC] [Info] [Main] [Command] drakos [Andre]: /stuck
[DEBUG](staffLog) 06:26:21/07-06 06:25:20(-1) logged DEBUG in debug-logs: [2024-07-06 01:25:21.947 UTC] [Info] [Main] [Command] drakos [Andre]: /rank vini
[DEBUG](staffLog) 06:29:51/07-06 06:28:52(-2) logged VANISH in vanish: [2024-07-06 01:28:54.836 UTC] [Info] [Main] [Command] drakos [Andre]: /vanish
[DEBUG](staffLog) 06:29:51/07-06 06:28:54(-2) logged DEBUG in debug-logs: [2024-07-06 01:28:56.689 UTC] [Info] [Main] [Command] drakos [Andre]: /mod
[DEBUG](staffLog) 06:30:41/07-06 06:29:44(-2) logged VANISH in vanish: [2024-07-06 01:29:46.291 UTC] [Info] [Main] [Command] drakos [Andre]: /vanish
[DEBUG](staffLog) 06:32:01/07-06 06:30:58(-2) logged VANISH in vanish: [2024-07-06 01:31:00.654 UTC] [Info] [Main] [Command] drakos [Andre]: /vanish
[DEBUG](staffLog) 06:32:21/07-06 06:31:19(-1) logged VANISH in vanish: [2024-07-06 01:31:20.447 UTC] [Info] [Main] [Command] drakos [Andre]: /vanish
[DEBUG](staffLog) 06:32:21/07-06 06:31:26(-2) logged VANISH in vanish: [2024-07-06 01:31:28.605 UTC] [Info] [Main] [Command] drakos [Andre]: /vanish
[DEBUG](staffLog) 06:33:01/07-06 06:32:04(-2) logged MSG in 🌹: [2024-07-06 01:32:06.719 UTC] [Info] [Main] [Command] BURB [birb]: /msg yoraze no way bro ignores me
[DEBUG](staffLog) 06:34:51/07-06 06:33:53(-1) logged MSG in 🌹: [2024-07-06 01:33:54.321 UTC] [Info] [Main] [Command] vini is awful [$yq]: /msg drakos yo theres a cheater on
[DEBUG](staffLog) 06:37:51/07-06 06:36:51(-3) logged CHAT in 🥶: [2024-07-06 01:36:54.299 UTC] [Info] [Main] [Global] drakos [Andre]: Hm?
[DEBUG](staffLog) 06:38:01/07-06 06:37:06(-2) logged CHAT in 🥶: [2024-07-06 01:37:08.049 UTC] [Info] [Main] [Global] drakos [Andre]: dm me the clip or make a ticket
[DEBUG](staffLog) 06:38:33/07-06 06:37:35(-2) logged VANISH in vanish: [2024-07-06 01:37:37.816 UTC] [Info] [Main] [Command] drakos [Andre]: /vanish
[DEBUG](staffLog) 06:38:43/07-06 06:37:42(-2) logged TP in tp: [2024-07-06 01:37:44.335 UTC] [Info] [Main] Pandahut >> drakos (76561199531161985) - Teleported to Baki (76561199725696134 at North West of Labs (-38.9903 40.85244 -1231.559) from North West of Range (316.241 66.23236 2676.109)
[DEBUG](staffLog) 06:38:44/07-06 06:37:45(-2) logged TP in tp: [2024-07-06 01:37:47.226 UTC] [Info] [Main] Pandahut >> drakos (76561199531161985) - Teleported to Baki (76561199725696134 at North West of Labs (-25.08823 40.85244 -1230.038) from West of event (590.235 36.31392 -1216.738)
[DEBUG](staffLog) 06:39:31/07-06 06:38:31(-1) fakelogged DEBUG in 🤯: [2024-07-06 01:38:32.238 UTC] [Info] [Main] [Command] drakos [Andre]: /vault
[DEBUG](staffLog) 06:39:31/07-06 06:38:34(-1) fakelogged DEBUG in 🤯: [2024-07-06 01:38:35.804 UTC] [Info] [Main] [Command] drakos [Andre]: /vault
[DEBUG](staffLog) 06:41:12/07-06 06:40:14(-2) logged TP in tp: [2024-07-06 01:40:16.874 UTC] [Info] [Main] Pandahut >> drakos (76561199531161985) - Teleported to Baki (76561199725696134 at North West of Labs (-17.12043 40.85245 -1228.472) from North West of Labs (-43.60794 40.85244 -1234.135)
[DEBUG](staffLog) 06:45:04/07-06 06:44:07(-1) logged TP in tp: [2024-07-06 01:44:08.001 UTC] [Info] [Main] Pandahut >> drakos (76561199531161985) - Teleported to Baki (76561199725696134 at North of Labs (464.7941 36.907 -1400.496) from North West of Labs (-17.76558 41.06089 -1248.943)
[DEBUG](staffLog) 06:45:12/07-06 06:44:17(-1) logged TP in tp: [2024-07-06 01:44:18.938 UTC] [Info] [Main] Pandahut >> drakos (76561199531161985) - Teleported to vini is awful (76561199207128597 at East of Arena (2848.31 5.550003 1655.914) from North of Labs (438.7246 37.1022 -1371.86)
[DEBUG](staffLog) 06:45:23/07-06 06:44:20(-1) logged VANISH in vanish: [2024-07-06 01:44:21.442 UTC] [Info] [Main] [Command] drakos [Andre]: /vanish
[DEBUG](staffLog) 06:45:42/07-06 06:44:39(-2) logged MSG in 🌹: [2024-07-06 01:44:41.111 UTC] [Info] [Main] [Command] vini is awful [$yq]: /msg hood dont say thing
[DEBUG](staffLog) 06:45:42/07-06 06:44:41(-3) logged DEBUG in debug-logs: [2024-07-06 01:44:44.575 UTC] [Info] [Main] [Command] drakos [Andre]: /mod
[DEBUG](staffLog) 06:45:42/07-06 06:44:43(-2) logged DEBUG in debug-logs: [2024-07-06 01:44:45.976 UTC] [Info] [Main] [Command] drakos [Andre]: /mod
[DEBUG](staffLog) 06:45:43/07-06 06:44:45(-2) logged MSG in 🌹: [2024-07-06 01:44:47.021 UTC] [Info] [Main] [Command] vini is awful [$yq]: /msg hood or he will turn them off
[DEBUG](staffLog) 06:45:54/07-06 06:44:46(-3) logged VANISH in vanish: [2024-07-06 01:44:49.900 UTC] [Info] [Main] [Command] drakos [Andre]: /vanish
[DEBUG](staffLog) 06:45:54/07-06 06:44:51(-2) logged VANISH in vanish: [2024-07-06 01:44:53.793 UTC] [Info] [Main] [Command] drakos [Andre]: /vanish
[DEBUG](staffLog) 06:45:55/07-06 06:44:53(-3) logged MSG in 🌹: [2024-07-06 01:44:56.831 UTC] [Info] [Main] [Command] hood [hood]: /pm vini oh
[DEBUG](staffLog) 06:46:02/07-06 06:45:07(-1) logged VANISH in vanish: [2024-07-06 01:45:08.281 UTC] [Info] [Main] [Command] drakos [Andre]: /vanish
[DEBUG](staffLog) 06:46:12/07-06 06:45:07(-2) logged TP in tp: [2024-07-06 01:45:09.921 UTC] [Info] [Main] Pandahut >> drakos (76561199531161985) - Teleported to Baki (76561199725696134 at West of event (395.5743 36.94542 -1207.903) from East of Arena (2846.492 5.550003 1658.817)
[DEBUG](staffLog) 06:46:12/07-06 06:45:12(-1) logged TP in tp: [2024-07-06 01:45:13.411 UTC] [Info] [Main] Pandahut >> drakos (76561199531161985) - Teleported to Baki (76561199725696134 at West of event (400.9034 42.51774 -1196.201) from North West of Labs (-130.1592 35.81583 -1291.141)
[DEBUG](staffLog) 06:46:12/07-06 06:45:14(-2) logged VANISH in vanish: [2024-07-06 01:45:16.310 UTC] [Info] [Main] [Command] drakos [Andre]: /vanish
[DEBUG](staffLog) 06:46:31/07-06 06:45:29(-3) logged DEBUG in debug-logs: [2024-07-06 01:45:32.994 UTC] [Info] [Main] [Command] drakos [Andre]: /baunker
[DEBUG](staffLog) 06:46:31/07-06 06:45:31(-3) logged DEBUG in debug-logs: [2024-07-06 01:45:34.729 UTC] [Info] [Main] [Command] drakos [Andre]: /bunker
[DEBUG](staffLog) 06:46:31/07-06 06:45:35(-1) fakelogged DEBUG in 🤯: [2024-07-06 01:45:36.831 UTC] [Info] [Main] [Command] drakos [Andre]: /doortp
[DEBUG](staffLog) 06:47:31/07-06 06:46:28(-3) logged BAN in bans: [2024-07-06 01:46:31.454 UTC] [Info] [Main] [Command] drakos [Andre]: /ban 76561199725696134 "Cheating | ESP/SAIM | Perm" 0
[DEBUG](staffLog) 06:47:51/07-06 06:46:51(-1) logged CHAT in 🥶: [2024-07-06 01:46:52.526 UTC] [Info] [Main] [Global] drakos [Andre]: make a ticket for a refund hood
[DEBUG](staffLog) 06:47:51/07-06 06:46:55(-2) logged TP in tp: [2024-07-06 01:46:57.749 UTC] [Info] [Main] Pandahut >> drakos (76561199531161985) - Teleported to vini is awful (76561199207128597 at East of Arena (2841.921 5.550003 1661.436) from South East of gorge (2969.879 0.3000087 164.9462)
[DEBUG](staffLog) 06:48:03/07-06 06:47:02(-1) logged VANISH in vanish: [2024-07-06 01:47:03.802 UTC] [Info] [Main] [Command] drakos [Andre]: /vanish
[DEBUG](staffLog) 06:48:04/07-06 06:47:02(-3) logged VANISH in vanish: [2024-07-06 01:47:05.644 UTC] [Info] [Main] [Command] drakos [Andre]: /vanish
[DEBUG](staffLog) 06:50:14/07-06 06:49:16(-3) logged DEBUG in debug-logs: [2024-07-06 01:49:19.098 UTC] [Info] [Main] [Command] drakos [Andre]: /bunker
[DEBUG](staffLog) 06:50:23/07-06 06:49:19(-3) logged DEBUG in debug-logs: [2024-07-06 01:49:22.344 UTC] [Info] [Main] [Command] drakos [Andre]: /mod
