[INFO](retrieveLog) wrote 16.931946MB to latest.log in 2.53315806388855
[INFO](staffParse) CAUGHT UP TO LATEST 57
[DEBUG](staffLog) 05:56:39/08-27 05:56:21(-3) logged CONNECTING in 🤣: [2024-08-27 00:56:24.877 UTC] [Info] [Main] Connecting: PlayerID: 76561198259451520 Steam Name: Vampie Character name: Vampie A. Nick: Vampie Group: 0 Join GUID: ab62236c-a753-4355-821d-4265019a3d77 Character Slot: 0 Language: English
[DEBUG](staffLog) 05:56:54/08-27 05:56:43(-1) logged TP in tp: [2024-08-27 00:56:44.275 UTC] [Info] [Main] Pandahut >> Vampie A. (76561198259451520) - Teleported to Andrew (76561199760931605 at East of Customs (-1158.787 38.12347 1016.768) from North West of Range (355.7665 68.52143 2572.855)
[DEBUG](staffLog) 05:56:54/08-27 05:56:44(-2) logged TP in tp: [2024-08-27 00:56:46.032 UTC] [Info] [Main] Pandahut >> Vampie A. (76561198259451520) - Teleported to Andrew (76561199760931605 at East of Customs (-1156.518 38.51176 1027.918) from West of C Big Red (-782.7454 38.77486 1055.251)
[DEBUG](staffLog) 05:57:38/08-27 05:57:27(-2) logged TP in tp: [2024-08-27 00:57:29.361 UTC] [Info] [Main] Pandahut >> Vampie A. (76561198259451520) - Teleported to Andrew (76561199760931605 at North East of event (2427.378 5.460005 -323.9025) from North West of Range (328.3434 64.97443 2670.1)
[DEBUG](staffLog) 05:57:53/08-27 05:57:37(-2) logged DEBUG in debug-logs: [2024-08-27 00:57:39.205 UTC] [Info] [Main] [Command] Vampie A. [Vampie]: /ig 76561199760931605
[DEBUG](staffLog) 05:57:53/08-27 05:57:43(-2) logged MSG in 🌹: [2024-08-27 00:57:45.923 UTC] [Info] [Main] [Command] primetimebuckeye [primetimebuckeye]: /pm shiro go 9a
[DEBUG](staffLog) 05:57:54/08-27 05:57:45(-2) logged TP in tp: [2024-08-27 00:57:47.234 UTC] [Info] [Main] Pandahut >> Vampie A. (76561198259451520) - Teleported to Andrew (76561199760931605 at North East of event (2431.214 0.2100021 -315.7233) from North West of Range (317 64.97443 2670)
[DEBUG](staffLog) 05:58:08/08-27 05:57:53(-3) logged DEBUG in debug-logs: [2024-08-27 00:57:56.796 UTC] [Info] [Main] [Command] Vampie A. [Vampie]: /info ghost
[DEBUG](staffLog) 05:59:24/08-27 05:59:10(-3) logged TP in tp: [2024-08-27 00:59:13.253 UTC] [Info] [Main] Pandahut >> Vampie A. (76561198259451520) - Teleported to Andrew (76561199760931605 at North East of event (2438.709 0.4998046 -323.4772) from North East of event (2428.862 5.460005 -325.5023)
[DEBUG](staffLog) 05:59:53/08-27 05:59:37(-2) logged TP in tp: [2024-08-27 00:59:39.842 UTC] [Info] [Main] Pandahut >> Vampie A. (76561198259451520) - Teleported to Andrew (76561199760931605 at North East of event (2424.27 1.959889 -302.2084) from North East of event (2431.964 0.4933883 -314.6736)
[DEBUG](staffLog) 06:00:09/08-27 05:59:53(-3) logged CONNECTING in 🤣: [2024-08-27 00:59:56.690 UTC] [Info] [Main] Connecting: PlayerID: 76561198856241780 Steam Name: Angel_Abov3 Character name: Silly Person :3 Nick: Silly Person :3 Group: 112589996331335969 Join GUID: 022fdb60-f795-42c1-9424-2d27d6624640 Character Slot: 0 Language: English
[DEBUG](staffLog) 06:00:39/08-27 06:00:24(-3) logged DEBUG in debug-logs: [2024-08-27 01:00:27.954 UTC] [Info] [Main] [Command] Silly Person :3 [Angel_Abov3]: /ls krezenwall
[DEBUG](staffLog) 06:01:08/08-27 06:00:59(-3) logged TP in tp: [2024-08-27 01:01:02.156 UTC] [Info] [Main] Pandahut >> Vampie A. (76561198259451520) - Teleported to Andrew (76561199760931605 at East of event (2870.695 0.2100014 -1065.079) from North East of event (2426.215 0.2100005 -300.3887)
[DEBUG](staffLog) 06:02:08/08-27 06:01:53(-3) logged SERVER in 😃: [2024-08-27 01:01:56.325 UTC] [Info] [Main] [Command] Silly Person :3 [Angel_Abov3]: /server 30
[DEBUG](staffLog) 06:02:08/08-27 06:01:56(-1) logged DISCONNECTING in 🤐: [2024-08-27 01:01:57.804 UTC] [Info] [Main] Disconnecting: PlayerID: 76561198856241780 Steam Name: Angel_Abov3 Character name: Silly Person :3 Nick: Silly Person :3 Group: 112589996331335969 Session Length 2.02 Minutes
[DEBUG](staffLog) 06:02:23/08-27 06:02:09(-1) logged TP in tp: [2024-08-27 01:02:10.485 UTC] [Info] [Main] Pandahut >> Vampie A. (76561198259451520) - Teleported to Andrew (76561199760931605 at East of event (2856.318 0.2847617 -1049.334) from East of event (2857.823 0.2847618 -1047.902)
[DEBUG](staffLog) 06:02:24/08-27 06:02:13(-2) logged TP in tp: [2024-08-27 01:02:15.720 UTC] [Info] [Main] Pandahut >> Vampie A. (76561198259451520) - Teleported to Andrew (76561199760931605 at East of event (2424.734 0.2100017 -1068.824) from East of event (2857.755 0.2847618 -1047.9)
[DEBUG](staffLog) 06:03:08/08-27 06:03:00(-3) logged TP in tp: [2024-08-27 01:03:03.409 UTC] [Info] [Main] Pandahut >> Vampie A. (76561198259451520) - Teleported to Andrew (76561199760931605 at East of event (2437.197 0.2100029 -1077.94) from East of event (2422.881 0.210003 -1080.198)
[DEBUG](staffLog) 06:03:38/08-27 06:03:25(-2) logged TP in tp: [2024-08-27 01:03:27.084 UTC] [Info] [Main] Pandahut >> Vampie A. (76561198259451520) - Teleported to Andrew (76561199760931605 at North East of event (2437.969 0.4998047 -318.4733) from East of event (2437.386 0.2100026 -1075.645)
[DEBUG](staffLog) 06:03:38/08-27 06:03:30(-1) logged DEBUG in debug-logs: [2024-08-27 01:03:31.501 UTC] [Info] [Main] [Command] Vampie A. [Vampie]: /limbhits 76561199760931605
[DEBUG](staffLog) 06:03:53/08-27 06:03:40(-2) logged TP in tp: [2024-08-27 01:03:42.310 UTC] [Info] [Main] Pandahut >> Vampie A. (76561198259451520) - Teleported to Andrew (76561199760931605 at North West of Range (362.0126 65.22443 2637.318) from North East of event (2432.577 0.4998046 -321.7896)
[DEBUG](staffLog) 06:04:08/08-27 06:03:52(-2) logged TP in tp: [2024-08-27 01:03:54.660 UTC] [Info] [Main] Pandahut >> Vampie A. (76561198259451520) - Teleported to Andrew (76561199760931605 at North West of Range (347.1974 64.97443 2665.139) from North West of Range (346.3334 64.97443 2663.097)
[DEBUG](staffLog) 06:04:39/08-27 06:04:28(-2) logged TP in tp: [2024-08-27 01:04:30.425 UTC] [Info] [Main] Pandahut >> Vampie A. (76561198259451520) - Teleported to Andrew (76561199760931605 at North West of Range (313.828 64.97443 2672.244) from North West of Range (314.6941 64.97443 2673.672)
[DEBUG](staffLog) 06:04:39/08-27 06:04:31(-3) logged TP in tp: [2024-08-27 01:04:34.937 UTC] [Info] [Main] Pandahut >> Vampie A. (76561198259451520) - Teleported to Andrew (76561199760931605 at West of gorge (735.1186 46.72754 1074.675) from North West of Range (316.362 64.97443 2673.717)
[DEBUG](staffLog) 06:04:39/08-27 06:04:34(-2) logged TP in tp: [2024-08-27 01:04:36.550 UTC] [Info] [Main] Pandahut >> Vampie A. (76561198259451520) - Teleported to Andrew (76561199760931605 at West of gorge (748.0628 45.35184 1077.123) from South West of gorge (989.6797 47.01761 1008.946)
[DEBUG](staffLog) 06:04:53/08-27 06:04:42(-3) logged TP in tp: [2024-08-27 01:04:45.423 UTC] [Info] [Main] Pandahut >> Vampie A. (76561198259451520) - Teleported to Andrew (76561199760931605 at West of gorge (779.4177 46.22679 1086.133) from North West of Range (317 64.97443 2670)
[DEBUG](staffLog) 06:04:54/08-27 06:04:45(-3) logged TP in tp: [2024-08-27 01:04:48.080 UTC] [Info] [Main] Pandahut >> Vampie A. (76561198259451520) - Teleported to Andrew (76561199760931605 at West of gorge (787.7816 44.63184 1088.455) from South West of gorge (947.1598 44.63184 955.844)
[DEBUG](staffLog) 06:06:39/08-27 06:06:27(-3) logged TP in tp: [2024-08-27 01:06:30.050 UTC] [Info] [Main] Pandahut >> Vampie A. (76561198259451520) - Teleported to Andrew (76561199760931605 at South West of gorge (817.3528 46.22679 1026.904) from West of gorge (836.9305 50.88184 1042.486)
[DEBUG](staffLog) 06:08:09/08-27 06:08:00(-2) logged TP in tp: [2024-08-27 01:08:02.499 UTC] [Info] [Main] Pandahut >> Vampie A. (76561198259451520) - Teleported to Andrew (76561199760931605 at North West of Range (344.3665 65.22443 2606.148) from South West of gorge (906.4042 50.88183 1046.461)
[DEBUG](staffLog) 06:08:54/08-27 06:08:37(-1) logged MSG in 🌹: [2024-08-27 01:08:38.532 UTC] [Info] [Main] [Command] Shiro [Kuro 🐻]: /pm Ca what u need?
[DEBUG](staffLog) 06:08:55/08-27 06:08:38(-1) logged MSG in 🌹: [2024-08-27 01:08:39.607 UTC] [Info] [Main] [Command] lok [Lok]: /pm andrew comeback i killed him ur stuff is still there
[DEBUG](staffLog) 06:08:55/08-27 06:08:47(-1) logged TP in tp: [2024-08-27 01:08:48.527 UTC] [Info] [Main] Pandahut >> Vampie A. (76561198259451520) - Teleported to Andrew (76561199760931605 at South East of gorge (2859.361 0.4998048 232.4239) from North West of Range (334.9154 64.97443 2673.255)
[DEBUG](staffLog) 06:09:09/08-27 06:09:00(-2) logged TP in tp: [2024-08-27 01:09:02.031 UTC] [Info] [Main] Pandahut >> Vampie A. (76561198259451520) - Teleported to Andrew (76561199760931605 at North West of Range (359.0943 66.97433 2628.618) from South East of gorge (2857.43 0.4998046 229.5238)
[DEBUG](staffLog) 06:09:23/08-27 06:09:15(-3) logged TP in tp: [2024-08-27 01:09:18.769 UTC] [Info] [Main] Pandahut >> Vampie A. (76561198259451520) - Teleported to Andrew (76561199760931605 at West of gorge (840.0693 40.88691 1128.603) from North West of Range (314.2236 65.22443 2676.726)
[DEBUG](staffLog) 06:09:24/08-27 06:09:20(-1) logged TP in tp: [2024-08-27 01:09:21.380 UTC] [Info] [Main] Pandahut >> Vampie A. (76561198259451520) - Teleported to Andrew (76561199760931605 at West of gorge (843.7681 41.61184 1107.075) from West of gorge (723.7355 44.63184 1071.326)
[DEBUG](staffLog) 06:09:38/08-27 06:09:30(-1) logged MSG in 🌹: [2024-08-27 01:09:31.525 UTC] [Info] [Main] [Command] lok [Lok]: /pm andrew you coming?
[DEBUG](staffLog) 06:09:54/08-27 06:09:37(-3) logged MSG in 🌹: [2024-08-27 01:09:40.308 UTC] [Info] [Main] [Command] Andrew [Andrew]: /pm lok yes my friends theri
[DEBUG](staffLog) 06:10:23/08-27 06:10:15(-3) logged MSG in 🌹: [2024-08-27 01:10:18.866 UTC] [Info] [Main] [Command] lok [Lok]: /pm andrew did he die to?
[DEBUG](staffLog) 06:10:54/08-27 06:10:46(-2) logged MSG in 🌹: [2024-08-27 01:10:48.385 UTC] [Info] [Main] [Command] lok [Lok]: /pm andrew good shit my stuff is at caf entrence
[DEBUG](staffLog) 06:11:08/08-27 06:10:59(-1) logged MSG in 🌹: [2024-08-27 01:11:00.417 UTC] [Info] [Main] [Command] lok [Lok]: /pm andrew if u want it
[DEBUG](staffLog) 06:11:54/08-27 06:11:49(-3) logged TP in tp: [2024-08-27 01:11:52.108 UTC] [Info] [Main] Pandahut >> Vampie A. (76561198259451520) - Teleported to Andrew (76561199760931605 at North West of Range (372.126 66.3745 2584.155) from South West of gorge (828.0782 52.13082 980.2909)
[DEBUG](staffLog) 06:12:38/08-27 06:12:24(-1) logged SPY in 🍑: [2024-08-27 01:12:25.744 UTC] [Info] [Main] [Command] Vampie A. [Vampie]: /spy 76561199760931605
[DEBUG](staffLog) 06:15:09/08-27 06:14:51(-2) logged TP in tp: [2024-08-27 01:14:53.735 UTC] [Info] [Main] Pandahut >> Vampie A. (76561198259451520) - Teleported to Iced (76561199227888951 at South West of gorge (853.5616 50.88184 1025.438) from North West of Range (357.9866 65.22443 2604.883)
[DEBUG](staffLog) 06:15:09/08-27 06:14:54(-2) logged TP in tp: [2024-08-27 01:14:56.450 UTC] [Info] [Main] Pandahut >> Vampie A. (76561198259451520) - Teleported to Iced (76561199227888951 at South West of gorge (853.5616 50.88184 1025.438) from South West of gorge (987.8875 46.85056 1008.946)
[DEBUG](staffLog) 06:15:23/08-27 06:15:14(-3) logged DEBUG in debug-logs: [2024-08-27 01:15:17.690 UTC] [Info] [Main] [Command] Vampie A. [Vampie]: /ig 76561199227888951
[DEBUG](staffLog) 06:20:54/08-27 06:20:48(-1) logged MSG in 🌹: [2024-08-27 01:20:49.258 UTC] [Info] [Main] [Command] Donny the Dealer (SUPREME A) [Donny the Dealer]: /pm Diogenes fuck up wankstain
[DEBUG](staffLog) 06:21:23/08-27 06:21:11(-1) logged R in 🌹: [2024-08-27 01:21:12.725 UTC] [Info] [Main] [Command] [GhB] Diogenes [sex haver]: /r fuck off
[DEBUG](staffLog) 06:21:54/08-27 06:21:45(-1) logged MSG in 🌹: [2024-08-27 01:21:46.537 UTC] [Info] [Main] [Command] Donny the Dealer (SUPREME A) [Donny the Dealer]: /Pm Diogenes go give ur grandma ciphalis cunt
[DEBUG](staffLog) 06:22:09/08-27 06:21:58(-3) logged R in 🌹: [2024-08-27 01:22:01.736 UTC] [Info] [Main] [Command] [GhB] Diogenes [sex haver]: /r learn how to spell
[DEBUG](staffLog) 06:24:54/08-27 06:24:50(-1) logged R in 🌹: [2024-08-27 01:24:51.026 UTC] [Info] [Main] [Command] [GhB] Diogenes [sex haver]: /r are you mad?
[DEBUG](staffLog) 06:27:24/08-27 06:27:14(-3) logged SC in _: [2024-08-27 01:27:17.595 UTC] [Info] [Main] [Command] 死亡 Reaper [Zjs]: /sc roza
[DEBUG](staffLog) 06:27:39/08-27 06:27:28(-2) logged SC in _: [2024-08-27 01:27:30.205 UTC] [Info] [Main] [Command] 死亡 Reaper [Zjs]: /sc after you watch iced can you watch a player named la bob or something?
[DEBUG](staffLog) 06:27:39/08-27 06:27:36(-1) logged SC in _: [2024-08-27 01:27:37.089 UTC] [Info] [Main] [Command] Shiro [Kuro 🐻]: /sc Darkz its watching Iced too
[DEBUG](staffLog) 06:27:54/08-27 06:27:44(-2) logged SC in _: [2024-08-27 01:27:46.679 UTC] [Info] [Main] [Command] 死亡 Reaper [Zjs]: /sc iced isn't cheating i dont think
[DEBUG](staffLog) 06:27:54/08-27 06:27:46(-3) logged SC in _: [2024-08-27 01:27:49.685 UTC] [Info] [Main] [Command] Darkzz [Darkzz]: /sc he left
[DEBUG](staffLog) 06:28:09/08-27 06:27:52(-2) logged SC in _: [2024-08-27 01:27:54.184 UTC] [Info] [Main] [Command] 死亡 Reaper [Zjs]: /sc I've been shitting on him in factory
[DEBUG](staffLog) 06:28:24/08-27 06:28:07(-2) logged SC in _: [2024-08-27 01:28:09.816 UTC] [Info] [Main] [Command] Shiro [Kuro 🐻]: /sc i have been watching him too but hes pretty sus
[DEBUG](staffLog) 06:28:24/08-27 06:28:08(-1) logged SC in _: [2024-08-27 01:28:09.973 UTC] [Info] [Main] [Command] Darkzz [Darkzz]: /sc i think he maybe have esp
[DEBUG](staffLog) 06:28:24/08-27 06:28:14(-3) logged SC in _: [2024-08-27 01:28:17.792 UTC] [Info] [Main] [Command] Shiro [Kuro 🐻]: /sc his friend Pingaa its more sus
[DEBUG](staffLog) 06:28:39/08-27 06:28:30(-3) logged MSG in 🌹: [2024-08-27 01:28:33.225 UTC] [Info] [Main] [Command] Shiro [Kuro 🐻]: /pm Bluebird whats the name of the one u saying?
[DEBUG](staffLog) 06:28:54/08-27 06:28:41(-3) logged MSG in 🌹: [2024-08-27 01:28:44.190 UTC] [Info] [Main] [Command] Bluebird [Bluebird]: /pm shiro LE BOB
[DEBUG](staffLog) 06:29:09/08-27 06:28:58(-1) logged SC in _: [2024-08-27 01:28:59.605 UTC] [Info] [Main] [Command] Darkzz [Darkzz]: /sc their like go some raid, get kill and later their go crazy
[DEBUG](staffLog) 06:29:09/08-27 06:28:57(-3) logged MSG in 🌹: [2024-08-27 01:29:00.245 UTC] [Info] [Main] [Command] Humphrey [bubba]: /pm shiro le bob layed down and insta hs me
[DEBUG](staffLog) 06:29:24/08-27 06:29:08(-2) logged SC in _: [2024-08-27 01:29:10.482 UTC] [Info] [Main] [Command] Darkzz [Darkzz]: /sc Whatch out le bob
[DEBUG](staffLog) 06:31:09/08-27 06:31:02(-1) logged SC in _: [2024-08-27 01:31:03.183 UTC] [Info] [Main] [Command] Darkzz [Darkzz]: /sc !limbhits 76561198866021908, 66% skull 21% spine
[DEBUG](staffLog) 06:31:54/08-27 06:31:46(-1) logged R in 🌹: [2024-08-27 01:31:47.801 UTC] [Info] [Main] [Command] Shiro [Kuro 🐻]: /r ayo
[DEBUG](staffLog) 06:44:39/08-27 06:44:22(-3) logged SERVER in 😃: [2024-08-27 01:44:25.294 UTC] [Info] [Main] [Command] Vampie A. [Vampie]: /server 4
[DEBUG](staffLog) 06:44:39/08-27 06:44:24(-1) logged DISCONNECTING in 🤐: [2024-08-27 01:44:25.680 UTC] [Info] [Main] Disconnecting: PlayerID: 76561198259451520 Steam Name: Vampie Character name: Vampie A. Nick: Vampie Group: 0 Session Length 48.01 Minutes
[DEBUG](staffLog) 07:02:54/08-27 07:02:38(-2) logged CONNECTING in 🤣: [2024-08-27 02:02:40.719 UTC] [Info] [Main] Connecting: PlayerID: 76561198843696538 Steam Name: okbinoutube Character name: okbinoutube Nick: okbinoutube Group: 0 Join GUID: 0763a8e3-4be2-4207-ba71-834e4858e607 Character Slot: 0 Language: English
[DEBUG](staffLog) 07:03:24/08-27 07:03:09(-1) logged TP in tp: [2024-08-27 02:03:10.968 UTC] [Info] [Main] Pandahut >> okbinoutube (76561198843696538) - Teleported to ghostjj0130 (76561199082318222 at North West of Range (349.3541 64.97443 2658.887) from North West of Range (318.5578 64.97443 2666.215)
[DEBUG](staffLog) 07:04:09/08-27 07:03:58(-2) logged MSG in 🌹: [2024-08-27 02:04:00.788 UTC] [Info] [Main] [Command] okbinoutube [okbinoutube]: /pm 76561199082318222 hello can u check dms when u have time pls
[DEBUG](staffLog) 07:11:39/08-27 07:11:24(-3) logged TP in tp: [2024-08-27 02:11:27.053 UTC] [Info] [Main] Pandahut >> okbinoutube (76561198843696538) - Teleported to ghostjj0130 (76561199082318222 at South East of Arena (2413.004 5.372264 1306.986) from North West of Range (336.8828 67.1912 2678.82)
[DEBUG](staffLog) 07:12:09/08-27 07:11:58(-3) logged MSG in 🌹: [2024-08-27 02:12:01.961 UTC] [Info] [Main] [Command] okbinoutube [okbinoutube]: /pm 76561199082318222 hello can u check discord
[DEBUG](staffLog) 07:21:54/08-27 07:21:39(-3) logged MSG in 🌹: [2024-08-27 02:21:42.813 UTC] [Info] [Main] [Command] okbinoutube [okbinoutube]: /pm ghost check
[DEBUG](staffLog) 07:29:24/08-27 07:29:18(-3) logged BAN in bans: [2024-08-27 02:29:21.677 UTC] [Info] [Main] [Command] Darkzz [Darkzz]: /ban 76561199262248618 "Blocking Apps | 1st offense 1 day" 1d
[DEBUG](staffLog) 07:29:39/08-27 07:29:31(-3) logged BAN in bans: [2024-08-27 02:29:34.749 UTC] [Info] [Main] [Command] Darkzz [Darkzz]: /ban 76561199262248618 "Blocking Apps | 1st offense |1 day" 1d
[DEBUG](staffLog) 07:29:54/08-27 07:29:46(-1) logged BAN in bans: [2024-08-27 02:29:47.905 UTC] [Info] [Main] [Command] Darkzz [Darkzz]: /ban 76561199262248618 "Blocking Apps | 1st offense |1 day" 1d
[DEBUG](staffLog) 07:30:09/08-27 07:30:03(-2) logged SC in _: [2024-08-27 02:30:05.695 UTC] [Info] [Main] [Command] okbinoutube [okbinoutube]: /Sc logs
[DEBUG](staffLog) 07:31:09/08-27 07:30:58(-3) logged BAN in bans: [2024-08-27 02:31:01.223 UTC] [Info] [Main] [Command] okbinoutube [okbinoutube]: /ban 76561199262248618 "Blocking Apps | 1st offense | 1 day" 1d
[DEBUG](staffLog) 07:31:24/08-27 07:31:14(-1) logged BAN in bans: [2024-08-27 02:31:15.156 UTC] [Info] [Main] [Command] Darkzz [Darkzz]: /ban 76561199262248618 "Blocking Apps | 1st offense 1 day" 1d
[DEBUG](staffLog) 07:32:09/08-27 07:31:56(-2) logged MSG in 🌹: [2024-08-27 02:31:58.470 UTC] [Info] [Main] [Command] Mysty [Mysty]: /pm Shaatris I am in the apartments across from Dorms, underneath the stairs
[DEBUG](staffLog) 07:32:23/08-27 07:32:12(-1) logged R in 🌹: [2024-08-27 02:32:13.832 UTC] [Info] [Main] [Command] shaatris (muted) [shaatris]: /r across?
[DEBUG](staffLog) 07:32:39/08-27 07:32:22(-3) logged MSG in 🌹: [2024-08-27 02:32:25.887 UTC] [Info] [Main] [Command] Mysty [Mysty]: /pm Shaat Yeah, so not the apartment with the marked room
[DEBUG](staffLog) 07:32:40/08-27 07:32:30(-1) logged R in 🌹: [2024-08-27 02:32:31.122 UTC] [Info] [Main] [Command] shaatris (muted) [shaatris]: /r i got all ur loot btw
[DEBUG](staffLog) 07:32:40/08-27 07:32:36(-1) logged R in 🌹: [2024-08-27 02:32:37.421 UTC] [Info] [Main] [Command] shaatris (muted) [shaatris]: /r ohhh okay
[DEBUG](staffLog) 07:32:54/08-27 07:32:40(-1) logged R in 🌹: [2024-08-27 02:32:41.076 UTC] [Info] [Main] [Command] shaatris (muted) [shaatris]: /r omcing
[DEBUG](staffLog) 07:34:54/08-27 07:34:37(-2) logged CONNECTING in 🤣: [2024-08-27 02:34:39.933 UTC] [Info] [Main] Connecting: PlayerID: 76561199183989090 Steam Name: Godly Character name: 神のような Nick: 神のような Group: 112589999120592820 Join GUID: b950f654-10f7-44a7-ae70-a3caf79ed2aa Character Slot: 0 Language: English
[DEBUG](staffLog) 07:35:09/08-27 07:34:54(-2) logged SC in _: [2024-08-27 02:34:56.822 UTC] [Info] [Main] [Command] okbinoutube [okbinoutube]: /Sc test
[DEBUG](staffLog) 07:35:23/08-27 07:35:07(-2) logged SC in _: [2024-08-27 02:35:09.094 UTC] [Info] [Main] [Command] Darkzz [Darkzz]: /SC TEST
[DEBUG](staffLog) 07:35:24/08-27 07:35:20(-1) logged SC in _: [2024-08-27 02:35:21.368 UTC] [Info] [Main] [Command] okbinoutube [okbinoutube]: /sc perms broken
[DEBUG](staffLog) 07:35:39/08-27 07:35:27(-3) logged SC in _: [2024-08-27 02:35:30.097 UTC] [Info] [Main] [Command] Shiro [Kuro 🐻]: /sc okbi tp to me lol
[DEBUG](staffLog) 07:35:40/08-27 07:35:32(-3) logged SC in _: [2024-08-27 02:35:35.383 UTC] [Info] [Main] [Command] Darkzz [Darkzz]: /SC DEEAAAAM L
[DEBUG](staffLog) 07:36:39/08-27 07:36:34(-1) logged SPY in 🍑: [2024-08-27 02:36:35.699 UTC] [Info] [Main] [Command] 神のような [Godly]: /spy 76561198976692969
[DEBUG](staffLog) 07:36:53/08-27 07:36:46(-3) fakelogged DEBUG in 🤯: [2024-08-27 02:36:49.994 UTC] [Info] [Main] [Command] okbinoutube [okbinoutube]: /buyfrom 76561198417404846 43000
[DEBUG](staffLog) 07:37:09/08-27 07:36:58(-3) logged SC in _: [2024-08-27 02:37:01.700 UTC] [Info] [Main] [Command] Darkzz [Darkzz]: /sc poor admins
[DEBUG](staffLog) 07:37:38/08-27 07:37:24(-3) logged BAN in bans: [2024-08-27 02:37:27.501 UTC] [Info] [Main] [Command] 神のような [Godly]: /ban 76561198976692969 "Cheating | perm" 0
[DEBUG](staffLog) 07:37:39/08-27 07:37:34(-3) logged SC in _: [2024-08-27 02:37:37.817 UTC] [Info] [Main] [Command] Darkzz [Darkzz]: /sc godly
[DEBUG](staffLog) 07:37:53/08-27 07:37:43(-1) logged BAN in bans: [2024-08-27 02:37:44.536 UTC] [Info] [Main] [Command] 神のような [Godly]: /ban 76561199262248618 "Blocking Apps | 1st offense |1 day" 1 d
[DEBUG](staffLog) 07:37:54/08-27 07:37:50(-1) logged SC in _: [2024-08-27 02:37:51.273 UTC] [Info] [Main] [Command] 神のような [Godly]: /sc hai
[DEBUG](staffLog) 07:38:08/08-27 07:38:01(-1) logged SC in _: [2024-08-27 02:38:02.486 UTC] [Info] [Main] [Command] Darkzz [Darkzz]: /sc godly
[DEBUG](staffLog) 07:38:09/08-27 07:38:01(-1) logged SC in _: [2024-08-27 02:38:02.935 UTC] [Info] [Main] [Command] okbinoutube [okbinoutube]: /sc thanks it was request by darkzz
[DEBUG](staffLog) 07:38:23/08-27 07:38:08(-1) logged SC in _: [2024-08-27 02:38:09.092 UTC] [Info] [Main] [Command] 神のような [Godly]: /sc np and wsp?
[DEBUG](staffLog) 07:38:24/08-27 07:38:09(-1) logged SC in _: [2024-08-27 02:38:10.016 UTC] [Info] [Main] [Command] Darkzz [Darkzz]: /sc i need u
[DEBUG](staffLog) 07:38:24/08-27 07:38:18(-3) logged SC in _: [2024-08-27 02:38:21.087 UTC] [Info] [Main] [Command] Darkzz [Darkzz]: /sc look ds
[DEBUG](staffLog) 07:38:39/08-27 07:38:33(-1) logged DISCONNECTING in 🤐: [2024-08-27 02:38:34.920 UTC] [Info] [Main] Disconnecting: PlayerID: 76561199183989090 Steam Name: Godly Character name: 神のような Nick: 神のような Group: 112589999120592820 Session Length 3.92 Minutes
[DEBUG](staffLog) 07:38:39/08-27 07:38:35(-2) logged R in 🌹: [2024-08-27 02:38:37.351 UTC] [Info] [Main] [Command] shaatris (muted) [shaatris]: /r sorry for the wait
[DEBUG](staffLog) 07:38:54/08-27 07:38:40(-3) logged R in 🌹: [2024-08-27 02:38:43.227 UTC] [Info] [Main] [Command] shaatris (muted) [shaatris]: /r someone wanted to buy guns and kits
[DEBUG](staffLog) 07:39:09/08-27 07:38:58(-2) logged MSG in 🌹: [2024-08-27 02:39:00.464 UTC] [Info] [Main] [Command] Mysty [Mysty]: /pm it is entirely ok, take your time ^^
[DEBUG](staffLog) 07:39:39/08-27 07:39:32(-2) logged R in 🌹: [2024-08-27 02:39:34.626 UTC] [Info] [Main] [Command] chishi-ritsu [purq]: /r im sorry i was afk what did you say?
[DEBUG](staffLog) 07:40:54/08-27 07:40:39(-3) logged R in 🌹: [2024-08-27 02:40:42.328 UTC] [Info] [Main] [Command] chishi-ritsu [purq]: /r im sorry i was afk what did you say?
[DEBUG](staffLog) 07:44:39/08-27 07:44:32(-1) logged CONNECTING in 🤣: [2024-08-27 02:44:33.052 UTC] [Info] [Main] Connecting: PlayerID: 76561198259451520 Steam Name: Vampie Character name: Vampie A. Nick: Vampie Group: 0 Join GUID: 89bb49e9-dbe5-4735-85f3-7ef9840737de Character Slot: 0 Language: English
[DEBUG](staffLog) 07:44:54/08-27 07:44:42(-2) logged SC in _: [2024-08-27 02:44:44.268 UTC] [Info] [Main] [Command] Shiro [Kuro 🐻]: /sc henlo
[DEBUG](staffLog) 07:44:54/08-27 07:44:43(-1) logged TP in tp: [2024-08-27 02:44:44.730 UTC] [Info] [Main] Pandahut >> Vampie A. (76561198259451520) - Teleported to LE BOB (76561198866021908 at North of Test (-133.9077 37.27155 -31.85401) from North West of Range (375.9533 68.70438 2684.914)
[DEBUG](staffLog) 07:44:54/08-27 07:44:43(-3) logged TP in tp: [2024-08-27 02:44:46.742 UTC] [Info] [Main] Pandahut >> Vampie A. (76561198259451520) - Teleported to LE BOB (76561198866021908 at North East of Test (-119.1513 36.87154 -37.86222) from South East of Test (129.1858 36.7622 -217.2971)
[DEBUG](staffLog) 07:44:55/08-27 07:44:47(-1) logged SC in _: [2024-08-27 02:44:48.189 UTC] [Info] [Main] [Command] Vampie A. [Vampie]: /sc AAA
[DEBUG](staffLog) 07:45:09/08-27 07:44:52(-2) logged DEBUG in debug-logs: [2024-08-27 02:44:54.947 UTC] [Info] [Main] [Command] Vampie A. [Vampie]: /ig 76561198866021908
[DEBUG](staffLog) 07:46:08/08-27 07:46:01(-3) logged TP in tp: [2024-08-27 02:46:04.022 UTC] [Info] [Main] Pandahut >> Vampie A. (76561198259451520) - Teleported to LE BOB (76561198866021908 at East of Test (98.06099 37.78013 -81.29078) from East of Test (39.57701 38.39082 -68.07742)
[DEBUG](staffLog) 07:46:54/08-27 07:46:47(-1) logged MSG in 🌹: [2024-08-27 02:46:48.080 UTC] [Info] [Main] [Command] infectious [cbychvlry]: /msg darks how do i play this map
[DEBUG](staffLog) 07:48:09/08-27 07:47:52(-3) logged TP in tp: [2024-08-27 02:47:55.857 UTC] [Info] [Main] Pandahut >> Vampie A. (76561198259451520) - Teleported to LE BOB (76561198866021908 at North West of Test (-148.3798 37.27155 -51.49061) from East of Test (-68.18226 36.87157 -59.96115)
[DEBUG](staffLog) 07:49:09/08-27 07:48:59(-2) logged DEBUG in debug-logs: [2024-08-27 02:49:01.219 UTC] [Info] [Main] [Command] Vampie A. [Vampie]: /limbhits 76561198866021908
[DEBUG](staffLog) 07:50:23/08-27 07:50:14(-2) logged SPY in 🍑: [2024-08-27 02:50:16.912 UTC] [Info] [Main] [Command] Vampie A. [Vampie]: /spy 76561198866021908
[DEBUG](staffLog) 07:54:09/08-27 07:53:58(-1) logged TP in tp: [2024-08-27 02:53:59.949 UTC] [Info] [Main] Pandahut >> Vampie A. (76561198259451520) - Teleported to LE BOB (76561198866021908 at East of event (2983.661 0.2100043 -1089.671) from North West of Range (313.3224 64.97443 2671.648)
[DEBUG](staffLog) 07:54:09/08-27 07:54:05(-3) logged DEBUG in debug-logs: [2024-08-27 02:54:08.192 UTC] [Info] [Main] [Command] Vampie A. [Vampie]: /ig 76561198866021908
[DEBUG](staffLog) 07:54:24/08-27 07:54:14(-2) logged DEBUG in debug-logs: [2024-08-27 02:54:16.649 UTC] [Info] [Main] [Command] Vampie A. [Vampie]: /info mrgoat
[DEBUG](staffLog) 07:56:39/08-27 07:56:25(-1) logged TP in tp: [2024-08-27 02:56:26.621 UTC] [Info] [Main] Pandahut >> Vampie A. (76561198259451520) - Teleported to LE BOB (76561198866021908 at North West of Range (355.7877 65.22443 2582.876) from East of event (2975.515 0.2100043 -1090.846)
[DEBUG](staffLog) 07:57:54/08-27 07:57:49(-3) logged MSG in 🌹: [2024-08-27 02:57:52.780 UTC] [Info] [Main] [Command] 死亡 Reaper [Zjs]: /pm Ca$ i aint seeing your ticket on ehre
[DEBUG](staffLog) 07:58:09/08-27 07:58:06(-1) logged R in 🌹: [2024-08-27 02:58:07.988 UTC] [Info] [Main] [Command] Ca$uaL [Ca$uaL]: /r Can we hop in the disc and I can stream it?
[DEBUG](staffLog) 07:58:24/08-27 07:58:13(-3) logged R in 🌹: [2024-08-27 02:58:16.664 UTC] [Info] [Main] [Command] 死亡 Reaper [Zjs]: /r What is the ticket about?
[DEBUG](staffLog) 07:58:54/08-27 07:58:36(-3) logged R in 🌹: [2024-08-27 02:58:39.859 UTC] [Info] [Main] [Command] Ca$uaL [Ca$uaL]: /r I'm missing my Supremium rank I purchase permeanantly from about a year ago
[DEBUG](staffLog) 07:59:23/08-27 07:59:11(-2) logged R in 🌹: [2024-08-27 02:59:13.982 UTC] [Info] [Main] [Command] 死亡 Reaper [Zjs]: /r That isnt a rank on pandahut
[DEBUG](staffLog) 07:59:39/08-27 07:59:33(-1) logged R in 🌹: [2024-08-27 02:59:34.414 UTC] [Info] [Main] [Command] Ca$uaL [Ca$uaL]: /r It is, I purchased it over a year ago.
[DEBUG](staffLog) 07:59:53/08-27 07:59:38(-2) logged R in 🌹: [2024-08-27 02:59:40.524 UTC] [Info] [Main] [Command] 死亡 Reaper [Zjs]: /r It is not
[DEBUG](staffLog) 07:59:53/08-27 07:59:37(-3) logged R in 🌹: [2024-08-27 02:59:40.950 UTC] [Info] [Main] [Command] Ca$uaL [Ca$uaL]: /r They changed ranks now
[DEBUG](staffLog) 07:59:54/08-27 07:59:46(-1) logged R in 🌹: [2024-08-27 02:59:47.702 UTC] [Info] [Main] [Command] 死亡 Reaper [Zjs]: /r I have zero idea then
[DEBUG](staffLog) 08:00:08/08-27 07:59:53(-3) logged R in 🌹: [2024-08-27 02:59:56.276 UTC] [Info] [Main] [Command] 死亡 Reaper [Zjs]: /r I became a mod like 2 months ago or less
[DEBUG](staffLog) 08:00:23/08-27 08:00:05(-3) logged R in 🌹: [2024-08-27 03:00:08.768 UTC] [Info] [Main] [Command] 死亡 Reaper [Zjs]: /r Make another ticket, because I am not seeing one that you made
[DEBUG](staffLog) 08:00:38/08-27 08:00:24(-1) logged R in 🌹: [2024-08-27 03:00:25.343 UTC] [Info] [Main] [Command] Ca$uaL [Ca$uaL]: /r I appreciate your help. P9 was working on it a few days ago, but has been MIA
[DEBUG](staffLog) 08:00:39/08-27 08:00:34(-2) logged R in 🌹: [2024-08-27 03:00:36.419 UTC] [Info] [Main] [Command] 死亡 Reaper [Zjs]: /r who is p9?
[DEBUG](staffLog) 08:00:53/08-27 08:00:42(-2) logged R in 🌹: [2024-08-27 03:00:44.881 UTC] [Info] [Main] [Command] Ca$uaL [Ca$uaL]: /r P9nda?
[DEBUG](staffLog) 08:01:09/08-27 08:00:57(-1) logged R in 🌹: [2024-08-27 03:00:58.554 UTC] [Info] [Main] [Command] 死亡 Reaper [Zjs]: /r I think you got your servers messed up
[DEBUG](staffLog) 08:01:23/08-27 08:01:16(-2) logged R in 🌹: [2024-08-27 03:01:18.228 UTC] [Info] [Main] [Command] 死亡 Reaper [Zjs]: /r Pandahut and P9nda are different
[DEBUG](staffLog) 08:01:53/08-27 08:01:39(-1) logged SC in _: [2024-08-27 03:01:40.658 UTC] [Info] [Main] [Command] 死亡 Reaper [Zjs]: /sc bruh
[DEBUG](staffLog) 08:01:54/08-27 08:01:45(-2) logged SC in _: [2024-08-27 03:01:47.771 UTC] [Info] [Main] [Command] Darkzz [Darkzz]: /sc sharap
[DEBUG](staffLog) 08:02:08/08-27 08:01:55(-1) logged SC in _: [2024-08-27 03:01:56.497 UTC] [Info] [Main] [Command] 死亡 Reaper [Zjs]: /sc that dude asking for help was talking about p9nda's servers lmao
[DEBUG](staffLog) 08:02:08/08-27 08:02:01(-3) logged SC in _: [2024-08-27 03:02:04.711 UTC] [Info] [Main] [Command] Shiro [Kuro 🐻]: /Sc LMAO
[DEBUG](staffLog) 08:02:54/08-27 08:02:50(-2) logged SC in _: [2024-08-27 03:02:52.658 UTC] [Info] [Main] [Command] 死亡 Reaper [Zjs]: /sc he said p9 was working on it a few days ago but has been mia, then i said you got your servers messed up and he instantly logs off
[DEBUG](staffLog) 08:05:08/08-27 08:05:01(-3) logged R in 🌹: [2024-08-27 03:05:04.129 UTC] [Info] [Main] [Command] Ca$uaL [Ca$uaL]: /r You're 100% right, my B
[DEBUG](staffLog) 08:09:39/08-27 08:09:32(-3) logged TP in tp: [2024-08-27 03:09:35.207 UTC] [Info] [Main] Pandahut >> Vampie A. (76561198259451520) - Teleported to LE BOB (76561198866021908 at North of Test (-146.2431 70.65031 -19.4763) from North West of Range (356.2246 68.53439 2569.619)
[DEBUG](staffLog) 08:09:39/08-27 08:09:35(-2) logged TP in tp: [2024-08-27 03:09:37.298 UTC] [Info] [Main] Pandahut >> Vampie A. (76561198259451520) - Teleported to LE BOB (76561198866021908 at North of Test (-146.2431 70.65031 -19.4763) from North West of firestationtest (-370.7676 36.7622 -55.04044)
[DEBUG](staffLog) 08:09:53/08-27 08:09:38(-2) logged DISCONNECTING in 🤐: [2024-08-27 03:09:40.017 UTC] [Info] [Main] Disconnecting: PlayerID: 76561198843696538 Steam Name: okbinoutube Character name: okbinoutube Nick: okbinoutube Group: 0 Session Length 1.12 Hours
[DEBUG](staffLog) 08:10:08/08-27 08:09:51(-3) logged TP in tp: [2024-08-27 03:09:54.604 UTC] [Info] [Main] Pandahut >> Vampie A. (76561198259451520) - Teleported to MrGoated (76561199523904399 at North of Test (-145.5696 70.65031 -19.38181) from North of Test (-145.993 70.65031 -21.07077)
[DEBUG](staffLog) 08:10:08/08-27 08:09:59(-3) logged SPY in 🍑: [2024-08-27 03:10:02.197 UTC] [Info] [Main] [Command] Vampie A. [Vampie]: /spy 76561199523904399
[DEBUG](staffLog) 08:10:23/08-27 08:10:07(-1) logged TP in tp: [2024-08-27 03:10:08.355 UTC] [Info] [Main] Pandahut >> Vampie A. (76561198259451520) - Teleported to LE BOB (76561198866021908 at North of Test (-146.8148 70.65031 -18.80807) from North of Test (-152.2065 70.65031 -17.12152)
[DEBUG](staffLog) 08:10:23/08-27 08:10:08(-2) logged SPY in 🍑: [2024-08-27 03:10:10.515 UTC] [Info] [Main] [Command] Vampie A. [Vampie]: /spy 76561198866021908
[DEBUG](staffLog) 08:11:24/08-27 08:11:07(-1) logged API in 😶: [2024-08-27 03:11:08.518 UTC] [Info] [Thread Pool Worker] Pandahut >> Dealt with Action c700b3b887d94bdd951a779ee09864ae with type "rank" for 76561198112079413 on Pandahut #19 [Unturnov 1.0 Remastered] [US-East] at 8/27/2024 3:11:04 AM
[DEBUG](staffLog) 08:13:08/08-27 08:12:56(-1) logged TP in tp: [2024-08-27 03:12:57.146 UTC] [Info] [Main] Pandahut >> Vampie A. (76561198259451520) - Teleported to LE BOB (76561198866021908 at North of Test (-133.9024 67.50042 -16.81198) from North West of Test (-160.473 43.51005 -30.99741)
[DEBUG](staffLog) 08:13:24/08-27 08:13:15(-3) logged TP in tp: [2024-08-27 03:13:18.531 UTC] [Info] [Main] Pandahut >> Vampie A. (76561198259451520) - Teleported to LE BOB (76561198866021908 at North East of Test (-101.1661 37.26441 21.39164) from North of Test (-144.3279 46.77162 7.596529)
[DEBUG](staffLog) 08:13:39/08-27 08:13:34(-1) logged TP in tp: [2024-08-27 03:13:35.928 UTC] [Info] [Main] Pandahut >> Vampie A. (76561198259451520) - Teleported to LE BOB (76561198866021908 at North of Test (-154.5119 59.95664 -13.15445) from North of Test (-143.4557 42.02069 -15.94274)
[DEBUG](staffLog) 08:14:39/08-27 08:14:20(-3) logged BAN in bans: [2024-08-27 03:14:23.311 UTC] [Info] [Main] [Command] Vampie A. [Vampie]: /ban 76561198866021908 "Cheating | ESP | Permanent" 0
[DEBUG](staffLog) 08:14:39/08-27 08:14:31(-3) logged SC in _: [2024-08-27 03:14:34.736 UTC] [Info] [Main] [Command] Shiro [Kuro 🐻]: /sc hes team mate vampie
[DEBUG](staffLog) 08:14:54/08-27 08:14:50(-2) logged SC in _: [2024-08-27 03:14:52.057 UTC] [Info] [Main] [Command] Vampie A. [Vampie]: /sc Yep gonna warn
[DEBUG](staffLog) 08:15:08/08-27 08:14:53(-3) logged SC in _: [2024-08-27 03:14:56.518 UTC] [Info] [Main] [Command] Shiro [Kuro 🐻]: /sc i got a screenshot about his team mate if u want
[DEBUG](staffLog) 08:15:09/08-27 08:15:00(-2) logged SC in _: [2024-08-27 03:15:02.774 UTC] [Info] [Main] [Command] Darkzz [Darkzz]: /sc I LOVE UUUUUUUUUUUUUU
[DEBUG](staffLog) 08:15:24/08-27 08:15:21(-1) logged SC in _: [2024-08-27 03:15:22.309 UTC] [Info] [Main] [Command] Darkzz [Darkzz]: /SC I KNEW IT BUT IM STILL A DUMBASS
[DEBUG](staffLog) 08:15:38/08-27 08:15:32(-2) logged SC in _: [2024-08-27 03:15:34.968 UTC] [Info] [Main] [Command] Darkzz [Darkzz]: /SC only with tp
[DEBUG](staffLog) 08:16:09/08-27 08:16:04(-1) logged DEBUG in debug-logs: [2024-08-27 03:16:05.336 UTC] [Info] [Main] [Command] Vampie A. [Vampie]: /warn 76561199523904399 "Cheater Association | 76561198866021908"
[DEBUG](staffLog) 08:16:24/08-27 08:16:16(-3) logged SC in _: [2024-08-27 03:16:19.823 UTC] [Info] [Main] [Command] Shiro [Kuro 🐻]: /sc noice
[DEBUG](staffLog) 08:17:39/08-27 08:17:27(-3) logged DISCONNECTING in 🤐: [2024-08-27 03:17:30.530 UTC] [Info] [Main] Disconnecting: PlayerID: 76561198259451520 Steam Name: Vampie Character name: Vampie A. Nick: Vampie Group: 0 Session Length 32.96 Minutes
