[INFO](retrieveLog) wrote 19.540483MB to latest.log in 1.9847323894500732
[INFO](staffParse) CAUGHT UP TO LATEST 54
[DEBUG](staffLog) 06:14:53/07-05 06:13:57(-2) logged VANISH in vanish: [2024-07-05 01:13:59.767 UTC] [Info] [Main] [Command] Waiter v0rtex [v0rtex]: /vanish
[DEBUG](staffLog) 06:15:33/07-05 06:14:35(-3) logged DEBUG in debug-logs: [2024-07-05 01:14:38.487 UTC] [Info] [Main] [Command] Waiter v0rtex [v0rtex]: /spec
[DEBUG](staffLog) 06:15:53/07-05 06:14:52(-3) logged SPY in 🍑: [2024-07-05 01:14:55.279 UTC] [Info] [Main] [Command] Waiter v0rtex [v0rtex]: /spy 76561199730739947
[DEBUG](staffLog) 06:15:53/07-05 06:14:57(-3) logged DEBUG in debug-logs: [2024-07-05 01:15:00.025 UTC] [Info] [Main] [Command] Waiter v0rtex [v0rtex]: /bunker
[DEBUG](staffLog) 06:15:53/07-05 06:15:00(-1) fakelogged DEBUG in 🤯: [2024-07-05 01:15:01.676 UTC] [Info] [Main] [Command] Waiter v0rtex [v0rtex]: /doortp
[DEBUG](staffLog) 06:16:02/07-05 06:15:03(-1) fakelogged DEBUG in 🤯: [2024-07-05 01:15:04.597 UTC] [Info] [Main] [Command] Waiter v0rtex [v0rtex]: /vault
[DEBUG](staffLog) 06:16:22/07-05 06:15:26(-2) fakelogged DEBUG in 🤯: [2024-07-05 01:15:28.076 UTC] [Info] [Main] [Command] Waiter v0rtex [v0rtex]: /doortp
[DEBUG](staffLog) 06:16:33/07-05 06:15:38(-2) logged MSG in 🌹: [2024-07-05 01:15:40.302 UTC] [Info] [Main] [Command] epstein had drip [epstein had drip]: /msg v0rtex
[DEBUG](staffLog) 06:16:53/07-05 06:15:57(-3) logged MSG in 🌹: [2024-07-05 01:16:00.020 UTC] [Info] [Main] [Command] epstein had drip [epstein had drip]: /msg andre yo
[DEBUG](staffLog) 06:17:03/07-05 06:16:02(-3) logged MSG in 🌹: [2024-07-05 01:16:05.269 UTC] [Info] [Main] [Command] epstein had drip [epstein had drip]: /msg andre thief of joy is cheating
[DEBUG](staffLog) 06:17:43/07-05 06:16:49(-2) logged CHAT in 🥶: [2024-07-05 01:16:51.948 UTC] [Info] [Main] [Group] Waiter v0rtex [v0rtex]: ./mute "mafia Monkey" "MicSpam|FirstOFfense|12H" 12 h
[DEBUG](staffLog) 06:18:25/07-05 06:17:28(-1) logged DEBUG in debug-logs: [2024-07-05 01:17:29.338 UTC] [Info] [Main] [Command] Waiter v0rtex [v0rtex]: /mute "mafia Monkey" "MicSpam|ThirdOFfense|3D" 3 d
[DEBUG](staffLog) 06:19:15/07-05 06:18:21(-1) logged BAN in bans: [2024-07-05 01:18:22.623 UTC] [Info] [Main] [Command] Waiter v0rtex [v0rtex]: /ban 76561199730739947 "ISP|SB|Perma" 0
[DEBUG](staffLog) 06:20:33/07-05 06:19:40(-1) logged DEBUG in debug-logs: [2024-07-05 01:19:41.882 UTC] [Info] [Main] [Command] Waiter v0rtex [v0rtex]: /spec
[DEBUG](staffLog) 06:20:43/07-05 06:19:42(-1) logged VANISH in vanish: [2024-07-05 01:19:43.786 UTC] [Info] [Main] [Command] Waiter v0rtex [v0rtex]: /vanish
[DEBUG](staffLog) 06:22:13/07-05 06:21:20(-1) logged DEBUG in debug-logs: [2024-07-05 01:21:21.883 UTC] [Info] [Main] [Command] Waiter v0rtex [v0rtex]: /tvanish
[DEBUG](staffLog) 06:22:23/07-05 06:21:21(-3) logged VANISH in vanish: [2024-07-05 01:21:24.490 UTC] [Info] [Main] [Command] Waiter v0rtex [v0rtex]: /vanish
[DEBUG](staffLog) 06:22:23/07-05 06:21:26(-2) logged VANISH in vanish: [2024-07-05 01:21:28.283 UTC] [Info] [Main] [Command] Waiter v0rtex [v0rtex]: /vanish
