[INFO](retrieveLog) wrote 113.611718MB to latest.log in 4.214053153991699
[INFO](staffParse) CAUGHT UP TO LATEST 87
[DEBUG](staffLog) 06:17:40/07-10 06:16:36(-1) logged STATS in stats mentioned 846641395581190155: [2024-07-10 01:16:37.226 UTC] [Info] [Main] [Command] unk [I MISS HIM]: /stats h
[DEBUG](staffLog) 06:20:37/07-10 06:19:29(-3) logged MSG in 🌹: [2024-07-10 01:19:32.778 UTC] [Info] [Main] [Command] unk [I MISS HIM]: /msg l9 ha sends his regards
[DEBUG](staffLog) 06:38:26/07-10 06:37:24(-2) logged MSG in 🌹 mentioned 846641395581190155: [2024-07-10 01:37:26.410 UTC] [Info] [Main] [Command] unk [I MISS HIM]: /msg ha i got double peeked
[DEBUG](staffLog) 06:38:51/07-10 06:37:37(-2) logged MSG in 🌹 mentioned 846641395581190155: [2024-07-10 01:37:39.809 UTC] [Info] [Main] [Command] unk [I MISS HIM]: /msg ha i got double peeked
[DEBUG](staffLog) 06:41:57/07-10 06:40:53(-1) logged STATS in stats mentioned 1218944589994659850: [2024-07-10 01:40:54.379 UTC] [Info] [Main] [Command] playerdiss?!? [Accurse]: /stats unk
[DEBUG](staffLog) 06:42:07/07-10 06:41:00(-2) logged STATS in stats mentioned 1218944589994659850: [2024-07-10 01:41:02.066 UTC] [Info] [Main] [Command] playerdiss?!? [Accurse]: /sstats unk
[DEBUG](staffLog) 06:42:37/07-10 06:41:30(-2) logged STATS in stats mentioned 1218944589994659850: [2024-07-10 01:41:32.108 UTC] [Info] [Main] [Command] playerdiss?!? [Accurse]: /stats unk
[DEBUG](staffLog) 06:42:37/07-10 06:41:31(-3) logged STATS in stats mentioned 1218944589994659850: [2024-07-10 01:41:34.464 UTC] [Info] [Main] [Command] L9 Imagine [Mad]: /stats unk
[DEBUG](staffLog) 06:42:50/07-10 06:41:38(-2) logged STATS in stats mentioned 1218944589994659850: [2024-07-10 01:41:40.922 UTC] [Info] [Main] [Command] playerdiss?!? [Accurse]: /sstats unk
[DEBUG](staffLog) 06:42:50/07-10 06:41:44(-1) logged CONNECTING in 🤣: [2024-07-10 01:41:45.429 UTC] [Info] [Main] Connecting: PlayerID: 76561199612445730 Steam Name: ItzJayJay=) Character name: ItzJay Nick: ItzJayJay Group: 0 Join GUID: 791aa151-88bf-46fc-845f-670673016870 Character Slot: 0 Language: English
[DEBUG](staffLog) 06:43:47/07-10 06:42:37(-3) logged MSG in 🌹 mentioned 846641395581190155: [2024-07-10 01:42:40.575 UTC] [Info] [Main] [Command] unk [I MISS HIM]: /msg ha disc
[DEBUG](staffLog) 06:47:39/07-10 06:46:30(-2) logged MSG in 🌹 mentioned 846641395581190155: [2024-07-10 01:46:32.022 UTC] [Info] [Main] [Command] unk [I MISS HIM]: /msg ha he'll be on later
[DEBUG](staffLog) 06:47:49/07-10 06:46:41(-2) logged MSG in 🌹 mentioned 846641395581190155: [2024-07-10 01:46:43.991 UTC] [Info] [Main] [Command] unk [I MISS HIM]: /msg ha stop saying his name
[DEBUG](staffLog) 06:49:27/07-10 06:48:18(-3) logged R in 🌹: [2024-07-10 01:48:21.063 UTC] [Info] [Main] [Command] unk [I MISS HIM]: /r na
[DEBUG](staffLog) 06:49:27/07-10 06:48:20(-3) logged MSG in 🌹 mentioned 846641395581190155: [2024-07-10 01:48:23.108 UTC] [Info] [Main] [Command] unk [I MISS HIM]: /msg ha na
[DEBUG](staffLog) 06:49:27/07-10 06:48:22(-1) logged CONNECTING in 🤣: [2024-07-10 01:48:23.259 UTC] [Info] [Main] Connecting: PlayerID: 76561199433639998 Steam Name: up Character name: Sigoon[Водитель членом по гума] Nick: Sigoon[Водитель членом по гума] Group: 0 Join GUID: 7798e8b5-efdb-4e70-9361-5a8f5783b764 Character Slot: 0 Language: English
[DEBUG](staffLog) 06:49:37/07-10 06:48:29(-1) logged MSG in 🌹 mentioned 846641395581190155: [2024-07-10 01:48:30.346 UTC] [Info] [Main] [Command] unk [I MISS HIM]: /msg ha na
[DEBUG](staffLog) 06:50:10/07-10 06:49:05(-2) logged CHAT in 🥶: [2024-07-10 01:49:07.429 UTC] [Info] [Main] [Global] Sigoon[Водитель членом по гума] [up]: кто руский и хочет ресов
[DEBUG](staffLog) 06:50:39/07-10 06:49:33(-2) logged CHAT in 🥶: [2024-07-10 01:49:35.288 UTC] [Info] [Main] [Global] Sigoon[Водитель членом по гума] [up]: кто руский и хочет ресов
[DEBUG](staffLog) 06:51:59/07-10 06:50:51(-1) logged CHAT in 🥶: [2024-07-10 01:50:52.534 UTC] [Info] [Main] [Global] Sigoon[Водитель членом по гума] [up]: михаил кобра
[DEBUG](staffLog) 06:52:00/07-10 06:50:51(-3) logged STATS in stats mentioned 1218944589994659850: [2024-07-10 01:50:54.343 UTC] [Info] [Main] [Command] Ha [Ha]: /stats unk
[DEBUG](staffLog) 06:52:17/07-10 06:51:07(-3) logged CONNECTING in 🤣: [2024-07-10 01:51:10.559 UTC] [Info] [Main] Connecting: PlayerID: 76561199531161985 Steam Name: Andre Character name: drakos Nick: Supremacy Group: 0 Join GUID: b74e5aa5-9446-4590-8fcd-55f9fd1187a7 Character Slot: 0 Language: English
[DEBUG](staffLog) 06:52:40/07-10 06:51:29(-1) logged STATS in stats mentioned 846641395581190155: [2024-07-10 01:51:30.064 UTC] [Info] [Main] [Command] L9 Imagine [Mad]: /stats ha
[DEBUG](staffLog) 06:52:41/07-10 06:51:33(-3) logged STATS in stats mentioned 1218944589994659850: [2024-07-10 01:51:36.957 UTC] [Info] [Main] [Command] Ha [Ha]: /stats unk
[DEBUG](staffLog) 06:53:08/07-10 06:52:06(-2) fakelogged DEBUG in 🤯: [2024-07-10 01:52:08.223 UTC] [Info] [Main] [Command] drakos [Andre]: /vault
[DEBUG](staffLog) 06:53:37/07-10 06:52:29(-2) fakelogged DEBUG in 🤯: [2024-07-10 01:52:31.869 UTC] [Info] [Main] [Command] drakos [Andre]: /doortp
[DEBUG](staffLog) 06:53:37/07-10 06:52:36(-2) fakelogged DEBUG in 🤯: [2024-07-10 01:52:38.475 UTC] [Info] [Main] [Command] drakos [Andre]: /stuck
[DEBUG](staffLog) 06:53:49/07-10 06:52:41(-1) logged DEBUG in debug-logs: [2024-07-10 01:52:42.902 UTC] [Info] [Main] [Command] drakos [Andre]: /bunker
[DEBUG](staffLog) 06:53:49/07-10 06:52:41(-3) logged DEBUG in debug-logs: [2024-07-10 01:52:44.209 UTC] [Info] [Main] [Command] drakos [Andre]: /mod
[DEBUG](staffLog) 06:56:28/07-10 06:55:21(-2) fakelogged DEBUG in 🤯: [2024-07-10 01:55:23.497 UTC] [Info] [Main] [Command] drakos [Andre]: /vault
[DEBUG](staffLog) 06:58:48/07-10 06:57:36(-3) logged STATS in stats mentioned 1218944589994659850: [2024-07-10 01:57:39.484 UTC] [Info] [Main] [Command] Ha [Ha]: /stats unk
[DEBUG](staffLog) 06:58:48/07-10 06:57:43(-2) fakelogged DEBUG in 🤯: [2024-07-10 01:57:45.351 UTC] [Info] [Main] [Command] drakos [Andre]: /vault
[DEBUG](staffLog) 06:58:48/07-10 06:57:48(-1) fakelogged DEBUG in 🤯: [2024-07-10 01:57:49.244 UTC] [Info] [Main] [Command] drakos [Andre]: /vault
[DEBUG](staffLog) 06:59:18/07-10 06:58:01(-2) logged MSG in 🌹 mentioned 846641395581190155: [2024-07-10 01:58:03.278 UTC] [Info] [Main] [Command] unk [I MISS HIM]: /msg ha ur not getting accepted
[DEBUG](staffLog) 06:59:18/07-10 06:58:12(-3) fakelogged DEBUG in 🤯: [2024-07-10 01:58:15.564 UTC] [Info] [Main] [Command] drakos [Andre]: /vault
[DEBUG](staffLog) 06:59:48/07-10 06:58:40(-2) logged STATS in stats mentioned 1218944589994659850: [2024-07-10 01:58:42.368 UTC] [Info] [Main] [Command] Ha [Ha]: /stats unk
[DEBUG](staffLog) 07:02:41/07-10 07:01:32(-3) fakelogged DEBUG in 🤯: [2024-07-10 02:01:35.645 UTC] [Info] [Main] [Command] drakos [Andre]: /vault
[DEBUG](staffLog) 07:03:33/07-10 07:02:23(-1) fakelogged DEBUG in 🤯: [2024-07-10 02:02:24.354 UTC] [Info] [Main] [Command] drakos [Andre]: /vault
[DEBUG](staffLog) 07:04:29/07-10 07:03:23(-1) logged CONNECTING in 🤣: [2024-07-10 02:03:24.329 UTC] [Info] [Main] Connecting: PlayerID: 76561199183989090 Steam Name: Godly Character name: Godly Nick: Godly Group: 112589999263478627 Join GUID: 0ac31803-e2bc-4d25-9c32-20aa34b1a867 Character Slot: 0 Language: English
[DEBUG](staffLog) 07:04:47/07-10 07:03:45(-3) fakelogged DEBUG in 🤯: [2024-07-10 02:03:48.431 UTC] [Info] [Main] [Command] drakos [Andre]: /doortp
[DEBUG](staffLog) 07:05:30/07-10 07:04:08(-2) logged MSG in 🌹: [2024-07-10 02:04:10.580 UTC] [Info] [Main] [Command] poopisecret [PuupSecret]: /pm Godly Check the Sigoon Russian guy, he just shot Moose through floors, and me through a wall in city if you dont mind
[DEBUG](staffLog) 07:05:30/07-10 07:04:20(-3) fakelogged DEBUG in 🤯: [2024-07-10 02:04:23.134 UTC] [Info] [Main] [Command] drakos [Andre]: /vault
[DEBUG](staffLog) 07:06:36/07-10 07:05:36(-2) fakelogged DEBUG in 🤯: [2024-07-10 02:05:38.038 UTC] [Info] [Main] [Command] drakos [Andre]: /stuck
[DEBUG](staffLog) 07:07:07/07-10 07:06:05(-1) fakelogged DEBUG in 🤯: [2024-07-10 02:06:06.462 UTC] [Info] [Main] [Command] drakos [Andre]: /doortp
[DEBUG](staffLog) 07:07:46/07-10 07:06:39(-2) fakelogged DEBUG in 🤯: [2024-07-10 02:06:41.855 UTC] [Info] [Main] [Command] drakos [Andre]: /stuck
[DEBUG](staffLog) 07:08:58/07-10 07:07:57(-3) fakelogged DEBUG in 🤯: [2024-07-10 02:08:00.823 UTC] [Info] [Main] [Command] drakos [Andre]: /doortp
[DEBUG](staffLog) 07:09:13/07-10 07:08:02(-3) fakelogged DEBUG in 🤯: [2024-07-10 02:08:05.879 UTC] [Info] [Main] [Command] drakos [Andre]: /stuck
[DEBUG](staffLog) 07:09:19/07-10 07:08:13(-1) fakelogged DEBUG in 🤯: [2024-07-10 02:08:14.536 UTC] [Info] [Main] [Command] drakos [Andre]: /doortp
[DEBUG](staffLog) 07:09:19/07-10 07:08:13(-3) fakelogged DEBUG in 🤯: [2024-07-10 02:08:16.949 UTC] [Info] [Main] [Command] drakos [Andre]: /doortp
[DEBUG](staffLog) 07:09:26/07-10 07:08:21(-2) fakelogged DEBUG in 🤯: [2024-07-10 02:08:23.408 UTC] [Info] [Main] [Command] Sigoon[Водитель членом по гума] [up]: //Doortp
[DEBUG](staffLog) 07:09:36/07-10 07:08:29(-2) fakelogged DEBUG in 🤯: [2024-07-10 02:08:31.918 UTC] [Info] [Main] [Command] drakos [Andre]: /stuck
[DEBUG](staffLog) 07:11:00/07-10 07:09:55(-2) fakelogged DEBUG in 🤯: [2024-07-10 02:09:57.922 UTC] [Info] [Main] [Command] Godly [Godly]: /vault
