[INFO](retrieveLog) wrote 65.86126MB to latest.log in 4.580497741699219
[INFO](staffParse) CAUGHT UP TO LATEST 65
[DEBUG](staffLog) 08:15:18/07-06 08:14:19(-1) logged CONNECTING in ðŸ¤£: [2024-07-06 03:14:20.141 UTC] [Info] [Main] Connecting: PlayerID: 76561199509199933 Steam Name: amalkhaydarov3 Character name: wage slave Nick: wage slave Group: 112589999263479082 Join GUID: a30d192d-0dcb-4895-a232-47604a7f9b6d Character Slot: 0 Language: English
[DEBUG](staffLog) 08:15:18/07-06 08:14:20(-1) logged DEBUG in debug-logs: [2024-07-06 03:14:21.974 UTC] [Info] [Main] [Command] drakos [Andre]: /bunker
[DEBUG](staffLog) 08:16:09/07-06 08:15:07(-1) logged TP in tp mentioned 1218944589994659850: [2024-07-06 03:15:08.564 UTC] [Info] [Main] Pandahut >> drakos (76561199531161985) - Teleported to yaoming (76561199733286240 at East of event (2530.357 0.3000088 -861.0699) from North West of Range (315.5703 65.06445 2666.696)
[DEBUG](staffLog) 08:16:09/07-06 08:15:11(-2) logged DEBUG in debug-logs: [2024-07-06 03:15:13.931 UTC] [Info] [Main] [Command] drakos [Andre]: /bunker
[DEBUG](staffLog) 08:16:09/07-06 08:15:12(-3) logged VANISH in vanish: [2024-07-06 03:15:15.748 UTC] [Info] [Main] [Command] drakos [Andre]: /vanish
[DEBUG](staffLog) 08:16:21/07-06 08:15:22(-3) logged CONNECTING in ðŸ¤£: [2024-07-06 03:15:25.582 UTC] [Info] [Main] Connecting: PlayerID: 76561198331504622 Steam Name: â™° ð•¾ð–ð–Žð–—ð–” â™° Character name: Shiro Nick: Shiro Group: 112589999263478926 Join GUID: c15e8a90-14cb-4914-899c-f2668c3b947d Character Slot: 0 Language: English
[DEBUG](staffLog) 08:16:27/07-06 08:15:23(-3) logged CONNECTING in ðŸ¤£: [2024-07-06 03:15:26.982 UTC] [Info] [Main] Connecting: PlayerID: 76561198041179998 Steam Name: Quicktimeplayer Character name: Quicktimeplayer Nick: Quicktimeplayer Group: 0 Join GUID: 8fe532b6-0e26-4e19-9852-b5d773758f4a Character Slot: 0 Language: English
[DEBUG](staffLog) 08:16:28/07-06 08:15:24(-3) logged VANISH in vanish: [2024-07-06 03:15:27.430 UTC] [Info] [Main] [Command] drakos [Andre]: /vanish
[DEBUG](staffLog) 08:16:51/07-06 08:15:51(-3) logged CONNECTING in ðŸ¤£: [2024-07-06 03:15:54.120 UTC] [Info] [Main] Connecting: PlayerID: 76561198049685262 Steam Name: Swag2Op Character name: Swag2Op Nick: Swag2Op Group: 112589999195152234 Join GUID: 6bab3946-f37d-4b77-92b6-dc4b1468313d Character Slot: 0 Language: English
[DEBUG](staffLog) 08:17:20/07-06 08:16:15(-3) logged VANISH in vanish: [2024-07-06 03:16:18.943 UTC] [Info] [Main] [Command] drakos [Andre]: /vanish
[DEBUG](staffLog) 08:17:20/07-06 08:16:17(-2) logged CONNECTING in ðŸ¤£: [2024-07-06 03:16:19.799 UTC] [Info] [Main] Connecting: PlayerID: 76561199733286240 Steam Name: yaoming Character name: yaoming Nick: yaoming Group: 0 Join GUID: 142123b1-5b85-48ab-a3d2-9b4f9bf0b806 Character Slot: 0 Language: English
[DEBUG](staffLog) 08:17:20/07-06 08:16:19(-2) logged VANISH in vanish: [2024-07-06 03:16:21.437 UTC] [Info] [Main] [Command] drakos [Andre]: /vanish
[DEBUG](staffLog) 08:17:20/07-06 08:16:19(-3) fakelogged DEBUG in ðŸ¤¯: [2024-07-06 03:16:22.631 UTC] [Info] [Main] [Command] drakos [Andre]: /stuck
[DEBUG](staffLog) 08:17:29/07-06 08:16:31(-3) logged TP in tp mentioned 1218944589994659850: [2024-07-06 03:16:34.703 UTC] [Info] [Main] Pandahut >> drakos (76561199531161985) - Teleported to yaoming (76561199733286240 at South of Interchange (-907.6594 45.83219 61.18069) from North West of Range (363.0263 65.31445 2568.852)
[DEBUG](staffLog) 08:17:40/07-06 08:16:36(-1) logged TP in tp mentioned 1218944589994659850: [2024-07-06 03:16:37.973 UTC] [Info] [Main] Pandahut >> drakos (76561199531161985) - Teleported to yaoming (76561199733286240 at South of Interchange (-933.0286 44.4653 57.95957) from South of Interchange (-969.3665 46.87961 -106.5639)
[DEBUG](staffLog) 08:17:40/07-06 08:16:39(-3) logged CONNECTING in ðŸ¤£: [2024-07-06 03:16:42.184 UTC] [Info] [Main] Connecting: PlayerID: 76561198884479492 Steam Name: Ha Character name: Ha Nick: Ha Group: 0 Join GUID: 25b1bec4-3245-436d-ae3e-5dd4cb3a14b8 Character Slot: 0 Language: English
[DEBUG](staffLog) 08:17:50/07-06 08:16:52(-2) logged CONNECTING in ðŸ¤£: [2024-07-06 03:16:54.580 UTC] [Info] [Main] Connecting: PlayerID: 76561198180089701 Steam Name: Retro~ Character name: RetroKing Nick: Retro Chicken Â°~Â° Group: 0 Join GUID: 218ea5a3-9c83-4ccf-99b7-200c41fa24c5 Character Slot: 0 Language: English
[DEBUG](staffLog) 08:18:08/07-06 08:17:05(-3) logged CONNECTING in ðŸ¤£: [2024-07-06 03:17:08.979 UTC] [Info] [Main] Connecting: PlayerID: 76561199059924764 Steam Name: Patrick Character name: NRG BenjiFishy Nick: NRG BenjiFishy Group: 0 Join GUID: 2c016fad-49c7-4703-848e-6170daaa2eff Character Slot: 0 Language: English
[DEBUG](staffLog) 08:18:22/07-06 08:17:19(-1) logged CONNECTING in ðŸ¤£: [2024-07-06 03:17:20.310 UTC] [Info] [Main] Connecting: PlayerID: 76561199008253472 Steam Name: SmasherX59 Character name: [ISWT] SmasherX59 Nick: SmasherX59 Group: 112589999263478807 Join GUID: 13269cc2-b496-44f0-9049-add65f9360e9 Character Slot: 0 Language: English
[DEBUG](staffLog) 08:18:22/07-06 08:17:20(-3) logged CONNECTING in ðŸ¤£: [2024-07-06 03:17:23.935 UTC] [Info] [Main] Connecting: PlayerID: 76561199234686046 Steam Name: rockstarriley00 Character name: rockstarriley00 Nick: rockstarriley00 Group: 0 Join GUID: cf27bf39-3231-49b8-9cc7-826f4a7a4ead Character Slot: 0 Language: English
[DEBUG](staffLog) 08:18:59/07-06 08:17:46(-2) logged CONNECTING in ðŸ¤£: [2024-07-06 03:17:48.942 UTC] [Info] [Main] Connecting: PlayerID: 76561198878948386 Steam Name: Marco Polo Character name: Marco Polo Nick: Marco Polo Group: 112589999263479046 Join GUID: 681dbcf5-5929-4919-b3b6-95b0faf45915 Character Slot: 0 Language: English
