[INFO](retrieveLog) wrote 23.264559MB to latest.log in 2.0186097621917725
[INFO](staffParse) CAUGHT UP TO LATEST 62
[DEBUG](staffLog) 08:16:42/07-07 08:15:43(-2) fakelogged CONNECTING in 🤯: [2024-07-07 03:15:45.250 UTC] [Info] [Main] Connecting: PlayerID: 76561197976894672 Steam Name: nukiyo Character name: :)) Nick: :) Group: 0 Join GUID: 923bab62-d8d3-4959-a78a-ab4db66a16a2 Character Slot: 0 Language: English
[INFO](listMonitors) succesfully listed 3 monitors for user moneromillionaire
[DEBUG](staffLog) 08:17:00/07-07 08:16:01(-1) fakelogged CONNECTING in 🤯: [2024-07-07 03:16:02.102 UTC] [Info] [Main] Connecting: PlayerID: 76561198307628734 Steam Name: justin Character name: justin Nick: justin Group: 0 Join GUID: 313e8dc9-536f-4c1a-ac0f-e5743e4bc4dc Character Slot: 0 Language: English
[DEBUG](staffLog) 08:17:11/07-07 08:16:11(-1) fakelogged DEBUG in 🤯 mentioned 846641395581190155: [2024-07-07 03:16:12.095 UTC] [Info] [Main] [Command] your dad in my bed [your dad in my bed]: /buyfrom 76561198884479492 43000
[DEBUG](staffLog) 08:17:40/07-07 08:16:46(-2) fakelogged CONNECTING in 🤯: [2024-07-07 03:16:48.273 UTC] [Info] [Main] Connecting: PlayerID: 76561198406561125 Steam Name: IronSWATBeast Character name: KnightBurst Nick: KnightBurst Group: 112589999263478616 Join GUID: 86c8e0a6-1a90-44c5-804d-415a5308a08c Character Slot: 0 Language: English
[DEBUG](staffLog) 08:17:50/07-07 08:16:51(-1) fakelogged CONNECTING in 🤯: [2024-07-07 03:16:52.884 UTC] [Info] [Main] Connecting: PlayerID: 76561198978253300 Steam Name: xen Character name: xen Nick: JoeMama Group: 0 Join GUID: f6cd0776-45b0-4cee-9844-2791f32674d2 Character Slot: 0 Language: English
[DEBUG](staffLog) 08:18:00/07-07 08:17:05(-1) fakelogged DEBUG in 🤯: [2024-07-07 03:17:06.543 UTC] [Info] [Main] [Command] Godly [Godly]: /doortp
[DEBUG](staffLog) 08:18:00/07-07 08:17:05(-2) logged DEBUG in debug-logs: [2024-07-07 03:17:07.664 UTC] [Info] [Main] [Command] Godly [Godly]: /smod
[DEBUG](staffLog) 08:18:20/07-07 08:17:21(-2) fakelogged CONNECTING in 🤯: [2024-07-07 03:17:23.844 UTC] [Info] [Main] Connecting: PlayerID: 76561199520633942 Steam Name: Rabbit Character name: Rabbit Nick: Rabbit Group: 112589999263478742 Join GUID: 04e7b064-111d-44b1-999f-76f79a0cc62c Character Slot: 0 Language: English
[DEBUG](staffLog) 08:18:20/07-07 08:17:24(-1) fakelogged DEBUG in 🤯: [2024-07-07 03:17:25.144 UTC] [Info] [Main] [Command] drakos [Andre]: /mc
[INFO](listMonitors) succesfully listed 3 monitors for user resetdev
[DEBUG](staffLog) 08:18:40/07-07 08:17:39(-3) fakelogged DEBUG in 🤯 mentioned 846641395581190155: [2024-07-07 03:17:42.510 UTC] [Info] [Main] [Command] I MISS HIM [I MISS HIM]: /buyfrom 76561198884479492 43000
[DEBUG](staffLog) 08:19:00/07-07 08:18:02(-3) fakelogged DEBUG in 🤯: [2024-07-07 03:18:05.475 UTC] [Info] [Main] [Command] drakos [Andre]: /doortp
[DEBUG](staffLog) 08:19:30/07-07 08:18:29(-3) fakelogged CONNECTING in 🤯: [2024-07-07 03:18:32.013 UTC] [Info] [Main] Connecting: PlayerID: 76561199732713785 Steam Name: I MISS HIM Character name: I MISS HIM Nick: I MISS HIM Group: 0 Join GUID: 79a62ee0-58b1-456d-949b-a9b12b0321c1 Character Slot: 0 Language: English
[DEBUG](staffLog) 08:19:40/07-07 08:18:43(-2) fakelogged CONNECTING in 🤯: [2024-07-07 03:18:45.932 UTC] [Info] [Main] Connecting: PlayerID: 76561199228756892 Steam Name: ProbsnotBetter_Than_You Character name: damolol1245 <9 Nick: damonlol1245 <9 Group: 112589999263479169 Join GUID: d03405bc-258b-475c-84d3-05d767a53beb Character Slot: 0 Language: English
[DEBUG](staffLog) 08:20:00/07-07 08:19:02(-3) fakelogged DEBUG in 🤯: [2024-07-07 03:19:05.216 UTC] [Info] [Main] [Command] drakos [Andre]: /stuck
[DEBUG](staffLog) 08:20:20/07-07 08:19:19(-3) fakelogged DEBUG in 🤯: [2024-07-07 03:19:22.020 UTC] [Info] [Main] [Command] Godly [Godly]: /stuck
[DEBUG](staffLog) 08:20:20/07-07 08:19:22(-1) fakelogged CONNECTING in 🤯: [2024-07-07 03:19:23.237 UTC] [Info] [Main] Connecting: PlayerID: 76561199220181031 Steam Name: sineosn164 Character name: NGUENTOTTTTTT Nick: sineosn164 Group: 0 Join GUID: 473bd401-fcb2-48d4-8782-f14717718c89 Character Slot: 0 Language: English
[DEBUG](staffLog) 08:20:20/07-07 08:19:22(-2) fakelogged CONNECTING in 🤯: [2024-07-07 03:19:24.778 UTC] [Info] [Main] Connecting: PlayerID: 76561198020458858 Steam Name: Space Dandy Character name: Artyom Alekseyevich Nick: BabySteps Group: 0 Join GUID: 9851fb50-f899-411a-8ef4-a727789bea24 Character Slot: 0 Language: English
[DEBUG](staffLog) 08:20:30/07-07 08:19:31(-3) fakelogged CONNECTING in 🤯: [2024-07-07 03:19:34.230 UTC] [Info] [Main] Connecting: PlayerID: 76561199155544953 Steam Name: Hawk15 Character name: Hawk15 Nick: Hawk15 Group: 112589999263479073 Join GUID: a292da03-8539-41d7-877b-22abaf70319c Character Slot: 0 Language: English
[DEBUG](staffLog) 08:20:40/07-07 08:19:46(-1) fakelogged DEBUG in 🤯: [2024-07-07 03:19:47.898 UTC] [Info] [Main] [Command] Godly [Godly]: /vault
[DEBUG](staffLog) 08:20:40/07-07 08:19:47(-2) fakelogged CONNECTING in 🤯: [2024-07-07 03:19:49.823 UTC] [Info] [Main] Connecting: PlayerID: 76561198118649476 Steam Name: Mana Character name: Mana Nick: Manjoe81 Group: 0 Join GUID: 176b763d-489a-4135-9426-bf1806692040 Character Slot: 0 Language: English
