[INFO](retrieveLog) wrote 66.358344MB to latest.log in 4.591500282287598
[INFO](staffParse) CAUGHT UP TO LATEST 52
[DEBUG](staffLog) 08:27:14/07-06 08:25:59(-3) fakelogged CONNECTING in 🤯: [2024-07-06 03:26:02.779 UTC] [Info] [Main] Connecting: PlayerID: 76561199733286240 Steam Name: yaoming Character name: yaoming Nick: yaoming Group: 0 Join GUID: 8559c546-0e72-40b4-a556-013717adc439 Character Slot: 0 Language: English
[DEBUG](staffLog) 08:27:15/07-06 08:26:03(-3) logged MSG in 🌹: [2024-07-06 03:26:06.202 UTC] [Info] [Main] [Command] drakos [Andre]: /pm poop who are you?
[DEBUG](staffLog) 08:27:20/07-06 08:26:11(-1) fakelogged CONNECTING in 🤯: [2024-07-06 03:26:12.943 UTC] [Info] [Main] Connecting: PlayerID: 76561199562611586 Steam Name: <Dr4kR0pX Character name: TheEjder Nick: ThEjder Group: 0 Join GUID: 68750443-0cae-4a7c-8210-3892b266f5e9 Character Slot: 0 Language: English
[DEBUG](staffLog) 08:27:20/07-06 08:26:13(-2) logged VANISH in vanish: [2024-07-06 03:26:15.026 UTC] [Info] [Main] [Command] drakos [Andre]: /vanish
[DEBUG](staffLog) 08:27:20/07-06 08:26:22(-2) fakelogged CONNECTING in 🤯: [2024-07-06 03:26:24.350 UTC] [Info] [Main] Connecting: PlayerID: 76561198214080507 Steam Name: [LR] Cojin Character name: Cojin Nick: Cojin Group: 109775242150154048 Join GUID: f0c38344-a8b3-40a1-a30d-a6f4d9f7b441 Character Slot: 0 Language: English
[DEBUG](staffLog) 08:27:21/07-06 08:26:21(-3) logged MSG in 🌹: [2024-07-06 03:26:24.860 UTC] [Info] [Main] [Command] poopisecret [PuupSecret]: /msg drakos Well; about 6 years ago I used to be RP/PVP admin for phut
[DEBUG](staffLog) 08:27:24/07-06 08:26:29(-1) logged MSG in 🌹: [2024-07-06 03:26:30.417 UTC] [Info] [Main] [Command] poopisecret [PuupSecret]: /msg Drakos lol
[DEBUG](staffLog) 08:27:32/07-06 08:26:31(-3) logged MSG in 🌹: [2024-07-06 03:26:34.633 UTC] [Info] [Main] [Command] poopisecret [PuupSecret]: /msg Drakos But nobody now
[DEBUG](staffLog) 08:27:32/07-06 08:26:36(-3) fakelogged CONNECTING in 🤯: [2024-07-06 03:26:39.040 UTC] [Info] [Main] Connecting: PlayerID: 76561198884479492 Steam Name: Ha Character name: Ha Nick: Ha Group: 0 Join GUID: c22b489a-727a-414e-9c4b-ed02105d8f96 Character Slot: 0 Language: English
[DEBUG](staffLog) 08:27:42/07-06 08:26:49(-1) logged MSG in 🌹: [2024-07-06 03:26:50.131 UTC] [Info] [Main] [Command] drakos [Andre]: /pm so you using a cheat to see me?
[DEBUG](staffLog) 08:28:02/07-06 08:26:59(-2) logged MSG in 🌹: [2024-07-06 03:27:01.621 UTC] [Info] [Main] [Command] drakos [Andre]: /pm poop so you using a cheat to see me?
[DEBUG](staffLog) 08:28:02/07-06 08:27:06(-3) logged MSG in 🌹: [2024-07-06 03:27:09.904 UTC] [Info] [Main] [Command] poopisecret [PuupSecret]: /msg drakos No, I just know you exist on here 24/7
[DEBUG](staffLog) 08:28:24/07-06 08:27:24(-1) logged MSG in 🌹: [2024-07-06 03:27:25.884 UTC] [Info] [Main] [Command] poopisecret [PuupSecret]: /msg Drakos Not an idiot
[DEBUG](staffLog) 08:28:24/07-06 08:27:27(-2) logged MSG in 🌹: [2024-07-06 03:27:29.286 UTC] [Info] [Main] [Command] poopisecret [PuupSecret]: /msg Drakos :)
[DEBUG](staffLog) 08:28:24/07-06 08:27:29(-1) logged MSG in 🌹: [2024-07-06 03:27:30.148 UTC] [Info] [Main] [Command] drakos [Andre]: /pm poop no point of pming me. i don't know you.
[DEBUG](staffLog) 08:28:43/07-06 08:27:36(-2) logged MSG in 🌹: [2024-07-06 03:27:38.469 UTC] [Info] [Main] [Command] poopisecret [PuupSecret]: /msg drakos np then :)
[DEBUG](staffLog) 08:29:02/07-06 08:28:06(-3) fakelogged CONNECTING in 🤯: [2024-07-06 03:28:09.140 UTC] [Info] [Main] Connecting: PlayerID: 76561199235018628 Steam Name: ObligerPulser40 Character name: ObligerPulser40 Nick: ObligerPulser40 Group: 112589999263478919 Join GUID: 574b2589-6eff-45f9-8c5a-ab8aa151ed1a Character Slot: 0 Language: English
[DEBUG](staffLog) 08:29:31/07-06 08:28:35(-1) fakelogged CONNECTING in 🤯: [2024-07-06 03:28:36.442 UTC] [Info] [Main] Connecting: PlayerID: 76561199465405178 Steam Name: Navi Character name: whiteboy's slave Nick: whiteboy's slave Group: 112589999263479027 Join GUID: 9447ab1b-7bd1-4ee2-a1e3-5291113e9763 Character Slot: 0 Language: English
[DEBUG](staffLog) 08:29:43/07-06 08:28:45(-3) fakelogged CONNECTING in 🤯: [2024-07-06 03:28:48.426 UTC] [Info] [Main] Connecting: PlayerID: 76561198331504622 Steam Name: ♰ 𝕾𝖍𝖎𝖗𝖔 ♰ Character name: Shiro Nick: Shiro Group: 112589999263478926 Join GUID: 5bd0c148-7e40-4654-a527-efeb37a1a9a7 Character Slot: 0 Language: English
[DEBUG](staffLog) 08:30:02/07-06 08:29:04(-2) fakelogged CONNECTING in 🤯: [2024-07-06 03:29:06.251 UTC] [Info] [Main] Connecting: PlayerID: 76561198314045247 Steam Name: Epsilon Character name: Sleepy Nick: Epsilon Group: 112589999263478947 Join GUID: 6b46767a-c482-46d1-aadf-82e6c573e98b Character Slot: 0 Language: English
[DEBUG](staffLog) 08:30:02/07-06 08:29:07(-2) fakelogged CONNECTING in 🤯: [2024-07-06 03:29:09.853 UTC] [Info] [Main] Connecting: PlayerID: 76561198131964955 Steam Name: elastic Character name: Real Joji Nick: Elastic Elephant Group: 0 Join GUID: 87fcb7c3-487f-4770-9cff-0b7572cf0c14 Character Slot: 0 Language: English
[DEBUG](staffLog) 08:30:12/07-06 08:29:18(-1) fakelogged CONNECTING in 🤯: [2024-07-06 03:29:19.383 UTC] [Info] [Main] Connecting: PlayerID: 76561198036490722 Steam Name: runningforgood Character name: runningforgood Nick: runningforgood Group: 112589999263478978 Join GUID: d5fec3b5-c6ba-4d2d-9be2-95391a66c2ea Character Slot: 0 Language: English
[DEBUG](staffLog) 08:30:54/07-06 08:29:51(-2) fakelogged CONNECTING in 🤯: [2024-07-06 03:29:53.187 UTC] [Info] [Main] Connecting: PlayerID: 76561198331727413 Steam Name: [R1P] Pastor John Character name: John Nick: John Group: 112589999263479078 Join GUID: 3b20597e-067c-4756-ab60-df751023158d Character Slot: 0 Language: English
[DEBUG](staffLog) 08:31:03/07-06 08:30:06(-1) fakelogged CONNECTING in 🤯: [2024-07-06 03:30:07.002 UTC] [Info] [Main] Connecting: PlayerID: 76561199365825161 Steam Name: mrraseor Character name: [USRR]MrRaseor Nick: sexoso Group: 0 Join GUID: 6fb14bda-9566-4e87-9bf0-02bf6d0b8cd5 Character Slot: 0 Language: English
[DEBUG](staffLog) 08:31:12/07-06 08:30:15(-1) fakelogged CONNECTING in 🤯: [2024-07-06 03:30:16.137 UTC] [Info] [Main] Connecting: PlayerID: 76561199067853873 Steam Name: Fero Character name: []-[] Fero []-[] Nick: Fero Group: 0 Join GUID: 01d221c4-0cbd-418e-95a4-1661e138c979 Character Slot: 0 Language: English
[DEBUG](staffLog) 08:31:22/07-06 08:30:22(-1) logged DEBUG in debug-logs: [2024-07-06 03:30:23.302 UTC] [Info] [Main] [Command] drakos [Andre]: /mute 76561198262204245 "Racism | First Offense | 7d" 7 d
[DEBUG](staffLog) 08:31:32/07-06 08:30:36(-3) fakelogged CONNECTING in 🤯: [2024-07-06 03:30:39.217 UTC] [Info] [Main] Connecting: PlayerID: 76561199733286240 Steam Name: yaoming Character name: yaoming Nick: yaoming Group: 0 Join GUID: 5d2a2908-adef-4018-a87b-1f328bdbd9a1 Character Slot: 0 Language: English
[DEBUG](staffLog) 08:31:54/07-06 08:30:58(-1) fakelogged CONNECTING in 🤯: [2024-07-06 03:30:59.261 UTC] [Info] [Main] Connecting: PlayerID: 76561198143068711 Steam Name: Benjamin Character name: Bob Ross Nick: Ben Group: 0 Join GUID: b51211a1-2f7e-4a75-ab37-f427038fc979 Character Slot: 0 Language: English
[DEBUG](staffLog) 08:32:52/07-06 08:31:52(-3) fakelogged CONNECTING in 🤯: [2024-07-06 03:31:55.530 UTC] [Info] [Main] Connecting: PlayerID: 76561198980663838 Steam Name: Patnap Character name: Xenon Nick: patnap Group: 112589999263478807 Join GUID: cea539ec-bc81-4005-a9e8-a26212c3cb37 Character Slot: 0 Language: English
[DEBUG](staffLog) 08:32:52/07-06 08:31:55(-3) fakelogged CONNECTING in 🤯: [2024-07-06 03:31:58.841 UTC] [Info] [Main] Connecting: PlayerID: 76561198355702251 Steam Name: Mal Character name: Malachi Nick: Ϯϰϯϡ Group: 0 Join GUID: de35f5d6-9dc9-4770-aa5e-8373b07201f9 Character Slot: 0 Language: English
[DEBUG](staffLog) 08:33:43/07-06 08:32:38(-3) fakelogged CONNECTING in 🤯: [2024-07-06 03:32:41.502 UTC] [Info] [Main] Connecting: PlayerID: 76561198087502525 Steam Name: Shad0hw Character name: Shadowlord Nick: Shadow Group: 0 Join GUID: eed1f11d-2a60-4eec-bbd5-56c59f83d924 Character Slot: 0 Language: English
[DEBUG](staffLog) 08:33:52/07-06 08:32:57(-2) logged DEBUG in debug-logs: [2024-07-06 03:32:59.400 UTC] [Info] [Main] [Command] drakos [Andre]: /bunker
[DEBUG](staffLog) 08:35:02/07-06 08:34:01(-1) fakelogged CONNECTING in 🤯: [2024-07-06 03:34:02.319 UTC] [Info] [Main] Connecting: PlayerID: 76561198271683848 Steam Name: Bushdini Character name: Bushdini ;-; Nick: lilmanjr8 Group: 0 Join GUID: de91c825-2540-40a1-9cb3-24a1df78bb98 Character Slot: 0 Language: English
[DEBUG](staffLog) 08:35:30/07-06 08:34:18(-3) fakelogged CONNECTING in 🤯: [2024-07-06 03:34:21.115 UTC] [Info] [Main] Connecting: PlayerID: 76561198361879967 Steam Name: DTwo Character name: DTwo Nick: DTwo Group: 109775242147498636 Join GUID: db169769-d41d-4b6a-9dde-a2f1092bc3fa Character Slot: 0 Language: English
[DEBUG](staffLog) 08:35:42/07-06 08:34:42(-1) fakelogged CONNECTING in 🤯: [2024-07-06 03:34:43.635 UTC] [Info] [Main] Connecting: PlayerID: 76561198406535423 Steam Name: AmberAlert Character name: AmberAlert Nick: AmberAlert Group: 0 Join GUID: 89e503b6-22ff-4021-8895-ba5f7c0febe5 Character Slot: 0 Language: English
[DEBUG](staffLog) 08:36:01/07-06 08:35:02(-1) fakelogged CONNECTING in 🤯: [2024-07-06 03:35:03.536 UTC] [Info] [Main] Connecting: PlayerID: 76561198271683848 Steam Name: Bushdini Character name: Bushdini ;-; Nick: lilmanjr8 Group: 0 Join GUID: 346e5a52-719f-4c72-9f28-d3509cb0c58a Character Slot: 0 Language: English
[DEBUG](staffLog) 08:36:12/07-06 08:35:12(-2) fakelogged CONNECTING in 🤯: [2024-07-06 03:35:14.724 UTC] [Info] [Main] Connecting: PlayerID: 76561198980663838 Steam Name: Patnap Character name: Xenon Nick: patnap Group: 112589999263478807 Join GUID: ac074d85-18a2-4e66-87ba-171d02065ae8 Character Slot: 0 Language: English
[DEBUG](staffLog) 08:36:34/07-06 08:35:32(-3) logged DEBUG in debug-logs: [2024-07-06 03:35:35.780 UTC] [Info] [Main] [Command] drakos [Andre]: /mute 76561199696640852 "Sexual cont. | First Offense | 1d" 1 d
[DEBUG](staffLog) 08:36:34/07-06 08:35:34(-2) fakelogged CONNECTING in 🤯: [2024-07-06 03:35:36.577 UTC] [Info] [Main] Connecting: PlayerID: 76561199404927605 Steam Name: efrain641y Character name: efrain641y Nick: efrain641y Group: 0 Join GUID: d83f46d4-84ac-405e-8e59-7a0562613eb7 Character Slot: 0 Language: English
[DEBUG](staffLog) 08:36:43/07-06 08:35:42(-1) fakelogged CONNECTING in 🤯: [2024-07-06 03:35:43.717 UTC] [Info] [Main] Connecting: PlayerID: 76561199155464432 Steam Name: MaxxSkate Character name: tim apercot Nick: Tinner Group: 0 Join GUID: e5a21208-52fa-4b8b-bacf-be0fc277a210 Character Slot: 0 Language: English
[DEBUG](staffLog) 08:36:43/07-06 08:35:47(-1) fakelogged CONNECTING in 🤯: [2024-07-06 03:35:48.259 UTC] [Info] [Main] Connecting: PlayerID: 76561198363340372 Steam Name: mrpeanut Character name: Peanut Nick: pnut Group: 112589999263478584 Join GUID: 11bc8387-e592-47b4-a123-5cbfeec28958 Character Slot: 0 Language: English
[DEBUG](staffLog) 08:37:04/07-06 08:36:03(-1) fakelogged CONNECTING in 🤯: [2024-07-06 03:36:04.889 UTC] [Info] [Main] Connecting: PlayerID: 76561199202807008 Steam Name: supurhot Character name: supurhot Nick: supurhot Group: 0 Join GUID: 1cb3d3b5-e56a-421b-97c0-e641dcb5d554 Character Slot: 0 Language: English
[DEBUG](staffLog) 08:37:22/07-06 08:36:23(-1) fakelogged CONNECTING in 🤯: [2024-07-06 03:36:24.224 UTC] [Info] [Main] Connecting: PlayerID: 76561199000511386 Steam Name: Kuro 🐻 Character name: Shiro Nick: Shiro Group: 112589999106783933 Join GUID: d5239e9a-b8b7-4aeb-9619-7d8c02459e45 Character Slot: 0 Language: English
[DEBUG](staffLog) 08:37:31/07-06 08:36:32(-1) fakelogged CONNECTING in 🤯: [2024-07-06 03:36:33.256 UTC] [Info] [Main] Connecting: PlayerID: 76561199188974404 Steam Name: V0RTEC$? Character name: VECTOR Nick: VORTEX Group: 112589999263478807 Join GUID: 4278aa9d-4561-41fb-803f-13ea40a2c315 Character Slot: 0 Language: English
[DEBUG](staffLog) 08:38:02/07-06 08:37:01(-3) fakelogged CONNECTING in 🤯: [2024-07-06 03:37:04.452 UTC] [Info] [Main] Connecting: PlayerID: 76561198884479492 Steam Name: Ha Character name: Ha Nick: Ha Group: 0 Join GUID: c0a9a74e-c9a9-4239-90e5-0024d62cfd59 Character Slot: 0 Language: English
[DEBUG](staffLog) 08:38:14/07-06 08:37:11(-1) logged VANISH in vanish: [2024-07-06 03:37:12.484 UTC] [Info] [Main] [Command] drakos [Andre]: /vanish
[DEBUG](staffLog) 08:38:14/07-06 08:37:19(-1) logged TP in tp mentioned 1218944589994659850: [2024-07-06 03:37:20.020 UTC] [Info] [Main] Pandahut >> drakos (76561199531161985) - Teleported to yaoming (76561199733286240 at North West of Range (355.8423 68.67991 2570.1) from North West of Range (348.3144 68.47163 2682.15)
[DEBUG](staffLog) 08:38:33/07-06 08:37:36(-1) fakelogged CONNECTING in 🤯: [2024-07-06 03:37:37.844 UTC] [Info] [Main] Connecting: PlayerID: 76561199016216446 Steam Name: AlosFox Character name: aloxeno12 Nick: aloxeno12 Group: 109775242150154048 Join GUID: 49949f1d-26e9-4a29-a4ad-35c3e549ea30 Character Slot: 0 Language: English
[DEBUG](staffLog) 08:38:43/07-06 08:37:39(-3) fakelogged CONNECTING in 🤯: [2024-07-06 03:37:42.326 UTC] [Info] [Main] Connecting: PlayerID: 76561198970875592 Steam Name: Doss Character name: Xefzy Nick: Xefzy Group: 0 Join GUID: 058f73a7-4d15-48a0-b631-1db9373c0767 Character Slot: 0 Language: English
[DEBUG](staffLog) 08:39:32/07-06 08:38:37(-3) fakelogged CONNECTING in 🤯: [2024-07-06 03:38:40.572 UTC] [Info] [Main] Connecting: PlayerID: 76561199719370434 Steam Name: ᏇᎧᏕᎥᏁᏋᏦ Character name: Wosinek Nick: Wosinek Group: 0 Join GUID: 167edb32-dce4-4f9a-bc57-988e51aa5c18 Character Slot: 0 Language: English
[DEBUG](staffLog) 08:41:02/07-06 08:40:00(-3) fakelogged CONNECTING in 🤯: [2024-07-06 03:40:03.014 UTC] [Info] [Main] Connecting: PlayerID: 76561198086255846 Steam Name: Eminem Character name: Kim Jon un Nick: Kim Group: 112589999158524702 Join GUID: 8c555e57-2527-4a79-bcf4-bbb4905c9de8 Character Slot: 0 Language: English
[DEBUG](staffLog) 08:41:28/07-06 08:40:35(-2) fakelogged CONNECTING in 🤯: [2024-07-06 03:40:37.115 UTC] [Info] [Main] Connecting: PlayerID: 76561199733286240 Steam Name: yaoming Character name: yaoming Nick: yaoming Group: 0 Join GUID: 72592810-5d2e-40b4-b689-5d2fcd5dfbd5 Character Slot: 0 Language: English
[DEBUG](staffLog) 08:41:52/07-06 08:40:50(-2) fakelogged CONNECTING in 🤯: [2024-07-06 03:40:52.830 UTC] [Info] [Main] Connecting: PlayerID: 76561199064650204 Steam Name: Direwolf22 Character name: Direwolf22 Nick: Direwolf22 Group: 0 Join GUID: 6bdc7bef-50d3-44ec-b5d3-c9fdf91e4d9b Character Slot: 0 Language: English
[DEBUG](staffLog) 08:42:22/07-06 08:41:19(-2) logged MSG in 🌹: [2024-07-06 03:41:21.949 UTC] [Info] [Main] [Command] [BG]primetimebuckeye [primetimebuckeye]: /pm vini drop dorms
[DEBUG](staffLog) 08:43:52/07-06 08:42:57(-1) fakelogged CONNECTING in 🤯: [2024-07-06 03:42:58.320 UTC] [Info] [Main] Connecting: PlayerID: 76561199066087321 Steam Name: Hanz0 Character name: [CyKo] V1per Nick: V1per Group: 112589999263478749 Join GUID: 5a6514b0-3b28-4935-a5e8-0ffa18b4a5d2 Character Slot: 0 Language: English
[DEBUG](staffLog) 08:44:24/07-06 08:43:28(-1) logged MSG in 🌹: [2024-07-06 03:43:29.650 UTC] [Info] [Main] [Command] headtaps [headtaps]: /pm wxrd yo
[DEBUG](staffLog) 08:44:24/07-06 08:43:29(-1) logged MSG in 🌹: [2024-07-06 03:43:30.536 UTC] [Info] [Main] [Command] [CyKo] V1per [Hanz0]: /pm vini do i still need to do customs quest?
[DEBUG](staffLog) 08:44:44/07-06 08:43:45(-2) logged MSG in 🌹: [2024-07-06 03:43:47.761 UTC] [Info] [Main] [Command] [CyKo] V1per [Hanz0]: /pm vini i gtg for a week
[DEBUG](staffLog) 08:44:52/07-06 08:43:57(-2) fakelogged CONNECTING in 🤯: [2024-07-06 03:43:59.055 UTC] [Info] [Main] Connecting: PlayerID: 76561198131640827 Steam Name: GB Character name: GB Nick: GB Group: 0 Join GUID: 250d33d3-aa1c-4df2-895c-dee306fd9aba Character Slot: 0 Language: English
[DEBUG](staffLog) 08:44:52/07-06 08:43:58(-2) logged MSG in 🌹: [2024-07-06 03:44:00.676 UTC] [Info] [Main] [Command] [CyKo] V1per [Hanz0]: /pm vini japan
[DEBUG](staffLog) 08:45:02/07-06 08:44:04(-1) logged R in 🌹: [2024-07-06 03:44:05.511 UTC] [Info] [Main] [Command] vini is awful [$yq]: /r cap
[DEBUG](staffLog) 08:45:12/07-06 08:44:08(-2) logged MSG in 🌹: [2024-07-06 03:44:10.951 UTC] [Info] [Main] [Command] [CyKo] V1per [Hanz0]: /pm vini ik
[DEBUG](staffLog) 08:45:12/07-06 08:44:14(-2) logged R in 🌹: [2024-07-06 03:44:16.924 UTC] [Info] [Main] [Command] vini is awful [$yq]: /r LMFAO
[DEBUG](staffLog) 08:45:22/07-06 08:44:19(-3) fakelogged CONNECTING in 🤯: [2024-07-06 03:44:22.856 UTC] [Info] [Main] Connecting: PlayerID: 76561199119768526 Steam Name: TTV-reese_c0 Character name: tyreesethemfgoat Nick: tyreesethemfgoat Group: 0 Join GUID: 128ad85d-8e0f-4478-87e9-7cd46eaa7b3b Character Slot: 0 Language: English
[DEBUG](staffLog) 08:45:22/07-06 08:44:20(-3) logged R in 🌹: [2024-07-06 03:44:23.761 UTC] [Info] [Main] [Command] vini is awful [$yq]: /r yr so full of it
[DEBUG](staffLog) 08:45:22/07-06 08:44:22(-2) fakelogged CONNECTING in 🤯: [2024-07-06 03:44:24.150 UTC] [Info] [Main] Connecting: PlayerID: 76561198103055261 Steam Name: BOT Zika Character name: BOT Zika Nick: Y-sOO-SeRiOuS Group: 0 Join GUID: 3d2adca4-94a3-46c5-b4e3-75d54447f28e Character Slot: 0 Language: English
[DEBUG](staffLog) 08:45:32/07-06 08:44:33(-3) logged MSG in 🌹: [2024-07-06 03:44:36.253 UTC] [Info] [Main] [Command] [CyKo] V1per [Hanz0]: /pm vini i am not doing the quest
[DEBUG](staffLog) 08:46:14/07-06 08:45:14(-2) logged MSG in 🌹: [2024-07-06 03:45:16.270 UTC] [Info] [Main] [Command] [CyKo] V1per [Hanz0]: /pm vini I dont work week ends
[DEBUG](staffLog) 08:46:14/07-06 08:45:14(-3) fakelogged CONNECTING in 🤯: [2024-07-06 03:45:17.296 UTC] [Info] [Main] Connecting: PlayerID: 76561198864109771 Steam Name: FlipperBowl Character name: FlipperBowl Nick: FlipperBowl Group: 0 Join GUID: 83d1776e-873c-40fe-a9f3-a7da0a6a441b Character Slot: 0 Language: English
[DEBUG](staffLog) 08:46:32/07-06 08:45:39(-1) logged MSG in 🌹: [2024-07-06 03:45:40.310 UTC] [Info] [Main] [Command] [CyKo] V1per [Hanz0]: /pm vini I can play till when ever
[DEBUG](staffLog) 08:46:44/07-06 08:45:43(-3) logged MSG in 🌹: [2024-07-06 03:45:46.121 UTC] [Info] [Main] [Command] [CyKo] V1per [Hanz0]: /pm vini does not matter
[DEBUG](staffLog) 08:47:52/07-06 08:46:53(-2) fakelogged CONNECTING in 🤯: [2024-07-06 03:46:55.972 UTC] [Info] [Main] Connecting: PlayerID: 76561198884479492 Steam Name: Ha Character name: Ha Nick: Ha Group: 0 Join GUID: affa1fe5-acf8-43f3-ab9b-f831d19c7127 Character Slot: 0 Language: English
[DEBUG](staffLog) 08:47:52/07-06 08:46:54(-3) fakelogged CONNECTING in 🤯: [2024-07-06 03:46:57.257 UTC] [Info] [Main] Connecting: PlayerID: 76561199068978045 Steam Name: Tntmantnt14 Character name: andrew.j.dove Nick: andrew.j.dove Group: 0 Join GUID: a6712fee-f357-4302-88b5-267c84276e3b Character Slot: 0 Language: English
[DEBUG](staffLog) 08:48:41/07-06 08:47:47(-3) fakelogged CONNECTING in 🤯: [2024-07-06 03:47:50.813 UTC] [Info] [Main] Connecting: PlayerID: 76561199097820809 Steam Name: justavietboi Character name: Deez Nick: rchd88 Group: 112589999263478760 Join GUID: 1b180f5f-f422-462f-b5dd-472baa4cafdd Character Slot: 0 Language: English
[DEBUG](staffLog) 08:49:03/07-06 08:48:08(-1) fakelogged CONNECTING in 🤯: [2024-07-06 03:48:09.168 UTC] [Info] [Main] Connecting: PlayerID: 76561198878832149 Steam Name: stacey Character name: 猫猫糕 Nick: stacey da cat Group: 112589999263478627 Join GUID: 4ff29ec4-86cd-49cd-8bbc-67e16f132c58 Character Slot: 0 Language: English
[DEBUG](staffLog) 08:50:12/07-06 08:49:18(-1) fakelogged CONNECTING in 🤯: [2024-07-06 03:49:19.635 UTC] [Info] [Main] Connecting: PlayerID: 76561199242488198 Steam Name: SrPanaMex Character name: Sr_Pana Nick: Sr_PanaMex Group: 112589999263479041 Join GUID: 8b65b930-c828-4912-a149-f098492e99dd Character Slot: 0 Language: English
[DEBUG](staffLog) 08:50:42/07-06 08:49:35(-1) fakelogged CONNECTING in 🤯: [2024-07-06 03:49:36.678 UTC] [Info] [Main] Connecting: PlayerID: 76561199538893677 Steam Name: dav2157 Character name: dav2157 Nick: dav2157 Group: 109775242156794086 Join GUID: 7ae35d1f-494e-4407-88b3-ba3d3f7d2a85 Character Slot: 0 Language: English
[DEBUG](staffLog) 08:51:04/07-06 08:49:59(-3) fakelogged CONNECTING in 🤯: [2024-07-06 03:50:02.112 UTC] [Info] [Main] Connecting: PlayerID: 76561199222188644 Steam Name: iMoistSoap Character name: imoistsoap Nick: imoistsoap Group: 0 Join GUID: f0c03fc9-2ecf-4508-aedf-82ff163e946a Character Slot: 0 Language: English
[DEBUG](staffLog) 08:51:13/07-06 08:50:13(-2) fakelogged CONNECTING in 🤯: [2024-07-06 03:50:15.862 UTC] [Info] [Main] Connecting: PlayerID: 76561199733286240 Steam Name: yaoming Character name: yaoming Nick: yaoming Group: 0 Join GUID: 889f2cad-e289-4d30-934c-b9a689cf239a Character Slot: 0 Language: English
[DEBUG](staffLog) 08:51:42/07-06 08:50:41(-1) fakelogged CONNECTING in 🤯: [2024-07-06 03:50:42.982 UTC] [Info] [Main] Connecting: PlayerID: 76561199133295304 Steam Name: vinyldarkclaw Character name: zander boi Nick: vinyldarkclaw Group: 112589999263479024 Join GUID: 4af0fcfb-3641-423b-8dd2-0c6f0ba71fe7 Character Slot: 0 Language: English
[DEBUG](staffLog) 08:51:42/07-06 08:50:49(-1) fakelogged CONNECTING in 🤯: [2024-07-06 03:50:50.510 UTC] [Info] [Main] Connecting: PlayerID: 76561199626178210 Steam Name: byron.leray Character name: byron.leray Nick: byron.leray Group: 0 Join GUID: 2090b652-a7e3-4133-a74f-093d618d54c9 Character Slot: 0 Language: English
[DEBUG](staffLog) 08:51:52/07-06 08:50:49(-2) fakelogged CONNECTING in 🤯: [2024-07-06 03:50:51.778 UTC] [Info] [Main] Connecting: PlayerID: 76561198093854636 Steam Name: hi_ping Character name: pika_boy Nick: bl4ckreaper Group: 0 Join GUID: ebf7ac93-ccf5-4089-94ef-d7225522a7ee Character Slot: 0 Language: English
[DEBUG](staffLog) 08:52:23/07-06 08:51:19(-3) fakelogged CONNECTING in 🤯: [2024-07-06 03:51:22.172 UTC] [Info] [Main] Connecting: PlayerID: 76561198867814400 Steam Name: Daddy/Death Character name: Daddy/Death Nick: Daddy/Death Group: 112589999263478874 Join GUID: 8f4cda65-5343-4dca-bcde-043819733d53 Character Slot: 0 Language: English
[DEBUG](staffLog) 08:53:02/07-06 08:52:00(-2) fakelogged CONNECTING in 🤯: [2024-07-06 03:52:02.582 UTC] [Info] [Main] Connecting: PlayerID: 76561199256770422 Steam Name: liamb1217 Character name: liamb1217 Nick: liamb1217 Group: 0 Join GUID: 131ffd78-7f81-4bcb-9fd9-43b40d7927ac Character Slot: 0 Language: English
[DEBUG](staffLog) 08:53:53/07-06 08:52:55(-1) fakelogged CONNECTING in 🤯: [2024-07-06 03:52:56.416 UTC] [Info] [Main] Connecting: PlayerID: 76561199388502751 Steam Name: gabebreault.2005 Character name: gabebreault.2005 Nick: gabebreault.2005 Group: 0 Join GUID: c36444df-f8f4-4bbf-95b8-425b615c0e0e Character Slot: 0 Language: English
[DEBUG](staffLog) 08:54:32/07-06 08:53:33(-2) fakelogged CONNECTING in 🤯: [2024-07-06 03:53:35.601 UTC] [Info] [Main] Connecting: PlayerID: 76561198820427964 Steam Name: Alexih Character name: lexi Nick: lexi Group: 0 Join GUID: d6945bd4-33cc-4be2-8ae9-0daa6ea34d9e Character Slot: 0 Language: English
[DEBUG](staffLog) 08:55:14/07-06 08:54:11(-3) fakelogged CONNECTING in 🤯: [2024-07-06 03:54:14.028 UTC] [Info] [Main] Connecting: PlayerID: 76561198961422683 Steam Name: retroglitches Character name: retroglitches Nick: retroglitches Group: 0 Join GUID: d81d79ae-f142-44f0-8581-c94af37df224 Character Slot: 0 Language: English
[DEBUG](staffLog) 08:56:32/07-06 08:55:31(-1) fakelogged CONNECTING in 🤯: [2024-07-06 03:55:32.281 UTC] [Info] [Main] Connecting: PlayerID: 76561199479914285 Steam Name: omarismith350 Character name: omarismith350 Nick: omarismith350 Group: 0 Join GUID: 3da1eeca-1664-42a6-8e0a-a8a3171076a2 Character Slot: 0 Language: English
[DEBUG](staffLog) 08:56:52/07-06 08:55:49(-3) logged MSG in 🌹: [2024-07-06 03:55:52.442 UTC] [Info] [Main] [Command] Dacota [Dacota]: /msg reaper 5c?
[DEBUG](staffLog) 08:57:12/07-06 08:56:15(-2) logged MSG in 🌹: [2024-07-06 03:56:17.220 UTC] [Info] [Main] [Command] Dacota [Dacota]: /msg white im at 5c
[DEBUG](staffLog) 08:57:22/07-06 08:56:23(-2) fakelogged CONNECTING in 🤯: [2024-07-06 03:56:25.826 UTC] [Info] [Main] Connecting: PlayerID: 76561199455589453 Steam Name: imsokilla Character name: vader Nick: lightsaber Group: 0 Join GUID: c77bcd6a-c194-413f-89f0-06d65b87e30b Character Slot: 0 Language: English
[DEBUG](staffLog) 08:57:35/07-06 08:56:31(-2) fakelogged CONNECTING in 🤯: [2024-07-06 03:56:33.306 UTC] [Info] [Main] Connecting: PlayerID: 76561198334721536 Steam Name: TOXIC Character name: Scorched Nick: ×͜×ㅤAlone Boy  亗 Group: 112589999263478826 Join GUID: 802cc18e-aee9-4612-9a23-0f8a1121509f Character Slot: 0 Language: English
[DEBUG](staffLog) 08:57:35/07-06 08:56:32(-3) fakelogged CONNECTING in 🤯: [2024-07-06 03:56:35.122 UTC] [Info] [Main] Connecting: PlayerID: 76561199654382038 Steam Name: PRYVET12 Character name: PRYVET12 Nick: PRYVET12 Group: 0 Join GUID: ffc78b3a-4483-4a08-bbc5-e36557cb81d0 Character Slot: 0 Language: English
[DEBUG](staffLog) 08:57:52/07-06 08:56:51(-1) logged MSG in 🌹: [2024-07-06 03:56:52.470 UTC] [Info] [Main] [Command] WHITE-_-R34P3R [XxTrippyKillzxX]: /pm dakota no ur not
[DEBUG](staffLog) 08:57:52/07-06 08:56:51(-3) fakelogged CONNECTING in 🤯: [2024-07-06 03:56:54.251 UTC] [Info] [Main] Connecting: PlayerID: 76561198884479492 Steam Name: Ha Character name: Ha Nick: Ha Group: 0 Join GUID: 76653597-a4ab-4f98-b0e1-520f8ec62f0a Character Slot: 0 Language: English
[DEBUG](staffLog) 08:57:52/07-06 08:56:52(-3) fakelogged CONNECTING in 🤯: [2024-07-06 03:56:55.888 UTC] [Info] [Main] Connecting: PlayerID: 76561199027820538 Steam Name: Jyeza <9 Character name: Jyezaboy09 Nick: Jyezaboy09 Group: 112589999263479063 Join GUID: 90303874-9387-4a31-99a7-a8b8b66551aa Character Slot: 0 Language: English
[DEBUG](staffLog) 08:59:14/07-06 08:58:10(-3) fakelogged CONNECTING in 🤯: [2024-07-06 03:58:13.787 UTC] [Info] [Main] Connecting: PlayerID: 76561198273969448 Steam Name: coopersicks Character name: coopersicks Nick: coopersicks Group: 112589999263479004 Join GUID: 7a047474-5208-4bf8-97bf-b019985c8a12 Character Slot: 0 Language: English
[DEBUG](staffLog) 09:00:02/07-06 08:59:03(-2) fakelogged CONNECTING in 🤯: [2024-07-06 03:59:05.193 UTC] [Info] [Main] Connecting: PlayerID: 76561199183989090 Steam Name: Godly Character name: Godly Nick: Godly Group: 112589999263478627 Join GUID: 63469f94-8e25-44ec-be27-e11cb928ec83 Character Slot: 0 Language: English
[DEBUG](staffLog) 09:00:12/07-06 08:59:17(-3) fakelogged CONNECTING in 🤯: [2024-07-06 03:59:20.235 UTC] [Info] [Main] Connecting: PlayerID: 76561199497898689 Steam Name: CoolKidz67 Character name: CoolKidz67 Nick: CoolKidz67 Group: 0 Join GUID: 928f7dcd-7b9f-4ea8-bd06-a9ed6a4fc5b1 Character Slot: 0 Language: English
[DEBUG](staffLog) 09:00:22/07-06 08:59:23(-1) fakelogged CONNECTING in 🤯: [2024-07-06 03:59:24.247 UTC] [Info] [Main] Connecting: PlayerID: 76561199100962697 Steam Name: bubbz!! Character name: Leshy Nick: bubbz!! Group: 0 Join GUID: 602a2d43-f936-4a82-a63f-01801ec34422 Character Slot: 0 Language: English
[DEBUG](staffLog) 09:01:42/07-06 09:00:37(-1) fakelogged CONNECTING in 🤯: [2024-07-06 04:00:38.155 UTC] [Info] [Main] Connecting: PlayerID: 76561199673164115 Steam Name: ultimate c gun store Character name: ANGEL Nick: leah.amezola Group: 112589999263479053 Join GUID: 644f5efb-34e3-4acb-9602-056048eb4f3a Character Slot: 0 Language: English
[DEBUG](staffLog) 09:01:42/07-06 09:00:45(-1) fakelogged CONNECTING in 🤯: [2024-07-06 04:00:46.943 UTC] [Info] [Main] Connecting: PlayerID: 76561198262204245 Steam Name: Karuky Character name: Karuky Nick: Karuky Group: 109775242150154048 Join GUID: 919c27a9-eceb-422e-af7f-260dac65027a Character Slot: 0 Language: English
[DEBUG](staffLog) 09:02:12/07-06 09:01:12(-1) fakelogged CONNECTING in 🤯: [2024-07-06 04:01:13.179 UTC] [Info] [Main] Connecting: PlayerID: 76561198406561125 Steam Name: IronSWATBeast Character name: KnightBurst Nick: KnightBurst Group: 112589999263478616 Join GUID: 085cd6e9-f881-4063-a759-09b73ee25f61 Character Slot: 0 Language: English
[DEBUG](staffLog) 09:02:12/07-06 09:01:14(-1) fakelogged CONNECTING in 🤯: [2024-07-06 04:01:15.041 UTC] [Info] [Main] Connecting: PlayerID: 76561199538893677 Steam Name: dav2157 Character name: dav2157 Nick: dav2157 Group: 109775242156794086 Join GUID: 44e82405-8fe2-455c-9b61-aa21c9e61e31 Character Slot: 0 Language: English
[DEBUG](staffLog) 09:02:12/07-06 09:01:15(-3) fakelogged CONNECTING in 🤯: [2024-07-06 04:01:18.217 UTC] [Info] [Main] Connecting: PlayerID: 76561199455589453 Steam Name: imsokilla Character name: vader Nick: lightsaber Group: 0 Join GUID: 3c901881-9bef-4299-809d-5ae1cc049673 Character Slot: 0 Language: English
[DEBUG](staffLog) 09:03:02/07-06 09:02:05(-3) fakelogged CONNECTING in 🤯: [2024-07-06 04:02:08.727 UTC] [Info] [Main] Connecting: PlayerID: 76561198353384849 Steam Name: rango Character name: HEROx Killer Nick: HEROx Killer Group: 0 Join GUID: ea8de13a-dac7-4811-8ea7-82a0f129a0b8 Character Slot: 0 Language: English
[DEBUG](staffLog) 09:03:22/07-06 09:02:20(-3) fakelogged CONNECTING in 🤯: [2024-07-06 04:02:23.213 UTC] [Info] [Main] Connecting: PlayerID: 76561199733286240 Steam Name: yaoming Character name: yaoming Nick: yaoming Group: 0 Join GUID: e5a18c3f-24bf-4485-b202-40fd2a0207fb Character Slot: 0 Language: English
[DEBUG](staffLog) 09:03:32/07-06 09:02:29(-3) fakelogged CONNECTING in 🤯: [2024-07-06 04:02:32.020 UTC] [Info] [Main] Connecting: PlayerID: 76561198973442231 Steam Name: LLLL Character name: LLLLLLLLLLLLLL Nick: L Group: 112589999127296618 Join GUID: 61ac20d8-38ce-406a-a6e5-baae9ca92407 Character Slot: 0 Language: English
[DEBUG](staffLog) 09:03:52/07-06 09:02:58(-1) logged DEBUG in debug-logs: [2024-07-06 04:02:59.568 UTC] [Info] [Main] [Command] Godly [Godly]: /smod
[DEBUG](staffLog) 09:04:32/07-06 09:03:37(-1) fakelogged CONNECTING in 🤯: [2024-07-06 04:03:38.756 UTC] [Info] [Main] Connecting: PlayerID: 76561199229400931 Steam Name: JAXXZ Character name: JAXXZ Nick: JAXXZ Group: 112589999263478826 Join GUID: 4c08dbf7-74a1-4559-b1f7-9a854e21d4a0 Character Slot: 0 Language: English
[DEBUG](staffLog) 09:04:42/07-06 09:03:38(-3) fakelogged CONNECTING in 🤯: [2024-07-06 04:03:41.018 UTC] [Info] [Main] Connecting: PlayerID: 76561199386334165 Steam Name: ohmaa.  友 Character name: ON TOP Nick: ON TOP Group: 0 Join GUID: e54e7dc6-f43b-4d44-b002-5b1746d055a8 Character Slot: 0 Language: English
[DEBUG](staffLog) 09:04:52/07-06 09:03:53(-2) fakelogged CONNECTING in 🤯: [2024-07-06 04:03:55.844 UTC] [Info] [Main] Connecting: PlayerID: 76561199066566004 Steam Name: Buck Character name: BaW Nick: BaW_Plays Group: 112589999263479045 Join GUID: 12f87ea2-b692-4b0e-8099-f9345331fff4 Character Slot: 0 Language: English
[DEBUG](staffLog) 09:05:32/07-06 09:04:35(-1) fakelogged CONNECTING in 🤯: [2024-07-06 04:04:36.990 UTC] [Info] [Main] Connecting: PlayerID: 76561198864109771 Steam Name: FlipperBowl Character name: FlipperBowl Nick: FlipperBowl Group: 0 Join GUID: fc2bb9ef-3e39-4a05-a13f-c0e638ffe195 Character Slot: 0 Language: English
[DEBUG](staffLog) 09:06:02/07-06 09:05:06(-1) fakelogged CONNECTING in 🤯: [2024-07-06 04:05:07.612 UTC] [Info] [Main] Connecting: PlayerID: 76561199350566680 Steam Name: That one hobo Character name: SoaringBerry Nick: Calvin Group: 112589999263478733 Join GUID: e456c7e7-def3-4023-90dd-6e96658dfde3 Character Slot: 0 Language: English
[DEBUG](staffLog) 09:06:53/07-06 09:05:54(-2) fakelogged CONNECTING in 🤯: [2024-07-06 04:05:56.167 UTC] [Info] [Main] Connecting: PlayerID: 76561198864109771 Steam Name: FlipperBowl Character name: FlipperBowl Nick: FlipperBowl Group: 0 Join GUID: 6d3eb43e-1510-4474-9136-273754fb43d0 Character Slot: 0 Language: English
[DEBUG](staffLog) 09:07:02/07-06 09:06:05(-1) fakelogged CONNECTING in 🤯: [2024-07-06 04:06:06.436 UTC] [Info] [Main] Connecting: PlayerID: 76561198833068698 Steam Name: OtterMan300 Character name: OtterMan Nick: OtterMan Group: 0 Join GUID: 5c5f75db-0766-4db4-ae2f-ccdb35092e23 Character Slot: 0 Language: English
[DEBUG](staffLog) 09:07:42/07-06 09:06:44(-1) fakelogged CONNECTING in 🤯: [2024-07-06 04:06:45.733 UTC] [Info] [Main] Connecting: PlayerID: 76561199433083030 Steam Name: halkinbro Character name: titsanbobs Nick: quit killer Group: 0 Join GUID: ccbdb749-43ec-4607-bbd4-d228259c7232 Character Slot: 0 Language: English
[DEBUG](staffLog) 09:07:54/07-06 09:06:53(-1) fakelogged CONNECTING in 🤯: [2024-07-06 04:06:54.754 UTC] [Info] [Main] Connecting: PlayerID: 76561198884479492 Steam Name: Ha Character name: Ha Nick: Ha Group: 0 Join GUID: 642f61df-e046-4385-906c-761f227b1224 Character Slot: 0 Language: English
[DEBUG](staffLog) 09:07:54/07-06 09:06:59(-1) fakelogged CONNECTING in 🤯: [2024-07-06 04:07:00.714 UTC] [Info] [Main] Connecting: PlayerID: 76561199090407417 Steam Name: greyfivenine till i die Character name: watasigma Nick: watasigma Group: 0 Join GUID: e2c696fc-01eb-4c2a-8b52-bf5753408dee Character Slot: 0 Language: English
[DEBUG](staffLog) 09:08:25/07-06 09:07:24(-2) fakelogged CONNECTING in 🤯: [2024-07-06 04:07:26.456 UTC] [Info] [Main] Connecting: PlayerID: 76561199029501153 Steam Name: Borges Character name: Hecate Nick: Borges Group: 112589999143637391 Join GUID: 8b9c9255-35bb-48c0-b7fb-de2ee04cdc8b Character Slot: 0 Language: English
[DEBUG](staffLog) 09:08:32/07-06 09:07:29(-2) fakelogged CONNECTING in 🤯: [2024-07-06 04:07:31.002 UTC] [Info] [Main] Connecting: PlayerID: 76561199733286240 Steam Name: yaoming Character name: yaoming Nick: yaoming Group: 0 Join GUID: 9e1e4092-c392-4c31-822e-eee908f3853f Character Slot: 0 Language: English
[DEBUG](staffLog) 09:09:41/07-06 09:08:48(-2) fakelogged CONNECTING in 🤯: [2024-07-06 04:08:50.628 UTC] [Info] [Main] Connecting: PlayerID: 76561198379436174 Steam Name: Fresh Character name: Fresh Nick: Fresh Group: 0 Join GUID: 9362203c-947f-44bd-854b-42d9cd8f5e38 Character Slot: 0 Language: English
[DEBUG](staffLog) 09:10:02/07-06 09:09:03(-1) fakelogged CONNECTING in 🤯: [2024-07-06 04:09:04.780 UTC] [Info] [Main] Connecting: PlayerID: 76561198286653844 Steam Name: stinkus the dingus Character name: Stinkus The Dingus Nick: Stinkus The Dingus Group: 0 Join GUID: 84b91b6e-aaec-419f-9571-adcd5137bf7e Character Slot: 0 Language: English
[DEBUG](staffLog) 09:10:22/07-06 09:09:28(-1) fakelogged CONNECTING in 🤯: [2024-07-06 04:09:29.753 UTC] [Info] [Main] Connecting: PlayerID: 76561198106157744 Steam Name: greenbean62 Character name: Joe Biden JOI Nick: Eddy Group: 112589999263478749 Join GUID: c1c41ac9-3e97-48c3-9494-6009d0b4355e Character Slot: 0 Language: English
[DEBUG](staffLog) 09:11:02/07-06 09:10:07(-1) fakelogged CONNECTING in 🤯: [2024-07-06 04:10:08.491 UTC] [Info] [Main] Connecting: PlayerID: 76561199090407417 Steam Name: greyfivenine till i die Character name: watasigma Nick: watasigma Group: 0 Join GUID: 13201e61-d885-430c-8678-434d7a2453f5 Character Slot: 0 Language: English
[DEBUG](staffLog) 09:12:45/07-06 09:11:42(-2) fakelogged CONNECTING in 🤯: [2024-07-06 04:11:44.806 UTC] [Info] [Main] Connecting: PlayerID: 76561199733286240 Steam Name: yaoming Character name: yaoming Nick: yaoming Group: 0 Join GUID: 9cabb352-f22a-46c0-a1a5-c6405cba9f88 Character Slot: 0 Language: English
[DEBUG](staffLog) 09:13:52/07-06 09:12:52(-3) fakelogged CONNECTING in 🤯: [2024-07-06 04:12:55.475 UTC] [Info] [Main] Connecting: PlayerID: 76561199453592012 Steam Name: pOlAr BeAr Character name: mikeyvanscoyjr32 Nick: mikeyvanscoyjr32 Group: 0 Join GUID: cbb296a3-152e-4419-bcd2-a1113c4e0afa Character Slot: 0 Language: English
[DEBUG](staffLog) 09:13:52/07-06 09:12:55(-2) fakelogged CONNECTING in 🤯: [2024-07-06 04:12:57.540 UTC] [Info] [Main] Connecting: PlayerID: 76561199733286240 Steam Name: yaoming Character name: yaoming Nick: yaoming Group: 0 Join GUID: 232490f2-60af-4b54-8213-c011d5e09fd1 Character Slot: 0 Language: English
[DEBUG](staffLog) 09:14:02/07-06 09:13:09(-1) fakelogged CONNECTING in 🤯: [2024-07-06 04:13:10.689 UTC] [Info] [Main] Connecting: PlayerID: 76561198379436174 Steam Name: Fresh Character name: Fresh Nick: Fresh Group: 0 Join GUID: 893ba3ae-c307-4f9e-8abb-2a869bb5305b Character Slot: 0 Language: English
[DEBUG](staffLog) 09:14:32/07-06 09:13:30(-3) fakelogged CONNECTING in 🤯: [2024-07-06 04:13:33.900 UTC] [Info] [Main] Connecting: PlayerID: 76561199555942929 Steam Name: doge Character name: TNT1628_e Nick: TNT1628_e Group: 112589999263478954 Join GUID: 9cdb4037-ad95-4e32-8a77-27086c4ead67 Character Slot: 0 Language: English
[DEBUG](staffLog) 09:15:02/07-06 09:14:02(-2) fakelogged CONNECTING in 🤯: [2024-07-06 04:14:04.590 UTC] [Info] [Main] Connecting: PlayerID: 76561199733286240 Steam Name: yaoming Character name: yaoming Nick: yaoming Group: 0 Join GUID: d67c37de-6319-40c5-94a3-c7ce1574a104 Character Slot: 0 Language: English
[DEBUG](staffLog) 09:16:13/07-06 09:15:11(-1) fakelogged CONNECTING in 🤯: [2024-07-06 04:15:12.244 UTC] [Info] [Main] Connecting: PlayerID: 76561198351835473 Steam Name: Boys4jesus 144p Character name: Spark Nick: Sparklez Group: 0 Join GUID: eb253a63-9049-414e-9abf-e25f6b14d965 Character Slot: 0 Language: English
[DEBUG](staffLog) 09:16:13/07-06 09:15:16(-2) fakelogged CONNECTING in 🤯: [2024-07-06 04:15:18.855 UTC] [Info] [Main] Connecting: PlayerID: 76561198027815876 Steam Name: LetsHaveChex Character name: LetsHaveChex Nick: LetsHaveChex Group: 0 Join GUID: cc67a667-f8a9-48f6-b0d3-e90501d7bd0f Character Slot: 0 Language: English
[DEBUG](staffLog) 09:17:19/07-06 09:16:19(-1) fakelogged CONNECTING in 🤯: [2024-07-06 04:16:20.402 UTC] [Info] [Main] Connecting: PlayerID: 76561198990132632 Steam Name: Accurse Character name: yung_pickle52 Nick: yung_pickle52 Group: 112589999263478922 Join GUID: 8ea845fa-b023-4daf-8dd1-5ab3489fd9a2 Character Slot: 0 Language: English
[DEBUG](staffLog) 09:17:34/07-06 09:16:33(-3) fakelogged CONNECTING in 🤯: [2024-07-06 04:16:36.473 UTC] [Info] [Main] Connecting: PlayerID: 76561198447044411 Steam Name: Fluffy x Bo burnham Character name: Bo burnham Nick: OnlyEduar Group: 0 Join GUID: 5cdbebf1-ffde-4334-8ebf-670e8ca3c947 Character Slot: 0 Language: English
[DEBUG](staffLog) 09:17:42/07-06 09:16:46(-1) fakelogged CONNECTING in 🤯: [2024-07-06 04:16:47.593 UTC] [Info] [Main] Connecting: PlayerID: 76561198287792977 Steam Name: lil dent Character name: Dent Nick: Dent Group: 112589999163308774 Join GUID: b81c924d-13d5-4ac2-b0b3-cd10342951b5 Character Slot: 0 Language: English
[DEBUG](staffLog) 09:17:42/07-06 09:16:48(-1) fakelogged CONNECTING in 🤯: [2024-07-06 04:16:49.695 UTC] [Info] [Main] Connecting: PlayerID: 76561198884479492 Steam Name: Ha Character name: Ha Nick: Ha Group: 0 Join GUID: ea6176bf-75ea-46b7-90f3-b89d8d593cc1 Character Slot: 0 Language: English
[DEBUG](staffLog) 09:17:52/07-06 09:16:47(-3) fakelogged CONNECTING in 🤯: [2024-07-06 04:16:50.958 UTC] [Info] [Main] Connecting: PlayerID: 76561199368175723 Steam Name: timjalex Character name: Отряд Богов $3 Nick: timjalex Group: 0 Join GUID: 5ed05b17-79eb-4787-b527-b651e36a58e4 Character Slot: 0 Language: English
[DEBUG](staffLog) 09:18:53/07-06 09:17:50(-3) fakelogged CONNECTING in 🤯: [2024-07-06 04:17:53.317 UTC] [Info] [Main] Connecting: PlayerID: 76561198168445549 Steam Name: XxTrippyKillzxX Character name: WHITE-_-R34P3R Nick: WHITE-_-R34P3R Group: 112589999263479104 Join GUID: 78b3a803-7cc4-44a3-88ab-c7a54a050d8d Character Slot: 0 Language: English
[DEBUG](staffLog) 09:19:02/07-06 09:18:05(-3) fakelogged CONNECTING in 🤯: [2024-07-06 04:18:08.539 UTC] [Info] [Main] Connecting: PlayerID: 76561198193569229 Steam Name: Tyewalt Character name: Mark  Chef Nick: Mark Chef Group: 112589999263478563 Join GUID: b1cff54c-b9a8-4516-a915-5306dffbf363 Character Slot: 0 Language: English
[DEBUG](staffLog) 09:19:28/07-06 09:18:29(-1) logged DEBUG in debug-logs: [2024-07-06 04:18:30.075 UTC] [Info] [Main] [Command] drakos [Andre]: /rank vini
[DEBUG](staffLog) 09:19:47/07-06 09:18:41(-2) fakelogged CONNECTING in 🤯: [2024-07-06 04:18:43.791 UTC] [Info] [Main] Connecting: PlayerID: 76561198013862731 Steam Name: SlenderChappy Character name: bananaman Nick: SlenderChappy Group: 0 Join GUID: ffb09b41-1064-4413-ba54-0d833d3e21e1 Character Slot: 0 Language: English
[DEBUG](staffLog) 09:20:42/07-06 09:19:42(-2) fakelogged DEBUG in 🤯 mentioned 846641395581190155: [2024-07-06 04:19:44.954 UTC] [Info] [Main] [Command] Ha [Ha]: /buyfrom 76561198884479492 43000
[DEBUG](staffLog) 09:21:02/07-06 09:20:02(-2) fakelogged CONNECTING in 🤯: [2024-07-06 04:20:04.986 UTC] [Info] [Main] Connecting: PlayerID: 76561199541052875 Steam Name: MatuZalon Character name: MatuZalon Nick: Matuzalon Group: 112589999263478721 Join GUID: e8efdc78-3cd9-4ef1-b4b3-d489f0ee6501 Character Slot: 0 Language: English
[DEBUG](staffLog) 09:21:12/07-06 09:20:09(-3) fakelogged CONNECTING in 🤯: [2024-07-06 04:20:12.540 UTC] [Info] [Main] Connecting: PlayerID: 76561199048281090 Steam Name: poop, Character name: poop. Nick: poop. Group: 0 Join GUID: 8da444ef-b6e4-4cab-bb81-a629385a968f Character Slot: 0 Language: English
[DEBUG](staffLog) 09:21:12/07-06 09:20:11(-2) fakelogged CONNECTING in 🤯: [2024-07-06 04:20:13.904 UTC] [Info] [Main] Connecting: PlayerID: 76561198062895406 Steam Name: Dacota Character name: Dacota Nick: Dacota Group: 112589999263478563 Join GUID: 3a283798-8c10-445e-82da-b41befcafed0 Character Slot: 0 Language: English
[DEBUG](staffLog) 09:22:02/07-06 09:20:59(-2) logged MSG in 🌹: [2024-07-06 04:21:01.543 UTC] [Info] [Main] [Command] yung_pickle52 [Accurse]: /pm vini wanna play
[DEBUG](staffLog) 09:22:12/07-06 09:21:11(-1) fakelogged CONNECTING in 🤯: [2024-07-06 04:21:12.648 UTC] [Info] [Main] Connecting: PlayerID: 76561198042680417 Steam Name: Tony The Tiger Character name: FLiPS Nick: simskulls10 Group: 0 Join GUID: bcd2cc5d-60c7-46ed-9b89-000362b667aa Character Slot: 0 Language: English
[DEBUG](staffLog) 09:22:34/07-06 09:21:33(-3) fakelogged CONNECTING in 🤯: [2024-07-06 04:21:36.730 UTC] [Info] [Main] Connecting: PlayerID: 76561198830334249 Steam Name: xpsddd Character name: xpsddd Nick: xpsddd Group: 112589999202940139 Join GUID: b431f15c-7563-4ab4-870b-891671dad753 Character Slot: 0 Language: English
[DEBUG](staffLog) 09:25:22/07-06 09:24:21(-3) fakelogged CONNECTING in 🤯: [2024-07-06 04:24:24.727 UTC] [Info] [Main] Connecting: PlayerID: 76561199136214091 Steam Name: DinkBot Character name: timmy Nick: hua Group: 112589999263479106 Join GUID: 6b2689c0-ca9b-483a-906a-fc221375d3a5 Character Slot: 0 Language: English
[DEBUG](staffLog) 09:25:22/07-06 09:24:23(-2) logged MSG in 🌹: [2024-07-06 04:24:25.745 UTC] [Info] [Main] [Command] yung_pickle52 [Accurse]: /pm chaos u wana run labs
[DEBUG](staffLog) 09:25:32/07-06 09:24:33(-1) logged MSG in 🌹: [2024-07-06 04:24:34.832 UTC] [Info] [Main] [Command] yung_pickle52 [Accurse]: /pm abcdefg wanna run labs?
[DEBUG](staffLog) 09:25:42/07-06 09:24:41(-1) logged R in 🌹: [2024-07-06 04:24:42.548 UTC] [Info] [Main] [Command] ABCDEFGHIJKLMNOPQRS [asdasdasdsadsad]: /r go dc call
[DEBUG](staffLog) 09:26:02/07-06 09:24:59(-3) fakelogged CONNECTING in 🤯: [2024-07-06 04:25:02.945 UTC] [Info] [Main] Connecting: PlayerID: 76561198197764045 Steam Name: Binky Character name: Naratard Nick: Naratard Group: 0 Join GUID: 551e24b9-8d2f-4546-9981-37fdfc93b30b Character Slot: 0 Language: English
[DEBUG](staffLog) 09:27:22/07-06 09:26:28(-1) fakelogged CONNECTING in 🤯: [2024-07-06 04:26:29.703 UTC] [Info] [Main] Connecting: PlayerID: 76561198884479492 Steam Name: Ha Character name: Ha Nick: Ha Group: 0 Join GUID: 1ee3599a-ba02-4fbd-bba7-8abf4778aece Character Slot: 0 Language: English
[DEBUG](staffLog) 09:29:32/07-06 09:28:37(-3) fakelogged CONNECTING in 🤯: [2024-07-06 04:28:40.250 UTC] [Info] [Main] Connecting: PlayerID: 76561198046769754 Steam Name: Fenrisulfr Character name: Fenrisulfr Nick: Fenrisulfr Group: 0 Join GUID: a555ec06-f898-4430-ac3c-d772d15b2c22 Character Slot: 0 Language: English
[DEBUG](staffLog) 09:30:30/07-06 09:29:21(-2) fakelogged CONNECTING in 🤯: [2024-07-06 04:29:23.066 UTC] [Info] [Main] Connecting: PlayerID: 76561199237478930 Steam Name: illumin909 Character name: Gridd Nick: Gridd Group: 112589999263478757 Join GUID: fa58029a-4635-490d-913f-47188d114f01 Character Slot: 0 Language: English
[DEBUG](staffLog) 09:30:30/07-06 09:29:35(-1) fakelogged CONNECTING in 🤯: [2024-07-06 04:29:36.004 UTC] [Info] [Main] Connecting: PlayerID: 76561198243975222 Steam Name: Finn Character name: Finn Nick: Finn Group: 0 Join GUID: 43c792e4-7354-44fb-a4e8-194f8343a8e5 Character Slot: 0 Language: English
[DEBUG](staffLog) 09:30:54/07-06 09:29:50(-2) fakelogged CONNECTING in 🤯: [2024-07-06 04:29:52.757 UTC] [Info] [Main] Connecting: PlayerID: 76561199085588786 Steam Name: Wildestqusar Character name: wildestqusar Nick: wildestqusar Group: 0 Join GUID: 6d0e77e9-e984-4d08-a152-11b7580bb815 Character Slot: 0 Language: English
[DEBUG](staffLog) 09:32:22/07-06 09:31:27(-2) fakelogged CONNECTING in 🤯: [2024-07-06 04:31:29.836 UTC] [Info] [Main] Connecting: PlayerID: 76561199198820260 Steam Name: trea Character name: trea Nick: trea Group: 112589999263478903 Join GUID: bc7bd664-64bd-499d-9d4e-17909e4e5c5e Character Slot: 0 Language: English
[DEBUG](staffLog) 09:34:32/07-06 09:33:36(-2) fakelogged CONNECTING in 🤯: [2024-07-06 04:33:38.246 UTC] [Info] [Main] Connecting: PlayerID: 76561199118338409 Steam Name: Soam Character name: Money Nick: Jekii Group: 112589999263478874 Join GUID: 1c0f5f56-4e82-4b98-b1fa-865b028d22a7 Character Slot: 0 Language: English
[DEBUG](staffLog) 09:35:42/07-06 09:34:43(-2) fakelogged CONNECTING in 🤯: [2024-07-06 04:34:45.367 UTC] [Info] [Main] Connecting: PlayerID: 76561198250192114 Steam Name: BK Character name: BK Nick: Bumblebeee Group: 112589999263479040 Join GUID: d5e9ff4d-e5e6-43ce-afa4-c7f888fa3618 Character Slot: 0 Language: English
[DEBUG](staffLog) 09:36:44/07-06 09:35:49(-1) fakelogged CONNECTING in 🤯: [2024-07-06 04:35:50.382 UTC] [Info] [Main] Connecting: PlayerID: 76561198833068698 Steam Name: OtterMan300 Character name: OtterMan Nick: OtterMan Group: 0 Join GUID: 71b74111-00ea-431a-9d8a-8aa43f32d170 Character Slot: 0 Language: English
[DEBUG](staffLog) 09:37:02/07-06 09:36:06(-1) fakelogged CONNECTING in 🤯: [2024-07-06 04:36:07.750 UTC] [Info] [Main] Connecting: PlayerID: 76561198884479492 Steam Name: Ha Character name: Ha Nick: Ha Group: 0 Join GUID: 92aed5c5-f120-4909-976c-ca6c52a47fdc Character Slot: 0 Language: English
[DEBUG](staffLog) 09:37:12/07-06 09:36:18(-2) fakelogged CONNECTING in 🤯: [2024-07-06 04:36:20.026 UTC] [Info] [Main] Connecting: PlayerID: 76561199118338409 Steam Name: Soam Character name: Money Nick: Jekii Group: 112589999263478874 Join GUID: 173398e9-3a05-4287-a034-8be975eb0e51 Character Slot: 0 Language: English
[DEBUG](staffLog) 09:37:22/07-06 09:36:18(-2) fakelogged DEBUG in 🤯 mentioned 846641395581190155: [2024-07-06 04:36:20.817 UTC] [Info] [Main] [Command] MatuZalon [MatuZalon]: /buyfrom 76561198884479492 43000
[DEBUG](staffLog) 09:37:22/07-06 09:36:22(-2) fakelogged DEBUG in 🤯 mentioned 846641395581190155: [2024-07-06 04:36:24.588 UTC] [Info] [Main] [Command] MatuZalon [MatuZalon]: /buyfrom 76561198884479492 43000
[DEBUG](staffLog) 09:38:32/07-06 09:37:33(-1) fakelogged CONNECTING in 🤯: [2024-07-06 04:37:34.457 UTC] [Info] [Main] Connecting: PlayerID: 76561199224578143 Steam Name: DRIPSTERX Character name: DRIPSTERX Nick: DRIPSTERX Group: 0 Join GUID: 3d469222-eb0f-4ae8-bf02-2ca8b661171f Character Slot: 0 Language: English
[DEBUG](staffLog) 09:38:59/07-06 09:37:47(-2) fakelogged CONNECTING in 🤯: [2024-07-06 04:37:49.611 UTC] [Info] [Main] Connecting: PlayerID: 76561198394998174 Steam Name: Neow Character name: Neow Nick: Neow Group: 0 Join GUID: c5ca23f1-4a97-4d6a-a40c-482f1cf96a94 Character Slot: 0 Language: English
[DEBUG](staffLog) 09:39:22/07-06 09:38:23(-2) fakelogged CONNECTING in 🤯: [2024-07-06 04:38:25.109 UTC] [Info] [Main] Connecting: PlayerID: 76561199368175723 Steam Name: timjalex Character name: Отряд Богов $3 Nick: timjalex Group: 112589999263479112 Join GUID: 0ce12f60-c104-4e51-96e4-08cb32f38b67 Character Slot: 0 Language: English
[DEBUG](staffLog) 09:39:32/07-06 09:38:30(-2) fakelogged CONNECTING in 🤯: [2024-07-06 04:38:32.864 UTC] [Info] [Main] Connecting: PlayerID: 76561198306848887 Steam Name: IanHerdThat Character name: IanHerdThat Nick: IanHerdThat Group: 0 Join GUID: d293d1c3-7f86-4f82-9f16-356f1eba1b12 Character Slot: 0 Language: English
[DEBUG](staffLog) 09:39:32/07-06 09:38:36(-3) fakelogged CONNECTING in 🤯: [2024-07-06 04:38:39.406 UTC] [Info] [Main] Connecting: PlayerID: 76561199131259067 Steam Name: ozakiyuuki4 Character name: ozakiyuuki4 Nick: ozakiyuuki4 Group: 112589999263478758 Join GUID: 66a71de2-e0e6-4568-94b3-fd59bc5036e3 Character Slot: 0 Language: English
[DEBUG](staffLog) 09:39:52/07-06 09:38:53(-1) fakelogged CONNECTING in 🤯: [2024-07-06 04:38:54.058 UTC] [Info] [Main] Connecting: PlayerID: 76561199107424480 Steam Name: xxxx Character name: Conuter-Sitke 2 Nick: Conuter-Sitke 2 Group: 0 Join GUID: e9de1fe6-28e8-4ae3-b197-051d511e5916 Character Slot: 0 Language: Korean
[DEBUG](staffLog) 09:40:33/07-06 09:39:28(-2) fakelogged CONNECTING in 🤯: [2024-07-06 04:39:30.034 UTC] [Info] [Main] Connecting: PlayerID: 76561199673164115 Steam Name: ultimate c gun store Character name: ANGEL Nick: leah.amezola Group: 112589999263479053 Join GUID: 579496a7-0a35-40bc-954f-27f6e9c45d0f Character Slot: 0 Language: English
[DEBUG](staffLog) 09:40:38/07-06 09:39:28(-3) fakelogged CONNECTING in 🤯: [2024-07-06 04:39:31.807 UTC] [Info] [Main] Connecting: PlayerID: 76561198371006750 Steam Name: schlub Character name: GODLIKEJR Nick: GODLIKEJR Group: 0 Join GUID: eb784507-f7e1-4387-9a92-44c075c41a02 Character Slot: 0 Language: English
[DEBUG](staffLog) 09:40:38/07-06 09:39:32(-1) fakelogged DEBUG in 🤯 mentioned 846641395581190155: [2024-07-06 04:39:33.793 UTC] [Info] [Main] [Command] Nebula [R8]: /buyfrom 76561198884479492 43000
[DEBUG](staffLog) 09:40:39/07-06 09:39:36(-1) fakelogged DEBUG in 🤯 mentioned 846641395581190155: [2024-07-06 04:39:37.441 UTC] [Info] [Main] [Command] Nebula [R8]: /buyfrom 76561198884479492 43000
[DEBUG](staffLog) 09:41:22/07-06 09:40:23(-1) fakelogged CONNECTING in 🤯: [2024-07-06 04:40:24.069 UTC] [Info] [Main] Connecting: PlayerID: 76561198406535423 Steam Name: AmberAlert Character name: AmberAlert Nick: AmberAlert Group: 0 Join GUID: 2c93a4b6-9c2a-4a11-b537-baffeea8d5d1 Character Slot: 0 Language: English
[DEBUG](staffLog) 09:42:32/07-06 09:41:39(-1) fakelogged CONNECTING in 🤯: [2024-07-06 04:41:40.759 UTC] [Info] [Main] Connecting: PlayerID: 76561199239445436 Steam Name: keizer.cayden Character name: keizer.cayden Nick: keizer.cayden Group: 0 Join GUID: eb075cbd-031b-46d7-80d4-21936837805e Character Slot: 0 Language: English
[DEBUG](staffLog) 09:42:44/07-06 09:41:40(-3) fakelogged CONNECTING in 🤯: [2024-07-06 04:41:43.017 UTC] [Info] [Main] Connecting: PlayerID: 76561199013546810 Steam Name: KingOfProsecutors Character name: KingOfProsecutors Nick: KingOfProsecutors Group: 109775242165134541 Join GUID: 90090932-fa8b-4e6c-88a0-fee1f9ed07df Character Slot: 0 Language: English
[DEBUG](staffLog) 09:44:12/07-06 09:43:17(-1) fakelogged CONNECTING in 🤯: [2024-07-06 04:43:18.999 UTC] [Info] [Main] Connecting: PlayerID: 76561199122233079 Steam Name: santy:) Character name: santy:) Nick: santy:) Group: 0 Join GUID: 2b11c903-642d-4067-b5d8-377961501e4e Character Slot: 0 Language: English
[DEBUG](staffLog) 09:44:34/07-06 09:43:34(-3) fakelogged CONNECTING in 🤯: [2024-07-06 04:43:37.938 UTC] [Info] [Main] Connecting: PlayerID: 76561199350566680 Steam Name: That one hobo Character name: SoaringBerry Nick: Calvin Group: 112589999263478733 Join GUID: 93eea615-ce85-4e9f-b112-2a96db5013bc Character Slot: 0 Language: English
[DEBUG](staffLog) 09:44:52/07-06 09:43:57(-2) fakelogged CONNECTING in 🤯: [2024-07-06 04:43:59.812 UTC] [Info] [Main] Connecting: PlayerID: 76561199729444139 Steam Name: semayouka Character name: semayouka Nick: semayouka Group: 0 Join GUID: 5d7b209b-b078-4190-a04c-aef1a15765ae Character Slot: 0 Language: English
[DEBUG](staffLog) 09:45:42/07-06 09:44:42(-3) fakelogged CONNECTING in 🤯: [2024-07-06 04:44:45.954 UTC] [Info] [Main] Connecting: PlayerID: 76561199122216030 Steam Name: Minty_protogen :3 Character name: Minty_protogen Nick: DiamondSoul8 Group: 0 Join GUID: 05caa068-01ee-41ce-b176-4613d43f9a58 Character Slot: 0 Language: English
[DEBUG](staffLog) 09:45:52/07-06 09:44:50(-3) fakelogged CONNECTING in 🤯: [2024-07-06 04:44:53.622 UTC] [Info] [Main] Connecting: PlayerID: 76561199511854766 Steam Name: Lypey Character name: Lypey Nick: Lypey Group: 112589999263478975 Join GUID: 8bae9ece-d9c2-4bb3-89ec-7ac67e9a6a77 Character Slot: 0 Language: English
[DEBUG](staffLog) 09:46:12/07-06 09:45:09(-3) fakelogged CONNECTING in 🤯: [2024-07-06 04:45:12.372 UTC] [Info] [Main] Connecting: PlayerID: 76561198884479492 Steam Name: Ha Character name: Ha Nick: Ha Group: 0 Join GUID: 86ceb2b0-066b-496c-9c73-87b125dadbf2 Character Slot: 0 Language: English
