[INFO](retrieveLog) wrote 66.105524MB to latest.log in 5.324996709823608
[INFO](staffParse) CAUGHT UP TO LATEST 73
[DEBUG](staffLog) 08:22:32/07-06 08:21:32(-2) logged CONNECTING in 🤣: [2024-07-06 03:21:34.364 UTC] [Info] [Main] Connecting: PlayerID: 76561199246238773 Steam Name: bejardayton28 Character name: bejardayton28 Nick: bejardayton28 Group: 112589999202940143 Join GUID: 05ad5a2d-13e8-4ebf-90d8-b50d6dfcbcb0 Character Slot: 0 Language: English
[DEBUG](staffLog) 08:23:04/07-06 08:22:06(-3) logged CONNECTING in 🤣: [2024-07-06 03:22:09.358 UTC] [Info] [Main] Connecting: PlayerID: 76561198360321941 Steam Name: ggs Character name: just get better Nick: koelling.a Group: 112589999263478931 Join GUID: 59cf340c-f53b-48e6-bfc8-90238f757d22 Character Slot: 0 Language: English
[DEBUG](staffLog) 08:23:32/07-06 08:22:35(-2) logged CONNECTING in 🤣: [2024-07-06 03:22:37.034 UTC] [Info] [Main] Connecting: PlayerID: 76561198199500058 Steam Name: Piratongo Character name: Piratongo Nick: Piratongo Group: 109775242150154048 Join GUID: 94e2f598-fb22-436b-b01b-9cb8bfbebdf2 Character Slot: 0 Language: English
[DEBUG](staffLog) 08:23:42/07-06 08:22:43(-3) logged CONNECTING in 🤣: [2024-07-06 03:22:46.450 UTC] [Info] [Main] Connecting: PlayerID: 76561199643720662 Steam Name: dayz_dave1213 Character name: dayz_dave1213 Nick: dayz_dave1213 Group: 0 Join GUID: cb51430e-ec04-4f54-a6f3-d5a03dec2605 Character Slot: 0 Language: English
[DEBUG](staffLog) 08:23:42/07-06 08:22:46(-2) logged MSG in 🌹: [2024-07-06 03:22:48.755 UTC] [Info] [Main] [Command] High [High]: /pm smelly your a hoe
[DEBUG](staffLog) 08:23:54/07-06 08:22:51(-3) logged DEBUG in debug-logs: [2024-07-06 03:22:54.941 UTC] [Info] [Main] [Command] drakos [Andre]: /pay vini 570000
[DEBUG](staffLog) 08:23:54/07-06 08:22:58(-2) logged CONNECTING in 🤣: [2024-07-06 03:23:00.134 UTC] [Info] [Main] Connecting: PlayerID: 76561198259102811 Steam Name: yuituyo Character name: yuituyo Nick: yuituyo Group: 109775242150154048 Join GUID: f0b03564-dc1d-40b4-8800-1acafc3acc06 Character Slot: 0 Language: English
[DEBUG](staffLog) 08:24:02/07-06 08:23:01(-2) fakelogged DEBUG in 🤯: [2024-07-06 03:23:03.091 UTC] [Info] [Main] [Command] drakos [Andre]: /doortp
[DEBUG](staffLog) 08:24:02/07-06 08:23:04(-2) logged CONNECTING in 🤣: [2024-07-06 03:23:06.831 UTC] [Info] [Main] Connecting: PlayerID: 76561199090407417 Steam Name: greyfivenine till i die Character name: watasigma Nick: watasigma Group: 0 Join GUID: bb3efc0e-8e52-465a-ba95-0b1e2010fbc3 Character Slot: 0 Language: English
[DEBUG](staffLog) 08:24:15/07-06 08:23:11(-1) logged MSG in 🌹: [2024-07-06 03:23:12.864 UTC] [Info] [Main] [Command] High [High]: /pm smelly get dogged
[DEBUG](staffLog) 08:24:35/07-06 08:23:35(-2) logged CONNECTING in 🤣: [2024-07-06 03:23:37.433 UTC] [Info] [Main] Connecting: PlayerID: 76561199466163567 Steam Name: ShadowGaming Character name: ShadowGaming [Bloom] Nick: ShadowGaming2111 Group: 112589999263478947 Join GUID: fb5c9944-5cde-4083-8142-36ed81b2dd96 Character Slot: 0 Language: English
[DEBUG](staffLog) 08:24:35/07-06 08:23:37(-3) fakelogged DEBUG in 🤯: [2024-07-06 03:23:40.530 UTC] [Info] [Main] [Command] drakos [Andre]: /stuck
[DEBUG](staffLog) 08:24:42/07-06 08:23:49(-1) logged VANISH in vanish: [2024-07-06 03:23:50.037 UTC] [Info] [Main] [Command] drakos [Andre]: /vanish
[DEBUG](staffLog) 08:24:52/07-06 08:23:49(-2) logged VANISH in vanish: [2024-07-06 03:23:51.221 UTC] [Info] [Main] [Command] drakos [Andre]: /vanish
[DEBUG](staffLog) 08:24:52/07-06 08:23:54(-3) logged CONNECTING in 🤣: [2024-07-06 03:23:57.280 UTC] [Info] [Main] Connecting: PlayerID: 76561198197764045 Steam Name: Binky Character name: Naratard Nick: Naratard Group: 0 Join GUID: 9d4eeab7-6862-4bc0-ab04-3931a22020c5 Character Slot: 0 Language: English
[DEBUG](staffLog) 08:24:52/07-06 08:23:56(-2) logged CONNECTING in 🤣: [2024-07-06 03:23:58.587 UTC] [Info] [Main] Connecting: PlayerID: 76561198871212056 Steam Name: antonio476palomera Character name: AtomicCummer Nick: Antonio Anuel Group: 0 Join GUID: ec0b8835-50e0-473e-bebd-6ade00a08bd2 Character Slot: 0 Language: English
[DEBUG](staffLog) 08:25:26/07-06 08:24:10(-1) logged CONNECTING in 🤣: [2024-07-06 03:24:11.961 UTC] [Info] [Main] Connecting: PlayerID: 76561198262204245 Steam Name: Karuky Character name: Karuky Nick: Karuky Group: 109775242150154048 Join GUID: dc451056-18e8-4921-9baa-8585b25c83d2 Character Slot: 0 Language: English
[DEBUG](staffLog) 08:25:26/07-06 08:24:11(-3) logged CONNECTING in 🤣: [2024-07-06 03:24:14.316 UTC] [Info] [Main] Connecting: PlayerID: 76561199136214091 Steam Name: DinkBot Character name: timmy Nick: hua Group: 112589999158524702 Join GUID: 8ea93ce1-0dc1-4aff-b9b8-a33efc4dbe91 Character Slot: 0 Language: English
[DEBUG](staffLog) 08:25:26/07-06 08:24:14(-1) logged CONNECTING in 🤣: [2024-07-06 03:24:15.901 UTC] [Info] [Main] Connecting: PlayerID: 76561198982033749 Steam Name: Eww Character name: Juan Pechugas- R10 Nick: Juan Pechugas - R10 Group: 109775242150154048 Join GUID: 80618adc-b523-404a-aa0c-216e0d4e3502 Character Slot: 0 Language: English
[DEBUG](staffLog) 08:25:30/07-06 08:24:21(-2) logged VANISH in vanish: [2024-07-06 03:24:23.736 UTC] [Info] [Main] [Command] drakos [Andre]: /vanish
[DEBUG](staffLog) 08:25:30/07-06 08:24:22(-3) logged TP in tp mentioned 1218944589994659850: [2024-07-06 03:24:25.837 UTC] [Info] [Main] Pandahut >> drakos (76561199531161985) - Teleported to yaoming (76561199733286240 at West of Interchange (-1171.061 46.78272 65.49079) from North West of Range (364.4491 65.31445 2590.225)
[DEBUG](staffLog) 08:25:31/07-06 08:24:26(-2) logged TP in tp mentioned 1218944589994659850: [2024-07-06 03:24:28.252 UTC] [Info] [Main] Pandahut >> drakos (76561199531161985) - Teleported to yaoming (76561199733286240 at West of Interchange (-1167.66 50.02809 47.27752) from North of Interchange (-881.3966 46.92784 203.1733)
[DEBUG](staffLog) 08:25:31/07-06 08:24:35(-1) logged CONNECTING in 🤣: [2024-07-06 03:24:36.618 UTC] [Info] [Main] Connecting: PlayerID: 76561199542031080 Steam Name: xxEBKxx Character name: The Hawk Nick: The Hawk Group: 0 Join GUID: 831bbe32-40ed-4a68-9b2a-d0ab4118256d Character Slot: 0 Language: English
[DEBUG](staffLog) 08:25:42/07-06 08:24:47(-2) logged CONNECTING in 🤣: [2024-07-06 03:24:49.631 UTC] [Info] [Main] Connecting: PlayerID: 76561199068249340 Steam Name: UNOReverse Character name: UNO Nick: UNOReverse Group: 112589999188948182 Join GUID: fcd455b5-ef4d-4050-a74a-733a72d64a9a Character Slot: 0 Language: English
