[INFO](retrieveLog) wrote 23.477284MB to latest.log in 2.0556440353393555
[INFO](staffParse) CAUGHT UP TO LATEST 72
[DEBUG](staffLog) 08:21:27/07-07 08:20:34(-1) fakelogged CONNECTING in 🤯: [2024-07-07 03:20:35.993 UTC] [Info] [Main] Connecting: PlayerID: 76561199106934507 Steam Name: Ollies Character name: Ollies Nick: Ollies Group: 0 Join GUID: 47c34426-ef0f-47c9-8be3-e13c62e73adb Character Slot: 0 Language: English
[DEBUG](staffLog) 08:22:06/07-07 08:21:10(-1) fakelogged CONNECTING in 🤯: [2024-07-07 03:21:11.235 UTC] [Info] [Main] Connecting: PlayerID: 76561199238748161 Steam Name: Capuzeu Character name: capuzeu Nick: capuzeu Group: 112589999143637391 Join GUID: 16a201d5-669d-4859-9a3b-0481237cc816 Character Slot: 0 Language: English
[INFO](monitor) succesfully monitoring 76561199732713785 for user 1218944589994659850
[DEBUG](staffLog) 08:22:37/07-07 08:21:46(-1) fakelogged CONNECTING in 🤯: [2024-07-07 03:21:47.494 UTC] [Info] [Main] Connecting: PlayerID: 76561199236791341 Steam Name: PussyPleaser69 Character name: Borderland Nick: Borderland Group: 112589999143637391 Join GUID: 1d357f5a-b8c9-4cc3-9f26-3d9c9a738a78 Character Slot: 0 Language: English
[DEBUG](staffLog) 08:22:47/07-07 08:21:53(-2) fakelogged CONNECTING in 🤯: [2024-07-07 03:21:55.789 UTC] [Info] [Main] Connecting: PlayerID: 76561199164322232 Steam Name: slavman454 Character name: гопник Nick: гопник Group: 0 Join GUID: 2a569a43-e8ef-4022-8a72-d39f2221d706 Character Slot: 0 Language: English
[INFO](monitor) succesfully monitoring 43000 for user 1218944589994659850
[DEBUG](staffLog) 08:24:37/07-07 08:23:37(-2) fakelogged CONNECTING in 🤯: [2024-07-07 03:23:39.145 UTC] [Info] [Main] Connecting: PlayerID: 76561199198120132 Steam Name: Billy J bandit.camp Character name: LootGoblin Nick: LootGoblin Group: 112589999263479145 Join GUID: 59d900a7-449c-4a37-968c-1bc64b9b29d8 Character Slot: 0 Language: English
[DEBUG](staffLog) 08:24:57/07-07 08:24:02(-1) fakelogged CONNECTING in 🤯: [2024-07-07 03:24:03.363 UTC] [Info] [Main] Connecting: PlayerID: 76561198253388856 Steam Name: Spliced Character name: {Chaotic}parentjosh Nick: parentjosh Group: 0 Join GUID: 2feef9a4-2dcf-4894-8178-c1b221e04c4b Character Slot: 0 Language: English
[DEBUG](staffLog) 08:25:17/07-07 08:24:17(-2) fakelogged CONNECTING in 🤯: [2024-07-07 03:24:19.351 UTC] [Info] [Main] Connecting: PlayerID: 76561199531161985 Steam Name: Andre Character name: drakos Nick: Supremacy Group: 112589999263479078 Join GUID: 06d36eb3-eabe-4c32-95e8-4537a483cada Character Slot: 0 Language: English
[DEBUG](staffLog) 08:25:37/07-07 08:24:42(-3) fakelogged CONNECTING in 🤯: [2024-07-07 03:24:45.869 UTC] [Info] [Main] Connecting: PlayerID: 76561199521317872 Steam Name: justinpsy12 Character name: justinpsy12 Nick: justinpsy12 Group: 0 Join GUID: d5e834d1-62cf-4570-ace8-18adbd463c11 Character Slot: 0 Language: English
[DEBUG](staffLog) 08:25:47/07-07 08:24:49(-1) fakelogged CONNECTING in 🤯: [2024-07-07 03:24:50.724 UTC] [Info] [Main] Connecting: PlayerID: 76561199198120132 Steam Name: Billy J bandit.camp Character name: LootGoblin Nick: LootGoblin Group: 112589999263479145 Join GUID: c30757db-a525-4104-99c6-4e2fb234421f Character Slot: 0 Language: English
[DEBUG](staffLog) 08:25:47/07-07 08:24:50(-2) fakelogged CONNECTING in 🤯: [2024-07-07 03:24:52.674 UTC] [Info] [Main] Connecting: PlayerID: 76561198837795780 Steam Name: taytayboost Character name: tay Nick: syz Group: 0 Join GUID: 2ebcb662-a964-4555-9611-6326f13fd059 Character Slot: 0 Language: English
[DEBUG](staffLog) 08:26:17/07-07 08:25:17(-2) fakelogged CONNECTING in 🤯: [2024-07-07 03:25:19.280 UTC] [Info] [Main] Connecting: PlayerID: 76561198323881202 Steam Name: Linus touch tips Character name: LINUS TOUCH TIPS Nick: linussy Group: 0 Join GUID: 97a14c79-a2b1-420d-a8bc-884a2b836e0c Character Slot: 0 Language: English
[DEBUG](staffLog) 08:26:27/07-07 08:25:29(-2) fakelogged CONNECTING in 🤯: [2024-07-07 03:25:31.730 UTC] [Info] [Main] Connecting: PlayerID: 76561198285523889 Steam Name: Creedo Character name: Clout Boi Creedo Nick: G Creedo Group: 0 Join GUID: 2f328c09-c561-4c4f-882f-0f66ecc54c5e Character Slot: 0 Language: English
[DEBUG](staffLog) 08:27:07/07-07 08:26:12(-2) fakelogged CONNECTING in 🤯: [2024-07-07 03:26:14.523 UTC] [Info] [Main] Connecting: PlayerID: 76561199062990277 Steam Name: Chispitas Character name: Detective Pajas Nick: Detective Pajas Group: 112589999263479163 Join GUID: 388aecb9-35f4-431c-814f-bd5afb00a744 Character Slot: 0 Language: English
[DEBUG](staffLog) 08:27:47/07-07 08:26:48(-2) fakelogged CONNECTING in 🤯: [2024-07-07 03:26:50.278 UTC] [Info] [Main] Connecting: PlayerID: 76561198300089164 Steam Name: Mr. Pipilin Character name: cretex Nick: cretex Group: 0 Join GUID: 6a13349b-0206-4f2d-b53f-ead53893c922 Character Slot: 0 Language: English
[DEBUG](staffLog) 08:27:47/07-07 08:26:48(-3) fakelogged CONNECTING in 🤯: [2024-07-07 03:26:51.728 UTC] [Info] [Main] Connecting: PlayerID: 76561198349855097 Steam Name: ZoLkS Character name: llllllll Nick: llllllll Group: 0 Join GUID: e46c67eb-01b2-48ea-9ca5-645b9fac5f30 Character Slot: 0 Language: English
[DEBUG](staffLog) 08:27:47/07-07 08:26:52(-1) fakelogged CONNECTING in 🤯: [2024-07-07 03:26:53.438 UTC] [Info] [Main] Connecting: PlayerID: 76561198851771486 Steam Name: awake Character name: rodscfd45 Nick: rodscfd45 Group: 112589999179766285 Join GUID: 0418f9b1-641d-486b-9264-bdbac7a28d6a Character Slot: 0 Language: English
[DEBUG](staffLog) 08:28:27/07-07 08:27:32(-1) fakelogged DEBUG in 🤯: [2024-07-07 03:27:33.967 UTC] [Info] [Main] [Command] Godly [Godly]: /vault
[DEBUG](staffLog) 08:28:47/07-07 08:27:47(-2) fakelogged CONNECTING in 🤯: [2024-07-07 03:27:49.594 UTC] [Info] [Main] Connecting: PlayerID: 76561199035530906 Steam Name: rogerin Character name: [ ̶F̶P̶S̶ ] albino Nick: albino preto do cabelo branco Group: 112589999263478571 Join GUID: ffe4d420-c1aa-43ad-aa16-4f8b6645ca0d Character Slot: 0 Language: English
[DEBUG](staffLog) 08:28:57/07-07 08:28:03(-3) fakelogged CONNECTING in 🤯: [2024-07-07 03:28:06.859 UTC] [Info] [Main] Connecting: PlayerID: 76561198032328615 Steam Name: 하삽이 Character name: 하삽이 Nick: [kor]-starlight Group: 0 Join GUID: ae6f0307-6004-466c-9549-413c9a1cd54b Character Slot: 0 Language: English
[DEBUG](staffLog) 08:29:07/07-07 08:28:14(-1) fakelogged CONNECTING in 🤯: [2024-07-07 03:28:15.504 UTC] [Info] [Main] Connecting: PlayerID: 76561199732713785 Steam Name: I MISS HIM Character name: I MISS HIM Nick: I MISS HIM Group: 112589999263479178 Join GUID: a0bb1264-4535-4739-9a3b-b2089d022510 Character Slot: 0 Language: English
[DEBUG](staffLog) 08:29:27/07-07 08:28:34(-3) fakelogged CONNECTING in 🤯: [2024-07-07 03:28:37.207 UTC] [Info] [Main] Connecting: PlayerID: 76561198271445672 Steam Name: Namo da Julia Character name: Gouts_ Nick: Gouts_ Group: 0 Join GUID: 3ee614e6-74ac-41db-aa2d-ba52ba30fda4 Character Slot: 0 Language: English
[DEBUG](staffLog) 08:29:47/07-07 08:28:50(-1) fakelogged CONNECTING in 🤯: [2024-07-07 03:28:51.391 UTC] [Info] [Main] Connecting: PlayerID: 76561199148703223 Steam Name: znuaz Character name: znuaz Nick: znuaz Group: 0 Join GUID: 4e2f98da-d251-438f-a90f-243c4cba9c03 Character Slot: 0 Language: English
[DEBUG](staffLog) 08:29:47/07-07 08:28:50(-2) fakelogged CONNECTING in 🤯: [2024-07-07 03:28:52.735 UTC] [Info] [Main] Connecting: PlayerID: 76561198271423559 Steam Name: Orphan Character name: Chris_Parent434 Nick: chris_parent434 Group: 0 Join GUID: 0c34f302-39a4-4682-8d60-58f8b793b44f Character Slot: 0 Language: English
[DEBUG](staffLog) 08:29:47/07-07 08:28:51(-3) fakelogged CONNECTING in 🤯: [2024-07-07 03:28:54.042 UTC] [Info] [Main] Connecting: PlayerID: 76561198197764045 Steam Name: Binky Character name: Naratard Nick: Naratard Group: 112589999263479116 Join GUID: c88115ab-3bfd-455e-aeeb-61ea1ebb9f26 Character Slot: 0 Language: English
[DEBUG](staffLog) 08:30:07/07-07 08:29:12(-1) fakelogged CONNECTING in 🤯: [2024-07-07 03:29:13.159 UTC] [Info] [Main] Connecting: PlayerID: 76561199154164205 Steam Name: NA._.0803 Character name: GHOST Nick: GHOST Group: 0 Join GUID: 8949c4ee-783d-4954-b2c8-43b451de8234 Character Slot: 0 Language: English
[DEBUG](staffLog) 08:30:17/07-07 08:29:23(-3) logged MSG in 🌹: [2024-07-07 03:29:26.242 UTC] [Info] [Main] [Command] evil tiger (appreciating women) [devil creature of quang-bingh]: /pm drakos
[DEBUG](staffLog) 08:30:27/07-07 08:29:30(-1) logged MSG in 🌹: [2024-07-07 03:29:31.654 UTC] [Info] [Main] [Command] evil tiger (appreciating women) [devil creature of quang-bingh]: /pm dra
[DEBUG](staffLog) 08:30:27/07-07 08:29:30(-2) fakelogged CONNECTING in 🤯: [2024-07-07 03:29:32.005 UTC] [Info] [Main] Connecting: PlayerID: 76561199222188644 Steam Name: iMoistSoap Character name: imoistsoap Nick: imoistsoap Group: 112589999263479110 Join GUID: 5334c894-525a-4f22-98bf-730d6b633051 Character Slot: 0 Language: English
[DEBUG](staffLog) 08:30:37/07-07 08:29:44(-1) fakelogged DEBUG in 🤯: [2024-07-07 03:29:45.236 UTC] [Info] [Main] [Command] Godly [Godly]: /doortp
[DEBUG](staffLog) 08:30:47/07-07 08:29:51(-1) fakelogged CONNECTING in 🤯: [2024-07-07 03:29:52.211 UTC] [Info] [Main] Connecting: PlayerID: 76561198141111459 Steam Name: WarPhotographer Character name: Lavadragonfour Nick: Lavadragonfour Group: 0 Join GUID: 3d24d99f-b307-4d4c-84e1-b887c4af879e Character Slot: 0 Language: English
[DEBUG](staffLog) 08:30:57/07-07 08:30:05(-1) fakelogged CONNECTING in 🤯: [2024-07-07 03:30:06.526 UTC] [Info] [Main] Connecting: PlayerID: 76561199129605944 Steam Name: extremeperson4 Character name: extremeperson4 Nick: extremeperson4 Group: 0 Join GUID: 002510eb-34e1-42ff-8010-60387e79e022 Character Slot: 0 Language: English
[DEBUG](staffLog) 08:31:07/07-07 08:30:07(-3) fakelogged DEBUG in 🤯: [2024-07-07 03:30:10.081 UTC] [Info] [Main] [Command] Godly [Godly]: /vault
[DEBUG](staffLog) 08:31:07/07-07 08:30:13(-1) fakelogged DEBUG in 🤯: [2024-07-07 03:30:14.289 UTC] [Info] [Main] [Command] Godly [Godly]: /stuck
[DEBUG](staffLog) 08:31:07/07-07 08:30:14(-1) fakelogged CONNECTING in 🤯: [2024-07-07 03:30:15.085 UTC] [Info] [Main] Connecting: PlayerID: 76561199531161985 Steam Name: Andre Character name: drakos Nick: Supremacy Group: 112589999263479078 Join GUID: cf4359bb-0e8e-4a0c-841c-5d11ddfa8868 Character Slot: 0 Language: English
[DEBUG](staffLog) 08:31:17/07-07 08:30:26(-2) fakelogged DEBUG in 🤯: [2024-07-07 03:30:28.258 UTC] [Info] [Main] [Command] Godly [Godly]: /mc
[DEBUG](staffLog) 08:31:27/07-07 08:30:30(-1) fakelogged DEBUG in 🤯: [2024-07-07 03:30:31.696 UTC] [Info] [Main] [Command] drakos [Andre]: /doortp
[DEBUG](staffLog) 08:31:27/07-07 08:30:32(-3) fakelogged DEBUG in 🤯: [2024-07-07 03:30:35.049 UTC] [Info] [Main] [Command] Godly [Godly]: /mc
[DEBUG](staffLog) 08:31:37/07-07 08:30:45(-3) fakelogged DEBUG in 🤯: [2024-07-07 03:30:48.376 UTC] [Info] [Main] [Command] Godly [Godly]: /mc
[DEBUG](staffLog) 08:32:07/07-07 08:31:11(-3) fakelogged DEBUG in 🤯: [2024-07-07 03:31:14.755 UTC] [Info] [Main] [Command] drakos [Andre]: /stuck
[DEBUG](staffLog) 08:32:17/07-07 08:31:21(-2) fakelogged CONNECTING in 🤯: [2024-07-07 03:31:23.501 UTC] [Info] [Main] Connecting: PlayerID: 76561199536739180 Steam Name: calisto84h Character name: Абдуль_Биборанов Nick: calisto84h Group: 0 Join GUID: 617146f8-ded5-418c-bfc8-742887f8851f Character Slot: 0 Language: English
[DEBUG](staffLog) 08:32:57/07-07 08:31:56(-3) fakelogged CONNECTING in 🤯: [2024-07-07 03:31:59.792 UTC] [Info] [Main] Connecting: PlayerID: 76561198180089701 Steam Name: Retro~ Character name: RetroKing Nick: Retro Chicken °~° Group: 0 Join GUID: 04305c8f-985b-49a0-84f8-6cf943fa448a Character Slot: 0 Language: English
[DEBUG](staffLog) 08:32:57/07-07 08:32:00(-3) fakelogged CONNECTING in 🤯: [2024-07-07 03:32:03.668 UTC] [Info] [Main] Connecting: PlayerID: 76561199058183060 Steam Name: allaye❤ Character name: allaye Nick: Fwosty Group: 0 Join GUID: db63911f-9aaa-41de-b9f3-4c2d32e753b8 Character Slot: 0 Language: English
[DEBUG](staffLog) 08:33:37/07-07 08:32:37(-2) fakelogged CONNECTING in 🤯: [2024-07-07 03:32:39.648 UTC] [Info] [Main] Connecting: PlayerID: 76561198338207984 Steam Name: GQ Patrol Character name: GQ Patrol Nick: GQ Patrol Group: 112589999263479170 Join GUID: 08a5913c-59f9-4164-a0b4-cfb71d8c956a Character Slot: 0 Language: English
[DEBUG](staffLog) 08:33:37/07-07 08:32:44(-2) fakelogged DEBUG in 🤯: [2024-07-07 03:32:46.676 UTC] [Info] [Main] [Command] drakos [Andre]: /doortp
[DEBUG](staffLog) 08:34:07/07-07 08:33:15(-2) fakelogged DEBUG in 🤯: [2024-07-07 03:33:17.214 UTC] [Info] [Main] [Command] Godly [Godly]: /vault
[DEBUG](staffLog) 08:34:17/07-07 08:33:20(-2) fakelogged CONNECTING in 🤯: [2024-07-07 03:33:22.819 UTC] [Info] [Main] Connecting: PlayerID: 76561198141111459 Steam Name: WarPhotographer Character name: Lavadragonfour Nick: Lavadragonfour Group: 0 Join GUID: f8a69203-1085-4669-a752-fc3098946585 Character Slot: 0 Language: English
[DEBUG](staffLog) 08:34:17/07-07 08:33:26(-1) fakelogged CONNECTING in 🤯: [2024-07-07 03:33:27.407 UTC] [Info] [Main] Connecting: PlayerID: 76561199012681279 Steam Name: victor#bandit.camp Character name: splendid Nick: splendid,, Group: 0 Join GUID: 57313796-2bc9-443e-adf0-5e456bbb20c2 Character Slot: 0 Language: English
[DEBUG](staffLog) 08:34:26/07-07 08:33:30(-2) fakelogged DEBUG in 🤯: [2024-07-07 03:33:32.556 UTC] [Info] [Main] [Command] drakos [Andre]: /stuck
[DEBUG](staffLog) 08:34:47/07-07 08:33:50(-2) fakelogged DEBUG in 🤯: [2024-07-07 03:33:52.593 UTC] [Info] [Main] [Command] Godly [Godly]: /mc
[DEBUG](staffLog) 08:35:27/07-07 08:34:30(-1) fakelogged CONNECTING in 🤯: [2024-07-07 03:34:31.633 UTC] [Info] [Main] Connecting: PlayerID: 76561199658568207 Steam Name: your dad in my bed Character name: your dad in my bed Nick: your dad in my bed Group: 112589999263479178 Join GUID: 10ef98d0-3c85-400b-906a-615596193f1c Character Slot: 0 Language: English
[DEBUG](staffLog) 08:35:27/07-07 08:34:32(-1) fakelogged CONNECTING in 🤯: [2024-07-07 03:34:33.871 UTC] [Info] [Main] Connecting: PlayerID: 76561198271445672 Steam Name: Namo da Julia Character name: Gouts_ Nick: Gouts_ Group: 0 Join GUID: 71ed03c3-596d-4c18-80ce-f6c2820cc635 Character Slot: 0 Language: English
[DEBUG](staffLog) 08:35:46/07-07 08:34:53(-3) fakelogged DEBUG in 🤯: [2024-07-07 03:34:56.900 UTC] [Info] [Main] [Command] drakos [Andre]: /doortp
[DEBUG](staffLog) 08:35:57/07-07 08:35:00(-3) fakelogged CONNECTING in 🤯: [2024-07-07 03:35:03.369 UTC] [Info] [Main] Connecting: PlayerID: 76561198884479492 Steam Name: Ha Character name: Ha Nick: Ha Group: 0 Join GUID: 7b527890-a795-4ab8-8726-0a641e249902 Character Slot: 0 Language: English
