[INFO](retrieveLog) wrote 0.972078MB to latest.log in 0.9088280200958252
[INFO](staffParse) CAUGHT UP TO LATEST 47
[DEBUG](staffLog) 09:17:02/07-07 09:16:05(-3) logged MSG in 🌹: [2024-07-07 04:16:08.783 UTC] [Info] [Main] [Command] Ha [Ha]: /msg 15-d remove this shit b4 i get staff man
[DEBUG](staffLog) 09:17:02/07-07 09:16:10(-3) logged MSG in 🌹: [2024-07-07 04:16:13.772 UTC] [Info] [Main] [Command] Ha [Ha]: /msg 15-d not fucking cool
[DEBUG](staffLog) 09:17:42/07-07 09:16:52(-2) logged MSG in 🌹: [2024-07-07 04:16:54.839 UTC] [Info] [Main] [Command] Ha [Ha]: /msg 15-d nm wrong person
[DEBUG](staffLog) 09:17:52/07-07 09:17:02(-3) logged MSG in 🌹: [2024-07-07 04:17:05.627 UTC] [Info] [Main] [Command] Ha [Ha]: /msg 15-d my b
[DEBUG](staffLog) 09:23:42/07-07 09:22:44(-2) logged MSG in 🌹: [2024-07-07 04:22:46.826 UTC] [Info] [Main] [Command] Husky [husky]: /pm name
[DEBUG](staffLog) 09:23:42/07-07 09:22:53(-1) logged MSG in 🌹: [2024-07-07 04:22:54.411 UTC] [Info] [Main] [Command] Husky [husky]: /pm husky
[DEBUG](staffLog) 09:23:52/07-07 09:23:03(-2) logged MSG in 🌹: [2024-07-07 04:23:05.461 UTC] [Info] [Main] [Command] xen [xen]: /pm whiteboy I will find you
[DEBUG](staffLog) 09:24:32/07-07 09:23:42(-1) logged DEBUG in debug-logs mentioned 846641395581190155: [2024-07-07 04:23:43.624 UTC] [Info] [Main] [Command] your dad in my bed [your dad in my bed]: /sellto 76561198884479492 13005
[DEBUG](staffLog) 09:24:42/07-07 09:23:44(-3) logged DEBUG in debug-logs mentioned 846641395581190155: [2024-07-07 04:23:47.722 UTC] [Info] [Main] [Command] your dad in my bed [your dad in my bed]: /sellto 76561198884479492 13005
[DEBUG](staffLog) 09:24:42/07-07 09:23:52(-2) logged DEBUG in debug-logs mentioned 846641395581190155: [2024-07-07 04:23:54.572 UTC] [Info] [Main] [Command] your dad in my bed [your dad in my bed]: /sellto 76561198884479492 13004
[DEBUG](staffLog) 09:25:22/07-07 09:24:33(-3) fakelogged DEBUG in 🤯 mentioned 846641395581190155: [2024-07-07 04:24:36.123 UTC] [Info] [Main] [Command] your dad in my bed [your dad in my bed]: /buyfrom 76561198884479492 43000
[DEBUG](staffLog) 09:25:31/07-07 09:24:37(-3) fakelogged DEBUG in 🤯 mentioned 846641395581190155: [2024-07-07 04:24:40.229 UTC] [Info] [Main] [Command] your dad in my bed [your dad in my bed]: /buyfrom 76561198884479492 43000
[DEBUG](staffLog) 09:25:31/07-07 09:24:41(-3) fakelogged DEBUG in 🤯 mentioned 846641395581190155: [2024-07-07 04:24:44.577 UTC] [Info] [Main] [Command] your dad in my bed [your dad in my bed]: /buyfrom 76561198884479492 43000
[DEBUG](staffLog) 09:25:41/07-07 09:24:46(-2) fakelogged DEBUG in 🤯 mentioned 846641395581190155: [2024-07-07 04:24:48.526 UTC] [Info] [Main] [Command] your dad in my bed [your dad in my bed]: /buyfrom 76561198884479492 43000
[DEBUG](staffLog) 09:25:41/07-07 09:24:51(-1) fakelogged DEBUG in 🤯 mentioned 846641395581190155: [2024-07-07 04:24:52.353 UTC] [Info] [Main] [Command] your dad in my bed [your dad in my bed]: /buyfrom 76561198884479492 43000
[DEBUG](staffLog) 09:26:11/07-07 09:25:24(-2) fakelogged DEBUG in 🤯 mentioned 846641395581190155: [2024-07-07 04:25:26.591 UTC] [Info] [Main] [Command] your dad in my bed [your dad in my bed]: /buyfrom 76561198884479492 43000
[DEBUG](staffLog) 09:34:32/07-07 09:33:35(-2) logged DEBUG in debug-logs mentioned 846641395581190155: [2024-07-07 04:33:37.440 UTC] [Info] [Main] [Command] your dad in my bed [your dad in my bed]: /sellto 76561198884479492 13009
[DEBUG](staffLog) 09:34:32/07-07 09:33:40(-2) logged DEBUG in debug-logs mentioned 846641395581190155: [2024-07-07 04:33:42.874 UTC] [Info] [Main] [Command] your dad in my bed [your dad in my bed]: /sellto 76561198884479492 13009
[DEBUG](staffLog) 09:34:42/07-07 09:33:52(-1) logged DEBUG in debug-logs mentioned 846641395581190155: [2024-07-07 04:33:53.056 UTC] [Info] [Main] [Command] your dad in my bed [your dad in my bed]: /sellto 76561198884479492 13003
[DEBUG](staffLog) 09:34:52/07-07 09:33:58(-1) fakelogged DEBUG in 🤯 mentioned 846641395581190155: [2024-07-07 04:33:59.443 UTC] [Info] [Main] [Command] your dad in my bed [your dad in my bed]: /buyfrom 76561198884479492 43000
[DEBUG](staffLog) 09:34:52/07-07 09:34:02(-1) fakelogged DEBUG in 🤯 mentioned 846641395581190155: [2024-07-07 04:34:03.649 UTC] [Info] [Main] [Command] your dad in my bed [your dad in my bed]: /buyfrom 76561198884479492 43000
[DEBUG](staffLog) 09:35:02/07-07 09:34:04(-3) fakelogged DEBUG in 🤯 mentioned 846641395581190155: [2024-07-07 04:34:07.527 UTC] [Info] [Main] [Command] your dad in my bed [your dad in my bed]: /buyfrom 76561198884479492 43000
[DEBUG](staffLog) 09:35:02/07-07 09:34:08(-3) fakelogged DEBUG in 🤯 mentioned 846641395581190155: [2024-07-07 04:34:11.807 UTC] [Info] [Main] [Command] your dad in my bed [your dad in my bed]: /buyfrom 76561198884479492 43000
[DEBUG](staffLog) 09:35:02/07-07 09:34:14(-1) fakelogged DEBUG in 🤯 mentioned 846641395581190155: [2024-07-07 04:34:15.567 UTC] [Info] [Main] [Command] your dad in my bed [your dad in my bed]: /buyfrom 76561198884479492 43000
[DEBUG](staffLog) 09:35:12/07-07 09:34:16(-3) fakelogged DEBUG in 🤯 mentioned 846641395581190155: [2024-07-07 04:34:19.476 UTC] [Info] [Main] [Command] your dad in my bed [your dad in my bed]: /buyfrom 76561198884479492 43000
[DEBUG](staffLog) 09:35:12/07-07 09:34:20(-3) fakelogged DEBUG in 🤯 mentioned 846641395581190155: [2024-07-07 04:34:23.244 UTC] [Info] [Main] [Command] your dad in my bed [your dad in my bed]: /buyfrom 76561198884479492 43000
[DEBUG](staffLog) 09:45:42/07-07 09:44:44(-3) logged DEBUG in debug-logs mentioned 846641395581190155: [2024-07-07 04:44:47.444 UTC] [Info] [Main] [Command] your dad in my bed [your dad in my bed]: /sellto 76561198884479492 13006
