[INFO](retrieveLog) wrote 4.384847MB to latest.log in 1.35294508934021
[INFO](staffParse) CAUGHT UP TO LATEST 65
[DEBUG](staffLog) 10:12:57/07-15 10:12:50(-2) fakelogged DEBUG in 🤯: [2024-07-15 05:12:52.701 UTC] [Info] [Main] [Command] Alastor [Foxbro37]: /vault
[DEBUG](staffLog) 10:14:48/07-15 10:14:46(-1) fakelogged DEBUG in 🤯: [2024-07-15 05:14:47.130 UTC] [Info] [Main] [Command] Alastor [Foxbro37]: //Vault Stash+
[DEBUG](staffLog) 10:15:18/07-15 10:15:15(-3) fakelogged DEBUG in 🤯: [2024-07-15 05:15:18.129 UTC] [Info] [Main] [Command] Alastor [Foxbro37]: /vault kappa
[DEBUG](staffLog) 10:15:18/07-15 10:15:19(-2) fakelogged DEBUG in 🤯: [2024-07-15 05:15:21.611 UTC] [Info] [Main] [Command] Alastor [Foxbro37]: //Vault Stash+
[DEBUG](staffLog) 10:15:38/07-15 10:15:31(-2) fakelogged DEBUG in 🤯: [2024-07-15 05:15:33.547 UTC] [Info] [Main] [Command] Alastor [Foxbro37]: //Vault Stash+
[DEBUG](staffLog) 10:15:48/07-15 10:15:48(-2) fakelogged DEBUG in 🤯: [2024-07-15 05:15:50.326 UTC] [Info] [Main] [Command] Alastor [Foxbro37]: /vault stash++
[DEBUG](staffLog) 10:16:17/07-15 10:16:11(-2) fakelogged DEBUG in 🤯: [2024-07-15 05:16:13.703 UTC] [Info] [Main] [Command] Alastor [Foxbro37]: //Vault Stash
[DEBUG](staffLog) 10:18:07/07-15 10:18:03(-3) fakelogged DEBUG in 🤯: [2024-07-15 05:18:06.750 UTC] [Info] [Main] [Command] Alastor [Foxbro37]: //Vault Stash+
[DEBUG](staffLog) 10:18:07/07-15 10:18:07(-2) fakelogged DEBUG in 🤯: [2024-07-15 05:18:09.713 UTC] [Info] [Main] [Command] Alastor [Foxbro37]: //Vault Stash
[DEBUG](staffLog) 10:18:28/07-15 10:18:30(-1) logged DEBUG in debug-logs mentioned 709547527334002829: [2024-07-15 05:18:31.511 UTC] [Info] [Main] [Command] Grey5nine23 [Grey5nine23]: /killfeed on
[DEBUG](staffLog) 10:19:17/07-15 10:19:11(-3) fakelogged DEBUG in 🤯: [2024-07-15 05:19:14.833 UTC] [Info] [Main] [Command] Vampie A. [Vampie]: /vault stash
[DEBUG](staffLog) 10:19:27/07-15 10:19:24(-1) fakelogged DEBUG in 🤯: [2024-07-15 05:19:25.901 UTC] [Info] [Main] [Command] Alastor [Foxbro37]: //Vault Stash+
[DEBUG](staffLog) 10:19:37/07-15 10:19:33(-2) fakelogged DEBUG in 🤯: [2024-07-15 05:19:35.338 UTC] [Info] [Main] [Command] Alastor [Foxbro37]: //Vault Stash+
[DEBUG](staffLog) 10:19:37/07-15 10:19:37(-1) fakelogged DEBUG in 🤯: [2024-07-15 05:19:38.454 UTC] [Info] [Main] [Command] Alastor [Foxbro37]: //Vault Stash+
[DEBUG](staffLog) 10:19:47/07-15 10:19:45(-1) fakelogged DEBUG in 🤯: [2024-07-15 05:19:46.150 UTC] [Info] [Main] [Command] Alastor [Foxbro37]: //Vault Stash
[DEBUG](staffLog) 10:20:17/07-15 10:20:15(-1) fakelogged DEBUG in 🤯: [2024-07-15 05:20:16.608 UTC] [Info] [Main] [Command] Alastor [Foxbro37]: /trash
[DEBUG](staffLog) 10:20:37/07-15 10:20:32(-3) fakelogged DEBUG in 🤯: [2024-07-15 05:20:35.189 UTC] [Info] [Main] [Command] Alastor [Foxbro37]: //Vault Stash+
[DEBUG](staffLog) 10:20:47/07-15 10:20:41(-2) fakelogged DEBUG in 🤯: [2024-07-15 05:20:43.184 UTC] [Info] [Main] [Command] Alastor [Foxbro37]: /vault stash++
[DEBUG](staffLog) 10:20:57/07-15 10:20:51(-1) fakelogged DEBUG in 🤯: [2024-07-15 05:20:52.367 UTC] [Info] [Main] [Command] Alastor [Foxbro37]: //Vault Stash+
[DEBUG](staffLog) 10:20:57/07-15 10:20:57(-1) fakelogged DEBUG in 🤯: [2024-07-15 05:20:58.220 UTC] [Info] [Main] [Command] Alastor [Foxbro37]: /doortp
[DEBUG](staffLog) 10:21:17/07-15 10:21:11(-1) fakelogged DEBUG in 🤯: [2024-07-15 05:21:12.542 UTC] [Info] [Main] [Command] Alastor [Foxbro37]: /vault stash
[DEBUG](staffLog) 10:21:48/07-15 10:21:46(-3) fakelogged DEBUG in 🤯: [2024-07-15 05:21:49.839 UTC] [Info] [Main] [Command] Alastor [Foxbro37]: /stuck
[DEBUG](staffLog) 10:24:17/07-15 10:24:12(-2) fakelogged DEBUG in 🤯: [2024-07-15 05:24:14.518 UTC] [Info] [Main] [Command] Vampie A. [Vampie]: /vault
[DEBUG](staffLog) 10:24:47/07-15 10:24:39(-3) logged CHAT in 🥶: [2024-07-15 05:24:42.361 UTC] [Info] [Main] [Global] Vampie A. [Vampie]: Buying sealing foam 100xp or best offer
[DEBUG](staffLog) 10:25:57/07-15 10:25:50(-3) fakelogged DEBUG in 🤯: [2024-07-15 05:25:53.693 UTC] [Info] [Main] [Command] Vampie A. [Vampie]: /buyfrom 76561198835684363 55013
[DEBUG](staffLog) 10:25:57/07-15 10:25:56(-1) fakelogged DEBUG in 🤯: [2024-07-15 05:25:57.418 UTC] [Info] [Main] [Command] Vampie A. [Vampie]: /vault stash
[DEBUG](staffLog) 10:26:18/07-15 10:26:15(-1) fakelogged DEBUG in 🤯: [2024-07-15 05:26:16.308 UTC] [Info] [Main] [Command] Vampie A. [Vampie]: /vault
[DEBUG](staffLog) 10:26:27/07-15 10:26:22(-1) fakelogged DEBUG in 🤯: [2024-07-15 05:26:23.867 UTC] [Info] [Main] [Command] Alastor [Foxbro37]: /vault
[DEBUG](staffLog) 10:27:17/07-15 10:27:17(-1) fakelogged DEBUG in 🤯: [2024-07-15 05:27:18.378 UTC] [Info] [Main] [Command] Vampie A. [Vampie]: /vault
[DEBUG](staffLog) 10:27:48/07-15 10:27:43(-3) logged MSG in 🌹: [2024-07-15 05:27:46.623 UTC] [Info] [Main] [Command] bcox3252 [bcox3252]: /msg vampie is scaming banable?
[DEBUG](staffLog) 10:27:57/07-15 10:27:59(-1) fakelogged DEBUG in 🤯: [2024-07-15 05:28:00.589 UTC] [Info] [Main] [Command] Vampie A. [Vampie]: /vault stash
[DEBUG](staffLog) 10:28:17/07-15 10:28:14(-1) fakelogged DEBUG in 🤯: [2024-07-15 05:28:15.627 UTC] [Info] [Main] [Command] Vampie A. [Vampie]: /stuck
[DEBUG](staffLog) 10:28:27/07-15 10:28:27(-1) fakelogged DEBUG in 🤯: [2024-07-15 05:28:28.943 UTC] [Info] [Main] [Command] Vampie A. [Vampie]: /vault
[DEBUG](staffLog) 10:28:37/07-15 10:28:38(-2) fakelogged DEBUG in 🤯: [2024-07-15 05:28:40.631 UTC] [Info] [Main] [Command] Alastor [Foxbro37]: /vault
[DEBUG](staffLog) 10:28:47/07-15 10:28:39(-3) fakelogged DEBUG in 🤯: [2024-07-15 05:28:42.807 UTC] [Info] [Main] [Command] Vampie A. [Vampie]: /stuck
[DEBUG](staffLog) 10:28:48/07-15 10:28:49(-1) logged CHAT in 🥶: [2024-07-15 05:28:50.786 UTC] [Info] [Main] [Global] Vampie A. [Vampie]: Yee
[DEBUG](staffLog) 10:28:57/07-15 10:28:54(-1) fakelogged DEBUG in 🤯: [2024-07-15 05:28:55.450 UTC] [Info] [Main] [Command] Alastor [Foxbro37]: /vault
