[INFO](retrieveLog) wrote 5.003103MB to latest.log in 1.1982545852661133
[DEBUG](staffLog) 10:34:05/07-15 10:34:05(-2) fakelogged DEBUG in 🤯: [2024-07-15 05:34:07.527 UTC] [Info] [Main] [Command] Alastor [Foxbro37]: /vault stash
[DEBUG](staffLog) 10:34:15/07-15 10:34:07(-2) fakelogged DEBUG in 🤯: [2024-07-15 05:34:09.864 UTC] [Info] [Main] [Command] Alastor [Foxbro37]: /Vault Stash+
[DEBUG](staffLog) 10:34:15/07-15 10:34:14(-2) fakelogged DEBUG in 🤯: [2024-07-15 05:34:16.175 UTC] [Info] [Main] [Command] Alastor [Foxbro37]: /vault stash++
[DEBUG](staffLog) 10:35:14/07-15 10:35:09(-1) fakelogged DEBUG in 🤯: [2024-07-15 05:35:10.688 UTC] [Info] [Main] [Command] Alastor [Foxbro37]: /vault stash
[DEBUG](staffLog) 10:35:14/07-15 10:35:11(-3) fakelogged DEBUG in 🤯: [2024-07-15 05:35:14.043 UTC] [Info] [Main] [Command] Alastor [Foxbro37]: /vault stash+
[DEBUG](staffLog) 10:35:14/07-15 10:35:17(-1) fakelogged DEBUG in 🤯: [2024-07-15 05:35:18.757 UTC] [Info] [Main] [Command] Alastor [Foxbro37]: /vault stash+
[DEBUG](staffLog) 10:35:34/07-15 10:35:30(-2) fakelogged DEBUG in 🤯: [2024-07-15 05:35:32.752 UTC] [Info] [Main] [Command] Alastor [Foxbro37]: /stuck
[DEBUG](staffLog) 10:35:44/07-15 10:35:43(-2) fakelogged DEBUG in 🤯: [2024-07-15 05:35:45.169 UTC] [Info] [Main] [Command] Alastor [Foxbro37]: /doortp
[DEBUG](staffLog) 10:36:05/07-15 10:35:58(-2) logged DEBUG in debug-logs: [2024-07-15 05:36:00.208 UTC] [Info] [Main] [Command] Alastor [Foxbro37]: /stucj
[DEBUG](staffLog) 10:36:05/07-15 10:36:00(-2) fakelogged DEBUG in 🤯: [2024-07-15 05:36:02.184 UTC] [Info] [Main] [Command] Alastor [Foxbro37]: /stuck
[DEBUG](staffLog) 10:37:04/07-15 10:37:07(-2) fakelogged DEBUG in 🤯: [2024-07-15 05:37:09.221 UTC] [Info] [Main] [Command] Alastor [Foxbro37]: /vault stash++
[DEBUG](staffLog) 10:37:14/07-15 10:37:15(-1) fakelogged DEBUG in 🤯: [2024-07-15 05:37:16.120 UTC] [Info] [Main] [Command] Alastor [Foxbro37]: /doortp
[DEBUG](staffLog) 10:37:25/07-15 10:37:18(-2) fakelogged DEBUG in 🤯: [2024-07-15 05:37:20.187 UTC] [Info] [Main] [Command] Alastor [Foxbro37]: /vault stash++
[DEBUG](staffLog) 10:37:25/07-15 10:37:23(-2) fakelogged DEBUG in 🤯: [2024-07-15 05:37:25.237 UTC] [Info] [Main] [Command] Alastor [Foxbro37]: /stuck
[DEBUG](staffLog) 10:37:35/07-15 10:37:34(-2) fakelogged DEBUG in 🤯: [2024-07-15 05:37:36.724 UTC] [Info] [Main] [Command] Alastor [Foxbro37]: /doortp
[DEBUG](staffLog) 10:37:45/07-15 10:37:44(-1) fakelogged DEBUG in 🤯: [2024-07-15 05:37:45.511 UTC] [Info] [Main] [Command] Alastor [Foxbro37]: /stuck
[DEBUG](staffLog) 10:41:24/07-15 10:41:19(-3) fakelogged DEBUG in 🤯: [2024-07-15 05:41:22.410 UTC] [Info] [Main] [Command] Alastor [Foxbro37]: /doortp
[DEBUG](staffLog) 10:41:35/07-15 10:41:27(-2) fakelogged DEBUG in 🤯: [2024-07-15 05:41:29.531 UTC] [Info] [Main] [Command] Alastor [Foxbro37]: /stuck
[DEBUG](staffLog) 10:41:45/07-15 10:41:38(-3) logged CHAT in 🥶: [2024-07-15 05:41:41.504 UTC] [Info] [Main] [Global] Vampie A. [Vampie]: Who got seling foma
[DEBUG](staffLog) 10:41:45/07-15 10:41:43(-1) logged CHAT in 🥶: [2024-07-15 05:41:44.510 UTC] [Info] [Main] [Global] Vampie A. [Vampie]: Sealing foam
[DEBUG](staffLog) 10:41:54/07-15 10:41:54(-3) fakelogged DEBUG in 🤯: [2024-07-15 05:41:57.679 UTC] [Info] [Main] [Command] Alastor [Foxbro37]: /vault
[DEBUG](staffLog) 10:42:05/07-15 10:42:00(-3) fakelogged DEBUG in 🤯: [2024-07-15 05:42:03.624 UTC] [Info] [Main] [Command] Vampie A. [Vampie]: /buyfrom 76561198802153579 55013
[DEBUG](staffLog) 10:42:05/07-15 10:42:02(-2) fakelogged DEBUG in 🤯: [2024-07-15 05:42:04.150 UTC] [Info] [Main] [Command] Alastor [Foxbro37]: /vault
[DEBUG](staffLog) 10:42:14/07-15 10:42:09(-3) fakelogged DEBUG in 🤯: [2024-07-15 05:42:12.799 UTC] [Info] [Main] [Command] Alastor [Foxbro37]: /vault stash++
[DEBUG](staffLog) 10:42:14/07-15 10:42:16(-1) fakelogged DEBUG in 🤯: [2024-07-15 05:42:17.519 UTC] [Info] [Main] [Command] Vampie A. [Vampie]: /buyfrom 76561198835684363 55013
[DEBUG](staffLog) 10:42:24/07-15 10:42:21(-2) fakelogged DEBUG in 🤯: [2024-07-15 05:42:23.277 UTC] [Info] [Main] [Command] Alastor [Foxbro37]: /vault
[DEBUG](staffLog) 10:42:24/07-15 10:42:25(-3) fakelogged DEBUG in 🤯: [2024-07-15 05:42:28.800 UTC] [Info] [Main] [Command] Alastor [Foxbro37]: /vault stash++
[DEBUG](staffLog) 10:42:45/07-15 10:42:37(-3) fakelogged DEBUG in 🤯: [2024-07-15 05:42:40.736 UTC] [Info] [Main] [Command] Alastor [Foxbro37]: /vault
[DEBUG](staffLog) 10:43:05/07-15 10:43:00(-3) fakelogged DEBUG in 🤯: [2024-07-15 05:43:03.950 UTC] [Info] [Main] [Command] Alastor [Foxbro37]: /doortp
[DEBUG](staffLog) 10:43:15/07-15 10:43:15(-2) fakelogged DEBUG in 🤯: [2024-07-15 05:43:17.851 UTC] [Info] [Main] [Command] Alastor [Foxbro37]: /stuck
[DEBUG](staffLog) 10:43:34/07-15 10:43:29(-3) fakelogged DEBUG in 🤯: [2024-07-15 05:43:32.090 UTC] [Info] [Main] [Command] Vampie A. [Vampie]: /buyfrom 76561199206292872 55013
[DEBUG](staffLog) 10:44:04/07-15 10:44:01(-2) fakelogged DEBUG in 🤯: [2024-07-15 05:44:03.733 UTC] [Info] [Main] [Command] Vampie A. [Vampie]: /buyfrom 76561198835684363 55013
[DEBUG](staffLog) 10:45:55/07-15 10:45:49(-2) logged DISCONNECTING in 🤐: [2024-07-15 05:45:51.884 UTC] [Info] [Main] Disconnecting: PlayerID: 76561198397021503 Steam Name: Foxbro37 Character name: Alastor Nick: Alastor Group: 112589997979171786 Session Length 2.06 Hours
[DEBUG](staffLog) 10:46:05/07-15 10:45:56(-3) fakelogged DEBUG in 🤯: [2024-07-15 05:45:59.731 UTC] [Info] [Main] [Command] Vampie A. [Vampie]: /vault stash
[DEBUG](staffLog) 10:46:05/07-15 10:46:00(-3) logged DISCONNECTING in 🤐: [2024-07-15 05:46:03.984 UTC] [Info] [Main] Disconnecting: PlayerID: 76561198259451520 Steam Name: Vampie Character name: Vampie A. Nick: Vampie Group: 112589998075098001 Session Length 2.27 Hours
[DEBUG](staffLog) 10:49:55/07-15 10:49:50(-3) logged MSG in 🌹: [2024-07-15 05:49:53.025 UTC] [Info] [Main] [Command] ForTrappers0nly [reavesdamian871]: /pm whiskey so ive never farmed kills
[DEBUG](staffLog) 10:49:55/07-15 10:49:58(-1) logged MSG in 🌹: [2024-07-15 05:49:59.129 UTC] [Info] [Main] [Command] ForTrappers0nly [reavesdamian871]: /pm whiskey no idea tbh
[DEBUG](staffLog) 10:50:25/07-15 10:50:19(-2) logged MSG in 🌹: [2024-07-15 05:50:21.868 UTC] [Info] [Main] [Command] ForTrappers0nly [reavesdamian871]: /pm whiskey my username is Airhound
