[INFO](retrieveLog) wrote 46.892112MB to latest.log in 2.269939661026001
[INFO](monitor) succesfully monitoring 76561199733921942 for user 1218944589994659850
[INFO](staffParse) CAUGHT UP TO LATEST 47
[DEBUG](staffLog) 10:45:09/07-16 10:45:02(-1) logged VANISH in vanish: [2024-07-16 05:45:03.592 UTC] [Info] [Main] [Command] Godly [Godly]: /vanish
[DEBUG](staffLog) 10:45:19/07-16 10:45:04(-1) logged VANISH in vanish: [2024-07-16 05:45:05.139 UTC] [Info] [Main] [Command] Godly [Godly]: /vanish
[DEBUG](staffLog) 10:47:19/07-16 10:47:05(-1) logged STATS in stats mentioned 1218944589994659850: [2024-07-16 05:47:06.504 UTC] [Info] [Main] [Command] ASDASDASDASDASDASDADASD [chaos]: /stats you
[DEBUG](staffLog) 10:47:39/07-16 10:47:22(-2) logged BAN in bans mentioned 1218944589994659850: [2024-07-16 05:47:24.249 UTC] [Info] [Main] [Command] Godly [Godly]: /ban 76561199733921942 "STW | cheating" 0
[DEBUG](staffLog) 10:48:11/07-16 10:47:55(-1) logged CHAT in ðŸ¥¶: [2024-07-16 05:47:56.329 UTC] [Info] [Main] [Global] Godly [Godly]: <#
[DEBUG](staffLog) 10:48:11/07-16 10:47:55(-3) logged CHAT in ðŸ¥¶: [2024-07-16 05:47:58.373 UTC] [Info] [Main] [Global] Godly [Godly]: <3
[DEBUG](staffLog) 10:50:21/07-16 10:50:02(-3) logged DEBUG in debug-logs: [2024-07-16 05:50:05.487 UTC] [Info] [Main] [Command] Godly [Godly]: /addxp 76561199489978729 300000
[DEBUG](staffLog) 10:51:13/07-16 10:51:04(-1) logged SERVER in ðŸ˜ƒ: [2024-07-16 05:51:05.550 UTC] [Info] [Main] [Command] Godly [Godly]: /server 1
[DEBUG](staffLog) 10:51:13/07-16 10:51:02(-3) logged DISCONNECTING in ðŸ¤: [2024-07-16 05:51:05.841 UTC] [Info] [Main] Disconnecting: PlayerID: 76561199183989090 Steam Name: Godly Character name: Godly Nick: Godly Group: 0 Session Length 11.42 Minutes
[DEBUG](staffLog) 10:54:31/07-16 10:54:21(-1) logged CONNECTING in ðŸ¤£: [2024-07-16 05:54:22.936 UTC] [Info] [Main] Connecting: PlayerID: 76561199215486925 Steam Name: oi Character name: zvdd Nick: zvdd Group: 0 Join GUID: fe54339e-866f-4659-bd5b-940031bfb093 Character Slot: 0 Language: English
[DEBUG](staffLog) 10:57:39/07-16 10:57:20(-1) fakelogged DEBUG in ðŸ¤¯: [2024-07-16 05:57:21.107 UTC] [Info] [Main] [Command] Silly Person :3 [Angel_Abov3]: /stuck
[DEBUG](staffLog) 10:58:29/07-16 10:58:11(-3) fakelogged DEBUG in ðŸ¤¯: [2024-07-16 05:58:14.749 UTC] [Info] [Main] [Command] Silly Person :3 [Angel_Abov3]: /doortp
[DEBUG](staffLog) 10:59:09/07-16 10:58:54(-2) logged MSG in ðŸŒ¹: [2024-07-16 05:58:56.555 UTC] [Info] [Main] [Command] DaChamp [DaChamp]: /pm bouji ult b
[DEBUG](staffLog) 10:59:59/07-16 10:59:46(-3) logged DISCONNECTING in ðŸ¤: [2024-07-16 05:59:49.972 UTC] [Info] [Main] Disconnecting: PlayerID: 76561199215486925 Steam Name: oi Character name: zvdd Nick: zvdd Group: 0 Session Length 5.45 Minutes
[DEBUG](staffLog) 11:01:50/07-16 11:01:38(-3) logged MSG in ðŸŒ¹: [2024-07-16 06:01:41.056 UTC] [Info] [Main] [Command] DaChamp [DaChamp]: /pm cooper ult b shop
[DEBUG](staffLog) 11:01:59/07-16 11:01:50(-1) fakelogged DEBUG in ðŸ¤¯: [2024-07-16 06:01:51.888 UTC] [Info] [Main] [Command] Silly Person :3 [Angel_Abov3]: /stuck
[DEBUG](staffLog) 11:05:03/07-16 11:04:49(-2) fakelogged DEBUG in ðŸ¤¯: [2024-07-16 06:04:51.624 UTC] [Info] [Main] [Command] Silly Person :3 [Angel_Abov3]: /doortp
[DEBUG](staffLog) 11:09:09/07-16 11:09:00(-2) fakelogged DEBUG in ðŸ¤¯: [2024-07-16 06:09:02.270 UTC] [Info] [Main] [Command] Silly Person :3 [Angel_Abov3]: /stuck
[DEBUG](staffLog) 11:10:21/07-16 11:09:56(-2) fakelogged DEBUG in ðŸ¤¯: [2024-07-16 06:09:58.894 UTC] [Info] [Main] [Command] Silly Person :3 [Angel_Abov3]: /doortp
[DEBUG](staffLog) 11:10:39/07-16 11:10:25(-1) fakelogged DEBUG in ðŸ¤¯: [2024-07-16 06:10:26.190 UTC] [Info] [Main] [Command] Silly Person :3 [Angel_Abov3]: /stuck
[DEBUG](staffLog) 11:12:09/07-16 11:11:57(-2) fakelogged DEBUG in ðŸ¤¯: [2024-07-16 06:11:59.150 UTC] [Info] [Main] [Command] Silly Person :3 [Angel_Abov3]: /doortp
[DEBUG](staffLog) 11:12:19/07-16 11:12:04(-1) fakelogged DEBUG in ðŸ¤¯: [2024-07-16 06:12:05.275 UTC] [Info] [Main] [Command] Silly Person :3 [Angel_Abov3]: /stuck
[DEBUG](staffLog) 11:13:09/07-16 11:12:51(-3) fakelogged DEBUG in ðŸ¤¯: [2024-07-16 06:12:54.033 UTC] [Info] [Main] [Command] Silly Person :3 [Angel_Abov3]: /mc
[DEBUG](staffLog) 11:13:30/07-16 11:13:15(-1) fakelogged DEBUG in ðŸ¤¯: [2024-07-16 06:13:16.290 UTC] [Info] [Main] [Command] Silly Person :3 [Angel_Abov3]: /mc
[DEBUG](staffLog) 11:14:00/07-16 11:13:41(-2) fakelogged DEBUG in ðŸ¤¯: [2024-07-16 06:13:43.997 UTC] [Info] [Main] [Command] Silly Person :3 [Angel_Abov3]: /mc
[DEBUG](staffLog) 11:19:49/07-16 11:19:35(-3) fakelogged DEBUG in ðŸ¤¯: [2024-07-16 06:19:38.963 UTC] [Info] [Main] [Command] Silly Person :3 [Angel_Abov3]: /doortp
[DEBUG](staffLog) 11:20:09/07-16 11:19:53(-3) fakelogged DEBUG in ðŸ¤¯: [2024-07-16 06:19:56.992 UTC] [Info] [Main] [Command] Silly Person :3 [Angel_Abov3]: /stuck
[DEBUG](staffLog) 11:21:10/07-16 11:20:56(-2) fakelogged DEBUG in ðŸ¤¯: [2024-07-16 06:20:58.698 UTC] [Info] [Main] [Command] Silly Person :3 [Angel_Abov3]: /doortp
[DEBUG](staffLog) 11:21:10/07-16 11:20:58(-3) fakelogged DEBUG in ðŸ¤¯: [2024-07-16 06:21:01.834 UTC] [Info] [Main] [Command] Silly Person :3 [Angel_Abov3]: /stuck
[DEBUG](staffLog) 11:22:25/07-16 11:21:58(-1) fakelogged DEBUG in ðŸ¤¯: [2024-07-16 06:21:59.048 UTC] [Info] [Main] [Command] Silly Person :3 [Angel_Abov3]: /mc
[DEBUG](staffLog) 11:22:41/07-16 11:22:26(-3) fakelogged DEBUG in ðŸ¤¯: [2024-07-16 06:22:29.315 UTC] [Info] [Main] [Command] Silly Person :3 [Angel_Abov3]: /mc
[DEBUG](staffLog) 11:23:29/07-16 11:23:14(-2) fakelogged DEBUG in ðŸ¤¯: [2024-07-16 06:23:16.264 UTC] [Info] [Main] [Command] Silly Person :3 [Angel_Abov3]: /mc
[DEBUG](staffLog) 11:23:40/07-16 11:23:22(-3) fakelogged DEBUG in ðŸ¤¯: [2024-07-16 06:23:25.242 UTC] [Info] [Main] [Command] Silly Person :3 [Angel_Abov3]: /mc
[DEBUG](staffLog) 11:25:19/07-16 11:25:11(-1) fakelogged DEBUG in ðŸ¤¯: [2024-07-16 06:25:12.161 UTC] [Info] [Main] [Command] Silly Person :3 [Angel_Abov3]: /mc
[DEBUG](staffLog) 11:26:23/07-16 11:26:03(-3) fakelogged DEBUG in ðŸ¤¯: [2024-07-16 06:26:06.850 UTC] [Info] [Main] [Command] Silly Person :3 [Angel_Abov3]: /mc
[DEBUG](staffLog) 11:26:29/07-16 11:26:18(-1) fakelogged DEBUG in ðŸ¤¯: [2024-07-16 06:26:19.318 UTC] [Info] [Main] [Command] Silly Person :3 [Angel_Abov3]: /mc
[DEBUG](staffLog) 11:26:39/07-16 11:26:24(-3) fakelogged DEBUG in ðŸ¤¯: [2024-07-16 06:26:27.241 UTC] [Info] [Main] [Command] Silly Person :3 [Angel_Abov3]: /mc
[DEBUG](staffLog) 11:27:09/07-16 11:26:58(-1) logged MSG in ðŸŒ¹: [2024-07-16 06:26:59.467 UTC] [Info] [Main] [Command] whiteboy [whiteboy5632 notfound.tech]: /pm shmeg you guys still in labs
[DEBUG](staffLog) 11:27:20/07-16 11:27:03(-3) fakelogged DEBUG in ðŸ¤¯: [2024-07-16 06:27:06.655 UTC] [Info] [Main] [Command] Silly Person :3 [Angel_Abov3]: /doortp
[DEBUG](staffLog) 11:27:20/07-16 11:27:07(-2) fakelogged DEBUG in ðŸ¤¯: [2024-07-16 06:27:09.644 UTC] [Info] [Main] [Command] Silly Person :3 [Angel_Abov3]: /stuck
[DEBUG](staffLog) 11:28:12/07-16 11:28:01(-2) logged MSG in ðŸŒ¹: [2024-07-16 06:28:03.069 UTC] [Info] [Main] [Command] whiteboy [whiteboy5632 notfound.tech]: /pm harm you still in labs
[DEBUG](staffLog) 11:29:03/07-16 11:28:46(-3) fakelogged DEBUG in ðŸ¤¯: [2024-07-16 06:28:49.277 UTC] [Info] [Main] [Command] Silly Person :3 [Angel_Abov3]: /mc
[DEBUG](staffLog) 11:29:29/07-16 11:29:17(-1) fakelogged DEBUG in ðŸ¤¯: [2024-07-16 06:29:18.671 UTC] [Info] [Main] [Command] Silly Person :3 [Angel_Abov3]: /mc
[DEBUG](staffLog) 11:29:51/07-16 11:29:38(-3) fakelogged DEBUG in ðŸ¤¯: [2024-07-16 06:29:41.251 UTC] [Info] [Main] [Command] Silly Person :3 [Angel_Abov3]: /mc
[DEBUG](staffLog) 11:32:40/07-16 11:32:26(-2) logged DEBUG in debug-logs: [2024-07-16 06:32:28.802 UTC] [Info] [Main] [Command] Silly Person :3 [Angel_Abov3]: /vansih
[DEBUG](staffLog) 11:32:41/07-16 11:32:28(-2) logged VANISH in vanish: [2024-07-16 06:32:30.563 UTC] [Info] [Main] [Command] Silly Person :3 [Angel_Abov3]: /vanish
[DEBUG](staffLog) 11:32:49/07-16 11:32:36(-1) logged DEBUG in debug-logs: [2024-07-16 06:32:37.353 UTC] [Info] [Main] [Command] Silly Person :3 [Angel_Abov3]: /setspeed silly
[DEBUG](staffLog) 11:32:52/07-16 11:32:40(-1) logged DEBUG in debug-logs: [2024-07-16 06:32:41.321 UTC] [Info] [Main] [Command] Silly Person :3 [Angel_Abov3]: /setspeed silly 3
[DEBUG](staffLog) 11:33:41/07-16 11:33:32(-1) logged DEBUG in debug-logs: [2024-07-16 06:33:33.038 UTC] [Info] [Main] [Command] Silly Person :3 [Angel_Abov3]: /bunker
[DEBUG](staffLog) 11:33:49/07-16 11:33:39(-2) logged VANISH in vanish: [2024-07-16 06:33:41.931 UTC] [Info] [Main] [Command] Silly Person :3 [Angel_Abov3]: /vanish
[DEBUG](staffLog) 11:33:59/07-16 11:33:40(-3) logged DEBUG in debug-logs: [2024-07-16 06:33:43.707 UTC] [Info] [Main] [Command] Silly Person :3 [Angel_Abov3]: /god
[DEBUG](staffLog) 11:33:59/07-16 11:33:44(-1) logged DEBUG in debug-logs: [2024-07-16 06:33:45.905 UTC] [Info] [Main] [Command] Silly Person :3 [Angel_Abov3]: /god
[DEBUG](staffLog) 11:34:00/07-16 11:33:49(-2) logged DEBUG in debug-logs: [2024-07-16 06:33:51.465 UTC] [Info] [Main] [Command] Silly Person :3 [Angel_Abov3]: /setspeed silly 1
[DEBUG](staffLog) 11:38:19/07-16 11:38:03(-2) fakelogged DEBUG in ðŸ¤¯: [2024-07-16 06:38:05.383 UTC] [Info] [Main] [Command] Silly Person :3 [Angel_Abov3]: /mc
[DEBUG](staffLog) 11:40:20/07-16 11:39:51(-3) fakelogged DEBUG in ðŸ¤¯: [2024-07-16 06:39:54.649 UTC] [Info] [Main] [Command] Silly Person :3 [Angel_Abov3]: /doortp
[DEBUG](staffLog) 11:40:47/07-16 11:40:30(-1) fakelogged DEBUG in ðŸ¤¯: [2024-07-16 06:40:31.928 UTC] [Info] [Main] [Command] Silly Person :3 [Angel_Abov3]: /stuck
[DEBUG](staffLog) 11:41:42/07-16 11:41:31(-1) fakelogged DEBUG in ðŸ¤¯: [2024-07-16 06:41:32.345 UTC] [Info] [Main] [Command] Silly Person :3 [Angel_Abov3]: /vault
[DEBUG](staffLog) 11:41:59/07-16 11:41:47(-3) fakelogged DEBUG in ðŸ¤¯: [2024-07-16 06:41:50.091 UTC] [Info] [Main] [Command] Silly Person :3 [Angel_Abov3]: /mc
[DEBUG](staffLog) 11:42:09/07-16 11:42:00(-1) fakelogged DEBUG in ðŸ¤¯: [2024-07-16 06:42:01.442 UTC] [Info] [Main] [Command] Silly Person :3 [Angel_Abov3]: /mc
[DEBUG](staffLog) 11:45:41/07-16 11:45:24(-1) fakelogged DEBUG in ðŸ¤¯: [2024-07-16 06:45:25.253 UTC] [Info] [Main] [Command] Silly Person :3 [Angel_Abov3]: /doortp
[DEBUG](staffLog) 11:45:49/07-16 11:45:36(-2) fakelogged DEBUG in ðŸ¤¯: [2024-07-16 06:45:38.780 UTC] [Info] [Main] [Command] Silly Person :3 [Angel_Abov3]: /stuck
[DEBUG](staffLog) 11:46:49/07-16 11:46:33(-2) logged MSG in ðŸŒ¹: [2024-07-16 06:46:35.701 UTC] [Info] [Main] [Command] DaChamp [DaChamp]: /pm why ult b
[DEBUG](staffLog) 11:48:09/07-16 11:47:51(-2) fakelogged DEBUG in ðŸ¤¯: [2024-07-16 06:47:53.976 UTC] [Info] [Main] [Command] Silly Person :3 [Angel_Abov3]: /mc
[DEBUG](staffLog) 11:48:59/07-16 11:48:48(-3) fakelogged DEBUG in ðŸ¤¯: [2024-07-16 06:48:51.892 UTC] [Info] [Main] [Command] Silly Person :3 [Angel_Abov3]: /mc
[DEBUG](staffLog) 11:49:39/07-16 11:49:26(-3) fakelogged DEBUG in ðŸ¤¯: [2024-07-16 06:49:29.833 UTC] [Info] [Main] [Command] Silly Person :3 [Angel_Abov3]: /mc
[DEBUG](staffLog) 11:50:41/07-16 11:50:26(-3) logged MSG in ðŸŒ¹: [2024-07-16 06:50:29.992 UTC] [Info] [Main] [Command] DaChamp [DaChamp]: /pm sonic ult b
[DEBUG](staffLog) 11:50:49/07-16 11:50:39(-2) logged MSG in ðŸŒ¹: [2024-07-16 06:50:41.605 UTC] [Info] [Main] [Command] Sonic [Sabri]: /pm champ what
[DEBUG](staffLog) 11:51:09/07-16 11:50:59(-1) logged STATS in stats mentioned 837703090345214022: [2024-07-16 06:51:00.491 UTC] [Info] [Main] [Command] 30fps demon [L0stãƒ„]: /stats i love
[DEBUG](staffLog) 11:51:19/07-16 11:51:02(-2) logged STATS in stats mentioned 837703090345214022: [2024-07-16 06:51:04.097 UTC] [Info] [Main] [Command] 30fps demon [L0stãƒ„]: /stats i love
[DEBUG](staffLog) 11:51:29/07-16 11:51:14(-3) fakelogged DEBUG in ðŸ¤¯: [2024-07-16 06:51:17.829 UTC] [Info] [Main] [Command] Silly Person :3 [Angel_Abov3]: /MC
[DEBUG](staffLog) 11:51:29/07-16 11:51:20(-1) logged STATS in stats mentioned 837703090345214022: [2024-07-16 06:51:21.967 UTC] [Info] [Main] [Command] 30fps demon [L0stãƒ„]: /stats i love
