[INFO](retrieveLog) wrote 49.82775MB to latest.log in 4.488374710083008
[DEBUG](staffLog) 12:14:07/07-16 12:13:53(-3) logged DEBUG in debug-logs: [2024-07-16 07:13:56.701 UTC] [Info] [Main] [Command] Silly Person :3 [Angel_Abov3]: /mute saint "Mic Spamming | 1st Offence | 12h" 12h
[DEBUG](staffLog) 12:14:33/07-16 12:14:21(-2) logged DEBUG in debug-logs: [2024-07-16 07:14:23.652 UTC] [Info] [Main] [Command] Silly Person :3 [Angel_Abov3]: /mute 76561199186772381 "Mic Spamming | 1st Offence | 12h" 12h
[DEBUG](staffLog) 12:14:43/07-16 12:14:34(-2) logged DEBUG in debug-logs: [2024-07-16 07:14:36.776 UTC] [Info] [Main] [Command] Silly Person :3 [Angel_Abov3]: /mute 76561199186772381 "Mic Spamming | 1st Offence | 12h" 12 h
[DEBUG](staffLog) 12:24:14/07-16 12:24:04(-2) logged DEBUG in debug-logs: [2024-07-16 07:24:06.512 UTC] [Info] [Main] [Command] Silly Person :3 [Angel_Abov3]: /checkxp notqq
[DEBUG](staffLog) 12:30:03/07-16 12:29:47(-3) logged CHAT in 🥶: [2024-07-16 07:29:50.239 UTC] [Info] [Main] [Global] Silly Person :3 [Angel_Abov3]: I'm having such a jolly time rn
[DEBUG](staffLog) 12:38:55/07-16 12:38:43(-2) logged MSG in 🌹: [2024-07-16 07:38:45.643 UTC] [Info] [Main] [Command] DaChamp [DaChamp]: /pm booty ult b
[DEBUG](staffLog) 12:39:15/07-16 12:39:02(-2) logged MSG in 🌹: [2024-07-16 07:39:04.055 UTC] [Info] [Main] [Command] [3-B QUEST SHOP] Miyukii [Miyuki]: /msg asdf which one?
[DEBUG](staffLog) 12:39:25/07-16 12:39:12(-2) logged MSG in 🌹: [2024-07-16 07:39:14.867 UTC] [Info] [Main] [Command] [3-B QUEST SHOP] Miyukii [Miyuki]: /msg asdf which exi?
[DEBUG](staffLog) 12:39:34/07-16 12:39:16(-3) logged MSG in 🌹: [2024-07-16 07:39:19.546 UTC] [Info] [Main] [Command] [3-B QUEST SHOP] Miyukii [Miyuki]: /msg asdf which exit?
[DEBUG](staffLog) 12:40:24/07-16 12:40:10(-1) logged SPY in 🍑: [2024-07-16 07:40:11.229 UTC] [Info] [Main] [Command] Silly Person :3 [Angel_Abov3]: /spy lowrust
[DEBUG](staffLog) 12:41:26/07-16 12:41:12(-3) logged SPY in 🍑: [2024-07-16 07:41:15.990 UTC] [Info] [Main] [Command] Silly Person :3 [Angel_Abov3]: /spy 76561199742559977
[DEBUG](staffLog) 12:41:54/07-16 12:41:36(-3) logged SPY in 🍑: [2024-07-16 07:41:39.244 UTC] [Info] [Main] [Command] Silly Person :3 [Angel_Abov3]: /spy 76561199742559977
[DEBUG](staffLog) 12:42:15/07-16 12:42:03(-3) logged BAN in bans: [2024-07-16 07:42:06.780 UTC] [Info] [Main] [Command] Silly Person :3 [Angel_Abov3]: /globalban 76561199742559977 "Cheating | ESP | Perm"
[DEBUG](staffLog) 12:42:24/07-16 12:42:07(-3) logged API in 😶: [2024-07-16 07:42:10.333 UTC] [Info] [Thread Pool Worker] Pandahut >> Dealt with Action a350a5767fae4a86a183e8ce59aa28e4 with type "Ban" for 76561199742559977 on Pandahut #19 [Unturnov 1.0 Remastered] [US-East] at 7/16/2024 7:42:06 AM
[DEBUG](staffLog) 12:46:23/07-16 12:46:09(-2) logged MSG in 🌹: [2024-07-16 07:46:11.200 UTC] [Info] [Main] [Command] [3-B QUEST SHOP] Miyukii [Miyuki]: /pm asd just record it and make a ticket about it
[DEBUG](staffLog) 12:46:45/07-16 12:46:35(-2) logged MSG in 🌹: [2024-07-16 07:46:37.711 UTC] [Info] [Main] [Command] [3-B QUEST SHOP] Miyukii [Miyuki]: /pm asdf his group is just campin in inter
[DEBUG](staffLog) 12:48:56/07-16 12:48:40(-2) logged CONNECTING in 🤣: [2024-07-16 07:48:42.065 UTC] [Info] [Main] Connecting: PlayerID: 76561198259451520 Steam Name: Vampie Character name: Vampie A. Nick: Vampie Group: 112589998075098001 Join GUID: eb805bc0-4861-430d-9d3e-9eb5fd7e5639 Character Slot: 0 Language: English
[DEBUG](staffLog) 12:50:06/07-16 12:49:52(-1) logged MSG in 🌹: [2024-07-16 07:49:53.449 UTC] [Info] [Main] [Command] Lman [Cat With A Gat]: /msg puu yo i have like 16 dog tags for you
[DEBUG](staffLog) 12:52:26/07-16 12:52:09(-1) fakelogged DEBUG in 🤯: [2024-07-16 07:52:10.059 UTC] [Info] [Main] [Command] Vampie A. [Vampie]: /vault kappa
[DEBUG](staffLog) 12:52:26/07-16 12:52:11(-3) fakelogged DEBUG in 🤯: [2024-07-16 07:52:14.855 UTC] [Info] [Main] [Command] Vampie A. [Vampie]: /vault stash
[DEBUG](staffLog) 12:52:36/07-16 12:52:23(-1) fakelogged DEBUG in 🤯: [2024-07-16 07:52:24.599 UTC] [Info] [Main] [Command] Vampie A. [Vampie]: /vault stash++
[DEBUG](staffLog) 12:52:46/07-16 12:52:31(-2) fakelogged DEBUG in 🤯: [2024-07-16 07:52:33.338 UTC] [Info] [Main] [Command] Vampie A. [Vampie]: /vault stash
[DEBUG](staffLog) 12:52:55/07-16 12:52:39(-1) fakelogged DEBUG in 🤯: [2024-07-16 07:52:40.743 UTC] [Info] [Main] [Command] Vampie A. [Vampie]: /vault kappa
[DEBUG](staffLog) 12:53:25/07-16 12:53:07(-3) fakelogged DEBUG in 🤯: [2024-07-16 07:53:10.519 UTC] [Info] [Main] [Command] Vampie A. [Vampie]: /vault stash
[DEBUG](staffLog) 12:53:25/07-16 12:53:14(-2) fakelogged DEBUG in 🤯: [2024-07-16 07:53:16.955 UTC] [Info] [Main] [Command] Vampie A. [Vampie]: /vault gamma
[DEBUG](staffLog) 12:54:56/07-16 12:54:39(-3) fakelogged DEBUG in 🤯: [2024-07-16 07:54:42.650 UTC] [Info] [Main] [Command] Vampie A. [Vampie]: /vault gamma
[DEBUG](staffLog) 13:00:05/07-16 12:59:45(-3) fakelogged DEBUG in 🤯: [2024-07-16 07:59:48.696 UTC] [Info] [Main] [Command] Vampie A. [Vampie]: /vault stash
[DEBUG](staffLog) 13:00:33/07-16 13:00:23(-3) fakelogged DEBUG in 🤯: [2024-07-16 08:00:26.799 UTC] [Info] [Main] [Command] Vampie A. [Vampie]: /vault stash
[DEBUG](staffLog) 13:00:54/07-16 13:00:42(-1) fakelogged DEBUG in 🤯: [2024-07-16 08:00:43.618 UTC] [Info] [Main] [Command] Vampie A. [Vampie]: /vault stash
[DEBUG](staffLog) 13:02:06/07-16 13:01:48(-2) fakelogged DEBUG in 🤯: [2024-07-16 08:01:50.502 UTC] [Info] [Main] [Command] Vampie A. [Vampie]: /buyfrom 76561198835684363 46208
[DEBUG](staffLog) 13:02:08/07-16 13:01:53(-3) fakelogged DEBUG in 🤯: [2024-07-16 08:01:56.450 UTC] [Info] [Main] [Command] Vampie A. [Vampie]: /buyfrom 76561198835684363 55001
[DEBUG](staffLog) 13:03:22/07-16 13:03:11(-1) fakelogged DEBUG in 🤯: [2024-07-16 08:03:12.401 UTC] [Info] [Main] [Command] Vampie A. [Vampie]: /buyfrom 76561198802153579 46208
[DEBUG](staffLog) 13:03:22/07-16 13:03:10(-3) fakelogged DEBUG in 🤯: [2024-07-16 08:03:13.601 UTC] [Info] [Main] [Command] Vampie A. [Vampie]: /buyfrom 76561198802153579 46207
[DEBUG](staffLog) 13:03:22/07-16 13:03:13(-2) fakelogged DEBUG in 🤯: [2024-07-16 08:03:15.444 UTC] [Info] [Main] [Command] Vampie A. [Vampie]: /buyfrom 76561198802153579 46207
[DEBUG](staffLog) 13:03:26/07-16 13:03:15(-1) fakelogged DEBUG in 🤯: [2024-07-16 08:03:16.412 UTC] [Info] [Main] [Command] Vampie A. [Vampie]: /buyfrom 76561198802153579 46207
[DEBUG](staffLog) 13:03:26/07-16 13:03:15(-2) fakelogged DEBUG in 🤯: [2024-07-16 08:03:17.992 UTC] [Info] [Main] [Command] Vampie A. [Vampie]: /buyfrom 76561198802153579 46207
[DEBUG](staffLog) 13:04:04/07-16 13:03:42(-3) fakelogged DEBUG in 🤯: [2024-07-16 08:03:45.534 UTC] [Info] [Main] [Command] Vampie A. [Vampie]: /buyfrom 76561198024342616 55001
[DEBUG](staffLog) 13:04:04/07-16 13:03:45(-2) fakelogged DEBUG in 🤯: [2024-07-16 08:03:47.697 UTC] [Info] [Main] [Command] Vampie A. [Vampie]: /buyfrom 76561198024342616 55001
[DEBUG](staffLog) 13:04:04/07-16 13:03:47(-2) fakelogged DEBUG in 🤯: [2024-07-16 08:03:49.418 UTC] [Info] [Main] [Command] Vampie A. [Vampie]: /buyfrom 76561198024342616 55001
[DEBUG](staffLog) 13:04:04/07-16 13:03:51(-3) fakelogged DEBUG in 🤯: [2024-07-16 08:03:54.668 UTC] [Info] [Main] [Command] Vampie A. [Vampie]: /buyfrom 76561198024342616 46207
[DEBUG](staffLog) 13:04:15/07-16 13:03:59(-3) fakelogged DEBUG in 🤯: [2024-07-16 08:04:02.472 UTC] [Info] [Main] [Command] Vampie A. [Vampie]: /buyfrom 76561198024342616 46207
[DEBUG](staffLog) 13:04:15/07-16 13:04:03(-3) fakelogged DEBUG in 🤯: [2024-07-16 08:04:06.069 UTC] [Info] [Main] [Command] Vampie A. [Vampie]: /buyfrom 76561198024342616 46208
[DEBUG](staffLog) 13:04:23/07-16 13:04:09(-1) fakelogged DEBUG in 🤯: [2024-07-16 08:04:10.831 UTC] [Info] [Main] [Command] Vampie A. [Vampie]: /buyfrom 76561198024342616 46208
[DEBUG](staffLog) 13:04:33/07-16 13:04:16(-2) logged CHAT in 🥶: [2024-07-16 08:04:18.262 UTC] [Info] [Main] [Global] Vampie A. [Vampie]: Who selling GM6
[DEBUG](staffLog) 13:04:33/07-16 13:04:15(-3) fakelogged DEBUG in 🤯: [2024-07-16 08:04:18.961 UTC] [Info] [Main] [Command] Silly Person :3 [Angel_Abov3]: /buyfrom 76561198835684363 55002
[DEBUG](staffLog) 13:04:33/07-16 13:04:16(-3) fakelogged DEBUG in 🤯: [2024-07-16 08:04:19.509 UTC] [Info] [Main] [Command] Vampie A. [Vampie]: /buyfrom 76561198024342616 46208
[DEBUG](staffLog) 13:04:33/07-16 13:04:21(-1) fakelogged DEBUG in 🤯: [2024-07-16 08:04:22.595 UTC] [Info] [Main] [Command] Silly Person :3 [Angel_Abov3]: /buyfrom 76561198835684363 55002
[DEBUG](staffLog) 13:04:34/07-16 13:04:22(-1) fakelogged DEBUG in 🤯: [2024-07-16 08:04:23.018 UTC] [Info] [Main] [Command] Vampie A. [Vampie]: /buyfrom 76561198024342616 46208
[DEBUG](staffLog) 13:05:06/07-16 13:04:49(-2) fakelogged DEBUG in 🤯: [2024-07-16 08:04:51.463 UTC] [Info] [Main] [Command] Silly Person :3 [Angel_Abov3]: /buyfrom 76561198835684363 69
[DEBUG](staffLog) 13:05:07/07-16 13:04:53(-1) logged CHAT in 🥶: [2024-07-16 08:04:54.798 UTC] [Info] [Main] [Global] Vampie A. [Vampie]: Wth nevermind
[DEBUG](staffLog) 13:05:25/07-16 13:05:08(-1) logged CHAT in 🥶: [2024-07-16 08:05:09.274 UTC] [Info] [Main] [Global] Vampie A. [Vampie]: Who got adrenaline
[DEBUG](staffLog) 13:05:27/07-16 13:05:13(-2) logged CHAT in 🥶: [2024-07-16 08:05:15.144 UTC] [Info] [Main] [Global] Vampie A. [Vampie]: Sure
[DEBUG](staffLog) 13:06:38/07-16 13:06:17(-3) logged DEBUG in debug-logs: [2024-07-16 08:06:20.163 UTC] [Info] [Main] [Command] Vampie A. [Vampie]: /pay bcox 1200000
[DEBUG](staffLog) 13:06:38/07-16 13:06:20(-1) fakelogged DEBUG in 🤯: [2024-07-16 08:06:21.437 UTC] [Info] [Main] [Command] Silly Person :3 [Angel_Abov3]: /vault kappa
[DEBUG](staffLog) 13:06:53/07-16 13:06:25(-2) logged CHAT in 🥶: [2024-07-16 08:06:27.831 UTC] [Info] [Main] [Global] Vampie A. [Vampie]: Wooo
[DEBUG](staffLog) 13:08:22/07-16 13:08:00(-1) logged DEBUG in debug-logs: [2024-07-16 08:08:01.507 UTC] [Info] [Main] [Command] Vampie A. [Vampie]: /pay nebula 75000
[DEBUG](staffLog) 13:08:22/07-16 13:08:05(-2) fakelogged DEBUG in 🤯: [2024-07-16 08:08:07.839 UTC] [Info] [Main] [Command] Vampie A. [Vampie]: /vault stash
[DEBUG](staffLog) 13:08:55/07-16 13:08:40(-1) fakelogged DEBUG in 🤯: [2024-07-16 08:08:41.511 UTC] [Info] [Main] [Command] Vampie A. [Vampie]: /vault stash
[DEBUG](staffLog) 13:09:16/07-16 13:08:59(-3) logged DEBUG in debug-logs: [2024-07-16 08:09:02.409 UTC] [Info] [Main] [Command] Vampie A. [Vampie]: /pay nebula 180000
[DEBUG](staffLog) 13:09:33/07-16 13:09:25(-1) fakelogged DEBUG in 🤯: [2024-07-16 08:09:26.902 UTC] [Info] [Main] [Command] Vampie A. [Vampie]: /vault stash
[DEBUG](staffLog) 13:10:06/07-16 13:09:47(-3) logged DEBUG in debug-logs: [2024-07-16 08:09:50.733 UTC] [Info] [Main] [Command] Vampie A. [Vampie]: /sellto 76561198844615074 13004
[DEBUG](staffLog) 13:10:13/07-16 13:09:56(-3) fakelogged DEBUG in 🤯: [2024-07-16 08:09:59.306 UTC] [Info] [Main] [Command] Vampie A. [Vampie]: /vault stash
[DEBUG](staffLog) 13:10:55/07-16 13:10:37(-1) fakelogged DEBUG in 🤯: [2024-07-16 08:10:38.249 UTC] [Info] [Main] [Command] Vampie A. [Vampie]: /vault stash
[DEBUG](staffLog) 13:10:55/07-16 13:10:42(-2) fakelogged DEBUG in 🤯: [2024-07-16 08:10:44.509 UTC] [Info] [Main] [Command] Vampie A. [Vampie]: /vault stash++
[DEBUG](staffLog) 13:13:03/07-16 13:12:47(-1) fakelogged DEBUG in 🤯: [2024-07-16 08:12:48.702 UTC] [Info] [Main] [Command] Vampie A. [Vampie]: /vault stash
[DEBUG](staffLog) 13:13:14/07-16 13:12:57(-2) fakelogged DEBUG in 🤯: [2024-07-16 08:12:59.662 UTC] [Info] [Main] [Command] Vampie A. [Vampie]: /vault stash
[DEBUG](staffLog) 13:14:05/07-16 13:13:50(-3) fakelogged DEBUG in 🤯: [2024-07-16 08:13:53.251 UTC] [Info] [Main] [Command] Vampie A. [Vampie]: /vault stash
[DEBUG](staffLog) 13:14:33/07-16 13:14:20(-1) fakelogged DEBUG in 🤯: [2024-07-16 08:14:21.704 UTC] [Info] [Main] [Command] Vampie A. [Vampie]: /buyfrom 76561198802153579 26008
[DEBUG](staffLog) 13:14:33/07-16 13:14:23(-2) fakelogged DEBUG in 🤯: [2024-07-16 08:14:25.695 UTC] [Info] [Main] [Command] Vampie A. [Vampie]: /buyfrom 76561198802153579 26006
[DEBUG](staffLog) 13:14:33/07-16 13:14:25(-1) fakelogged DEBUG in 🤯: [2024-07-16 08:14:26.917 UTC] [Info] [Main] [Command] Vampie A. [Vampie]: /buyfrom 76561198802153579 26006
[DEBUG](staffLog) 13:14:33/07-16 13:14:24(-3) fakelogged DEBUG in 🤯: [2024-07-16 08:14:27.700 UTC] [Info] [Main] [Command] Vampie A. [Vampie]: /buyfrom 76561198802153579 26006
[DEBUG](staffLog) 13:14:43/07-16 13:14:26(-2) fakelogged DEBUG in 🤯: [2024-07-16 08:14:28.305 UTC] [Info] [Main] [Command] Vampie A. [Vampie]: /buyfrom 76561198802153579 26006
[DEBUG](staffLog) 13:14:43/07-16 13:14:28(-1) fakelogged DEBUG in 🤯: [2024-07-16 08:14:29.304 UTC] [Info] [Main] [Command] Vampie A. [Vampie]: /buyfrom 76561198802153579 26006
[DEBUG](staffLog) 13:14:43/07-16 13:14:30(-1) fakelogged DEBUG in 🤯: [2024-07-16 08:14:31.282 UTC] [Info] [Main] [Command] Vampie A. [Vampie]: /buyfrom 76561198802153579 26004
[DEBUG](staffLog) 13:14:43/07-16 13:14:32(-1) fakelogged DEBUG in 🤯: [2024-07-16 08:14:33.103 UTC] [Info] [Main] [Command] Vampie A. [Vampie]: /buyfrom 76561198802153579 26004
[DEBUG](staffLog) 13:14:55/07-16 13:14:37(-1) fakelogged DEBUG in 🤯: [2024-07-16 08:14:38.842 UTC] [Info] [Main] [Command] Vampie A. [Vampie]: /buyfrom 76561198802153579 26004
[DEBUG](staffLog) 13:14:55/07-16 13:14:42(-1) fakelogged DEBUG in 🤯: [2024-07-16 08:14:43.457 UTC] [Info] [Main] [Command] Vampie A. [Vampie]: /buyfrom 76561198802153579 26004
[DEBUG](staffLog) 13:15:05/07-16 13:14:48(-3) fakelogged DEBUG in 🤯: [2024-07-16 08:14:51.972 UTC] [Info] [Main] [Command] Vampie A. [Vampie]: /buyfrom 76561198802153579 76
[DEBUG](staffLog) 13:15:15/07-16 13:14:56(-2) fakelogged DEBUG in 🤯: [2024-07-16 08:14:58.287 UTC] [Info] [Main] [Command] Vampie A. [Vampie]: /vault stash
[DEBUG](staffLog) 13:15:34/07-16 13:15:23(-3) fakelogged DEBUG in 🤯: [2024-07-16 08:15:26.035 UTC] [Info] [Main] [Command] Vampie A. [Vampie]: /buyfrom 76561198024342616 26008
[DEBUG](staffLog) 13:15:43/07-16 13:15:27(-2) fakelogged DEBUG in 🤯: [2024-07-16 08:15:29.500 UTC] [Info] [Main] [Command] Vampie A. [Vampie]: /buyfrom 76561198024342616 26008
[DEBUG](staffLog) 13:15:43/07-16 13:15:29(-1) fakelogged DEBUG in 🤯: [2024-07-16 08:15:30.583 UTC] [Info] [Main] [Command] Vampie A. [Vampie]: /buyfrom 76561198024342616 26008
[DEBUG](staffLog) 13:15:53/07-16 13:15:37(-3) fakelogged DEBUG in 🤯: [2024-07-16 08:15:40.798 UTC] [Info] [Main] [Command] Vampie A. [Vampie]: /vault stash
[DEBUG](staffLog) 13:16:20/07-16 13:15:52(-1) logged CHAT in 🥶: [2024-07-16 08:15:53.684 UTC] [Info] [Main] [Global] Vampie A. [Vampie]: Who got wires
[DEBUG](staffLog) 13:16:32/07-16 13:16:19(-1) logged DEBUG in debug-logs: [2024-07-16 08:16:20.630 UTC] [Info] [Main] [Command] Silly Person :3 [Angel_Abov3]: /checkxp notqq
[DEBUG](staffLog) 13:16:52/07-16 13:16:30(-2) fakelogged DEBUG in 🤯: [2024-07-16 08:16:32.591 UTC] [Info] [Main] [Command] Vampie A. [Vampie]: /buyfrom 76561198835684363 58215
[DEBUG](staffLog) 13:16:53/07-16 13:16:36(-1) logged DEBUG in debug-logs: [2024-07-16 08:16:37.581 UTC] [Info] [Main] [Command] Silly Person :3 [Angel_Abov3]: /pay qq 2000000
[DEBUG](staffLog) 13:17:35/07-16 13:17:17(-3) fakelogged DEBUG in 🤯: [2024-07-16 08:17:20.613 UTC] [Info] [Main] [Command] Vampie A. [Vampie]: /buyfrom 76561198371352951 13000
[DEBUG](staffLog) 13:17:35/07-16 13:17:20(-3) logged MSG in 🌹: [2024-07-16 08:17:23.589 UTC] [Info] [Main] [Command] [3-B QUEST SHOP] Miyukii [Miyuki]: /pm pog careful with em they run 4 man inter and just camp
[DEBUG](staffLog) 13:17:35/07-16 13:17:23(-1) fakelogged DEBUG in 🤯: [2024-07-16 08:17:24.055 UTC] [Info] [Main] [Command] Vampie A. [Vampie]: /buyfrom 76561198371352951 13000
[DEBUG](staffLog) 13:17:35/07-16 13:17:24(-1) fakelogged DEBUG in 🤯: [2024-07-16 08:17:25.429 UTC] [Info] [Main] [Command] Vampie A. [Vampie]: /buyfrom 76561198371352951 13000
[DEBUG](staffLog) 13:17:45/07-16 13:17:28(-1) fakelogged DEBUG in 🤯: [2024-07-16 08:17:29.474 UTC] [Info] [Main] [Command] Vampie A. [Vampie]: /buyfrom 76561198371352951 13000
[DEBUG](staffLog) 13:17:45/07-16 13:17:29(-1) logged R in 🌹: [2024-07-16 08:17:30.584 UTC] [Info] [Main] [Command] Pog [Cheese]: /r fuck me
[DEBUG](staffLog) 13:17:45/07-16 13:17:31(-1) fakelogged DEBUG in 🤯: [2024-07-16 08:17:32.297 UTC] [Info] [Main] [Command] Vampie A. [Vampie]: /vault stash
[DEBUG](staffLog) 13:17:54/07-16 13:17:36(-1) logged R in 🌹: [2024-07-16 08:17:37.929 UTC] [Info] [Main] [Command] Pog [Cheese]: /r also i was joking
[DEBUG](staffLog) 13:17:54/07-16 13:17:46(-1) fakelogged DEBUG in 🤯: [2024-07-16 08:17:47.604 UTC] [Info] [Main] [Command] Vampie A. [Vampie]: /vault stash
[DEBUG](staffLog) 13:18:14/07-16 13:17:52(-1) logged R in 🌹: [2024-07-16 08:17:53.897 UTC] [Info] [Main] [Command] Pog [Cheese]: /r didnt actually bring my boombox
[DEBUG](staffLog) 13:18:26/07-16 13:18:13(-1) fakelogged DEBUG in 🤯: [2024-07-16 08:18:14.639 UTC] [Info] [Main] [Command] Vampie A. [Vampie]: /vault stash++
[DEBUG](staffLog) 13:23:44/07-16 13:23:25(-3) logged CHAT in 🥶: [2024-07-16 08:23:28.089 UTC] [Info] [Main] [Global] Silly Person :3 [Angel_Abov3]: ig
[DEBUG](staffLog) 13:34:05/07-16 13:33:47(-1) fakelogged DEBUG in 🤯: [2024-07-16 08:33:48.673 UTC] [Info] [Main] [Command] Silly Person :3 [Angel_Abov3]: /vault kappa
[DEBUG](staffLog) 13:39:01/07-16 13:38:41(-2) logged MSG in 🌹: [2024-07-16 08:38:43.225 UTC] [Info] [Main] [Command] Lman [Cat With A Gat]: /msg harm yo u got blue card by chance?
[DEBUG](staffLog) 13:39:28/07-16 13:39:06(-3) logged MSG in 🌹: [2024-07-16 08:39:09.762 UTC] [Info] [Main] [Command] Lman [Cat With A Gat]: /msg harm ill pay your labs card back if you come open blue room for me lol
[DEBUG](staffLog) 13:40:18/07-16 13:39:57(-3) logged MSG in 🌹: [2024-07-16 08:40:00.645 UTC] [Info] [Main] [Command] banana [dirty bubble bandit.camp]: /pm why u got a blue card
[DEBUG](staffLog) 13:40:19/07-16 13:39:57(-3) logged MSG in 🌹: [2024-07-16 08:40:00.696 UTC] [Info] [Main] [Command] DaChamp [DaChamp]: /pm segean ult b
[DEBUG](staffLog) 13:40:26/07-16 13:40:15(-1) logged MSG in 🌹: [2024-07-16 08:40:16.701 UTC] [Info] [Main] [Command] Lman [Cat With A Gat]: /msg grey yo grey do you have blue access card?
[DEBUG](staffLog) 13:40:36/07-16 13:40:19(-3) logged MSG in 🌹: [2024-07-16 08:40:22.488 UTC] [Info] [Main] [Command] DaChamp [DaChamp]: /pm segean ult b
[DEBUG](staffLog) 13:43:43/07-16 13:43:27(-1) fakelogged DEBUG in 🤯: [2024-07-16 08:43:28.755 UTC] [Info] [Main] [Command] Silly Person :3 [Angel_Abov3]: /vault kappa
[ERROR](staffParse) error parsing 'NoneType' object has no attribute 'group' | {'name': 'R', 'aliases': [], 'channel': 1256769061791072317, 'public': False, 'text': 'player "{}" said "{}"', 'textArgs': ['sender', 'all'], 'autocomplete': True, 'color': 34001} | [2024-07-16 08:54:24.196 UTC] [Info] [Main] [Command] fry1015 [timothy]: /r

[DEBUG](staffLog) 14:00:44/07-16 14:00:26(-2) logged DISCONNECTING in 🤐: [2024-07-16 09:00:28.669 UTC] [Info] [Main] Disconnecting: PlayerID: 76561198259451520 Steam Name: Vampie Character name: Vampie A. Nick: Vampie Group: 112589998075098001 Session Length 1.2 Hours
[DEBUG](staffLog) 14:00:44/07-16 14:00:27(-1) logged DISCONNECTING in 🤐: [2024-07-16 09:00:28.795 UTC] [Info] [Main] Disconnecting: PlayerID: 76561198856241780 Steam Name: Angel_Abov3 Character name: Silly Person :3 Nick: Silly Person :3 Group: 112589998502859633 Session Length 3.31 Hours
[INFO](retrieveLog) server restarted 1339 758
[DEBUG](staffLog) 14:03:44/07-16 14:03:27(-2) logged CONNECTING in 🤣: [2024-07-16 09:03:29.636 UTC] [Info] [Main] Connecting: PlayerID: 76561198856241780 Steam Name: Angel_Abov3 Character name: Silly Person :3 Nick: Silly Person :3 Group: 112589998502859633 Join GUID: dba3de42-d215-4d29-b438-0859f73acdd2 Character Slot: 0 Language: English
[DEBUG](staffLog) 14:04:11/07-16 14:03:59(-3) logged DISCONNECTING in 🤐: [2024-07-16 09:04:02.652 UTC] [Info] [Main] Disconnecting: PlayerID: 76561198856241780 Steam Name: Angel_Abov3 Character name: Silly Person :3 Nick: Silly Person :3 Group: 112589998502859633 Session Length 33.02 Seconds
[DEBUG](staffLog) 14:04:33/07-16 14:04:25(-2) logged CONNECTING in 🤣: [2024-07-16 09:04:27.037 UTC] [Info] [Main] Connecting: PlayerID: 76561198856241780 Steam Name: Angel_Abov3 Character name: Silly Person :3 Nick: Silly Person :3 Group: 112589998502859633 Join GUID: 81892cbe-41c6-4a9c-8443-0c9984476a0b Character Slot: 0 Language: English
[DEBUG](staffLog) 14:05:22/07-16 14:05:11(-1) logged CONNECTING in 🤣: [2024-07-16 09:05:12.810 UTC] [Info] [Main] Connecting: PlayerID: 76561198259451520 Steam Name: Vampie Character name: Vampie A. Nick: Vampie Group: 112589998075098001 Join GUID: bedbca28-4f9e-4a99-96f3-1fcea1368d56 Character Slot: 0 Language: English
[DEBUG](staffLog) 14:05:31/07-16 14:05:25(-1) logged DISCONNECTING in 🤐: [2024-07-16 09:05:26.573 UTC] [Info] [Main] Disconnecting: PlayerID: 76561198856241780 Steam Name: Angel_Abov3 Character name: Silly Person :3 Nick: Silly Person :3 Group: 112589998502859633 Session Length 59.54 Seconds
[DEBUG](staffLog) 14:06:33/07-16 14:06:24(-2) logged CONNECTING in 🤣: [2024-07-16 09:06:26.258 UTC] [Info] [Main] Connecting: PlayerID: 76561198856241780 Steam Name: Angel_Abov3 Character name: Silly Person :3 Nick: Silly Person :3 Group: 112589998502859633 Join GUID: 66a895c0-b5ac-49de-a5b5-6d1a2edf7c37 Character Slot: 0 Language: English
[DEBUG](staffLog) 14:08:11/07-16 14:07:58(-1) logged DISCONNECTING in 🤐: [2024-07-16 09:07:59.793 UTC] [Info] [Main] Disconnecting: PlayerID: 76561198259451520 Steam Name: Vampie Character name: Vampie A. Nick: Vampie Group: 112589998075098001 Session Length 2.78 Minutes
[DEBUG](staffLog) 14:08:21/07-16 14:08:10(-1) fakelogged DEBUG in 🤯: [2024-07-16 09:08:11.595 UTC] [Info] [Main] [Command] Silly Person :3 [Angel_Abov3]: /vault kappa
[DEBUG](staffLog) 14:08:21/07-16 14:08:12(-3) fakelogged DEBUG in 🤯: [2024-07-16 09:08:15.664 UTC] [Info] [Main] [Command] Silly Person :3 [Angel_Abov3]: /vault gamma
[DEBUG](staffLog) 14:13:41/07-16 14:13:34(-2) logged R in 🌹: [2024-07-16 09:13:36.686 UTC] [Info] [Main] [Command] Silly Person :3 [Angel_Abov3]: /r wahr
[DEBUG](staffLog) 14:13:51/07-16 14:13:39(-1) logged R in 🌹: [2024-07-16 09:13:40.280 UTC] [Info] [Main] [Command] Pog [Cheese]: /r u stinky
[DEBUG](staffLog) 14:13:51/07-16 14:13:42(-2) logged R in 🌹: [2024-07-16 09:13:44.957 UTC] [Info] [Main] [Command] Pog [Cheese]: /r <3
[DEBUG](staffLog) 14:14:51/07-16 14:14:40(-1) logged MSG in 🌹: [2024-07-16 09:14:41.144 UTC] [Info] [Main] [Command] Humble [Fenix Flexin #Rustypot]: /pm bcox ill take both
[DEBUG](staffLog) 14:15:11/07-16 14:15:05(-1) logged SERVER in 😃: [2024-07-16 09:15:06.366 UTC] [Info] [Main] [Command] Silly Person :3 [Angel_Abov3]: /server 30
[DEBUG](staffLog) 14:15:11/07-16 14:15:05(-1) logged DISCONNECTING in 🤐: [2024-07-16 09:15:06.808 UTC] [Info] [Main] Disconnecting: PlayerID: 76561198856241780 Steam Name: Angel_Abov3 Character name: Silly Person :3 Nick: Silly Person :3 Group: 112589998502859633 Session Length 8.68 Minutes
[DEBUG](staffLog) 14:17:53/07-16 14:17:44(-1) logged CONNECTING in 🤣: [2024-07-16 09:17:45.665 UTC] [Info] [Main] Connecting: PlayerID: 76561199183989090 Steam Name: Godly Character name: Godly Nick: Godly Group: 0 Join GUID: f5d047f9-b375-4a2e-b657-b0950eecac59 Character Slot: 0 Language: English
[DEBUG](staffLog) 14:19:51/07-16 14:19:38(-1) logged CHAT in 🥶: [2024-07-16 09:19:39.104 UTC] [Info] [Main] [Global] Godly [Godly]: :sob:
[DEBUG](staffLog) 14:19:51/07-16 14:19:42(-3) logged CHAT in 🥶: [2024-07-16 09:19:45.608 UTC] [Info] [Main] [Global] Godly [Godly]: im not playing this wipe
[DEBUG](staffLog) 14:20:11/07-16 14:20:02(-1) logged CHAT in 🥶: [2024-07-16 09:20:03.327 UTC] [Info] [Main] [Global] Godly [Godly]: hi
[DEBUG](staffLog) 14:20:11/07-16 14:20:04(-1) logged CHAT in 🥶: [2024-07-16 09:20:05.663 UTC] [Info] [Main] [Global] Godly [Godly]: its me
[DEBUG](staffLog) 14:20:21/07-16 14:20:15(-2) logged CHAT in 🥶: [2024-07-16 09:20:17.164 UTC] [Info] [Main] [Global] Godly [Godly]: bc im not feeling it ill be back next wipe
[DEBUG](staffLog) 14:20:31/07-16 14:20:17(-1) logged CHAT in 🥶: [2024-07-16 09:20:18.534 UTC] [Info] [Main] [Global] Godly [Godly]: <3
[DEBUG](staffLog) 14:20:41/07-16 14:20:26(-3) logged CHAT in 🥶: [2024-07-16 09:20:29.367 UTC] [Info] [Main] [Global] Godly [Godly]: hi
[DEBUG](staffLog) 14:21:01/07-16 14:20:54(-1) logged CHAT in 🥶: [2024-07-16 09:20:55.484 UTC] [Info] [Main] [Global] Godly [Godly]: bc br br to br
[DEBUG](staffLog) 14:22:31/07-16 14:22:21(-3) logged CHAT in 🥶: [2024-07-16 09:22:24.131 UTC] [Info] [Main] [Global] Godly [Godly]: a little over a year
[DEBUG](staffLog) 14:22:51/07-16 14:22:43(-3) logged CHAT in 🥶: [2024-07-16 09:22:46.886 UTC] [Info] [Main] [Global] Godly [Godly]: we almost at 4k hours i wanna end it
[DEBUG](staffLog) 14:24:11/07-16 14:23:59(-1) logged CHAT in 🥶: [2024-07-16 09:24:00.585 UTC] [Info] [Main] [Global] Godly [Godly]: id say about 800 ngl
[DEBUG](staffLog) 14:25:41/07-16 14:25:34(-2) logged SERVER in 😃: [2024-07-16 09:25:36.819 UTC] [Info] [Main] [Command] Godly [Godly]: /server 1
[DEBUG](staffLog) 14:25:42/07-16 14:25:34(-3) logged DISCONNECTING in 🤐: [2024-07-16 09:25:37.085 UTC] [Info] [Main] Disconnecting: PlayerID: 76561199183989090 Steam Name: Godly Character name: Godly Nick: Godly Group: 0 Session Length 7.86 Minutes
