[INFO](retrieveLog) wrote 36.661497MB to latest.log in 2.740490436553955
[DEBUG](staffLog) 14:29:37/07-05 14:28:34(-1) logged MSG in 🌹: [2024-07-05 09:28:35.209 UTC] [Info] [Main] [Command] Pog [Cheese]: /pm ysa wanna see a cool picture
[DEBUG](staffLog) 14:29:45/07-05 14:28:52(-1) logged R in 🌹: [2024-07-05 09:28:53.338 UTC] [Info] [Main] [Command] ysa<3 [Womp Womp < 3]: /r i cant rn :sob:
[DEBUG](staffLog) 14:55:37/07-05 14:54:32(-3) logged VANISH in vanish: [2024-07-05 09:54:35.067 UTC] [Info] [Main] [Command] 猫猫糕 [stacey]: /vanish
[DEBUG](staffLog) 14:55:38/07-05 14:54:34(-2) logged TP in tp: [2024-07-05 09:54:36.834 UTC] [Info] [Main] Pandahut >> 猫猫糕 (76561198878832149) - Teleported to zbs (76561198795745260 at South East of Arena (2402.269 0.2293437 1362.283) from North West of Range (329.8057 65.31445 2645.776)
[DEBUG](staffLog) 14:55:55/07-05 14:54:58(-3) logged TP in tp: [2024-07-05 09:55:01.516 UTC] [Info] [Main] Pandahut >> 猫猫糕 (76561198878832149) - Teleported to zbs (76561198795745260 at East of gorge (2352.953 0.231819 902.3281) from South East of Arena (2402.495 0.2122433 1361.807)
[DEBUG](staffLog) 14:56:47/07-05 14:55:48(-1) logged SERVER in 😃: [2024-07-05 09:55:49.204 UTC] [Info] [Main] [Command] 猫猫糕 [stacey]: /server 11
[DEBUG](staffLog) 14:58:15/07-05 14:57:13(-2) logged VANISH in vanish: [2024-07-05 09:57:15.042 UTC] [Info] [Main] [Command] 猫猫糕 [stacey]: /vanish
[DEBUG](staffLog) 14:58:16/07-05 14:57:15(-1) logged TP in tp: [2024-07-05 09:57:16.720 UTC] [Info] [Main] Pandahut >> 猫猫糕 (76561198878832149) - Teleported to zbs (76561198795745260 at East of Arena (2572.438 0.2293437 1358.582) from East of gorge (2354.372 0.2278569 906.0623)
[DEBUG](staffLog) 14:58:25/07-05 14:57:25(-2) logged TP in tp: [2024-07-05 09:57:27.200 UTC] [Info] [Main] Pandahut >> 猫猫糕 (76561198878832149) - Teleported to zbs (76561198795745260 at East of Arena (2571.068 0.2293435 1365.759) from East of Arena (2572.798 0.2122427 1359.787)
[DEBUG](staffLog) 14:58:26/07-05 14:57:26(-3) logged TP in tp: [2024-07-05 09:57:29.600 UTC] [Info] [Main] Pandahut >> 猫猫糕 (76561198878832149) - Teleported to zbs (76561198795745260 at North West of Range (358.3458 65.31445 2614.705) from East of Arena (2572.366 0.2293437 1365.387)
[DEBUG](staffLog) 14:58:45/07-05 14:57:43(-2) logged MSG in 🌹: [2024-07-05 09:57:45.881 UTC] [Info] [Main] [Command] [3-B QUEST SHOP] Miyukii [Miyuki]: /pm rek diin ka?
[DEBUG](staffLog) 14:58:45/07-05 14:57:52(-1) logged MSG in 🌹: [2024-07-05 09:57:53.784 UTC] [Info] [Main] [Command] [3-B QUEST SHOP] Miyukii [Miyuki]: /pm free hoy
[DEBUG](staffLog) 14:58:55/07-05 14:57:58(-3) logged TP in tp: [2024-07-05 09:58:01.240 UTC] [Info] [Main] Pandahut >> 猫猫糕 (76561198878832149) - Teleported to zbs (76561198795745260 at South West of gorge (947.2736 44.72184 956.3794) from North West of Range (314.6089 65.06445 2666.127)
[DEBUG](staffLog) 14:58:55/07-05 14:57:59(-3) logged TP in tp: [2024-07-05 09:58:02.787 UTC] [Info] [Main] Pandahut >> 猫猫糕 (76561198878832149) - Teleported to zbs (76561198795745260 at South West of gorge (936.2372 44.72184 951.2585) from West of gorge (726.4046 44.72184 1071.326)
[DEBUG](staffLog) 15:04:25/07-05 15:03:24(-2) logged TP in tp: [2024-07-05 10:03:26.357 UTC] [Info] [Main] Pandahut >> 猫猫糕 (76561198878832149) - Teleported to zbs (76561198795745260 at North West of Range (319.717 65.76444 2667.92) from North West of Range (314.8025 65.06445 2667.992)
[DEBUG](staffLog) 15:04:45/07-05 15:03:42(-3) logged SERVER in 😃: [2024-07-05 10:03:45.260 UTC] [Info] [Main] [Command] 猫猫糕 [stacey]: /server 1
[DEBUG](staffLog) 15:33:15/07-05 15:32:15(-3) logged MSG in 🌹: [2024-07-05 10:32:18.795 UTC] [Info] [Main] [Command] [3-B QUEST SHOP] Miyukii [Miyuki]: /pm rek sulod lng ko dc dugay2
[DEBUG](staffLog) 15:33:55/07-05 15:32:54(-2) fakelogged DEBUG in 🤯: [2024-07-05 10:32:56.418 UTC] [Info] [Main] [Command] 猫猫糕 [stacey]: /doortp
[DEBUG](staffLog) 15:33:55/07-05 15:33:01(-3) logged DEBUG in debug-logs: [2024-07-05 10:33:04.399 UTC] [Info] [Main] [Command] 猫猫糕 [stacey]: /open
[DEBUG](staffLog) 15:41:08/07-05 15:40:13(-1) logged CHAT in 🥶: [2024-07-05 10:40:14.127 UTC] [Info] [Main] [Group] 猫猫糕 [stacey]: tt
[DEBUG](staffLog) 15:42:05/07-05 15:41:06(-3) logged CHAT in 🥶: [2024-07-05 10:41:09.254 UTC] [Info] [Main] [Group] 猫猫糕 [stacey]: tt
[DEBUG](staffLog) 16:13:05/07-05 16:12:12(-1) logged MSG in 🌹: [2024-07-05 11:12:13.916 UTC] [Info] [Main] [Command] [3-B QUEST SHOP] Miyukii [Miyuki]: /pm julian get me 10 wood and ill give you 100k
