[INFO](retrieveLog) wrote 10.906589MB to latest.log in 1.7423019409179688
[INFO](staffParse) CAUGHT UP TO LATEST 46
[DEBUG](staffLog) 15:14:27/07-07 15:13:36(-3) logged MSG in 🌹: [2024-07-07 10:13:39.792 UTC] [Info] [Main] [Command] Bella<3 [Womp Womp < 3]: /pm hyper 240
[DEBUG](staffLog) 15:14:47/07-07 15:13:50(-2) logged MSG in 🌹: [2024-07-07 10:13:52.423 UTC] [Info] [Main] [Command] Bella<3 [Womp Womp < 3]: /pm hyper i sell cheaper the more u buy
[DEBUG](staffLog) 15:14:57/07-07 15:14:03(-3) logged MSG in 🌹: [2024-07-07 10:14:06.208 UTC] [Info] [Main] [Command] HyperChar [HyperChar]: /pm Bella wb 5?
[DEBUG](staffLog) 15:15:07/07-07 15:14:10(-1) logged R in 🌹: [2024-07-07 10:14:11.676 UTC] [Info] [Main] [Command] Bella<3 [Womp Womp < 3]: /r 220
[DEBUG](staffLog) 15:15:17/07-07 15:14:26(-2) logged MSG in 🌹: [2024-07-07 10:14:28.705 UTC] [Info] [Main] [Command] HyperChar [HyperChar]: /pm bella I'll push 6 then
[DEBUG](staffLog) 15:15:27/07-07 15:14:33(-1) logged R in 🌹: [2024-07-07 10:14:34.223 UTC] [Info] [Main] [Command] Bella<3 [Womp Womp < 3]: /r still 220
[DEBUG](staffLog) 15:15:27/07-07 15:14:39(-1) logged MSG in 🌹: [2024-07-07 10:14:40.942 UTC] [Info] [Main] [Command] HyperChar [HyperChar]: /pm bella alright
[DEBUG](staffLog) 15:15:37/07-07 15:14:45(-3) logged R in 🌹: [2024-07-07 10:14:48.385 UTC] [Info] [Main] [Command] Bella<3 [Womp Womp < 3]: /r i do 210 but tahts when smoen bought like 15
[DEBUG](staffLog) 15:15:47/07-07 15:14:49(-2) logged R in 🌹: [2024-07-07 10:14:51.377 UTC] [Info] [Main] [Command] Bella<3 [Womp Womp < 3]: /r olops
[DEBUG](staffLog) 15:15:47/07-07 15:14:55(-2) logged R in 🌹: [2024-07-07 10:14:57.446 UTC] [Info] [Main] [Command] Pog [Cheese]: /r nice one
[DEBUG](staffLog) 15:15:57/07-07 15:14:59(-2) logged MSG in 🌹: [2024-07-07 10:15:01.916 UTC] [Info] [Main] [Command] Bella<3 [Womp Womp < 3]: /pm hyper i do 210 but tahts when smoen bought like 15
[DEBUG](staffLog) 15:16:17/07-07 15:15:28(-1) logged MSG in 🌹: [2024-07-07 10:15:29.258 UTC] [Info] [Main] [Command] HyperChar [HyperChar]: /pm bella ehh I mean i guess i could just have a random surplus of 15 so sure
[DEBUG](staffLog) 15:17:47/07-07 15:16:50(-2) logged MSG in 🌹: [2024-07-07 10:16:52.800 UTC] [Info] [Main] [Command] HyperChar [HyperChar]: /pm bella, i'ma be real wit you i put a fuckin 1 on accident
[DEBUG](staffLog) 15:17:57/07-07 15:17:01(-2) logged MSG in 🌹: [2024-07-07 10:17:03.859 UTC] [Info] [Main] [Command] HyperChar [HyperChar]: /pm bella I needed 5 but i added a fucking 1 before :sob:
[DEBUG](staffLog) 15:18:07/07-07 15:17:19(-1) logged R in 🌹: [2024-07-07 10:17:20.536 UTC] [Info] [Main] [Command] Bella<3 [Womp Womp < 3]: /r oh wait u need 6 or 15 :sob:
[DEBUG](staffLog) 15:18:17/07-07 15:17:25(-2) logged MSG in 🌹: [2024-07-07 10:17:27.024 UTC] [Info] [Main] [Command] HyperChar [HyperChar]: /pm bella 5-6
[DEBUG](staffLog) 15:18:27/07-07 15:17:31(-3) logged R in 🌹: [2024-07-07 10:17:34.868 UTC] [Info] [Main] [Command] Bella<3 [Womp Womp < 3]: /r oh 6 is
[DEBUG](staffLog) 15:18:27/07-07 15:17:39(-1) logged R in 🌹: [2024-07-07 10:17:40.611 UTC] [Info] [Main] [Command] Pog [Cheese]: /r come to your apartment when you can
[DEBUG](staffLog) 15:19:47/07-07 15:18:46(-1) logged R in 🌹: [2024-07-07 10:18:47.404 UTC] [Info] [Main] [Command] Pog [Cheese]: /r btw do you get bipods at lvl 4 mechanic?
[DEBUG](staffLog) 15:19:57/07-07 15:18:57(-1) logged R in 🌹: [2024-07-07 10:18:58.552 UTC] [Info] [Main] [Command] Bella<3 [Womp Womp < 3]: /r yes
[DEBUG](staffLog) 15:19:58/07-07 15:18:59(-3) logged R in 🌹: [2024-07-07 10:19:02.074 UTC] [Info] [Main] [Command] Pog [Cheese]: /r crazy
[DEBUG](staffLog) 15:20:07/07-07 15:19:07(-2) logged R in 🌹: [2024-07-07 10:19:09.442 UTC] [Info] [Main] [Command] Pog [Cheese]: /r come to your apartment when you can
[DEBUG](staffLog) 15:25:37/07-07 15:24:37(-2) logged R in 🌹: [2024-07-07 10:24:39.475 UTC] [Info] [Main] [Command] Pog [Cheese]: /r gonna rock interchange
[DEBUG](staffLog) 15:26:37/07-07 15:25:35(-1) logged R in 🌹: [2024-07-07 10:25:36.234 UTC] [Info] [Main] [Command] Pog [Cheese]: /r imagine getting spawn camped
[DEBUG](staffLog) 15:26:37/07-07 15:25:36(-2) logged R in 🌹: [2024-07-07 10:25:38.834 UTC] [Info] [Main] [Command] Pog [Cheese]: /r jk
[DEBUG](staffLog) 15:27:37/07-07 15:26:34(-1) logged MSG in 🌹: [2024-07-07 10:26:35.556 UTC] [Info] [Main] [Command] [3-B QUEST SHOP] Miyukii [Miyuki]: /pm bella there are 2 of them guys camping i saw them earlier in reserve camping spawn
[DEBUG](staffLog) 15:29:27/07-07 15:28:26(-3) logged MSG in 🌹: [2024-07-07 10:28:29.118 UTC] [Info] [Main] [Command] Bella<3 [Womp Womp < 3]: /pm pog its not at city
[DEBUG](staffLog) 15:29:37/07-07 15:28:35(-2) logged R in 🌹: [2024-07-07 10:28:37.520 UTC] [Info] [Main] [Command] Pog [Cheese]: /r no shit i can see
[DEBUG](staffLog) 15:29:37/07-07 15:28:40(-1) logged R in 🌹: [2024-07-07 10:28:41.485 UTC] [Info] [Main] [Command] Pog [Cheese]: /r lol
[DEBUG](staffLog) 15:29:47/07-07 15:28:46(-2) logged R in 🌹: [2024-07-07 10:28:48.495 UTC] [Info] [Main] [Command] Pog [Cheese]: /r i can hear yo ass
[DEBUG](staffLog) 15:31:29/07-07 15:30:33(-1) logged R in 🌹: [2024-07-07 10:30:34.004 UTC] [Info] [Main] [Command] Pog [Cheese]: /r you can come back lol
[DEBUG](staffLog) 15:31:37/07-07 15:30:38(-3) logged R in 🌹: [2024-07-07 10:30:41.430 UTC] [Info] [Main] [Command] Bella<3 [Womp Womp < 3]: /r nahh
[DEBUG](staffLog) 15:31:47/07-07 15:30:43(-1) logged R in 🌹: [2024-07-07 10:30:44.224 UTC] [Info] [Main] [Command] Bella<3 [Womp Womp < 3]: /r ima change guns
[DEBUG](staffLog) 15:31:47/07-07 15:30:49(-2) logged R in 🌹: [2024-07-07 10:30:51.199 UTC] [Info] [Main] [Command] Pog [Cheese]: /r get a secondary smh
[DEBUG](staffLog) 15:33:17/07-07 15:32:16(-2) logged R in 🌹: [2024-07-07 10:32:18.191 UTC] [Info] [Main] [Command] Bella<3 [Womp Womp < 3]: /r i made like 900k from that campijg
[DEBUG](staffLog) 15:33:27/07-07 15:32:26(-1) logged R in 🌹: [2024-07-07 10:32:27.735 UTC] [Info] [Main] [Command] Bella<3 [Womp Womp < 3]: /r i got 2 ledx n 1 phased array
[DEBUG](staffLog) 15:33:37/07-07 15:32:31(-3) logged R in 🌹: [2024-07-07 10:32:34.167 UTC] [Info] [Main] [Command] Pog [Cheese]: /r watched a mfer died
[DEBUG](staffLog) 15:36:47/07-07 15:35:52(-1) logged R in 🌹: [2024-07-07 10:35:53.162 UTC] [Info] [Main] [Command] Pog [Cheese]: /r some mfer got a transmitter
[DEBUG](staffLog) 15:37:07/07-07 15:36:03(-2) logged R in 🌹: [2024-07-07 10:36:05.282 UTC] [Info] [Main] [Command] Bella<3 [Womp Womp < 3]: /r UR SO MEAN
[DEBUG](staffLog) 15:37:07/07-07 15:36:06(-3) logged R in 🌹: [2024-07-07 10:36:09.011 UTC] [Info] [Main] [Command] Bella<3 [Womp Womp < 3]: /R HSE TRYNA DO A QUEST
[DEBUG](staffLog) 15:37:17/07-07 15:36:12(-3) logged R in 🌹: [2024-07-07 10:36:15.099 UTC] [Info] [Main] [Command] Pog [Cheese]: /r I DIDNT KNOW :(
[DEBUG](staffLog) 15:39:57/07-07 15:38:59(-3) logged R in 🌹: [2024-07-07 10:39:02.671 UTC] [Info] [Main] [Command] Pog [Cheese]: /r want a taki
[DEBUG](staffLog) 15:40:17/07-07 15:39:12(-2) logged R in 🌹: [2024-07-07 10:39:14.138 UTC] [Info] [Main] [Command] Bella<3 [Womp Womp < 3]: /r 1sec
[DEBUG](staffLog) 15:40:47/07-07 15:39:48(-1) logged R in 🌹: [2024-07-07 10:39:49.653 UTC] [Info] [Main] [Command] Pog [Cheese]: /r hes by the school
[DEBUG](staffLog) 15:41:37/07-07 15:40:38(-2) logged R in 🌹: [2024-07-07 10:40:40.839 UTC] [Info] [Main] [Command] Bella<3 [Womp Womp < 3]: /r by the schoool wehre
[DEBUG](staffLog) 15:41:47/07-07 15:40:45(-3) logged R in 🌹: [2024-07-07 10:40:48.845 UTC] [Info] [Main] [Command] Pog [Cheese]: /r idfk near there
[DEBUG](staffLog) 15:43:07/07-07 15:42:10(-3) logged R in 🌹: [2024-07-07 10:42:13.567 UTC] [Info] [Main] [Command] Pog [Cheese]: /r hes on the back area of school on the right of the brown apartment
[DEBUG](staffLog) 15:43:17/07-07 15:42:16(-3) logged R in 🌹: [2024-07-07 10:42:19.139 UTC] [Info] [Main] [Command] Pog [Cheese]: /r yw
[DEBUG](staffLog) 15:43:27/07-07 15:42:26(-1) logged R in 🌹: [2024-07-07 10:42:27.391 UTC] [Info] [Main] [Command] Bella<3 [Womp Womp < 3]: /r tall tower
[DEBUG](staffLog) 15:43:37/07-07 15:42:36(-2) logged R in 🌹: [2024-07-07 10:42:38.302 UTC] [Info] [Main] [Command] Pog [Cheese]: /r idfk what that is
[DEBUG](staffLog) 15:43:47/07-07 15:42:46(-1) logged R in 🌹: [2024-07-07 10:42:47.318 UTC] [Info] [Main] [Command] Pog [Cheese]: /r i been only playing unturnov for 3 weeks
[DEBUG](staffLog) 15:44:47/07-07 15:43:51(-2) logged R in 🌹: [2024-07-07 10:43:53.453 UTC] [Info] [Main] [Command] Bella<3 [Womp Womp < 3]: /r hes nwoehre
[DEBUG](staffLog) 15:45:17/07-07 15:44:16(-1) logged R in 🌹: [2024-07-07 10:44:17.424 UTC] [Info] [Main] [Command] Pog [Cheese]: /r ima try and do it
[DEBUG](staffLog) 15:50:17/07-07 15:49:19(-3) logged R in 🌹: [2024-07-07 10:49:22.217 UTC] [Info] [Main] [Command] Pog [Cheese]: /r FUCK YOU :SOB:
[DEBUG](staffLog) 15:50:37/07-07 15:49:38(-1) logged R in 🌹: [2024-07-07 10:49:39.199 UTC] [Info] [Main] [Command] Pog [Cheese]: /r so mean
[DEBUG](staffLog) 15:51:27/07-07 15:50:26(-3) logged MSG in 🌹: [2024-07-07 10:50:29.431 UTC] [Info] [Main] [Command] Man or Bear [Taunting]: /pm yes 16b
[DEBUG](staffLog) 15:52:17/07-07 15:51:13(-3) logged R in 🌹: [2024-07-07 10:51:16.350 UTC] [Info] [Main] [Command] Pog [Cheese]: /r go to your apart
[DEBUG](staffLog) 15:57:07/07-07 15:56:11(-2) logged MSG in 🌹: [2024-07-07 10:56:13.990 UTC] [Info] [Main] [Command] headtaps [headtaps]: /pm miyuki YOOOOOOOOOOOO
[DEBUG](staffLog) 15:57:17/07-07 15:56:16(-1) logged R in 🌹: [2024-07-07 10:56:17.517 UTC] [Info] [Main] [Command] [3-B QUEST SHOP] Miyukii [Miyuki]: /r yea?
[DEBUG](staffLog) 15:57:17/07-07 15:56:20(-2) logged R in 🌹: [2024-07-07 10:56:22.890 UTC] [Info] [Main] [Command] headtaps [headtaps]: /r whats good bro
[DEBUG](staffLog) 15:57:27/07-07 15:56:32(-1) logged R in 🌹: [2024-07-07 10:56:33.442 UTC] [Info] [Main] [Command] [3-B QUEST SHOP] Miyukii [Miyuki]: /r im going broke
[DEBUG](staffLog) 15:57:37/07-07 15:56:36(-2) logged R in 🌹: [2024-07-07 10:56:38.739 UTC] [Info] [Main] [Command] headtaps [headtaps]: /r wdym lmfao?
[DEBUG](staffLog) 15:57:47/07-07 15:56:50(-2) logged MSG in 🌹: [2024-07-07 10:56:52.217 UTC] [Info] [Main] [Command] Sopita [Sopita-Kun]: /pm shadow "Hello bro, i need black cry CPC armored vest you have?"
[DEBUG](staffLog) 15:57:47/07-07 15:56:50(-3) logged R in 🌹: [2024-07-07 10:56:53.343 UTC] [Info] [Main] [Command] [3-B QUEST SHOP] Miyukii [Miyuki]: /r i prev have 30m now 22m
[DEBUG](staffLog) 15:57:58/07-07 15:57:00(-1) logged R in 🌹: [2024-07-07 10:57:01.109 UTC] [Info] [Main] [Command] headtaps [headtaps]: /r fuck you lmfao
[DEBUG](staffLog) 15:58:07/07-07 15:57:02(-3) logged R in 🌹: [2024-07-07 10:57:05.771 UTC] [Info] [Main] [Command] headtaps [headtaps]: /r I have 750k
[DEBUG](staffLog) 15:58:17/07-07 15:57:13(-1) logged R in 🌹: [2024-07-07 10:57:14.378 UTC] [Info] [Main] [Command] [3-B QUEST SHOP] Miyukii [Miyuki]: /r tf happened to you?
[DEBUG](staffLog) 15:58:27/07-07 15:57:27(-1) logged R in 🌹: [2024-07-07 10:57:28.043 UTC] [Info] [Main] [Command] headtaps [headtaps]: /r when you are next at your base ill tell you lmfao
[DEBUG](staffLog) 15:58:37/07-07 15:57:36(-3) logged R in 🌹: [2024-07-07 10:57:39.590 UTC] [Info] [Main] [Command] [3-B QUEST SHOP] Miyukii [Miyuki]: /r ok
[DEBUG](staffLog) 15:58:57/07-07 15:57:55(-2) logged MSG in 🌹: [2024-07-07 10:57:57.895 UTC] [Info] [Main] [Command] Sopita [Sopita-Kun]: /pm shadow "i need 2 and Black PVS-31 Nightvision have?"
[DEBUG](staffLog) 16:01:57/07-07 16:01:00(-3) logged MSG in 🌹: [2024-07-07 11:01:03.997 UTC] [Info] [Main] [Command] Sopita [Sopita-Kun]: /pm shadow "ok I'll buy it give me a moment I'm going out"
[DEBUG](staffLog) 16:03:07/07-07 16:02:06(-2) logged MSG in 🌹: [2024-07-07 11:02:08.409 UTC] [Info] [Main] [Command] Sopita [Sopita-Kun]: /pm shadow "It would be the black vest and the black vision, how much for both?"
[DEBUG](staffLog) 16:03:17/07-07 16:02:20(-3) logged MSG in 🌹: [2024-07-07 11:02:23.608 UTC] [Info] [Main] [Command] Sopita [Sopita-Kun]: /pm "Ok, what floor are you on?"
[DEBUG](staffLog) 16:03:27/07-07 16:02:29(-3) logged MSG in 🌹: [2024-07-07 11:02:32.868 UTC] [Info] [Main] [Command] Sopita [Sopita-Kun]: /pm shadow "Ok, what floor are you on?"
[DEBUG](staffLog) 16:13:57/07-07 16:13:00(-2) logged R in 🌹: [2024-07-07 11:13:02.577 UTC] [Info] [Main] [Command] headtaps [headtaps]: /R FUCK
[DEBUG](staffLog) 16:16:17/07-07 16:15:17(-2) logged MSG in 🌹: [2024-07-07 11:15:19.818 UTC] [Info] [Main] [Command] headtaps [headtaps]: /PM MIYUKI i lost my base
[DEBUG](staffLog) 16:16:27/07-07 16:15:24(-3) logged MSG in 🌹: [2024-07-07 11:15:27.892 UTC] [Info] [Main] [Command] [3-B QUEST SHOP] Miyukii [Miyuki]: /pm head wtf happened?
[DEBUG](staffLog) 16:16:47/07-07 16:15:45(-2) logged R in 🌹: [2024-07-07 11:15:47.744 UTC] [Info] [Main] [Command] headtaps [headtaps]: /r I changed my door to a spot cause I wanted to move and I forgot what floor my loot is on bruhh
[DEBUG](staffLog) 16:16:57/07-07 16:15:56(-3) logged R in 🌹: [2024-07-07 11:15:59.918 UTC] [Info] [Main] [Command] [3-B QUEST SHOP] Miyukii [Miyuki]: /r noooo
[DEBUG](staffLog) 16:17:17/07-07 16:16:19(-3) logged R in 🌹: [2024-07-07 11:16:22.010 UTC] [Info] [Main] [Command] [3-B QUEST SHOP] Miyukii [Miyuki]: /r just scan all floor
[DEBUG](staffLog) 16:18:07/07-07 16:17:09(-2) logged R in 🌹: [2024-07-07 11:17:11.917 UTC] [Info] [Main] [Command] headtaps [headtaps]: /r I FOUND IT THANK GOD
[DEBUG](staffLog) 16:26:37/07-07 16:25:33(-3) logged MSG in 🌹: [2024-07-07 11:25:36.596 UTC] [Info] [Main] [Command] headtaps [headtaps]: /pm miyuki im at your base I got some dogtags
[DEBUG](staffLog) 16:35:37/07-07 16:34:32(-2) logged MSG in 🌹: [2024-07-07 11:34:34.922 UTC] [Info] [Main] [Command] headtaps [headtaps]: /pm miyuki where u at?
[DEBUG](staffLog) 16:35:37/07-07 16:34:38(-3) logged R in 🌹: [2024-07-07 11:34:41.937 UTC] [Info] [Main] [Command] [3-B QUEST SHOP] Miyukii [Miyuki]: /r at my appartment
[DEBUG](staffLog) 16:48:47/07-07 16:47:50(-2) logged R in 🌹: [2024-07-07 11:47:52.729 UTC] [Info] [Main] [Command] headtaps [headtaps]: /r where do I get the big safe door?
[DEBUG](staffLog) 16:49:47/07-07 16:48:47(-3) logged MSG in 🌹: [2024-07-07 11:48:50.526 UTC] [Info] [Main] [Command] headtaps [headtaps]: /pm miyuki ???
[DEBUG](staffLog) 16:51:57/07-07 16:50:56(-2) logged MSG in 🌹: [2024-07-07 11:50:58.894 UTC] [Info] [Main] [Command] headtaps [headtaps]: /pm ashley do you know where I get the big metal vault door?
[DEBUG](staffLog) 17:39:57/07-07 17:38:55(-3) logged MSG in 🌹: [2024-07-07 12:38:58.873 UTC] [Info] [Main] [Command] Sopita [Sopita-Kun]: /pm coolgates 200k?
[DEBUG](staffLog) 17:40:17/07-07 17:39:17(-1) logged R in 🌹: [2024-07-07 12:39:18.321 UTC] [Info] [Main] [Command] COOLGATES [COOLGATES ( #1 KANADE FAN )]: /r its even more expensive
[DEBUG](staffLog) 17:40:27/07-07 17:39:26(-3) logged R in 🌹: [2024-07-07 12:39:29.930 UTC] [Info] [Main] [Command] Sopita [Sopita-Kun]: /r How much?
[DEBUG](staffLog) 17:40:47/07-07 17:39:47(-2) logged R in 🌹: [2024-07-07 12:39:49.569 UTC] [Info] [Main] [Command] COOLGATES [COOLGATES ( #1 KANADE FAN )]: /r around 300-500k
[DEBUG](staffLog) 17:41:07/07-07 17:40:07(-1) logged R in 🌹: [2024-07-07 12:40:08.482 UTC] [Info] [Main] [Command] COOLGATES [COOLGATES ( #1 KANADE FAN )]: /r if u want cheaper ask someone to buy it for u
[DEBUG](staffLog) 17:41:37/07-07 17:40:33(-2) logged R in 🌹: [2024-07-07 12:40:35.005 UTC] [Info] [Main] [Command] Sopita [Sopita-Kun]: /r 350K
[DEBUG](staffLog) 17:41:37/07-07 17:40:39(-2) logged R in 🌹: [2024-07-07 12:40:41.444 UTC] [Info] [Main] [Command] COOLGATES [COOLGATES ( #1 KANADE FAN )]: /r ok then
[DEBUG](staffLog) 17:41:47/07-07 17:40:45(-2) logged R in 🌹: [2024-07-07 12:40:47.325 UTC] [Info] [Main] [Command] COOLGATES [COOLGATES ( #1 KANADE FAN )]: /r come 15b
[DEBUG](staffLog) 17:42:17/07-07 17:41:15(-3) logged R in 🌹: [2024-07-07 12:41:18.126 UTC] [Info] [Main] [Command] COOLGATES [COOLGATES ( #1 KANADE FAN )]: /r come 15b
[DEBUG](staffLog) 17:56:47/07-07 17:55:48(-1) logged MSG in 🌹: [2024-07-07 12:55:49.117 UTC] [Info] [Main] [Command] Sopita [Sopita-Kun]: /pm Store "hi"
[DEBUG](staffLog) 17:56:57/07-07 17:55:54(-2) logged MSG in 🌹: [2024-07-07 12:55:56.280 UTC] [Info] [Main] [Command] Sopita [Sopita-Kun]: /pm Store "Looking for L115A3 any for sale?"
[DEBUG](staffLog) 18:03:47/07-07 18:02:46(-2) fakelogged CONNECTING in 🤯: [2024-07-07 13:02:48.767 UTC] [Info] [Main] Connecting: PlayerID: 76561198878832149 Steam Name: stacey Character name: 猫猫糕 Nick: stacey da cat Group: 112589999263478627 Join GUID: eb119202-fe67-471c-8dd5-1a18fbaf70f4 Character Slot: 0 Language: English
[DEBUG](staffLog) 18:04:07/07-07 18:03:10(-2) fakelogged DEBUG in 🤯: [2024-07-07 13:03:12.214 UTC] [Info] [Main] [Command] 猫猫糕 [stacey]: /doortp
[DEBUG](staffLog) 18:04:17/07-07 18:03:17(-1) logged DEBUG in debug-logs: [2024-07-07 13:03:18.613 UTC] [Info] [Main] [Command] 猫猫糕 [stacey]: /open
[DEBUG](staffLog) 18:04:37/07-07 18:03:41(-2) logged CHAT in 🥶: [2024-07-07 13:03:43.657 UTC] [Info] [Main] [Global] 猫猫糕 [stacey]: wai
[DEBUG](staffLog) 18:04:47/07-07 18:03:47(-1) logged CHAT in 🥶: [2024-07-07 13:03:48.358 UTC] [Info] [Main] [Global] 猫猫糕 [stacey]: was there a roll back?
[DEBUG](staffLog) 18:04:57/07-07 18:04:01(-2) fakelogged DEBUG in 🤯: [2024-07-07 13:04:03.833 UTC] [Info] [Main] [Command] 猫猫糕 [stacey]: /vault stash++
[DEBUG](staffLog) 18:05:17/07-07 18:04:18(-2) logged CHAT in 🥶: [2024-07-07 13:04:20.797 UTC] [Info] [Main] [Global] 猫猫糕 [stacey]: am a staff but i don't control the server
[DEBUG](staffLog) 18:05:27/07-07 18:04:30(-1) logged MSG in 🌹: [2024-07-07 13:04:31.002 UTC] [Info] [Main] [Command] Sopita [Sopita-Kun]: /pm miyuki "Hey miyuki! I'm looking for a L115A3 and a T-5000 Tochnost Do you have any for sale?"
[DEBUG](staffLog) 18:06:08/07-07 18:05:03(-3) fakelogged DEBUG in 🤯: [2024-07-07 13:05:06.962 UTC] [Info] [Main] [Command] 猫猫糕 [stacey]: /stuck
[DEBUG](staffLog) 18:06:37/07-07 18:05:41(-2) fakelogged DEBUG in 🤯: [2024-07-07 13:05:43.292 UTC] [Info] [Main] [Command] 猫猫糕 [stacey]: /doortp
[DEBUG](staffLog) 18:07:27/07-07 18:06:23(-1) fakelogged DEBUG in 🤯: [2024-07-07 13:06:24.286 UTC] [Info] [Main] [Command] 猫猫糕 [stacey]: /stuck
[DEBUG](staffLog) 18:07:47/07-07 18:06:47(-1) fakelogged DEBUG in 🤯: [2024-07-07 13:06:48.055 UTC] [Info] [Main] [Command] 猫猫糕 [stacey]: /doortp
[DEBUG](staffLog) 18:08:37/07-07 18:07:42(-1) fakelogged CONNECTING in 🤯: [2024-07-07 13:07:43.022 UTC] [Info] [Main] Connecting: PlayerID: 76561199183989090 Steam Name: Godly Character name: Godly Nick: Godly Group: 112589999263478627 Join GUID: c808da3a-3888-4ac8-9a71-05ee2dc65665 Character Slot: 0 Language: English
[DEBUG](staffLog) 18:09:07/07-07 18:08:03(-1) logged CHAT in 🥶: [2024-07-07 13:08:04.999 UTC] [Info] [Main] [Global] 猫猫糕 [stacey]: ULT A LABS CARD
[DEBUG](staffLog) 18:09:08/07-07 18:08:05(-2) logged DEBUG in debug-logs: [2024-07-07 13:08:07.139 UTC] [Info] [Main] [Command] 猫猫糕 [stacey]: /smod
[DEBUG](staffLog) 18:09:08/07-07 18:08:05(-3) logged DEBUG in debug-logs: [2024-07-07 13:08:08.608 UTC] [Info] [Main] [Command] 猫猫糕 [stacey]: /doorrtp
[DEBUG](staffLog) 18:09:17/07-07 18:08:14(-1) fakelogged DEBUG in 🤯: [2024-07-07 13:08:15.136 UTC] [Info] [Main] [Command] Godly [Godly]: /doortp
[DEBUG](staffLog) 18:09:17/07-07 18:08:15(-3) logged CHAT in 🥶: [2024-07-07 13:08:18.196 UTC] [Info] [Main] [Global] 猫猫糕 [stacey]: we got 300 more in shop
[DEBUG](staffLog) 18:09:17/07-07 18:08:18(-1) fakelogged DEBUG in 🤯: [2024-07-07 13:08:19.735 UTC] [Info] [Main] [Command] 猫猫糕 [stacey]: /stuck
[DEBUG](staffLog) 18:09:47/07-07 18:08:51(-1) fakelogged DEBUG in 🤯: [2024-07-07 13:08:52.824 UTC] [Info] [Main] [Command] 猫猫糕 [stacey]: /doortp
[DEBUG](staffLog) 18:10:57/07-07 18:09:59(-1) fakelogged DEBUG in 🤯: [2024-07-07 13:10:00.278 UTC] [Info] [Main] [Command] 猫猫糕 [stacey]: /stuck
[DEBUG](staffLog) 18:11:07/07-07 18:10:10(-2) fakelogged DEBUG in 🤯: [2024-07-07 13:10:12.811 UTC] [Info] [Main] [Command] 猫猫糕 [stacey]: /doortp
[DEBUG](staffLog) 18:11:17/07-07 18:10:16(-1) logged DEBUG in debug-logs: [2024-07-07 13:10:17.952 UTC] [Info] [Main] [Command] 猫猫糕 [stacey]: /mod
[DEBUG](staffLog) 18:11:17/07-07 18:10:18(-1) logged DEBUG in debug-logs: [2024-07-07 13:10:19.141 UTC] [Info] [Main] [Command] 猫猫糕 [stacey]: /open
[DEBUG](staffLog) 18:11:18/07-07 18:10:17(-2) logged DEBUG in debug-logs: [2024-07-07 13:10:19.531 UTC] [Info] [Main] [Command] Godly [Godly]: /smod
[DEBUG](staffLog) 18:11:37/07-07 18:10:37(-3) logged CHAT in 🥶: [2024-07-07 13:10:40.411 UTC] [Info] [Main] [Group] 猫猫糕 [stacey]: wait for 1.2m?
[DEBUG](staffLog) 18:11:37/07-07 18:10:40(-3) fakelogged DEBUG in 🤯: [2024-07-07 13:10:43.327 UTC] [Info] [Main] [Command] 猫猫糕 [stacey]: /stuck
[DEBUG](staffLog) 18:11:47/07-07 18:10:44(-2) logged CHAT in 🥶: [2024-07-07 13:10:46.210 UTC] [Info] [Main] [Group] Godly [Godly]: yea
[DEBUG](staffLog) 18:11:49/07-07 18:10:46(-1) logged DEBUG in debug-logs: [2024-07-07 13:10:47.833 UTC] [Info] [Main] [Command] 猫猫糕 [stacey]: /smod
[DEBUG](staffLog) 18:11:49/07-07 18:10:48(-1) logged CHAT in 🥶: [2024-07-07 13:10:49.674 UTC] [Info] [Main] [Global] 猫猫糕 [stacey]: ashley
[DEBUG](staffLog) 18:11:49/07-07 18:10:51(-1) logged CHAT in 🥶: [2024-07-07 13:10:52.332 UTC] [Info] [Main] [Group] Godly [Godly]: ez
[DEBUG](staffLog) 18:11:57/07-07 18:10:54(-1) logged CHAT in 🥶: [2024-07-07 13:10:55.123 UTC] [Info] [Main] [Global] 猫猫糕 [stacey]: mp21 is the worst room
[DEBUG](staffLog) 18:12:07/07-07 18:11:03(-1) logged CHAT in 🥶: [2024-07-07 13:11:04.405 UTC] [Info] [Main] [Global] 猫猫糕 [stacey]: only nubs buy that room
[DEBUG](staffLog) 18:12:17/07-07 18:11:15(-1) fakelogged DEBUG in 🤯: [2024-07-07 13:11:16.015 UTC] [Info] [Main] [Command] Godly [Godly]: /stuck
[DEBUG](staffLog) 18:12:27/07-07 18:11:22(-3) fakelogged DEBUG in 🤯: [2024-07-07 13:11:25.804 UTC] [Info] [Main] [Command] 猫猫糕 [stacey]: /doortp
[DEBUG](staffLog) 18:12:27/07-07 18:11:25(-2) logged CHAT in 🥶: [2024-07-07 13:11:27.074 UTC] [Info] [Main] [Global] 猫猫糕 [stacey]: well
[DEBUG](staffLog) 18:12:27/07-07 18:11:29(-3) logged CHAT in 🥶: [2024-07-07 13:11:32.343 UTC] [Info] [Main] [Global] 猫猫糕 [stacey]: v0 WAS useful
[DEBUG](staffLog) 18:12:37/07-07 18:11:36(-1) logged CHAT in 🥶: [2024-07-07 13:11:37.191 UTC] [Info] [Main] [Global] 猫猫糕 [stacey]: it was a quest room
[DEBUG](staffLog) 18:12:37/07-07 18:11:40(-1) logged CHAT in 🥶: [2024-07-07 13:11:41.095 UTC] [Info] [Main] [Global] 猫猫糕 [stacey]: i prefer kprl
[DEBUG](staffLog) 18:12:57/07-07 18:11:54(-2) logged CHAT in 🥶: [2024-07-07 13:11:56.438 UTC] [Info] [Main] [Global] 猫猫糕 [stacey]: ong
[DEBUG](staffLog) 18:12:57/07-07 18:11:57(-3) logged CHAT in 🥶: [2024-07-07 13:12:00.660 UTC] [Info] [Main] [Group] Godly [Godly]: brb
[DEBUG](staffLog) 18:13:07/07-07 18:12:10(-1) logged CHAT in 🥶: [2024-07-07 13:12:11.864 UTC] [Info] [Main] [Global] 猫猫糕 [stacey]: thats because you never stay in that room long enough
[DEBUG](staffLog) 18:13:17/07-07 18:12:11(-3) logged MSG in 🌹: [2024-07-07 13:12:14.701 UTC] [Info] [Main] [Command] Sopita [Sopita-Kun]: /pm ashley "How much are you selling it for?"
[DEBUG](staffLog) 18:13:18/07-07 18:12:18(-2) logged CHAT in 🥶: [2024-07-07 13:12:20.082 UTC] [Info] [Main] [Global] 猫猫糕 [stacey]: it can spawn 10 lab cards at once
[DEBUG](staffLog) 18:13:18/07-07 18:12:20(-3) logged MSG in 🌹: [2024-07-07 13:12:23.710 UTC] [Info] [Main] [Command] Ashley [Dusty]: /pm sopita 1.2mil
[DEBUG](staffLog) 18:13:57/07-07 18:12:53(-3) logged MSG in 🌹: [2024-07-07 13:12:56.906 UTC] [Info] [Main] [Command] Ashley [Dusty]: /pm sopita u wanna buy?
[DEBUG](staffLog) 18:14:27/07-07 18:13:29(-2) logged R in 🌹: [2024-07-07 13:13:31.159 UTC] [Info] [Main] [Command] Sopita [Sopita-Kun]: /r Yes, I wanted to buy it for the mission, how much do you have it for?
[DEBUG](staffLog) 18:14:37/07-07 18:13:40(-1) logged CHAT in 🥶: [2024-07-07 13:13:41.278 UTC] [Info] [Main] [Global] 猫猫糕 [stacey]: 300k
[DEBUG](staffLog) 18:14:37/07-07 18:13:39(-2) logged MSG in 🌹: [2024-07-07 13:13:41.942 UTC] [Info] [Main] [Command] Ashley [Dusty]: /pm sopita 1.2 million
[DEBUG](staffLog) 18:14:38/07-07 18:13:41(-1) logged CHAT in 🥶: [2024-07-07 13:13:42.587 UTC] [Info] [Main] [Global] 猫猫糕 [stacey]: tt
[DEBUG](staffLog) 18:15:17/07-07 18:14:17(-3) logged MSG in 🌹: [2024-07-07 13:14:20.836 UTC] [Info] [Main] [Command] Sopita [Sopita-Kun]: /pm coolgates "Do you still sell the fishing rod?"
[DEBUG](staffLog) 18:15:27/07-07 18:14:24(-3) logged R in 🌹: [2024-07-07 13:14:27.913 UTC] [Info] [Main] [Command] COOLGATES [COOLGATES ( #1 KANADE FAN )]: /r yes
[DEBUG](staffLog) 18:15:37/07-07 18:14:36(-3) logged R in 🌹: [2024-07-07 13:14:39.396 UTC] [Info] [Main] [Command] COOLGATES [COOLGATES ( #1 KANADE FAN )]: /r come 15b
[DEBUG](staffLog) 18:16:07/07-07 18:15:06(-1) logged MSG in 🌹: [2024-07-07 13:15:07.705 UTC] [Info] [Main] [Command] Ashley [Dusty]: /pm sopita Do you want it or not? for 1.2 million
[DEBUG](staffLog) 18:16:07/07-07 18:15:06(-1) logged R in 🌹: [2024-07-07 13:15:07.772 UTC] [Info] [Main] [Command] COOLGATES [COOLGATES ( #1 KANADE FAN )]: /r im at 15b
[DEBUG](staffLog) 18:16:27/07-07 18:15:22(-3) logged CHAT in 🥶: [2024-07-07 13:15:25.851 UTC] [Info] [Main] [Group] Godly [Godly]: back
[DEBUG](staffLog) 18:16:47/07-07 18:15:43(-3) logged MSG in 🌹: [2024-07-07 13:15:46.596 UTC] [Info] [Main] [Command] Sopita [Sopita-Kun]: /pm ashley "I don't have enough money right now, I'll put it together and send you a message"
[DEBUG](staffLog) 18:16:47/07-07 18:15:51(-2) logged MSG in 🌹: [2024-07-07 13:15:53.197 UTC] [Info] [Main] [Command] Ashley [Dusty]: /pm sopita ok
[DEBUG](staffLog) 18:16:57/07-07 18:15:54(-2) logged R in 🌹: [2024-07-07 13:15:56.029 UTC] [Info] [Main] [Command] Sopita [Sopita-Kun]: /r Thank you also
[DEBUG](staffLog) 18:18:57/07-07 18:17:58(-2) logged CHAT in 🥶: [2024-07-07 13:18:00.029 UTC] [Info] [Main] [Global] 猫猫糕 [stacey]: man
[DEBUG](staffLog) 18:19:07/07-07 18:18:02(-3) logged CHAT in 🥶: [2024-07-07 13:18:05.393 UTC] [Info] [Main] [Global] 猫猫糕 [stacey]: just\
[DEBUG](staffLog) 18:19:07/07-07 18:18:09(-1) logged CHAT in 🥶: [2024-07-07 13:18:10.758 UTC] [Info] [Main] [Global] 猫猫糕 [stacey]: exprorle the map
[DEBUG](staffLog) 18:19:08/07-07 18:18:10(-2) fakelogged DEBUG in 🤯: [2024-07-07 13:18:12.898 UTC] [Info] [Main] [Command] 猫猫糕 [stacey]: /doortp
[DEBUG](staffLog) 18:19:17/07-07 18:18:13(-3) fakelogged DEBUG in 🤯: [2024-07-07 13:18:16.896 UTC] [Info] [Main] [Command] 猫猫糕 [stacey]: /stuck
[DEBUG](staffLog) 18:19:17/07-07 18:18:20(-2) fakelogged DEBUG in 🤯: [2024-07-07 13:18:22.741 UTC] [Info] [Main] [Command] Godly [Godly]: /vault
[DEBUG](staffLog) 18:19:37/07-07 18:18:40(-3) logged CHAT in 🥶: [2024-07-07 13:18:43.882 UTC] [Info] [Main] [Global] 猫猫糕 [stacey]: clearly you having explore enough'
[DEBUG](staffLog) 18:20:57/07-07 18:19:56(-1) fakelogged DEBUG in 🤯: [2024-07-07 13:19:57.859 UTC] [Info] [Main] [Command] 猫猫糕 [stacey]: /stuck
[DEBUG](staffLog) 18:20:57/07-07 18:19:58(-2) fakelogged DEBUG in 🤯: [2024-07-07 13:20:00.687 UTC] [Info] [Main] [Command] 猫猫糕 [stacey]: /doortp
[DEBUG](staffLog) 18:24:37/07-07 18:23:32(-2) fakelogged DEBUG in 🤯: [2024-07-07 13:23:34.061 UTC] [Info] [Main] [Command] Godly [Godly]: //Doortp
[DEBUG](staffLog) 18:25:37/07-07 18:24:38(-3) fakelogged DEBUG in 🤯: [2024-07-07 13:24:41.816 UTC] [Info] [Main] [Command] Godly [Godly]: /stuck
[DEBUG](staffLog) 18:25:47/07-07 18:24:42(-2) fakelogged DEBUG in 🤯: [2024-07-07 13:24:44.318 UTC] [Info] [Main] [Command] 猫猫糕 [stacey]: /stuck
[DEBUG](staffLog) 18:26:08/07-07 18:25:03(-2) logged CHAT in 🥶: [2024-07-07 13:25:05.416 UTC] [Info] [Main] [Group] 猫猫糕 [stacey]: e had
[DEBUG](staffLog) 18:26:08/07-07 18:25:06(-2) logged CHAT in 🥶: [2024-07-07 13:25:08.020 UTC] [Info] [Main] [Group] 猫猫糕 [stacey]: a great time
[DEBUG](staffLog) 18:26:17/07-07 18:25:15(-2) logged CHAT in 🥶: [2024-07-07 13:25:17.177 UTC] [Info] [Main] [Global] Godly [Godly]: tt
[DEBUG](staffLog) 18:26:18/07-07 18:25:14(-3) logged CHAT in 🥶: [2024-07-07 13:25:17.479 UTC] [Info] [Main] [Group] 猫猫糕 [stacey]: got my
[DEBUG](staffLog) 18:26:18/07-07 18:25:16(-3) logged CHAT in 🥶: [2024-07-07 13:25:19.949 UTC] [Info] [Main] [Group] 猫猫糕 [stacey]: lag shaking
[DEBUG](staffLog) 18:26:27/07-07 18:25:27(-3) fakelogged DEBUG in 🤯: [2024-07-07 13:25:30.810 UTC] [Info] [Main] [Command] 猫猫糕 [stacey]: /vault
[DEBUG](staffLog) 18:26:37/07-07 18:25:39(-3) logged CHAT in 🥶: [2024-07-07 13:25:42.074 UTC] [Info] [Main] [Group] 猫猫糕 [stacey]: what map
[DEBUG](staffLog) 18:26:57/07-07 18:26:01(-1) logged CHAT in 🥶: [2024-07-07 13:26:02.476 UTC] [Info] [Main] [Group] 猫猫糕 [stacey]: my tummy filled with your love as well <3
[DEBUG](staffLog) 18:27:17/07-07 18:26:13(-2) logged CHAT in 🥶: [2024-07-07 13:26:15.442 UTC] [Info] [Main] [Group] 猫猫糕 [stacey]: XD
[DEBUG](staffLog) 18:27:17/07-07 18:26:17(-1) logged CHAT in 🥶: [2024-07-07 13:26:18.909 UTC] [Info] [Main] [Group] 猫猫糕 [stacey]: yea i should stop
[DEBUG](staffLog) 18:28:07/07-07 18:27:08(-1) logged CHAT in 🥶: [2024-07-07 13:27:09.738 UTC] [Info] [Main] [Group] 猫猫糕 [stacey]: am in city
[DEBUG](staffLog) 18:28:37/07-07 18:27:37(-3) logged CHAT in 🥶: [2024-07-07 13:27:40.632 UTC] [Info] [Main] [Group] 猫猫糕 [stacey]: the
[DEBUG](staffLog) 18:28:38/07-07 18:27:38(-3) logged CHAT in 🥶: [2024-07-07 13:27:41.743 UTC] [Info] [Main] [Group] 猫猫糕 [stacey]: warm
[DEBUG](staffLog) 18:28:38/07-07 18:27:40(-2) logged CHAT in 🥶: [2024-07-07 13:27:42.614 UTC] [Info] [Main] [Group] 猫猫糕 [stacey]: and
[DEBUG](staffLog) 18:28:49/07-07 18:27:49(-2) logged CHAT in 🥶: [2024-07-07 13:27:51.192 UTC] [Info] [Main] [Group] 猫猫糕 [stacey]: sticky
[DEBUG](staffLog) 18:29:17/07-07 18:28:14(-2) logged CHAT in 🥶: [2024-07-07 13:28:16.508 UTC] [Info] [Main] [Group] 猫猫糕 [stacey]: i drank 1 tin can of beer
[DEBUG](staffLog) 18:29:37/07-07 18:28:32(-2) logged CHAT in 🥶: [2024-07-07 13:28:34.295 UTC] [Info] [Main] [Group] 猫猫糕 [stacey]: meaby 2
[DEBUG](staffLog) 18:29:47/07-07 18:28:49(-3) logged CHAT in 🥶: [2024-07-07 13:28:52.153 UTC] [Info] [Main] [Global] 猫猫糕 [stacey]: tt
[DEBUG](staffLog) 18:30:17/07-07 18:29:20(-1) logged CHAT in 🥶: [2024-07-07 13:29:21.529 UTC] [Info] [Main] [Group] 猫猫糕 [stacey]: full moon
[DEBUG](staffLog) 18:30:27/07-07 18:29:27(-2) fakelogged DEBUG in 🤯: [2024-07-07 13:29:29.493 UTC] [Info] [Main] [Command] Godly [Godly]: /vault
[DEBUG](staffLog) 18:30:27/07-07 18:29:29(-1) logged CHAT in 🥶: [2024-07-07 13:29:30.716 UTC] [Info] [Main] [Group] 猫猫糕 [stacey]: where
[DEBUG](staffLog) 18:30:37/07-07 18:29:31(-3) fakelogged DEBUG in 🤯: [2024-07-07 13:29:34.380 UTC] [Info] [Main] [Command] Godly [Godly]: /doortp
[DEBUG](staffLog) 18:30:37/07-07 18:29:34(-1) fakelogged DEBUG in 🤯: [2024-07-07 13:29:35.924 UTC] [Info] [Main] [Command] Godly [Godly]: /vault
[DEBUG](staffLog) 18:30:37/07-07 18:29:40(-1) logged CHAT in 🥶: [2024-07-07 13:29:41.166 UTC] [Info] [Main] [Group] 猫猫糕 [stacey]: where did you die
[DEBUG](staffLog) 18:30:57/07-07 18:29:55(-1) logged CHAT in 🥶: [2024-07-07 13:29:56.285 UTC] [Info] [Main] [Group] 猫猫糕 [stacey]: huh??
[DEBUG](staffLog) 18:31:07/07-07 18:30:12(-1) fakelogged DEBUG in 🤯: [2024-07-07 13:30:13.043 UTC] [Info] [Main] [Command] Godly [Godly]: /stuck
[DEBUG](staffLog) 18:31:28/07-07 18:30:22(-3) logged CHAT in 🥶: [2024-07-07 13:30:25.402 UTC] [Info] [Main] [Group] 猫猫糕 [stacey]: am dipping
[DEBUG](staffLog) 18:31:28/07-07 18:30:24(-2) logged CHAT in 🥶: [2024-07-07 13:30:26.868 UTC] [Info] [Main] [Group] 猫猫糕 [stacey]: no nvg
[DEBUG](staffLog) 18:31:29/07-07 18:30:27(-2) logged CHAT in 🥶: [2024-07-07 13:30:29.165 UTC] [Info] [Main] [Group] 猫猫糕 [stacey]: can't hold
[DEBUG](staffLog) 18:31:29/07-07 18:30:28(-2) fakelogged DEBUG in 🤯: [2024-07-07 13:30:30.577 UTC] [Info] [Main] [Command] 猫猫糕 [stacey]: /doortp
[DEBUG](staffLog) 18:31:29/07-07 18:30:29(-1) fakelogged DEBUG in 🤯: [2024-07-07 13:30:30.995 UTC] [Info] [Main] [Command] Godly [Godly]: /doortp
[DEBUG](staffLog) 18:32:17/07-07 18:31:13(-3) fakelogged DEBUG in 🤯: [2024-07-07 13:31:16.485 UTC] [Info] [Main] [Command] 猫猫糕 [stacey]: /stuck
[DEBUG](staffLog) 18:32:17/07-07 18:31:21(-2) fakelogged DEBUG in 🤯: [2024-07-07 13:31:23.656 UTC] [Info] [Main] [Command] Godly [Godly]: /stuck
[DEBUG](staffLog) 18:32:37/07-07 18:31:37(-3) fakelogged DEBUG in 🤯: [2024-07-07 13:31:40.176 UTC] [Info] [Main] [Command] Godly [Godly]: /doortp
[DEBUG](staffLog) 18:32:47/07-07 18:31:46(-1) fakelogged DEBUG in 🤯: [2024-07-07 13:31:47.395 UTC] [Info] [Main] [Command] Godly [Godly]: /stuck
[DEBUG](staffLog) 18:32:57/07-07 18:32:01(-2) fakelogged DEBUG in 🤯: [2024-07-07 13:32:03.776 UTC] [Info] [Main] [Command] 猫猫糕 [stacey]: /vault
[DEBUG](staffLog) 18:33:07/07-07 18:32:06(-2) fakelogged DEBUG in 🤯: [2024-07-07 13:32:08.900 UTC] [Info] [Main] [Command] Godly [Godly]: /doortp
[DEBUG](staffLog) 18:33:07/07-07 18:32:10(-2) logged CHAT in 🥶: [2024-07-07 13:32:12.172 UTC] [Info] [Main] [Group] 猫猫糕 [stacey]: someone
[DEBUG](staffLog) 18:33:07/07-07 18:32:12(-1) fakelogged DEBUG in 🤯: [2024-07-07 13:32:13.697 UTC] [Info] [Main] [Command] Godly [Godly]: /stuck
[DEBUG](staffLog) 18:33:17/07-07 18:32:14(-1) logged CHAT in 🥶: [2024-07-07 13:32:15.951 UTC] [Info] [Main] [Group] 猫猫糕 [stacey]: is going out with
[DEBUG](staffLog) 18:33:17/07-07 18:32:17(-3) logged CHAT in 🥶: [2024-07-07 13:32:20.033 UTC] [Info] [Main] [Group] 猫猫糕 [stacey]: amr i think
[DEBUG](staffLog) 18:33:18/07-07 18:32:19(-3) logged CHAT in 🥶: [2024-07-07 13:32:22.842 UTC] [Info] [Main] [Group] 猫猫糕 [stacey]: or not
[DEBUG](staffLog) 18:33:27/07-07 18:32:26(-3) fakelogged DEBUG in 🤯: [2024-07-07 13:32:29.521 UTC] [Info] [Main] [Command] Godly [Godly]: /vault
[DEBUG](staffLog) 18:35:27/07-07 18:34:30(-2) logged CHAT in 🥶: [2024-07-07 13:34:32.812 UTC] [Info] [Main] [Group] 猫猫糕 [stacey]: his
[DEBUG](staffLog) 18:35:37/07-07 18:34:33(-1) logged CHAT in 🥶: [2024-07-07 13:34:34.948 UTC] [Info] [Main] [Group] 猫猫糕 [stacey]: not
[DEBUG](staffLog) 18:35:37/07-07 18:34:34(-2) logged CHAT in 🥶: [2024-07-07 13:34:36.410 UTC] [Info] [Main] [Group] 猫猫糕 [stacey]: going
[DEBUG](staffLog) 18:35:47/07-07 18:34:51(-2) logged DEBUG in debug-logs: [2024-07-07 13:34:53.028 UTC] [Info] [Main] [Command] Godly [Godly]: /pay stacey 4000000
[DEBUG](staffLog) 18:35:57/07-07 18:34:53(-2) logged CHAT in 🥶: [2024-07-07 13:34:55.747 UTC] [Info] [Main] [Global] 猫猫糕 [stacey]: what map?
[DEBUG](staffLog) 18:35:57/07-07 18:34:55(-3) logged CHAT in 🥶: [2024-07-07 13:34:58.974 UTC] [Info] [Main] [Group] 猫猫糕 [stacey]: wait he went in
[DEBUG](staffLog) 18:35:58/07-07 18:34:58(-2) logged CHAT in 🥶: [2024-07-07 13:35:00.760 UTC] [Info] [Main] [Group] 猫猫糕 [stacey]: what ?
[DEBUG](staffLog) 18:36:07/07-07 18:35:06(-1) logged CHAT in 🥶: [2024-07-07 13:35:07.605 UTC] [Info] [Main] [Group] 猫猫糕 [stacey]: what in 2 day?
[DEBUG](staffLog) 18:36:08/07-07 18:35:10(-1) logged CHAT in 🥶: [2024-07-07 13:35:11.071 UTC] [Info] [Main] [Group] 猫猫糕 [stacey]: oh
[DEBUG](staffLog) 18:36:08/07-07 18:35:09(-3) logged CHAT in 🥶: [2024-07-07 13:35:12.366 UTC] [Info] [Main] [Group] 猫猫糕 [stacey]: sure
[DEBUG](staffLog) 18:36:17/07-07 18:35:12(-2) logged CHAT in 🥶: [2024-07-07 13:35:14.394 UTC] [Info] [Main] [Group] 猫猫糕 [stacey]: he went in
[DEBUG](staffLog) 18:36:17/07-07 18:35:13(-3) logged CHAT in 🥶: [2024-07-07 13:35:16.797 UTC] [Info] [Main] [Group] 猫猫糕 [stacey]: probly res
[DEBUG](staffLog) 18:36:47/07-07 18:35:43(-3) logged CHAT in 🥶: [2024-07-07 13:35:46.591 UTC] [Info] [Main] [Global] Godly [Godly]: tt
[DEBUG](staffLog) 18:36:47/07-07 18:35:51(-1) logged CHAT in 🥶: [2024-07-07 13:35:52.224 UTC] [Info] [Main] [Global] 猫猫糕 [stacey]: tt
[DEBUG](staffLog) 18:37:07/07-07 18:36:05(-1) logged CHAT in 🥶: [2024-07-07 13:36:06.791 UTC] [Info] [Main] [Group] 猫猫糕 [stacey]: not res?
[DEBUG](staffLog) 18:37:37/07-07 18:36:34(-3) logged CHAT in 🥶: [2024-07-07 13:36:37.650 UTC] [Info] [Main] [Group] 猫猫糕 [stacey]: let's go city
[DEBUG](staffLog) 18:37:47/07-07 18:36:44(-2) logged CHAT in 🥶: [2024-07-07 13:36:46.813 UTC] [Info] [Main] [Group] 猫猫糕 [stacey]: na
[DEBUG](staffLog) 18:37:47/07-07 18:36:47(-1) logged CHAT in 🥶: [2024-07-07 13:36:48.223 UTC] [Info] [Main] [Group] 猫猫糕 [stacey]: it was
[DEBUG](staffLog) 18:37:48/07-07 18:36:46(-3) logged CHAT in 🥶: [2024-07-07 13:36:49.814 UTC] [Info] [Main] [Group] 猫猫糕 [stacey]: seb
[DEBUG](staffLog) 18:37:57/07-07 18:36:53(-3) logged CHAT in 🥶: [2024-07-07 13:36:56.949 UTC] [Info] [Main] [Group] 猫猫糕 [stacey]: segean
[DEBUG](staffLog) 18:37:57/07-07 18:37:00(-1) logged CHAT in 🥶: [2024-07-07 13:37:01.171 UTC] [Info] [Main] [Group] 猫猫糕 [stacey]: txxg
[DEBUG](staffLog) 18:38:07/07-07 18:37:04(-2) logged CHAT in 🥶: [2024-07-07 13:37:06.342 UTC] [Info] [Main] [Group] 猫猫糕 [stacey]: ye
[DEBUG](staffLog) 18:38:27/07-07 18:37:29(-3) logged CHAT in 🥶: [2024-07-07 13:37:32.383 UTC] [Info] [Main] [Group] 猫猫糕 [stacey]: his in lab
[DEBUG](staffLog) 18:38:37/07-07 18:37:33(-2) logged CHAT in 🥶: [2024-07-07 13:37:35.769 UTC] [Info] [Main] [Group] 猫猫糕 [stacey]: wtf
[DEBUG](staffLog) 18:38:47/07-07 18:37:48(-2) logged CHAT in 🥶: [2024-07-07 13:37:50.716 UTC] [Info] [Main] [Group] 猫猫糕 [stacey]: am leaving
[DEBUG](staffLog) 18:38:57/07-07 18:37:57(-2) logged CHAT in 🥶: [2024-07-07 13:37:59.499 UTC] [Info] [Main] [Group] 猫猫糕 [stacey]: go laab
[DEBUG](staffLog) 18:39:17/07-07 18:38:14(-1) fakelogged DEBUG in 🤯: [2024-07-07 13:38:15.462 UTC] [Info] [Main] [Command] 猫猫糕 [stacey]: /stuck
[DEBUG](staffLog) 18:39:37/07-07 18:38:42(-1) fakelogged DEBUG in 🤯: [2024-07-07 13:38:43.985 UTC] [Info] [Main] [Command] 猫猫糕 [stacey]: /stuck
[DEBUG](staffLog) 18:39:47/07-07 18:38:48(-1) logged CHAT in 🥶: [2024-07-07 13:38:49.758 UTC] [Info] [Main] [Group] 猫猫糕 [stacey]: he left lab
[DEBUG](staffLog) 18:39:48/07-07 18:38:48(-2) logged CHAT in 🥶: [2024-07-07 13:38:50.643 UTC] [Info] [Main] [Group] 猫猫糕 [stacey]: bruh
[DEBUG](staffLog) 18:42:37/07-07 18:41:35(-1) logged CHAT in 🥶: [2024-07-07 13:41:36.372 UTC] [Info] [Main] [Global] Godly [Godly]: <3
[DEBUG](staffLog) 18:42:47/07-07 18:41:42(-2) fakelogged DEBUG in 🤯: [2024-07-07 13:41:44.436 UTC] [Info] [Main] [Command] 猫猫糕 [stacey]: /vault
[DEBUG](staffLog) 18:42:57/07-07 18:41:53(-1) fakelogged DEBUG in 🤯: [2024-07-07 13:41:54.454 UTC] [Info] [Main] [Command] 猫猫糕 [stacey]: /vault
[DEBUG](staffLog) 18:42:57/07-07 18:41:54(-3) logged CHAT in 🥶: [2024-07-07 13:41:57.891 UTC] [Info] [Main] [Global] Godly [Godly]: its quick dw
[DEBUG](staffLog) 18:44:37/07-07 18:43:34(-2) logged CHAT in 🥶: [2024-07-07 13:43:36.199 UTC] [Info] [Main] [Group] 猫猫糕 [stacey]: am at
[DEBUG](staffLog) 18:44:37/07-07 18:43:35(-3) logged CHAT in 🥶: [2024-07-07 13:43:38.583 UTC] [Info] [Main] [Group] 猫猫糕 [stacey]: ivan
[DEBUG](staffLog) 18:45:27/07-07 18:44:28(-1) logged CHAT in 🥶: [2024-07-07 13:44:29.571 UTC] [Info] [Main] [Group] 猫猫糕 [stacey]: am just
[DEBUG](staffLog) 18:45:28/07-07 18:44:27(-3) logged CHAT in 🥶: [2024-07-07 13:44:30.316 UTC] [Info] [Main] [Group] 猫猫糕 [stacey]: fk
[DEBUG](staffLog) 18:45:28/07-07 18:44:29(-3) logged CHAT in 🥶: [2024-07-07 13:44:32.273 UTC] [Info] [Main] [Group] 猫猫糕 [stacey]: cuz
[DEBUG](staffLog) 18:45:37/07-07 18:44:33(-1) logged CHAT in 🥶: [2024-07-07 13:44:34.434 UTC] [Info] [Main] [Group] 猫猫糕 [stacey]: 0 pvp
[DEBUG](staffLog) 18:45:37/07-07 18:44:39(-1) logged CHAT in 🥶: [2024-07-07 13:44:40.904 UTC] [Info] [Main] [Group] 猫猫糕 [stacey]: i don't wana
[DEBUG](staffLog) 18:45:38/07-07 18:44:42(-1) logged CHAT in 🥶: [2024-07-07 13:44:43.518 UTC] [Info] [Main] [Group] 猫猫糕 [stacey]: fight the rats
[DEBUG](staffLog) 18:45:47/07-07 18:44:44(-2) logged CHAT in 🥶: [2024-07-07 13:44:46.708 UTC] [Info] [Main] [Group] 猫猫糕 [stacey]: thats the thing
[DEBUG](staffLog) 18:45:57/07-07 18:44:54(-3) logged CHAT in 🥶: [2024-07-07 13:44:57.762 UTC] [Info] [Main] [Group] 猫猫糕 [stacey]: am down to pvp
[DEBUG](staffLog) 18:45:57/07-07 18:44:57(-1) logged CHAT in 🥶: [2024-07-07 13:44:58.641 UTC] [Info] [Main] [Group] 猫猫糕 [stacey]: but
[DEBUG](staffLog) 18:45:58/07-07 18:44:59(-1) logged CHAT in 🥶: [2024-07-07 13:45:00.031 UTC] [Info] [Main] [Group] 猫猫糕 [stacey]: no rats
[DEBUG](staffLog) 18:46:17/07-07 18:45:12(-2) logged CHAT in 🥶: [2024-07-07 13:45:14.872 UTC] [Info] [Main] [Group] 猫猫糕 [stacey]: val?
[DEBUG](staffLog) 20:01:47/07-07 20:00:51(-1) fakelogged CONNECTING in 🤯: [2024-07-07 15:00:52.397 UTC] [Info] [Main] Connecting: PlayerID: 76561198844615074 Steam Name: v0rtex Character name: Waiter v0rtex Nick: I'm cheating Group: 112589999263478954 Join GUID: 7da2d1cf-8720-400e-83f8-6d66bf083401 Character Slot: 0 Language: English
[DEBUG](staffLog) 20:01:57/07-07 20:01:01(-2) logged CHAT in 🥶: [2024-07-07 15:01:03.464 UTC] [Info] [Main] [Global] Waiter v0rtex [v0rtex]: hello
[DEBUG](staffLog) 20:02:07/07-07 20:01:12(-1) logged CHAT in 🥶: [2024-07-07 15:01:13.719 UTC] [Info] [Main] [Global] Waiter v0rtex [v0rtex]: yeah fr
[DEBUG](staffLog) 20:02:17/07-07 20:01:19(-2) logged CHAT in 🥶: [2024-07-07 15:01:21.498 UTC] [Info] [Main] [Global] Waiter v0rtex [v0rtex]: yes mike
[DEBUG](staffLog) 20:04:47/07-07 20:03:43(-2) logged DEBUG in debug-logs: [2024-07-07 15:03:45.100 UTC] [Info] [Main] [Command] Waiter v0rtex [v0rtex]: /duty
[DEBUG](staffLog) 20:06:07/07-07 20:05:06(-3) logged DEBUG in debug-logs: [2024-07-07 15:05:09.313 UTC] [Info] [Main] [Command] Waiter v0rtex [v0rtex]: /mute mike "sexualCont. | ThirdOffense | 3d" 3 d
[DEBUG](staffLog) 20:07:07/07-07 20:06:03(-1) logged DEBUG in debug-logs: [2024-07-07 15:06:04.009 UTC] [Info] [Main] [Command] Waiter v0rtex [v0rtex]: /d
[DEBUG](staffLog) 20:07:38/07-07 20:06:42(-1) logged DEBUG in debug-logs: [2024-07-07 15:06:43.917 UTC] [Info] [Main] [Command] Waiter v0rtex [v0rtex]: /staff
[DEBUG](staffLog) 20:14:17/07-07 20:13:16(-3) fakelogged CONNECTING in 🤯: [2024-07-07 15:13:19.627 UTC] [Info] [Main] Connecting: PlayerID: 76561198878832149 Steam Name: stacey Character name: 猫猫糕 Nick: stacey da cat Group: 112589999263478627 Join GUID: 956e03c6-3a8a-4b41-bb26-7eaea6890b22 Character Slot: 0 Language: English
[DEBUG](staffLog) 20:14:27/07-07 20:13:28(-3) logged SERVER in 😃: [2024-07-07 15:13:31.793 UTC] [Info] [Main] [Command] 猫猫糕 [stacey]: /server 26
[DEBUG](staffLog) 20:20:37/07-07 20:19:32(-3) logged DEBUG in debug-logs: [2024-07-07 15:19:35.631 UTC] [Info] [Main] [Command] Waiter v0rtex [v0rtex]: /bunker
[DEBUG](staffLog) 20:25:09/07-07 20:24:07(-3) logged MSG in 🌹: [2024-07-07 15:24:10.198 UTC] [Info] [Main] [Command] [3-B QUEST SHOP] Miyukii [Miyuki]: /pm road you're selling guns earlier right?
[DEBUG](staffLog) 20:27:27/07-07 20:26:32(-1) logged MSG in 🌹: [2024-07-07 15:26:33.386 UTC] [Info] [Main] [Command] Bella<3 [Womp Womp < 3]: /pm ashley ur still playing?
[DEBUG](staffLog) 20:27:57/07-07 20:27:00(-2) logged MSG in 🌹: [2024-07-07 15:27:02.373 UTC] [Info] [Main] [Command] Ashley [Dusty]: /pm bella farming for lab keys and money to farm kills on labs cuz im not fucking getting the kills legit
[DEBUG](staffLog) 20:28:27/07-07 20:27:29(-2) logged R in 🌹: [2024-07-07 15:27:31.379 UTC] [Info] [Main] [Command] Bella<3 [Womp Womp < 3]: /r do u need labs cards?
[DEBUG](staffLog) 20:28:39/07-07 20:27:40(-2) logged MSG in 🌹: [2024-07-07 15:27:42.419 UTC] [Info] [Main] [Command] Ashley [Dusty]: /pm bella yeah i have 8 i need 4 more ish
[DEBUG](staffLog) 20:28:40/07-07 20:27:41(-2) logged R in 🌹: [2024-07-07 15:27:43.674 UTC] [Info] [Main] [Command] Bella<3 [Womp Womp < 3]: /r i can sell u them for npc price the acces card i mean
[DEBUG](staffLog) 20:29:07/07-07 20:28:01(-2) logged R in 🌹: [2024-07-07 15:28:03.975 UTC] [Info] [Main] [Command] Bella<3 [Womp Womp < 3]: /r do u have any rb keys i can buy?
[DEBUG](staffLog) 20:29:08/07-07 20:28:09(-2) logged MSG in 🌹: [2024-07-07 15:28:11.167 UTC] [Info] [Main] [Command] Ashley [Dusty]: /pm bella i need the access cards and no i dont
[DEBUG](staffLog) 20:29:27/07-07 20:28:23(-3) logged R in 🌹: [2024-07-07 15:28:26.832 UTC] [Info] [Main] [Command] Bella<3 [Womp Womp < 3]: /r i can sell u acces cards if u want
[DEBUG](staffLog) 20:29:28/07-07 20:28:30(-1) logged R in 🌹: [2024-07-07 15:28:31.225 UTC] [Info] [Main] [Command] Bella<3 [Womp Womp < 3]: /r theyre 200k on npc
[DEBUG](staffLog) 20:29:37/07-07 20:28:36(-3) logged R in 🌹: [2024-07-07 15:28:39.544 UTC] [Info] [Main] [Command] Bella<3 [Womp Womp < 3]: /r base price jsut for u < 3
[DEBUG](staffLog) 20:32:07/07-07 20:31:08(-1) logged R in 🌹: [2024-07-07 15:31:09.360 UTC] [Info] [Main] [Command] Bella<3 [Womp Womp < 3]: /r dont buy gpu
[DEBUG](staffLog) 20:32:17/07-07 20:31:18(-3) logged R in 🌹: [2024-07-07 15:31:21.147 UTC] [Info] [Main] [Command] Bella<3 [Womp Womp < 3]: /r its  a gamble
[DEBUG](staffLog) 20:32:47/07-07 20:31:46(-3) logged MSG in 🌹: [2024-07-07 15:31:49.267 UTC] [Info] [Main] [Command] Bella<3 [Womp Womp < 3]: /pm ashley i an sell u guns if u want im on pk4 :3
[DEBUG](staffLog) 20:35:57/07-07 20:35:02(-1) logged MSG in 🌹: [2024-07-07 15:35:03.279 UTC] [Info] [Main] [Command] [3-B QUEST SHOP] Miyukii [Miyuki]: /pm master 1.2m
[DEBUG](staffLog) 20:52:57/07-07 20:51:59(-1) logged MSG in 🌹: [2024-07-07 15:52:00.551 UTC] [Info] [Main] [Command] oi oi baka [rookie]: /pm bella hi twin
[DEBUG](staffLog) 20:53:08/07-07 20:52:06(-1) logged R in 🌹: [2024-07-07 15:52:07.233 UTC] [Info] [Main] [Command] Bella<3 [Womp Womp < 3]: /r hii
[DEBUG](staffLog) 21:00:38/07-07 20:59:34(-3) logged MSG in 🌹: [2024-07-07 15:59:37.612 UTC] [Info] [Main] [Command] Ashley [Dusty]: /pm bella can i get 3 labs access cards
[DEBUG](staffLog) 21:16:08/07-07 21:15:12(-1) fakelogged CONNECTING in 🤯: [2024-07-07 16:15:13.353 UTC] [Info] [Main] Connecting: PlayerID: 76561199183989090 Steam Name: Godly Character name: Godly Nick: Godly Group: 112589999263478627 Join GUID: 51621e94-254d-4abc-b8a2-015d2ad18562 Character Slot: 0 Language: English
[DEBUG](staffLog) 21:16:37/07-07 21:15:40(-1) logged DEBUG in debug-logs: [2024-07-07 16:15:41.243 UTC] [Info] [Main] [Command] Godly [Godly]: /unban 76561198152042588
