[INFO](retrieveLog) wrote 2.342637MB to latest.log in 1.068047285079956
[INFO](staffParse) CAUGHT UP TO LATEST 95
[DEBUG](staffLog) 16:44:18/07-18 16:44:02(-3) logged MSG in 🌹: [2024-07-18 11:44:05.043 UTC] [Info] [Main] [Command] DoubleTwuuble [DoubleTwuuble]: /pm sigh ima snipe him lmao dont say nothin
[DEBUG](staffLog) 17:31:04/07-18 17:30:42(-2) logged CONNECTING in 🤣: [2024-07-18 12:30:44.026 UTC] [Info] [Main] Connecting: PlayerID: 76561199078055336 Steam Name: dsod Character name: dsod Nick: dsod Group: 112589998860273882 Join GUID: a97e240c-d2ed-4b56-b04d-36f39af44b83 Character Slot: 0 Language: English
[DEBUG](staffLog) 17:31:05/07-18 17:30:54(-1) logged MSG in 🌹: [2024-07-18 12:30:55.602 UTC] [Info] [Main] [Command] why [blue]: /pm dsod wanna play
[DEBUG](staffLog) 17:32:03/07-18 17:31:50(-1) logged DEBUG in debug-logs: [2024-07-18 12:31:51.679 UTC] [Info] [Main] [Command] dsod [dsod]: /teleport "sir pabo" cheater
[DEBUG](staffLog) 17:32:18/07-18 17:32:06(-1) logged DEBUG in debug-logs: [2024-07-18 12:32:07.333 UTC] [Info] [Main] [Command] dsod [dsod]: /retp "sir pabo"
[DEBUG](staffLog) 17:32:33/07-18 17:32:12(-2) logged DEBUG in debug-logs: [2024-07-18 12:32:14.230 UTC] [Info] [Main] [Command] dsod [dsod]: /teleport "nikolas" cheater
[DEBUG](staffLog) 17:32:48/07-18 17:32:29(-2) logged DEBUG in debug-logs: [2024-07-18 12:32:31.877 UTC] [Info] [Main] [Command] dsod [dsod]: /retp nikolas
[DEBUG](staffLog) 17:33:03/07-18 17:32:48(-2) logged DEBUG in debug-logs: [2024-07-18 12:32:50.246 UTC] [Info] [Main] [Command] dsod [dsod]: /setflag nikolas 12600 1
[DEBUG](staffLog) 17:33:18/07-18 17:33:06(-3) logged MSG in 🌹: [2024-07-18 12:33:09.865 UTC] [Info] [Main] [Command] why [blue]: /pm dsod
[DEBUG](staffLog) 17:33:33/07-18 17:33:13(-3) logged MSG in 🌹: [2024-07-18 12:33:16.594 UTC] [Info] [Main] [Command] why [blue]: /pm dsod wanna play
[DEBUG](staffLog) 17:33:48/07-18 17:33:27(-1) logged R in 🌹: [2024-07-18 12:33:28.858 UTC] [Info] [Main] [Command] dsod [dsod]: /r playing with some1 already sorry
[DEBUG](staffLog) 17:33:49/07-18 17:33:35(-2) logged MSG in 🌹: [2024-07-18 12:33:37.955 UTC] [Info] [Main] [Command] why [blue]: /pm dsod it is ok
[DEBUG](staffLog) 17:38:03/07-18 17:37:46(-2) fakelogged DEBUG in 🤯: [2024-07-18 12:37:48.550 UTC] [Info] [Main] [Command] dsod [dsod]: /i mp7
[DEBUG](staffLog) 17:38:48/07-18 17:38:14(-2) logged CHAT in 🥶: [2024-07-18 12:38:16.499 UTC] [Info] [Main] [Global] dsod [dsod]: awh man
[DEBUG](staffLog) 17:41:33/07-18 17:41:24(-2) fakelogged DEBUG in 🤯: [2024-07-18 12:41:26.641 UTC] [Info] [Main] [Command] dsod [dsod]: /i shelbie
[DEBUG](staffLog) 17:54:04/07-18 17:53:48(-2) logged R in 🌹: [2024-07-18 12:53:50.514 UTC] [Info] [Main] [Command] [3-B QUEST SHOP] Miyukii [Miyuki]: /r ya
[DEBUG](staffLog) 18:03:19/07-18 18:03:00(-1) logged CHAT in 🥶: [2024-07-18 13:03:01.581 UTC] [Info] [Main] [Group] dsod [dsod]: lmao
[DEBUG](staffLog) 18:04:18/07-18 18:04:01(-1) logged MSG in 🌹: [2024-07-18 13:04:02.668 UTC] [Info] [Main] [Command] why [blue]: /PM POG WHEN WAS LAST AIRDROP
[DEBUG](staffLog) 18:04:19/07-18 18:04:05(-1) logged R in 🌹: [2024-07-18 13:04:06.440 UTC] [Info] [Main] [Command] Pog [Cheese]: /r idk
[DEBUG](staffLog) 18:05:03/07-18 18:04:52(-1) logged R in 🌹: [2024-07-18 13:04:53.790 UTC] [Info] [Main] [Command] [3-B QUEST SHOP] Miyukii [Miyuki]: /r u dont need to upgrade the aws
[DEBUG](staffLog) 18:05:18/07-18 18:04:59(-2) logged R in 🌹: [2024-07-18 13:05:01.659 UTC] [Info] [Main] [Command] [3-B QUEST SHOP] Miyukii [Miyuki]: /r its level 3 for yaeger
[DEBUG](staffLog) 18:05:34/07-18 18:05:11(-3) logged R in 🌹: [2024-07-18 13:05:14.974 UTC] [Info] [Main] [Command] [3-B QUEST SHOP] Miyukii [Miyuki]: /r its already kitted just sit on a corner and snipe xD
[DEBUG](staffLog) 18:05:34/07-18 18:05:14(-2) logged R in 🌹: [2024-07-18 13:05:16.441 UTC] [Info] [Main] [Command] Pog [Cheese]: /r i need a better scope for it
[DEBUG](staffLog) 18:05:48/07-18 18:05:27(-1) logged R in 🌹: [2024-07-18 13:05:28.651 UTC] [Info] [Main] [Command] Pog [Cheese]: /r cause i hate the one on it
[DEBUG](staffLog) 18:05:49/07-18 18:05:36(-1) logged R in 🌹: [2024-07-18 13:05:37.411 UTC] [Info] [Main] [Command] Pog [Cheese]: /r cause idk if theres bulletdrop of smth
[DEBUG](staffLog) 18:06:18/07-18 18:05:57(-2) logged R in 🌹: [2024-07-18 13:05:59.552 UTC] [Info] [Main] [Command] [3-B QUEST SHOP] Miyukii [Miyuki]: /r use the 2nd line below the center when shooting from afar
[DEBUG](staffLog) 18:06:33/07-18 18:06:11(-3) logged R in 🌹: [2024-07-18 13:06:14.517 UTC] [Info] [Main] [Command] Pog [Cheese]: /r where should i hide
[DEBUG](staffLog) 18:06:34/07-18 18:06:15(-1) logged R in 🌹: [2024-07-18 13:06:16.727 UTC] [Info] [Main] [Command] [3-B QUEST SHOP] Miyukii [Miyuki]: /r thats the bullet drop
[DEBUG](staffLog) 18:06:50/07-18 18:06:34(-3) logged R in 🌹: [2024-07-18 13:06:37.938 UTC] [Info] [Main] [Command] Pog [Cheese]: /r where should i hide miyuki
[DEBUG](staffLog) 18:24:34/07-18 18:24:16(-3) logged SPY in 🍑: [2024-07-18 13:24:19.002 UTC] [Info] [Main] [Command] dsod [dsod]: /spy pabo
[DEBUG](staffLog) 18:26:33/07-18 18:26:15(-3) logged DISCONNECTING in 🤐: [2024-07-18 13:26:18.062 UTC] [Info] [Main] Disconnecting: PlayerID: 76561199078055336 Steam Name: dsod Character name: dsod Nick: dsod Group: 112589998860273882 Session Length 55.57 Minutes
[DEBUG](staffLog) 18:50:50/07-18 18:50:26(-3) logged CONNECTING in 🤣: [2024-07-18 13:50:29.708 UTC] [Info] [Main] Connecting: PlayerID: 76561198844615074 Steam Name: v0rtex Character name: v0rtex Nick: v0rtex Group: 112589997979171786 Join GUID: 63842cff-1bed-41e3-a7d1-ccd4e96234e8 Character Slot: 0 Language: English
[DEBUG](staffLog) 18:50:50/07-18 18:50:36(-3) logged CHAT in 🥶: [2024-07-18 13:50:39.345 UTC] [Info] [Main] [Global] v0rtex [v0rtex]: hm
[DEBUG](staffLog) 18:51:03/07-18 18:50:51(-1) logged CHAT in 🥶: [2024-07-18 13:50:52.237 UTC] [Info] [Main] [Global] v0rtex [v0rtex]: yes
[DEBUG](staffLog) 18:51:33/07-18 18:51:15(-1) logged CHAT in 🥶: [2024-07-18 13:51:16.118 UTC] [Info] [Main] [Global] v0rtex [v0rtex]: ill buy one
[DEBUG](staffLog) 18:51:48/07-18 18:51:25(-2) logged CHAT in 🥶: [2024-07-18 13:51:27.762 UTC] [Info] [Main] [Global] v0rtex [v0rtex]: pabo, shush
[DEBUG](staffLog) 18:51:50/07-18 18:51:38(-3) logged CHAT in 🥶: [2024-07-18 13:51:41.685 UTC] [Info] [Main] [Global] v0rtex [v0rtex]: 4m?
[DEBUG](staffLog) 18:52:03/07-18 18:51:46(-3) logged MSG in 🌹: [2024-07-18 13:51:49.644 UTC] [Info] [Main] [Command] Sir Pabo [Secret]: /msg v0rtex I'll sell for 3.5
[DEBUG](staffLog) 18:52:04/07-18 18:51:54(-1) logged SC in _: [2024-07-18 13:51:55.192 UTC] [Info] [Main] [Command] v0rtex [v0rtex]: /sc come sup a
[DEBUG](staffLog) 18:52:18/07-18 18:51:56(-3) logged R in 🌹: [2024-07-18 13:51:59.489 UTC] [Info] [Main] [Command] v0rtex [v0rtex]: /r come sup a
[DEBUG](staffLog) 18:52:33/07-18 18:52:17(-2) logged R in 🌹: [2024-07-18 13:52:19.951 UTC] [Info] [Main] [Command] Sir Pabo [Secret]: /r 1s in raid
[DEBUG](staffLog) 18:52:48/07-18 18:52:31(-3) logged CHAT in 🥶: [2024-07-18 13:52:34.524 UTC] [Info] [Main] [Global] v0rtex [v0rtex]: no 4m is more then fair
[DEBUG](staffLog) 18:52:48/07-18 18:52:39(-1) logged CHAT in 🥶: [2024-07-18 13:52:40.127 UTC] [Info] [Main] [Global] v0rtex [v0rtex]: nvm
[DEBUG](staffLog) 18:53:04/07-18 18:52:53(-3) logged R in 🌹: [2024-07-18 13:52:56.018 UTC] [Info] [Main] [Command] Sir Pabo [Secret]: /r  make sign
[DEBUG](staffLog) 18:53:04/07-18 18:52:54(-3) logged R in 🌹: [2024-07-18 13:52:57.204 UTC] [Info] [Main] [Command] Sir Pabo [Secret]: /r omw
[DEBUG](staffLog) 18:53:33/07-18 18:53:10(-2) fakelogged DEBUG in 🤯: [2024-07-18 13:53:12.657 UTC] [Info] [Main] [Command] v0rtex [v0rtex]: /addshop "rb-bk" 3500000
[DEBUG](staffLog) 18:53:33/07-18 18:53:19(-1) fakelogged DEBUG in 🤯: [2024-07-18 13:53:20.065 UTC] [Info] [Main] [Command] v0rtex [v0rtex]: /addshop buy "rb-bk" 3500000
[DEBUG](staffLog) 18:53:33/07-18 18:53:24(-3) fakelogged DEBUG in 🤯: [2024-07-18 13:53:27.024 UTC] [Info] [Main] [Command] v0rtex [v0rtex]: /addshop sell "rb-bk" 3500000
[DEBUG](staffLog) 18:53:49/07-18 18:53:29(-1) logged R in 🌹: [2024-07-18 13:53:30.260 UTC] [Info] [Main] [Command] v0rtex [v0rtex]: /r did
[DEBUG](staffLog) 18:54:48/07-18 18:54:30(-1) fakelogged DEBUG in 🤯: [2024-07-18 13:54:31.224 UTC] [Info] [Main] [Command] v0rtex [v0rtex]: /addshop sell rb-vo" 3500000
[DEBUG](staffLog) 18:54:48/07-18 18:54:31(-3) fakelogged DEBUG in 🤯: [2024-07-18 13:54:34.930 UTC] [Info] [Main] [Command] v0rtex [v0rtex]: /addshop sell "rb-vo" 3500000
[DEBUG](staffLog) 18:59:18/07-18 18:59:08(-1) logged DEBUG in debug-logs: [2024-07-18 13:59:09.281 UTC] [Info] [Main] [Command] v0rtex [v0rtex]: /mute Secret "playsdis | First Offense | 12h" 12 h
[DEBUG](staffLog) 18:59:33/07-18 18:59:21(-3) logged CHAT in 🥶: [2024-07-18 13:59:24.545 UTC] [Info] [Main] [Global] v0rtex [v0rtex]: shush
[DEBUG](staffLog) 19:03:03/07-18 19:02:47(-1) fakelogged DEBUG in 🤯: [2024-07-18 14:02:48.102 UTC] [Info] [Main] [Command] v0rtex [v0rtex]: /vault kappa
[DEBUG](staffLog) 19:04:03/07-18 19:03:42(-1) fakelogged DEBUG in 🤯: [2024-07-18 14:03:43.764 UTC] [Info] [Main] [Command] v0rtex [v0rtex]: /vault gmama
[DEBUG](staffLog) 19:04:03/07-18 19:03:44(-2) fakelogged DEBUG in 🤯: [2024-07-18 14:03:46.405 UTC] [Info] [Main] [Command] v0rtex [v0rtex]: /vault gamma
[DEBUG](staffLog) 19:05:03/07-18 19:04:41(-3) logged R in 🌹: [2024-07-18 14:04:44.441 UTC] [Info] [Main] [Command] [3-B QUEST SHOP] Miyukii [Miyuki]: /r wha?
[DEBUG](staffLog) 19:05:04/07-18 19:04:51(-1) logged R in 🌹: [2024-07-18 14:04:52.894 UTC] [Info] [Main] [Command] [3-B QUEST SHOP] Miyukii [Miyuki]: /r i just sit there and wait
[DEBUG](staffLog) 19:05:04/07-18 19:04:52(-1) logged R in 🌹: [2024-07-18 14:04:53.538 UTC] [Info] [Main] [Command] Pog [Cheese]: /r wahts the distance w the aws
[DEBUG](staffLog) 19:05:18/07-18 19:05:00(-2) logged R in 🌹: [2024-07-18 14:05:02.461 UTC] [Info] [Main] [Command] Pog [Cheese]: /r 2nd or 3rd bar
[DEBUG](staffLog) 19:05:19/07-18 19:05:03(-3) logged R in 🌹: [2024-07-18 14:05:06.021 UTC] [Info] [Main] [Command] [3-B QUEST SHOP] Miyukii [Miyuki]: /r use 2nd
[DEBUG](staffLog) 19:08:03/07-18 19:07:49(-2) fakelogged DEBUG in 🤯: [2024-07-18 14:07:51.723 UTC] [Info] [Main] [Command] v0rtex [v0rtex]: /vault gamma
[DEBUG](staffLog) 19:08:03/07-18 19:07:54(-2) fakelogged DEBUG in 🤯: [2024-07-18 14:07:56.452 UTC] [Info] [Main] [Command] v0rtex [v0rtex]: /vault kappa
[DEBUG](staffLog) 19:12:50/07-18 19:12:39(-1) logged CHAT in 🥶: [2024-07-18 14:12:40.131 UTC] [Info] [Main] [Global] v0rtex [v0rtex]: irs u saw nothing
[DEBUG](staffLog) 19:16:34/07-18 19:16:23(-2) logged CHAT in 🥶: [2024-07-18 14:16:25.877 UTC] [Info] [Main] [Global] v0rtex [v0rtex]: irs you are very luckly i just opened that to get rb-st just bfore you killed me lol
[DEBUG](staffLog) 19:18:34/07-18 19:18:15(-2) logged DISCONNECTING in 🤐: [2024-07-18 14:18:17.384 UTC] [Info] [Main] Disconnecting: PlayerID: 76561198844615074 Steam Name: v0rtex Character name: v0rtex Nick: v0rtex Group: 112589997979171786 Session Length 27.79 Minutes
[DEBUG](staffLog) 19:43:19/07-18 19:43:06(-2) logged STATS in stats: [2024-07-18 14:43:08.523 UTC] [Info] [Main] [Command] Spark [Boys4jesus 144p]: /stats in
[DEBUG](staffLog) 20:32:19/07-18 20:32:04(-1) logged MSG in 🌹: [2024-07-18 15:32:05.139 UTC] [Info] [Main] [Command] DeveloperOne [CoolAssSquidWithSunglasses]: /pm b0q come to pk
[DEBUG](staffLog) 20:36:34/07-18 20:36:17(-3) logged MSG in 🌹: [2024-07-18 15:36:20.397 UTC] [Info] [Main] [Command] [PLA] Zhang Yong 张勇 [RedNose]: /pm segeant tell me when i can ibuy it
[DEBUG](staffLog) 20:37:49/07-18 20:37:27(-3) logged MSG in 🌹: [2024-07-18 15:37:30.272 UTC] [Info] [Main] [Command] [PLA] Zhang Yong 张勇 [RedNose]: /pm segeant tell me when i can ibuy it
[DEBUG](staffLog) 20:38:19/07-18 20:38:06(-2) logged MSG in 🌹: [2024-07-18 15:38:08.763 UTC] [Info] [Main] [Command] [PLA] Zhang Yong 张勇 [RedNose]: /pm segeant tell me when i can ibuy it
[ERROR](staffParse) error parsing 'NoneType' object has no attribute 'replace' | {'name': 'MSG', 'aliases': ['pm'], 'channel': 1256769061791072317, 'public': False, 'text': 'player "{}" said "{}" to "{}"', 'textArgs': ['sender', 'params', 'target'], 'autocomplete': True, 'color': 34001} | [2024-07-18 15:38:35.544 UTC] [Info] [Main] [Command] Segeantxxg [Sergeantxxg]: /pm

[ERROR](staffParse) error parsing 'NoneType' object has no attribute 'replace' | {'name': 'MSG', 'aliases': ['pm'], 'channel': 1256769061791072317, 'public': False, 'text': 'player "{}" said "{}" to "{}"', 'textArgs': ['sender', 'params', 'target'], 'autocomplete': True, 'color': 34001} | [2024-07-18 15:39:31.864 UTC] [Info] [Main] [Command] Segeantxxg [Sergeantxxg]: /pm

[DEBUG](staffLog) 21:15:51/07-18 21:15:22(-1) logged R in 🌹: [2024-07-18 16:15:23.276 UTC] [Info] [Main] [Command] Shiro (Ult C) [Kuro 🐻]: /r i can go to heli
[DEBUG](staffLog) 21:37:27/07-18 21:36:36(-1) logged R in 🌹: [2024-07-18 16:36:37.881 UTC] [Info] [Main] [Command] Pog [Cheese]: /r wya shiro
[DEBUG](staffLog) 21:37:27/07-18 21:36:50(-1) logged R in 🌹: [2024-07-18 16:36:51.490 UTC] [Info] [Main] [Command] Shiro (Ult C) [Kuro 🐻]: /r coming
[DEBUG](staffLog) 21:40:19/07-18 21:38:07(-2) logged R in 🌹: [2024-07-18 16:38:09.628 UTC] [Info] [Main] [Command] Shiro (Ult C) [Kuro 🐻]: /r there
[DEBUG](staffLog) 21:40:19/07-18 21:38:36(-3) logged R in 🌹: [2024-07-18 16:38:39.380 UTC] [Info] [Main] [Command] Shiro (Ult C) [Kuro 🐻]: /r how many more?
[DEBUG](staffLog) 21:40:19/07-18 21:38:42(-3) logged R in 🌹: [2024-07-18 16:38:45.634 UTC] [Info] [Main] [Command] Pog [Cheese]: /r 0 more
[DEBUG](staffLog) 21:40:20/07-18 21:38:44(-3) logged R in 🌹: [2024-07-18 16:38:47.625 UTC] [Info] [Main] [Command] Pog [Cheese]: /r take
[DEBUG](staffLog) 21:40:20/07-18 21:39:04(-1) logged R in 🌹: [2024-07-18 16:39:05.415 UTC] [Info] [Main] [Command] Pog [Cheese]: /r your self defense weapon
[DEBUG](staffLog) 21:40:25/07-18 21:39:55(-1) logged R in 🌹: [2024-07-18 16:39:56.695 UTC] [Info] [Main] [Command] Shiro (Ult C) [Kuro 🐻]: /r im gonna go
[DEBUG](staffLog) 21:41:34/07-18 21:40:10(-2) logged R in 🌹: [2024-07-18 16:40:12.961 UTC] [Info] [Main] [Command] Pog [Cheese]: /r oh
[DEBUG](staffLog) 21:41:34/07-18 21:40:14(-1) logged R in 🌹: [2024-07-18 16:40:15.900 UTC] [Info] [Main] [Command] Pog [Cheese]: /r go in?
[DEBUG](staffLog) 21:41:36/07-18 21:41:09(-3) logged R in 🌹: [2024-07-18 16:41:12.466 UTC] [Info] [Main] [Command] Shiro (Ult C) [Kuro 🐻]: /r im ready
[DEBUG](staffLog) 22:03:49/07-18 22:01:11(-3) logged R in 🌹: [2024-07-18 17:01:14.413 UTC] [Info] [Main] [Command] Pog [Cheese]: /r ready
[DEBUG](staffLog) 22:03:49/07-18 22:01:41(-2) logged R in 🌹: [2024-07-18 17:01:43.047 UTC] [Info] [Main] [Command] Pog [Cheese]: /r how many is that
[DEBUG](staffLog) 22:03:49/07-18 22:01:45(-3) logged R in 🌹: [2024-07-18 17:01:48.302 UTC] [Info] [Main] [Command] Shiro (Ult C) [Kuro 🐻]: /r 1 more
[DEBUG](staffLog) 22:26:52/07-18 22:24:25(-2) logged MSG in 🌹: [2024-07-18 17:24:27.934 UTC] [Info] [Main] [Command] DaChamp [DaChamp]: /pm car ult b
[DEBUG](staffLog) 00:50:23/07-19 00:49:20(-3) logged MSG in 🌹: [2024-07-18 19:49:23.632 UTC] [Info] [Main] [Command] DeveloperOne [CoolAssSquidWithSunglasses]: /pm Harm Come to ur apartment
[DEBUG](staffLog) 02:30:50/07-19 02:28:54(-2) logged MSG in 🌹: [2024-07-18 21:28:56.509 UTC] [Info] [Main] [Command] Harm [Harm]: /pm opeth lmao she has and onlyfans and i heard she recorded herself letting her dog eat her out
[DEBUG](staffLog) 02:30:52/07-19 02:29:14(-3) logged MSG in 🌹: [2024-07-18 21:29:17.514 UTC] [Info] [Main] [Command] Harm [Harm]: /pm opeth she cant say nun
[DEBUG](staffLog) 02:30:52/07-19 02:29:21(-1) logged MSG in 🌹: [2024-07-18 21:29:22.792 UTC] [Info] [Main] [Command] Opeth [561st_Flak]: /pm Harm Im not normally the one to be confrontational but if she does talk shit towards us I will bring up what happened
[DEBUG](staffLog) 02:30:52/07-19 02:29:34(-1) logged MSG in 🌹: [2024-07-18 21:29:35.583 UTC] [Info] [Main] [Command] Harm [Harm]: /pm opeth i would lmao
[DEBUG](staffLog) 02:34:04/07-19 02:32:01(-3) logged TP in tp: [2024-07-18 21:32:04.281 UTC] [Info] [Main] Pandahut >> drakos (76561199531161985) - Teleported to Latavis Brown III (76561199507986558 at North West of Range (359.8061 65.31445 2638.608) from North West of Range (359.1772 65.31445 2620.138)
[DEBUG](staffLog) 02:34:05/07-19 02:32:39(-1) logged DEBUG in debug-logs: [2024-07-18 21:32:40.207 UTC] [Info] [Main] [Command] drakos [Andre]: /mute 76561199507986558 "Sexual cont. | First Offense | 1d" 1 d
[DEBUG](staffLog) 02:34:06/07-19 02:33:21(-2) logged MSG in 🌹: [2024-07-18 21:33:23.805 UTC] [Info] [Main] [Command] Meowavius [Jaquavius]: /msg navi yo
[DEBUG](staffLog) 02:34:06/07-19 02:33:26(-1) logged MSG in 🌹: [2024-07-18 21:33:27.633 UTC] [Info] [Main] [Command] Meowavius [Jaquavius]: /msg navi can i get a free kit?
[DEBUG](staffLog) 02:45:06/07-19 02:43:57(-3) logged CONNECTING in 🤣: [2024-07-18 21:44:00.494 UTC] [Info] [Main] Connecting: PlayerID: 76561199183989090 Steam Name: Godly Character name: Godly Nick: Godly Group: 112589994979229699 Join GUID: 78958e78-5f1c-4c88-9bd3-313a2c5a8e9d Character Slot: 0 Language: English
[DEBUG](staffLog) 02:45:07/07-19 02:44:13(-2) logged MSG in 🌹: [2024-07-18 21:44:15.746 UTC] [Info] [Main] [Command] navi [Navi]: /pm meowavius calm down bro
[DEBUG](staffLog) 02:45:07/07-19 02:44:19(-1) logged MSG in 🌹: [2024-07-18 21:44:20.730 UTC] [Info] [Main] [Command] Meowavius [Jaquavius]: /msg navi cant
[DEBUG](staffLog) 02:45:07/07-19 02:44:23(-3) logged DEBUG in debug-logs: [2024-07-18 21:44:26.774 UTC] [Info] [Main] [Command] Godly [Godly]: /mute 76561198973027783 "mic-spam | first offense 12 hours" hours
[DEBUG](staffLog) 02:45:08/07-19 02:44:41(-1) logged DEBUG in debug-logs: [2024-07-18 21:44:42.064 UTC] [Info] [Main] [Command] Godly [Godly]: /mute 76561198973027783 "mic-spam | first offense 12 hours" 12 hours
[DEBUG](staffLog) 02:45:09/07-19 02:44:43(-3) logged CHAT in 🥶: [2024-07-18 21:44:46.086 UTC] [Info] [Main] [Global] Godly [Godly]: wsp
[ERROR](staffParse) error parsing 'NoneType' object has no attribute 'replace' | {'name': 'MSG', 'aliases': ['pm'], 'channel': 1256769061791072317, 'public': False, 'text': 'player "{}" said "{}" to "{}"', 'textArgs': ['sender', 'params', 'target'], 'autocomplete': True, 'color': 34001} | [2024-07-18 22:05:35.490 UTC] [Info] [Main] [Command] KodakWhite [Monolithic]: /pm

[DEBUG](staffLog) 03:07:04/07-19 03:05:42(-3) logged DISCONNECTING in 🤐: [2024-07-18 22:05:45.582 UTC] [Info] [Main] Disconnecting: PlayerID: 76561199183989090 Steam Name: Godly Character name: Godly Nick: Godly Group: 112589994979229699 Session Length 1.74 Minutes
[DEBUG](staffLog) 03:07:04/07-19 03:05:47(-1) logged MSG in 🌹: [2024-07-18 22:05:48.859 UTC] [Info] [Main] [Command] KodakWhite [Monolithic]: /pm f-22 where is the intel in customs? 3 story or 2 story
[DEBUG](staffLog) 03:07:06/07-19 03:06:28(-2) logged MSG in 🌹: [2024-07-18 22:06:30.823 UTC] [Info] [Main] [Command] F-22 [F-22]: /pm kodak i belive it is 3 story dont quote me on it.
[DEBUG](staffLog) 03:07:07/07-19 03:06:35(-1) logged CONNECTING in 🤣: [2024-07-18 22:06:36.221 UTC] [Info] [Main] Connecting: PlayerID: 76561199183989090 Steam Name: Godly Character name: Godly Nick: Godly Group: 112589994979229699 Join GUID: f3bb1c51-dd2b-4b92-9cf1-b50d3550248b Character Slot: 0 Language: English
[DEBUG](staffLog) 03:07:07/07-19 03:06:47(-3) logged BAN in bans: [2024-07-18 22:06:50.032 UTC] [Info] [Main] [Command] Godly [Godly]: /ban 76561198417907648 "VF | cheating" 0
[DEBUG](staffLog) 03:30:05/07-19 03:28:32(-3) logged TP in tp: [2024-07-18 22:28:35.391 UTC] [Info] [Main] Pandahut >> drakos (76561199531161985) - Teleported to Grub Master (76561199122029827 at West of Interchange (-1182.75 46.94175 206.7157) from North West of Range (362.5547 67.48284 2684.57)
[DEBUG](staffLog) 03:30:06/07-19 03:29:03(-2) logged MSG in 🌹: [2024-07-18 22:29:05.467 UTC] [Info] [Main] [Command] Cougar [Emika]: /pm ami washed
[DEBUG](staffLog) 03:30:07/07-19 03:29:16(-1) logged TP in tp: [2024-07-18 22:29:17.995 UTC] [Info] [Main] Pandahut >> drakos (76561199531161985) - Teleported to Grub Master (76561199122029827 at East of event (2927.309 0.300004 -562.8931) from North West of Range (317 65.06445 2670)
[DEBUG](staffLog) 03:30:07/07-19 03:29:19(-1) logged R in 🌹: [2024-07-18 22:29:20.683 UTC] [Info] [Main] [Command] ami [ami]: /r no this kid is actually cheating
[DEBUG](staffLog) 03:30:07/07-19 03:29:21(-1) logged TP in tp: [2024-07-18 22:29:22.368 UTC] [Info] [Main] Pandahut >> drakos (76561199531161985) - Teleported to Grub Master (76561199122029827 at East of event (2927.309 0.300004 -562.8931) from North West of Range (317 65.06445 2670)
[DEBUG](staffLog) 03:30:07/07-19 03:29:23(-1) logged R in 🌹: [2024-07-18 22:29:24.470 UTC] [Info] [Main] [Command] ami [ami]: /r he is not this good
[DEBUG](staffLog) 03:30:08/07-19 03:29:29(-1) logged R in 🌹: [2024-07-18 22:29:30.826 UTC] [Info] [Main] [Command] ami [ami]: /r hes fucking garbage
[DEBUG](staffLog) 03:30:09/07-19 03:29:37(-2) logged R in 🌹: [2024-07-18 22:29:39.108 UTC] [Info] [Main] [Command] ami [ami]: /r ive never died to him once before and he BEAMS the shit out of me twice
[DEBUG](staffLog) 03:30:09/07-19 03:29:36(-3) logged DEBUG in debug-logs: [2024-07-18 22:29:39.866 UTC] [Info] [Main] [Command] drakos [Andre]: /mute 76561199122029827 "Sexual cont. | First Offense | 1d" 1 d
[DEBUG](staffLog) 03:52:04/07-19 03:51:02(-3) logged CHAT in 🥶: [2024-07-18 22:51:05.765 UTC] [Info] [Main] [Group] mreowwww!!! [coil]: ill ban
[DEBUG](staffLog) 03:52:04/07-19 03:51:12(-3) logged CHAT in 🥶: [2024-07-18 22:51:15.624 UTC] [Info] [Main] [Group] mreowwww!!! [coil]: lemme watch a bit
[DEBUG](staffLog) 03:58:15/07-19 03:56:49(-1) logged CONNECTING in 🤣: [2024-07-18 22:56:50.782 UTC] [Info] [Main] Connecting: PlayerID: 76561199531161985 Steam Name: Andre Character name: drakos Nick: Supremacy Group: 112589994979229711 Join GUID: ae3134e3-4b5a-4489-b433-ae250adccfe7 Character Slot: 0 Language: English
[DEBUG](staffLog) 03:58:17/07-19 03:57:17(-2) logged CHAT in 🥶: [2024-07-18 22:57:19.868 UTC] [Info] [Main] [Group] mreowwww!!! [coil]: angoil
[DEBUG](staffLog) 03:58:17/07-19 03:57:18(-3) logged CHAT in 🥶: [2024-07-18 22:57:21.000 UTC] [Info] [Main] [Group] Silly Person :3 [Angel_Abov3]: bro
[DEBUG](staffLog) 03:58:18/07-19 03:57:20(-2) logged CHAT in 🥶: [2024-07-18 22:57:22.873 UTC] [Info] [Main] [Group] mreowwww!!! [coil]: i think u are nlind
[DEBUG](staffLog) 03:58:19/07-19 03:57:34(-1) logged CHAT in 🥶: [2024-07-18 22:57:35.227 UTC] [Info] [Main] [Group] mreowwww!!! [coil]: yes
[DEBUG](staffLog) 04:14:19/07-19 04:12:41(-3) logged SPY in 🍑: [2024-07-18 23:12:44.623 UTC] [Info] [Main] [Command] Godly [Godly]: /spy 76561199744518010
[DEBUG](staffLog) 04:14:20/07-19 04:12:53(-2) logged TP in tp: [2024-07-18 23:12:55.401 UTC] [Info] [Main] Pandahut >> Godly (76561199183989090) - Teleported to DEADinside (76561199744518010 at West of gorge (882.1731 52.46496 1113.976) from South West of gorge (790.7265 49.06576 982.8646)
[DEBUG](staffLog) 04:14:20/07-19 04:12:56(-2) fakelogged DEBUG in 🤯: [2024-07-18 23:12:58.349 UTC] [Info] [Main] [Command] v0rtex [v0rtex]: /vault kappa
[DEBUG](staffLog) 04:14:21/07-19 04:13:34(-2) logged CHAT in 🥶: [2024-07-18 23:13:36.227 UTC] [Info] [Main] [Group] mreowwww!!! [coil]: afk for a sec
[DEBUG](staffLog) 04:14:22/07-19 04:13:43(-2) logged SPY in 🍑: [2024-07-18 23:13:45.448 UTC] [Info] [Main] [Command] Godly [Godly]: /spy 76561199744518010
[DEBUG](staffLog) 04:14:22/07-19 04:13:51(-3) logged MSG in 🌹: [2024-07-18 23:13:54.872 UTC] [Info] [Main] [Command] DaChamp [DaChamp]: /pm edgy which room you in ?
[DEBUG](staffLog) 04:35:35/07-19 04:34:05(-2) fakelogged DEBUG in 🤯: [2024-07-18 23:34:07.586 UTC] [Info] [Thread Pool Worker] [Command] drakos [Andre]: /buyfrom 76561199383405250 59663
[DEBUG](staffLog) 04:35:36/07-19 04:34:07(-2) fakelogged DEBUG in 🤯: [2024-07-18 23:34:09.540 UTC] [Info] [Main] [Command] drakos [Andre]: /buyfrom 76561199383405250 59663
[DEBUG](staffLog) 04:35:36/07-19 04:34:08(-3) fakelogged DEBUG in 🤯: [2024-07-18 23:34:11.944 UTC] [Info] [Main] [Command] drakos [Andre]: /buyfrom 76561199383405250 59663
[DEBUG](staffLog) 04:35:36/07-19 04:34:12(-1) fakelogged DEBUG in 🤯: [2024-07-18 23:34:13.988 UTC] [Info] [Main] [Command] drakos [Andre]: /buyfrom 76561199383405250 59663
[DEBUG](staffLog) 04:35:36/07-19 04:34:16(-1) fakelogged DEBUG in 🤯: [2024-07-18 23:34:17.790 UTC] [Info] [Main] [Command] drakos [Andre]: /buyfrom 76561199383405250 59663
[DEBUG](staffLog) 04:35:37/07-19 04:34:35(-1) logged SC in _: [2024-07-18 23:34:36.427 UTC] [Info] [Main] [Command] drakos [Andre]: /sc who kicked him for that name?
[DEBUG](staffLog) 04:35:38/07-19 04:34:45(-1) logged SC in _: [2024-07-18 23:34:46.594 UTC] [Info] [Main] [Command] [JS]Lenny [Lenny]: /sc I did
[DEBUG](staffLog) 04:35:38/07-19 04:34:55(-1) logged SC in _: [2024-07-18 23:34:56.710 UTC] [Info] [Main] [Command] drakos [Andre]: /sc im pretty sure that name is allowed bro
[DEBUG](staffLog) 04:35:38/07-19 04:34:57(-1) fakelogged DEBUG in 🤯: [2024-07-18 23:34:58.289 UTC] [Info] [Main] [Command] drakos [Andre]: /buyfrom 76561199383405250 59658
[DEBUG](staffLog) 04:35:38/07-19 04:35:01(-2) logged SC in _: [2024-07-18 23:35:03.037 UTC] [Info] [Main] [Command] [JS]Lenny [Lenny]: /sc negative
[DEBUG](staffLog) 04:35:38/07-19 04:35:02(-2) fakelogged DEBUG in 🤯: [2024-07-18 23:35:04.768 UTC] [Info] [Main] [Command] drakos [Andre]: /buyfrom 76561199383405250 20470
[DEBUG](staffLog) 04:35:39/07-19 04:35:06(-1) fakelogged DEBUG in 🤯: [2024-07-18 23:35:07.780 UTC] [Info] [Main] [Command] drakos [Andre]: /buyfrom 76561199383405250 20470
[DEBUG](staffLog) 04:35:39/07-19 04:35:07(-1) fakelogged DEBUG in 🤯: [2024-07-18 23:35:08.974 UTC] [Info] [Main] [Command] drakos [Andre]: /buyfrom 76561199383405250 20470
[DEBUG](staffLog) 04:35:39/07-19 04:35:11(-2) fakelogged DEBUG in 🤯: [2024-07-18 23:35:13.140 UTC] [Info] [Main] [Command] drakos [Andre]: /buyfrom 76561199383405250 20470
[DEBUG](staffLog) 04:35:39/07-19 04:35:14(-2) fakelogged DEBUG in 🤯: [2024-07-18 23:35:16.417 UTC] [Info] [Main] [Command] drakos [Andre]: /buyfrom 76561199383405250 20470
[DEBUG](staffLog) 04:35:39/07-19 04:35:20(-3) fakelogged DEBUG in 🤯: [2024-07-18 23:35:23.084 UTC] [Info] [Main] [Command] drakos [Andre]: /buyfrom 76561199383405250 20338
[DEBUG](staffLog) 06:01:51/07-19 06:00:25(-3) logged MSG in 🌹: [2024-07-19 01:00:28.020 UTC] [Info] [Main] [Command] DaChamp [DaChamp]: /pm harm lol
[DEBUG](staffLog) 06:01:53/07-19 06:00:38(-3) logged MSG in 🌹: [2024-07-19 01:00:41.446 UTC] [Info] [Main] [Command] Harm [Harm]: /pm champ hahhaa
[DEBUG](staffLog) 06:01:53/07-19 06:01:16(-1) logged MSG in 🌹: [2024-07-19 01:01:17.506 UTC] [Info] [Main] [Command] DaChamp [DaChamp]: /pm gus ./door
[DEBUG](staffLog) 08:36:20/07-19 08:34:47(-2) logged STATS in stats mentioned 846641395581190155: [2024-07-19 03:34:49.882 UTC] [Info] [Main] [Command] mreeooooooowwwww!!!~~~~ [coil]: /stat 76561198884479492
[DEBUG](staffLog) 08:36:22/07-19 08:36:03(-3) fakelogged DEBUG in 🤯: [2024-07-19 03:36:06.325 UTC] [Info] [Main] [Command] mreeooooooowwwww!!!~~~~ [coil]: /vault stash
[DEBUG](staffLog) 08:42:20/07-19 08:40:41(-2) logged CHAT in 🥶: [2024-07-19 03:40:43.603 UTC] [Info] [Main] [Group] mreeooooooowwwww!!!~~~~ [coil]: hes peeking between the rails
[DEBUG](staffLog) 08:42:20/07-19 08:40:49(-1) logged CHAT in 🥶: [2024-07-19 03:40:50.955 UTC] [Info] [Main] [Group] mreeooooooowwwww!!!~~~~ [coil]: 2 more
[DEBUG](staffLog) 08:42:21/07-19 08:41:34(-2) logged CHAT in 🥶: [2024-07-19 03:41:36.725 UTC] [Info] [Main] [Group] mreeooooooowwwww!!!~~~~ [coil]: 1.5
[DEBUG](staffLog) 08:42:22/07-19 08:41:44(-2) fakelogged DEBUG in 🤯: [2024-07-19 03:41:46.595 UTC] [Info] [Main] [Command] mreeooooooowwwww!!!~~~~ [coil]: /vault stash
[DEBUG](staffLog) 09:07:34/07-19 09:06:45(-2) logged CHAT in 🥶: [2024-07-19 04:06:47.184 UTC] [Info] [Main] [Group] mreeooooooowwwww!!!~~~~ [coil]: wait
[DEBUG](staffLog) 09:07:34/07-19 09:06:48(-1) logged CHAT in 🥶: [2024-07-19 04:06:49.087 UTC] [Info] [Main] [Group] mreeooooooowwwww!!!~~~~ [coil]: iun radar
[DEBUG](staffLog) 09:07:35/07-19 09:06:50(-1) logged CHAT in 🥶: [2024-07-19 04:06:51.179 UTC] [Info] [Main] [Group] mreeooooooowwwww!!!~~~~ [coil]: camping elevator
[DEBUG](staffLog) 09:07:35/07-19 09:06:58(-3) logged CHAT in 🥶: [2024-07-19 04:07:01.082 UTC] [Info] [Main] [Group] mreeooooooowwwww!!!~~~~ [coil]: vhool
[DEBUG](staffLog) 09:27:05/07-19 09:25:18(-1) logged CHAT in 🥶: [2024-07-19 04:25:19.128 UTC] [Info] [Main] [Group] mreeooooooowwwww!!!~~~~ [coil]: O\
[DEBUG](staffLog) 09:27:05/07-19 09:25:18(-3) logged CHAT in 🥶: [2024-07-19 04:25:21.810 UTC] [Info] [Main] [Group] mreeooooooowwwww!!!~~~~ [coil]: LOL
[DEBUG](staffLog) 09:27:05/07-19 09:25:42(-1) logged CHAT in 🥶: [2024-07-19 04:25:43.460 UTC] [Info] [Main] [Group] mreeooooooowwwww!!!~~~~ [coil]: idid
[DEBUG](staffLog) 09:27:08/07-19 09:26:07(-1) logged CHAT in 🥶: [2024-07-19 04:26:08.105 UTC] [Info] [Main] [Group] mreeooooooowwwww!!!~~~~ [coil]: hosp
[DEBUG](staffLog) 09:27:10/07-19 09:26:36(-1) logged CHAT in 🥶: [2024-07-19 04:26:37.512 UTC] [Info] [Main] [Group] mreeooooooowwwww!!!~~~~ [coil]: afk on 911
[DEBUG](staffLog) 10:02:35/07-19 10:02:04(-3) logged R in 🌹: [2024-07-19 05:02:07.128 UTC] [Info] [Main] [Command] mreeooooooowwwww!!!~~~~ [coil]: /r he is not
[DEBUG](staffLog) 14:25:04/07-19 14:22:33(-2) logged TP in tp: [2024-07-19 09:22:35.252 UTC] [Info] [Main] Pandahut >> 猫猫糕 (76561198878832149) - Teleported to born4death (76561199745435498 at East of event (2912.239 0.3000168 -409.7085) from South East of Arena (2488.046 0.2122623 1340.871)
[DEBUG](staffLog) 14:25:04/07-19 14:22:34(-2) logged TP in tp: [2024-07-19 09:22:36.750 UTC] [Info] [Main] Pandahut >> Godly (76561199183989090) - Teleported to born4death (76561199745435498 at East of event (2908.221 0.3000159 -417.8382) from East of event (2908.425 0.3000158 -398.2812)
[DEBUG](staffLog) 14:25:04/07-19 14:22:33(-3) logged TP in tp: [2024-07-19 09:22:36.867 UTC] [Info] [Main] Pandahut >> 猫猫糕 (76561198878832149) - Teleported to born4death (76561199745435498 at East of event (2908.221 0.3000159 -417.8382) from East of event (2912.239 0.3000166 -409.7085)
[DEBUG](staffLog) 14:25:05/07-19 14:22:49(-3) logged CHAT in 🥶: [2024-07-19 09:22:52.506 UTC] [Info] [Main] [Group] 猫猫糕 [stacey]: they are same group
[DEBUG](staffLog) 14:25:06/07-19 14:23:07(-3) logged TP in tp: [2024-07-19 09:23:10.278 UTC] [Info] [Main] Pandahut >> Godly (76561199183989090) - Teleported to born4death (76561199745435498 at East of event (2912.66 0.3000162 -397.8841) from East of event (2903.432 0.7997072 -420.192)
[DEBUG](staffLog) 14:25:09/07-19 14:23:38(-3) logged TP in tp: [2024-07-19 09:23:41.018 UTC] [Info] [Main] Pandahut >> 猫猫糕 (76561198878832149) - Teleported to born4death (76561199745435498 at East of Arena (2486.9 0.2293435 1363.503) from South East of gorge (2912.511 0.3000017 -288.4167)
[DEBUG](staffLog) 14:25:09/07-19 14:23:48(-1) logged CHAT in 🥶: [2024-07-19 09:23:49.842 UTC] [Info] [Main] [Group] 猫猫糕 [stacey]: he is going in labs
[DEBUG](staffLog) 14:25:09/07-19 14:23:53(-1) logged TP in tp: [2024-07-19 09:23:54.403 UTC] [Info] [Main] Pandahut >> 猫猫糕 (76561198878832149) - Teleported to born4death (76561199745435498 at East of Arena (2486.858 0.2293435 1365.493) from East of Arena (2486.197 0.2122425 1363.146)
[DEBUG](staffLog) 14:25:09/07-19 14:24:03(-3) fakelogged DEBUG in 🤯: [2024-07-19 09:24:06.369 UTC] [Info] [Main] [Command] 猫猫糕 [stacey]: /buyfrom 76561198024342616 20274
[DEBUG](staffLog) 14:25:09/07-19 14:24:06(-3) logged TP in tp: [2024-07-19 09:24:09.003 UTC] [Info] [Main] Pandahut >> Godly (76561199183989090) - Teleported to born4death (76561199745435498 at North West of Range (353.4946 65.12605 2655.297) from South East of gorge (2912.892 0.2999998 -283.2742)
[DEBUG](staffLog) 14:25:10/07-19 14:24:07(-3) logged TP in tp: [2024-07-19 09:24:10.572 UTC] [Info] [Main] Pandahut >> 猫猫糕 (76561198878832149) - Teleported to born4death (76561199745435498 at North West of Range (343.6005 65.06445 2662.706) from East of Arena (2490.248 0.2122439 1349.619)
[DEBUG](staffLog) 14:25:10/07-19 14:24:13(-2) logged CHAT in 🥶: [2024-07-19 09:24:15.970 UTC] [Info] [Main] [Group] 猫猫糕 [stacey]: idk
[DEBUG](staffLog) 14:25:10/07-19 14:24:16(-2) logged TP in tp: [2024-07-19 09:24:18.179 UTC] [Info] [Main] Pandahut >> 猫猫糕 (76561198878832149) - Teleported to born4death (76561199745435498 at South West of gorge (990.5703 47.19062 1008.945) from North West of Range (318.6397 65.06445 2670.663)
[DEBUG](staffLog) 14:25:12/07-19 14:24:17(-3) logged TP in tp: [2024-07-19 09:24:20.789 UTC] [Info] [Main] Pandahut >> 猫猫糕 (76561198878832149) - Teleported to born4death (76561199745435498 at South West of gorge (988.9462 48.36409 1005.726) from West of gorge (726.4046 44.72184 1071.326)
[DEBUG](staffLog) 14:25:12/07-19 14:24:20(-2) logged TP in tp: [2024-07-19 09:24:22.308 UTC] [Info] [Main] Pandahut >> Godly (76561199183989090) - Teleported to born4death (76561199745435498 at South West of gorge (976.6758 47.62831 1007.74) from North West of Range (325.7214 65.06445 2668.951)
[DEBUG](staffLog) 14:25:17/07-19 14:24:21(-3) logged TP in tp: [2024-07-19 09:24:24.178 UTC] [Info] [Main] Pandahut >> Godly (76561199183989090) - Teleported to born4death (76561199745435498 at South West of gorge (963.1296 44.72184 1003.844) from West of gorge (727.7105 44.72184 1071.195)
[DEBUG](staffLog) 14:25:17/07-19 14:24:52(-3) logged TP in tp: [2024-07-19 09:24:55.838 UTC] [Info] [Main] Pandahut >> 猫猫糕 (76561198878832149) - Teleported to born4death (76561199745435498 at South West of gorge (897.8432 44.72184 968.7224) from South West of gorge (909.9646 44.72183 950.9152)
[DEBUG](staffLog) 15:14:33/07-19 15:12:14(-3) logged TP in tp: [2024-07-19 10:12:17.166 UTC] [Info] [Main] Pandahut >> Godly (76561199183989090) - Teleported to born4death (76561199745435498 at South of City (-149.7523 37.3616 90.79711) from South West of City (-153.9211 36.86858 128.5181)
[DEBUG](staffLog) 15:14:34/07-19 15:13:44(-1) logged TP in tp: [2024-07-19 10:13:45.848 UTC] [Info] [Main] Pandahut >> Godly (76561199183989090) - Teleported to born4death (76561199745435498 at South of City (-149.0252 42.1107 64.43745) from South of City (-126.486 36.96162 73.54781)
[DEBUG](staffLog) 15:14:34/07-19 15:13:58(-2) logged TP in tp: [2024-07-19 10:14:00.574 UTC] [Info] [Main] Pandahut >> Godly (76561199183989090) - Teleported to born4death (76561199745435498 at North East of Test (-77.17725 38.49658 24.90701) from South East of City (-107.5581 42.11122 64.08965)
[DEBUG](staffLog) 15:24:52/07-19 15:23:05(-1) logged DISCONNECTING in 🤐: [2024-07-19 10:23:06.744 UTC] [Info] [Main] Disconnecting: PlayerID: 76561199183989090 Steam Name: Godly Character name: Godly Nick: Godly Group: 112589994979229699 Session Length 1.17 Hours
[DEBUG](staffLog) 16:09:03/07-19 16:08:39(-2) logged MSG in 🌹: [2024-07-19 11:08:41.961 UTC] [Info] [Main] [Command] Meowavius [Jaquavius]: /msg miyukii yo where did udie
[DEBUG](staffLog) 16:12:18/07-19 16:11:58(-1) logged MSG in 🌹: [2024-07-19 11:11:59.240 UTC] [Info] [Main] [Command] Meowavius [Jaquavius]: /msg chaos oy
[DEBUG](staffLog) 16:12:19/07-19 16:12:02(-3) logged MSG in 🌹: [2024-07-19 11:12:05.053 UTC] [Info] [Main] [Command] Meowavius [Jaquavius]: /msg chaos can i buy a kit from  u
[DEBUG](staffLog) 16:12:33/07-19 16:12:09(-3) logged MSG in 🌹: [2024-07-19 11:12:12.423 UTC] [Info] [Main] [Command] Meowavius [Jaquavius]: /msg chaos gun, armor and mags?
[DEBUG](staffLog) 16:17:19/07-19 16:17:03(-3) logged API in 😶: [2024-07-19 11:17:06.651 UTC] [Info] [Thread Pool Worker] Pandahut >> Dealt with Action 3a5ddac1724f49afbfc9386e506490b6 with type "Spy @" for 76561198829454465 on Pandahut #19 [Unturnov 1.0 Remastered] [US-East] at 7/19/2024 11:17:02 AM
[DEBUG](staffLog) 16:26:48/07-19 16:26:38(-1) logged API in 😶: [2024-07-19 11:26:39.484 UTC] [Info] [Thread Pool Worker] Pandahut >> Dealt with Action 9821e0b7a8714938a8e03ab8795c6cc4 with type "Spy @" for 76561198978492152 on Pandahut #19 [Unturnov 1.0 Remastered] [US-East] at 7/19/2024 11:26:29 AM
[DEBUG](staffLog) 16:51:35/07-19 16:51:21(-3) logged MSG in 🌹: [2024-07-19 11:51:24.759 UTC] [Info] [Main] [Command] KoLoBoK206 [KoLoBoK206]: /msg Postal I can
[DEBUG](staffLog) 16:59:19/07-19 16:58:56(-3) logged MSG in 🌹: [2024-07-19 11:58:59.897 UTC] [Info] [Main] [Command] Meowavius [Jaquavius]: /msg finish yo
[DEBUG](staffLog) 16:59:21/07-19 16:59:09(-1) logged MSG in 🌹: [2024-07-19 11:59:10.110 UTC] [Info] [Main] [Command] Meowavius [Jaquavius]: /msg finish can u buyy me a scope
[DEBUG](staffLog) 16:59:33/07-19 16:59:21(-3) logged MSG in 🌹: [2024-07-19 11:59:24.020 UTC] [Info] [Main] [Command] Meowavius [Jaquavius]: /msg finsih alr
[DEBUG](staffLog) 17:00:13/07-19 16:59:24(-3) logged MSG in 🌹: [2024-07-19 11:59:27.279 UTC] [Info] [Main] [Command] Meowavius [Jaquavius]: /msg finish alr
[ERROR](staffParse) error parsing 'NoneType' object has no attribute 'replace' | {'name': 'MSG', 'aliases': ['pm'], 'channel': 1256769061791072317, 'public': False, 'text': 'player "{}" said "{}" to "{}"', 'textArgs': ['sender', 'params', 'target'], 'autocomplete': True, 'color': 34001} | [2024-07-19 12:06:00.728 UTC] [Info] [Main] [Command] Segeantxxg [Sergeantxxg]: /pm

[DEBUG](staffLog) 17:09:04/07-19 17:08:44(-3) logged MSG in 🌹: [2024-07-19 12:08:47.956 UTC] [Info] [Main] [Command] Meowavius [Jaquavius]: /msg miyukii where did u die?
[DEBUG](staffLog) 17:10:40/07-19 17:09:37(-1) logged MSG in 🌹: [2024-07-19 12:09:38.030 UTC] [Info] [Main] [Command] Meowavius [Jaquavius]: /msg chen oy
[DEBUG](staffLog) 17:10:41/07-19 17:09:39(-3) logged MSG in 🌹: [2024-07-19 12:09:42.610 UTC] [Info] [Main] [Command] Meowavius [Jaquavius]: /msg chen can i buy a kit from u?w
[DEBUG](staffLog) 17:10:41/07-19 17:09:53(-1) logged MSG in 🌹: [2024-07-19 12:09:54.139 UTC] [Info] [Main] [Command] Chen Chen [Chen Chen]: /pm meow alr
[DEBUG](staffLog) 17:10:41/07-19 17:10:00(-2) logged MSG in 🌹: [2024-07-19 12:10:02.659 UTC] [Info] [Main] [Command] Meowavius [Jaquavius]: /msg chen wya
[DEBUG](staffLog) 17:10:53/07-19 17:10:34(-1) logged MSG in 🌹: [2024-07-19 12:10:35.376 UTC] [Info] [Main] [Command] Meowavius [Jaquavius]: /msg miyukii can i get some money
[DEBUG](staffLog) 17:10:53/07-19 17:10:38(-2) logged R in 🌹: [2024-07-19 12:10:40.422 UTC] [Info] [Main] [Command] [3-B QUEST SHOP] Miyukii [Miyuki]: /r no
[DEBUG](staffLog) 17:11:33/07-19 17:10:47(-3) logged MSG in 🌹: [2024-07-19 12:10:50.169 UTC] [Info] [Main] [Command] Meowavius [Jaquavius]: /msg miyukii f u
[DEBUG](staffLog) 20:36:05/07-19 20:31:26(-3) logged MSG in 🌹: [2024-07-19 15:31:29.129 UTC] [Info] [Main] [Command] FINISH HER [p1]: /pm tubu 16 d
[DEBUG](staffLog) 20:36:05/07-19 20:31:50(-2) logged MSG in 🌹: [2024-07-19 15:31:52.835 UTC] [Info] [Main] [Command] FINISH HER [p1]: /pm tubu 16 c mb
[DEBUG](staffLog) 20:36:09/07-19 20:33:42(-1) logged CONNECTING in 🤣: [2024-07-19 15:33:43.312 UTC] [Info] [Main] Connecting: PlayerID: 76561198878832149 Steam Name: stacey Character name: #1 dsod hater Nick: stacey da cat Group: 112589994979229699 Join GUID: c8342088-01ec-409a-895b-69037b9e06f1 Character Slot: 0 Language: English
[DEBUG](staffLog) 20:36:09/07-19 20:33:52(-3) logged SERVER in 😃: [2024-07-19 15:33:55.254 UTC] [Info] [Main] [Command] #1 dsod hater [stacey]: /server 10
[DEBUG](staffLog) 20:36:10/07-19 20:33:52(-3) logged DISCONNECTING in 🤐: [2024-07-19 15:33:55.846 UTC] [Info] [Main] Disconnecting: PlayerID: 76561198878832149 Steam Name: stacey Character name: #1 dsod hater Nick: stacey da cat Group: 112589994979229699 Session Length 12.54 Seconds
[DEBUG](staffLog) 21:05:50/07-19 21:02:54(-2) logged R in 🌹: [2024-07-19 16:02:56.639 UTC] [Info] [Main] [Command] [3-B QUEST SHOP] Miyukii [Miyuki]: /r yea
[DEBUG](staffLog) 21:05:50/07-19 21:03:00(-1) logged R in 🌹: [2024-07-19 16:03:01.590 UTC] [Info] [Main] [Command] [3-B QUEST SHOP] Miyukii [Miyuki]: /r im near
[DEBUG](staffLog) 21:05:50/07-19 21:03:20(-2) logged R in 🌹: [2024-07-19 16:03:22.628 UTC] [Info] [Main] [Command] [3-B QUEST SHOP] Miyukii [Miyuki]: /r im near
[DEBUG](staffLog) 21:05:51/07-19 21:03:26(-3) logged R in 🌹: [2024-07-19 16:03:29.509 UTC] [Info] [Main] [Command] [3-B QUEST SHOP] Miyukii [Miyuki]: /r its me
[DEBUG](staffLog) 21:05:51/07-19 21:03:30(-3) logged R in 🌹: [2024-07-19 16:03:33.184 UTC] [Info] [Main] [Command] Pog [Cheese]: /r got it all
[DEBUG](staffLog) 21:05:56/07-19 21:03:41(-3) logged R in 🌹: [2024-07-19 16:03:44.448 UTC] [Info] [Main] [Command] Pog [Cheese]: /r lets go out
[DEBUG](staffLog) 21:05:56/07-19 21:03:45(-3) logged R in 🌹: [2024-07-19 16:03:48.345 UTC] [Info] [Main] [Command] Pog [Cheese]: /r swer
[DEBUG](staffLog) 21:05:56/07-19 21:03:47(-2) logged R in 🌹: [2024-07-19 16:03:49.662 UTC] [Info] [Main] [Command] [3-B QUEST SHOP] Miyukii [Miyuki]: /r follow me
[DEBUG](staffLog) 21:05:56/07-19 21:03:59(-1) logged R in 🌹: [2024-07-19 16:04:00.669 UTC] [Info] [Main] [Command] Pog [Cheese]: /r ok
[DEBUG](staffLog) 21:05:57/07-19 21:04:15(-3) logged R in 🌹: [2024-07-19 16:04:18.967 UTC] [Info] [Main] [Command] [3-B QUEST SHOP] Miyukii [Miyuki]: /r wait let me go first
[DEBUG](staffLog) 21:06:01/07-19 21:04:17(-3) logged R in 🌹: [2024-07-19 16:04:20.611 UTC] [Info] [Main] [Command] Pog [Cheese]: /r not this
[DEBUG](staffLog) 21:06:01/07-19 21:04:19(-3) logged R in 🌹: [2024-07-19 16:04:22.823 UTC] [Info] [Main] [Command] Pog [Cheese]: /r not this one
[DEBUG](staffLog) 21:06:01/07-19 21:04:28(-1) logged R in 🌹: [2024-07-19 16:04:29.655 UTC] [Info] [Main] [Command] Pog [Cheese]: /r it goes outside the front door of where we were
[DEBUG](staffLog) 21:06:02/07-19 21:04:30(-1) logged R in 🌹: [2024-07-19 16:04:31.745 UTC] [Info] [Main] [Command] [3-B QUEST SHOP] Miyukii [Miyuki]: /r its fine i got a safe spot extract
[DEBUG](staffLog) 21:06:02/07-19 21:04:35(-1) logged R in 🌹: [2024-07-19 16:04:36.502 UTC] [Info] [Main] [Command] [3-B QUEST SHOP] Miyukii [Miyuki]: /r like we are hidden
[DEBUG](staffLog) 21:06:03/07-19 21:04:37(-3) logged R in 🌹: [2024-07-19 16:04:40.074 UTC] [Info] [Main] [Command] [3-B QUEST SHOP] Miyukii [Miyuki]: /r 1 sec
[DEBUG](staffLog) 21:06:03/07-19 21:04:48(-2) logged R in 🌹: [2024-07-19 16:04:50.576 UTC] [Info] [Main] [Command] [3-B QUEST SHOP] Miyukii [Miyuki]: /r come
[DEBUG](staffLog) 21:06:08/07-19 21:04:50(-1) logged R in 🌹: [2024-07-19 16:04:51.695 UTC] [Info] [Main] [Command] Pog [Cheese]: /r we
[DEBUG](staffLog) 21:06:10/07-19 21:05:04(-2) logged R in 🌹: [2024-07-19 16:05:06.123 UTC] [Info] [Main] [Command] [3-B QUEST SHOP] Miyukii [Miyuki]: /r go in the buner
[DEBUG](staffLog) 21:06:10/07-19 21:05:06(-2) logged R in 🌹: [2024-07-19 16:05:08.765 UTC] [Info] [Main] [Command] [3-B QUEST SHOP] Miyukii [Miyuki]: /r bunker
[DEBUG](staffLog) 00:27:58/07-20 00:27:22(-1) logged MSG in 🌹: [2024-07-19 19:27:23.301 UTC] [Info] [Main] [Command] ferraruh [ferraruh]: /pm retro yoo
[DEBUG](staffLog) 00:27:58/07-20 00:27:31(-3) logged MSG in 🌹: [2024-07-19 19:27:34.948 UTC] [Info] [Main] [Command] ferraruh [ferraruh]: /pm retro when shop open
[DEBUG](staffLog) 01:43:49/07-20 01:42:01(-3) logged MSG in 🌹: [2024-07-19 20:42:04.064 UTC] [Info] [Main] [Command] Jimmy Cooks [Jaquavius]: /msg dragon wanna team?
[DEBUG](staffLog) 01:43:50/07-20 01:42:10(-2) logged MSG in 🌹: [2024-07-19 20:42:12.725 UTC] [Info] [Main] [Command] Jimmy Cooks [Jaquavius]: /msg fait inv me back
[DEBUG](staffLog) 01:43:50/07-20 01:42:15(-1) logged MSG in 🌹: [2024-07-19 20:42:16.067 UTC] [Info] [Main] [Command] Jimmy Cooks [Jaquavius]: /msg fait i left on accident
[DEBUG](staffLog) 01:43:50/07-20 01:42:37(-3) logged MSG in 🌹: [2024-07-19 20:42:40.994 UTC] [Info] [Main] [Command] Jimmy Cooks [Jaquavius]: /msg fait omw back rn
[DEBUG](staffLog) 01:43:53/07-20 01:42:46(-3) logged MSG in 🌹: [2024-07-19 20:42:49.706 UTC] [Info] [Main] [Command] DaDragon [DaDragon]: /pm Jimmy Cooks I have a team rn
[DEBUG](staffLog) 01:43:53/07-20 01:43:03(-2) logged MSG in 🌹: [2024-07-19 20:43:05.437 UTC] [Info] [Main] [Command] Jimmy Cooks [Jaquavius]: /msg dragon no worries
