[INFO](retrieveLog) wrote 40.35985MB to latest.log in 2.673722505569458
[INFO](staffParse) CAUGHT UP TO LATEST 80
[DEBUG](staffLog) 18:14:18/07-05 18:13:18(-1) logged MSG in 🌹: [2024-07-05 13:13:19.138 UTC] [Info] [Main] [Command] Chen Chen [Chen Chen]: /pm doodle i have
[DEBUG](staffLog) 18:14:26/07-05 18:13:24(-3) logged MSG in 🌹: [2024-07-05 13:13:27.749 UTC] [Info] [Main] [Command] Chen Chen [Chen Chen]: /pm doodle 120k meet 14b?
[DEBUG](staffLog) 18:14:58/07-05 18:14:06(-1) logged MSG in 🌹: [2024-07-05 13:14:07.138 UTC] [Info] [Main] [Command] Chen Chen [Chen Chen]: /pm doodle 120k for each
[DEBUG](staffLog) 18:56:17/07-05 18:55:19(-1) logged MSG in 🌹: [2024-07-05 13:55:20.924 UTC] [Info] [Main] [Command] tango! [damian]: //pm
[DEBUG](staffLog) 18:56:17/07-05 18:55:22(-3) logged MSG in 🌹: [2024-07-05 13:55:25.582 UTC] [Info] [Main] [Command] tango! [damian]: /pm nexus ballz
[DEBUG](staffLog) 18:56:26/07-05 18:55:24(-2) logged MSG in 🌹: [2024-07-05 13:55:26.746 UTC] [Info] [Main] [Command] tango! [damian]: /pm nexus ballz
[DEBUG](staffLog) 18:56:27/07-05 18:55:26(-1) logged MSG in 🌹: [2024-07-05 13:55:27.476 UTC] [Info] [Main] [Command] tango! [damian]: /pm nexus ballz
[DEBUG](staffLog) 18:56:27/07-05 18:55:25(-3) logged MSG in 🌹: [2024-07-05 13:55:28.158 UTC] [Info] [Main] [Command] tango! [damian]: /pm nexus ballz
[DEBUG](staffLog) 18:56:27/07-05 18:55:27(-2) logged MSG in 🌹: [2024-07-05 13:55:29.446 UTC] [Info] [Main] [Command] tango! [damian]: /pm nexus ballz
[DEBUG](staffLog) 18:56:31/07-05 18:55:27(-2) logged MSG in 🌹: [2024-07-05 13:55:29.969 UTC] [Info] [Main] [Command] tango! [damian]: /pm nexus ballz
[DEBUG](staffLog) 18:56:32/07-05 18:55:27(-3) logged MSG in 🌹: [2024-07-05 13:55:30.505 UTC] [Info] [Main] [Command] tango! [damian]: /pm nexus ballz
[DEBUG](staffLog) 18:56:32/07-05 18:55:28(-3) logged MSG in 🌹: [2024-07-05 13:55:31.018 UTC] [Info] [Main] [Command] tango! [damian]: /pm nexus ballz
[DEBUG](staffLog) 18:56:32/07-05 18:55:30(-1) logged MSG in 🌹: [2024-07-05 13:55:31.498 UTC] [Info] [Main] [Command] tango! [damian]: /pm nexus ballz
[DEBUG](staffLog) 18:56:32/07-05 18:55:31(-1) logged MSG in 🌹: [2024-07-05 13:55:32.044 UTC] [Info] [Main] [Command] tango! [damian]: /pm nexus ballz
[DEBUG](staffLog) 18:56:33/07-05 18:55:31(-1) logged MSG in 🌹: [2024-07-05 13:55:32.526 UTC] [Info] [Main] [Command] tango! [damian]: /pm nexus ballz
[DEBUG](staffLog) 18:56:38/07-05 18:55:32(-1) logged MSG in 🌹: [2024-07-05 13:55:33.048 UTC] [Info] [Main] [Command] tango! [damian]: /pm nexus ballz
[DEBUG](staffLog) 18:56:38/07-05 18:55:32(-1) logged MSG in 🌹: [2024-07-05 13:55:33.579 UTC] [Info] [Main] [Command] tango! [damian]: /pm nexus ballz
[DEBUG](staffLog) 18:56:38/07-05 18:55:31(-3) logged MSG in 🌹: [2024-07-05 13:55:34.140 UTC] [Info] [Main] [Command] tango! [damian]: /pm nexus ballz
[DEBUG](staffLog) 18:56:41/07-05 18:55:35(-2) logged MSG in 🌹: [2024-07-05 13:55:37.641 UTC] [Info] [Main] [Command] tango! [damian]: /pm nexus ballz
[DEBUG](staffLog) 18:56:41/07-05 18:55:45(-2) logged MSG in 🌹: [2024-07-05 13:55:47.283 UTC] [Info] [Main] [Command] tango! [damian]: /pm nexus ballz
[DEBUG](staffLog) 18:57:09/07-05 18:56:12(-1) logged MSG in 🌹: [2024-07-05 13:56:13.435 UTC] [Info] [Main] [Command] tango! [damian]: /pm nexus ballz
[DEBUG](staffLog) 18:57:09/07-05 18:56:11(-3) logged MSG in 🌹: [2024-07-05 13:56:14.491 UTC] [Info] [Main] [Command] tango! [damian]: /pm nexus ballz
[DEBUG](staffLog) 18:57:17/07-05 18:56:23(-1) logged MSG in 🌹: [2024-07-05 13:56:24.979 UTC] [Info] [Main] [Command] tango! [damian]: /pm nexus nigg
[DEBUG](staffLog) 18:57:18/07-05 18:56:22(-3) logged MSG in 🌹: [2024-07-05 13:56:25.606 UTC] [Info] [Main] [Command] tango! [damian]: /pm nexus nigg
[DEBUG](staffLog) 18:57:26/07-05 18:56:24(-2) logged MSG in 🌹: [2024-07-05 13:56:26.294 UTC] [Info] [Main] [Command] tango! [damian]: /pm nexus nigg
[DEBUG](staffLog) 18:57:27/07-05 18:56:24(-2) logged MSG in 🌹: [2024-07-05 13:56:26.944 UTC] [Info] [Main] [Command] tango! [damian]: /pm nexus nigg
[DEBUG](staffLog) 19:10:59/07-05 19:09:59(-3) logged MSG in 🌹: [2024-07-05 14:10:02.275 UTC] [Info] [Main] [Command] [3-B QUEST SHOP] Miyukii [Miyuki]: /pm doodle its on a chair
[DEBUG](staffLog) 19:11:19/07-05 19:10:15(-2) logged MSG in 🌹: [2024-07-05 14:10:17.165 UTC] [Info] [Main] [Command] [3-B QUEST SHOP] Miyukii [Miyuki]: /pm doodle in tents
[DEBUG](staffLog) 19:12:36/07-05 19:11:38(-1) logged MSG in 🌹: [2024-07-05 14:11:39.875 UTC] [Info] [Main] [Command] Spark [Boys4jesus 144p]: /pm doodle u might wanna bright a gun cuz theres ppl in labs
[DEBUG](staffLog) 19:47:39/07-05 19:46:39(-2) logged CHAT in 🥶: [2024-07-05 14:46:41.021 UTC] [Info] [Main] [Group] 猫猫糕 [stacey]: how much
[DEBUG](staffLog) 19:47:40/07-05 19:46:42(-2) logged CHAT in 🥶: [2024-07-05 14:46:44.039 UTC] [Info] [Main] [Group] 猫猫糕 [stacey]: money
[DEBUG](staffLog) 19:47:49/07-05 19:46:48(-3) logged DEBUG in debug-logs: [2024-07-05 14:46:51.141 UTC] [Info] [Main] [Command] 猫猫糕 [stacey]: /heal
[DEBUG](staffLog) 19:47:49/07-05 19:46:49(-3) logged DEBUG in debug-logs: [2024-07-05 14:46:52.162 UTC] [Info] [Main] [Command] 猫猫糕 [stacey]: /god
[DEBUG](staffLog) 19:47:50/07-05 19:46:52(-3) logged DEBUG in debug-logs: [2024-07-05 14:46:55.475 UTC] [Info] [Main] [Command] 猫猫糕 [stacey]: /smod
[DEBUG](staffLog) 19:47:58/07-05 19:47:00(-1) logged CHAT in 🥶: [2024-07-05 14:47:01.786 UTC] [Info] [Main] [Group] 猫猫糕 [stacey]: ama
[DEBUG](staffLog) 19:47:58/07-05 19:47:00(-2) logged CHAT in 🥶: [2024-07-05 14:47:02.241 UTC] [Info] [Main] [Group] 猫猫糕 [stacey]: go
[DEBUG](staffLog) 19:48:07/07-05 19:47:04(-2) logged CHAT in 🥶: [2024-07-05 14:47:06.846 UTC] [Info] [Main] [Group] 猫猫糕 [stacey]: take out the trash
[DEBUG](staffLog) 19:48:07/07-05 19:47:07(-3) logged CHAT in 🥶: [2024-07-05 14:47:10.338 UTC] [Info] [Main] [Group] 猫猫糕 [stacey]: hope to get rraped
[DEBUG](staffLog) 19:48:07/07-05 19:47:09(-3) logged CHAT in 🥶: [2024-07-05 14:47:12.498 UTC] [Info] [Main] [Group] 猫猫糕 [stacey]: by a
[DEBUG](staffLog) 19:48:24/07-05 19:47:21(-3) logged CHAT in 🥶: [2024-07-05 14:47:24.615 UTC] [Info] [Main] [Group] 猫猫糕 [stacey]: big fat ugly baster with a 1 ruler of a dick
[DEBUG](staffLog) 19:48:29/07-05 19:47:29(-1) logged CHAT in 🥶: [2024-07-05 14:47:30.738 UTC] [Info] [Main] [Group] 猫猫糕 [stacey]: brb
[DEBUG](staffLog) 19:49:10/07-05 19:48:08(-2) fakelogged DEBUG in 🤯: [2024-07-05 14:48:10.847 UTC] [Info] [Main] [Command] Godly [Godly]: /stuck
[DEBUG](staffLog) 19:49:47/07-05 19:48:48(-3) fakelogged DEBUG in 🤯: [2024-07-05 14:48:51.840 UTC] [Info] [Main] [Command] Godly [Godly]: /doortp
[DEBUG](staffLog) 19:50:56/07-05 19:49:56(-2) fakelogged DEBUG in 🤯: [2024-07-05 14:49:58.596 UTC] [Info] [Main] [Command] Godly [Godly]: /stuck
[DEBUG](staffLog) 19:51:16/07-05 19:50:18(-3) fakelogged DEBUG in 🤯: [2024-07-05 14:50:21.759 UTC] [Info] [Main] [Command] Godly [Godly]: /doortp
[DEBUG](staffLog) 19:51:37/07-05 19:50:40(-2) fakelogged DEBUG in 🤯: [2024-07-05 14:50:42.915 UTC] [Info] [Main] [Command] Godly [Godly]: /stuck
[DEBUG](staffLog) 19:51:37/07-05 19:50:41(-3) logged DEBUG in debug-logs: [2024-07-05 14:50:44.131 UTC] [Info] [Main] [Command] Godly [Godly]: /smod
[DEBUG](staffLog) 19:53:57/07-05 19:53:00(-1) logged CHAT in 🥶: [2024-07-05 14:53:01.710 UTC] [Info] [Main] [Group] 猫猫糕 [stacey]: am back
[DEBUG](staffLog) 19:53:57/07-05 19:53:02(-1) logged CHAT in 🥶: [2024-07-05 14:53:03.683 UTC] [Info] [Main] [Group] 猫猫糕 [stacey]: bad news
[DEBUG](staffLog) 19:54:09/07-05 19:53:06(-2) logged CHAT in 🥶: [2024-07-05 14:53:08.970 UTC] [Info] [Main] [Group] 猫猫糕 [stacey]: no one came to rape me :/
[DEBUG](staffLog) 19:54:17/07-05 19:53:16(-1) logged CHAT in 🥶: [2024-07-05 14:53:17.175 UTC] [Info] [Main] [Group] 猫猫糕 [stacey]: no one came
[DEBUG](staffLog) 19:54:17/07-05 19:53:16(-2) logged CHAT in 🥶: [2024-07-05 14:53:18.546 UTC] [Info] [Main] [Group] 猫猫糕 [stacey]: to
[DEBUG](staffLog) 19:54:17/07-05 19:53:20(-2) logged CHAT in 🥶: [2024-07-05 14:53:22.551 UTC] [Info] [Main] [Group] 猫猫糕 [stacey]: ra me
[DEBUG](staffLog) 19:54:17/07-05 19:53:21(-3) logged CHAT in 🥶: [2024-07-05 14:53:24.823 UTC] [Info] [Main] [Group] 猫猫糕 [stacey]: airdroo?
[DEBUG](staffLog) 19:54:26/07-05 19:53:25(-2) fakelogged DEBUG in 🤯: [2024-07-05 14:53:27.821 UTC] [Info] [Main] [Command] 猫猫糕 [stacey]: /stuck
[DEBUG](staffLog) 19:54:27/07-05 19:53:33(-2) logged CHAT in 🥶: [2024-07-05 14:53:35.442 UTC] [Info] [Main] [Global] 猫猫糕 [stacey]: AIRDROP RES
[DEBUG](staffLog) 19:55:58/07-05 19:55:00(-1) fakelogged DEBUG in 🤯: [2024-07-05 14:55:01.506 UTC] [Info] [Main] [Command] Godly [Godly]: /vault
[DEBUG](staffLog) 19:56:08/07-05 19:55:05(-2) fakelogged DEBUG in 🤯: [2024-07-05 14:55:07.707 UTC] [Info] [Main] [Command] Godly [Godly]: /vault gamma
[DEBUG](staffLog) 19:56:37/07-05 19:55:38(-3) logged CHAT in 🥶: [2024-07-05 14:55:41.336 UTC] [Info] [Main] [Group] 猫猫糕 [stacey]: got the rest
[DEBUG](staffLog) 19:56:37/07-05 19:55:39(-3) logged CHAT in 🥶: [2024-07-05 14:55:42.243 UTC] [Info] [Main] [Global] 猫猫糕 [stacey]: gg
[DEBUG](staffLog) 19:56:49/07-05 19:55:47(-2) logged CHAT in 🥶: [2024-07-05 14:55:49.656 UTC] [Info] [Main] [Global] Godly [Godly]: ggs
[DEBUG](staffLog) 19:57:09/07-05 19:56:12(-3) logged CHAT in 🥶: [2024-07-05 14:56:15.228 UTC] [Info] [Main] [Group] 猫猫糕 [stacey]: i got
[DEBUG](staffLog) 19:57:17/07-05 19:56:14(-2) logged CHAT in 🥶: [2024-07-05 14:56:16.378 UTC] [Info] [Main] [Group] 猫猫糕 [stacey]: a gl
[DEBUG](staffLog) 19:57:17/07-05 19:56:14(-3) logged CHAT in 🥶: [2024-07-05 14:56:17.835 UTC] [Info] [Main] [Group] 猫猫糕 [stacey]: a amr
[DEBUG](staffLog) 19:57:17/07-05 19:56:16(-3) logged CHAT in 🥶: [2024-07-05 14:56:19.746 UTC] [Info] [Main] [Group] 猫猫糕 [stacey]: 1 lab card
[DEBUG](staffLog) 19:57:18/07-05 19:56:20(-2) logged CHAT in 🥶: [2024-07-05 14:56:22.381 UTC] [Info] [Main] [Group] 猫猫糕 [stacey]: 2 array
[DEBUG](staffLog) 19:57:27/07-05 19:56:26(-2) logged MSG in 🌹: [2024-07-05 14:56:28.956 UTC] [Info] [Main] [Command] [3-B QUEST SHOP] Miyukii [Miyuki]: /pm jy im buying some gpus
[DEBUG](staffLog) 19:57:27/07-05 19:56:29(-1) logged CHAT in 🥶: [2024-07-05 14:56:30.667 UTC] [Info] [Main] [Global] 猫猫糕 [stacey]: i k your going to be in the lake XD\
[DEBUG](staffLog) 19:57:27/07-05 19:56:31(-2) fakelogged DEBUG in 🤯: [2024-07-05 14:56:33.361 UTC] [Info] [Main] [Command] 猫猫糕 [stacey]: /doortp
[DEBUG](staffLog) 19:57:47/07-05 19:56:50(-1) logged CHAT in 🥶: [2024-07-05 14:56:51.628 UTC] [Info] [Main] [Global] Godly [Godly]: why
[DEBUG](staffLog) 19:57:47/07-05 19:56:52(-3) logged CHAT in 🥶: [2024-07-05 14:56:55.517 UTC] [Info] [Main] [Global] Godly [Godly]: u run from me
[DEBUG](staffLog) 19:58:07/07-05 19:56:55(-1) logged CHAT in 🥶: [2024-07-05 14:56:56.707 UTC] [Info] [Main] [Global] Godly [Godly]: im sad
[DEBUG](staffLog) 19:58:07/07-05 19:56:57(-1) fakelogged DEBUG in 🤯: [2024-07-05 14:56:58.088 UTC] [Info] [Main] [Command] 猫猫糕 [stacey]: /vault stash++
[DEBUG](staffLog) 19:58:12/07-05 19:57:07(-3) logged CHAT in 🥶: [2024-07-05 14:57:10.122 UTC] [Info] [Main] [Global] Godly [Godly]: also whoever said i was spawn camping go report me if u want
[DEBUG](staffLog) 19:58:28/07-05 19:57:28(-1) logged DEBUG in debug-logs: [2024-07-05 14:57:29.634 UTC] [Info] [Main] [Command] 猫猫糕 [stacey]: /open
[DEBUG](staffLog) 19:58:28/07-05 19:57:29(-2) logged DEBUG in debug-logs: [2024-07-05 14:57:31.449 UTC] [Info] [Main] [Command] 猫猫糕 [stacey]: /mod
[DEBUG](staffLog) 19:58:28/07-05 19:57:28(-3) logged DEBUG in debug-logs: [2024-07-05 14:57:31.810 UTC] [Info] [Main] [Command] 猫猫糕 [stacey]: /open
[DEBUG](staffLog) 19:58:37/07-05 19:57:35(-3) fakelogged DEBUG in 🤯: [2024-07-05 14:57:38.222 UTC] [Info] [Main] [Command] 猫猫糕 [stacey]: /stuck
[DEBUG](staffLog) 19:58:46/07-05 19:57:50(-1) fakelogged DEBUG in 🤯: [2024-07-05 14:57:51.403 UTC] [Info] [Main] [Command] Godly [Godly]: /doortp
[DEBUG](staffLog) 19:58:57/07-05 19:57:53(-3) fakelogged DEBUG in 🤯: [2024-07-05 14:57:56.723 UTC] [Info] [Main] [Command] Godly [Godly]: /vault kappa
[DEBUG](staffLog) 19:58:57/07-05 19:57:59(-2) fakelogged DEBUG in 🤯: [2024-07-05 14:58:01.382 UTC] [Info] [Main] [Command] Godly [Godly]: /vault gamma
[DEBUG](staffLog) 19:58:57/07-05 19:58:02(-3) fakelogged DEBUG in 🤯: [2024-07-05 14:58:05.200 UTC] [Info] [Main] [Command] 猫猫糕 [stacey]: /doortp
[DEBUG](staffLog) 19:59:19/07-05 19:58:19(-1) logged CHAT in 🥶: [2024-07-05 14:58:20.749 UTC] [Info] [Main] [Group] 猫猫糕 [stacey]: give gl
[DEBUG](staffLog) 19:59:37/07-05 19:58:40(-1) logged CHAT in 🥶: [2024-07-05 14:58:41.960 UTC] [Info] [Main] [Group] 猫猫糕 [stacey]: put them
[DEBUG](staffLog) 19:59:37/07-05 19:58:42(-1) logged CHAT in 🥶: [2024-07-05 14:58:43.907 UTC] [Info] [Main] [Group] 猫猫糕 [stacey]: up stares
[DEBUG](staffLog) 20:00:07/07-05 19:59:08(-2) fakelogged DEBUG in 🤯: [2024-07-05 14:59:10.466 UTC] [Info] [Main] [Command] Godly [Godly]: /vault
[DEBUG](staffLog) 20:00:28/07-05 19:59:30(-3) fakelogged DEBUG in 🤯: [2024-07-05 14:59:33.475 UTC] [Info] [Main] [Command] Godly [Godly]: /stuck
[DEBUG](staffLog) 20:00:53/07-05 19:59:43(-3) fakelogged DEBUG in 🤯: [2024-07-05 14:59:46.724 UTC] [Info] [Main] [Command] Godly [Godly]: /doortp
[DEBUG](staffLog) 20:00:53/07-05 19:59:50(-3) fakelogged DEBUG in 🤯: [2024-07-05 14:59:53.823 UTC] [Info] [Main] [Command] Godly [Godly]: /vault
[DEBUG](staffLog) 20:01:17/07-05 20:00:17(-3) logged CHAT in 🥶: [2024-07-05 15:00:20.442 UTC] [Info] [Main] [Global] Godly [Godly]: mreow
[DEBUG](staffLog) 20:01:49/07-05 20:00:50(-1) fakelogged DEBUG in 🤯: [2024-07-05 15:00:51.675 UTC] [Info] [Main] [Command] Godly [Godly]: /stuck
[DEBUG](staffLog) 20:01:49/07-05 20:00:52(-3) logged CHAT in 🥶: [2024-07-05 15:00:55.758 UTC] [Info] [Main] [Group] 猫猫糕 [stacey]: put them
[DEBUG](staffLog) 20:01:58/07-05 20:00:55(-3) logged CHAT in 🥶: [2024-07-05 15:00:58.635 UTC] [Info] [Main] [Group] 猫猫糕 [stacey]: on 2nd floor
[DEBUG](staffLog) 20:01:58/07-05 20:01:00(-1) fakelogged DEBUG in 🤯: [2024-07-05 15:01:01.673 UTC] [Info] [Main] [Command] Godly [Godly]: /doortp
[DEBUG](staffLog) 20:01:58/07-05 20:01:01(-3) logged DEBUG in debug-logs: [2024-07-05 15:01:04.061 UTC] [Info] [Main] [Command] 猫猫糕 [stacey]: /open
[DEBUG](staffLog) 20:01:58/07-05 20:01:03(-2) fakelogged DEBUG in 🤯: [2024-07-05 15:01:05.547 UTC] [Info] [Thread Pool Worker] [Command] 猫猫糕 [stacey]: /buyfrom 76561198844615074 43000
[DEBUG](staffLog) 20:02:06/07-05 20:01:05(-1) fakelogged DEBUG in 🤯: [2024-07-05 15:01:06.452 UTC] [Info] [Main] [Command] 猫猫糕 [stacey]: /buyfrom 76561198844615074 43000
[DEBUG](staffLog) 20:02:19/07-05 20:01:14(-2) logged CHAT in 🥶: [2024-07-05 15:01:16.443 UTC] [Info] [Main] [Group] 猫猫糕 [stacey]: midde
[DEBUG](staffLog) 20:02:19/07-05 20:01:22(-2) logged CHAT in 🥶: [2024-07-05 15:01:24.825 UTC] [Info] [Main] [Group] 猫猫糕 [stacey]: a line here
[DEBUG](staffLog) 20:02:57/07-05 20:01:56(-1) logged DEBUG in debug-logs: [2024-07-05 15:01:57.557 UTC] [Info] [Main] [Command] 猫猫糕 [stacey]: /itemid
[DEBUG](staffLog) 20:03:16/07-05 20:02:14(-3) fakelogged DEBUG in 🤯: [2024-07-05 15:02:17.762 UTC] [Info] [Main] [Command] 猫猫糕 [stacey]: /addshop buy 58430 250000
[DEBUG](staffLog) 20:03:16/07-05 20:02:17(-3) fakelogged DEBUG in 🤯: [2024-07-05 15:02:20.336 UTC] [Info] [Main] [Command] Godly [Godly]: /stuck
[DEBUG](staffLog) 20:03:27/07-05 20:02:27(-2) fakelogged DEBUG in 🤯: [2024-07-05 15:02:29.706 UTC] [Info] [Main] [Command] Godly [Godly]: /doortp
[DEBUG](staffLog) 20:03:27/07-05 20:02:31(-1) fakelogged DEBUG in 🤯: [2024-07-05 15:02:32.586 UTC] [Info] [Main] [Command] 猫猫糕 [stacey]: /addshop buy 58173 250000
[DEBUG](staffLog) 20:03:46/07-05 20:02:45(-3) fakelogged DEBUG in 🤯: [2024-07-05 15:02:48.515 UTC] [Info] [Main] [Command] 猫猫糕 [stacey]: /addshop buy trg-42 250000
[DEBUG](staffLog) 20:03:46/07-05 20:02:51(-3) fakelogged DEBUG in 🤯: [2024-07-05 15:02:54.439 UTC] [Info] [Main] [Command] Godly [Godly]: /stuck
[DEBUG](staffLog) 20:03:57/07-05 20:03:01(-3) logged DEBUG in debug-logs: [2024-07-05 15:03:04.220 UTC] [Info] [Main] [Command] 猫猫糕 [stacey]: /itemid
[DEBUG](staffLog) 20:03:57/07-05 20:03:03(-1) fakelogged DEBUG in 🤯: [2024-07-05 15:03:04.883 UTC] [Info] [Main] [Command] Godly [Godly]: /doortp
[DEBUG](staffLog) 20:04:22/07-05 20:03:13(-1) fakelogged DEBUG in 🤯: [2024-07-05 15:03:14.967 UTC] [Info] [Main] [Command] 猫猫糕 [stacey]: /addshop buy 58236 200000
[DEBUG](staffLog) 20:04:22/07-05 20:03:12(-3) logged MSG in 🌹: [2024-07-05 15:03:15.543 UTC] [Info] [Main] [Command] tango! [damian]: /pm nexus Nigger
[DEBUG](staffLog) 20:04:27/07-05 20:03:16(-2) logged MSG in 🌹: [2024-07-05 15:03:18.330 UTC] [Info] [Main] [Command] tango! [damian]: /pm nexus Nigg
[DEBUG](staffLog) 20:04:27/07-05 20:03:22(-3) logged MSG in 🌹: [2024-07-05 15:03:25.922 UTC] [Info] [Main] [Command] tango! [damian]: /pm nexus Nigg a
[DEBUG](staffLog) 20:04:28/07-05 20:03:28(-1) logged MSG in 🌹: [2024-07-05 15:03:29.317 UTC] [Info] [Main] [Command] tango! [damian]: /pm nexus Nigg a
[DEBUG](staffLog) 20:04:31/07-05 20:03:33(-3) fakelogged DEBUG in 🤯: [2024-07-05 15:03:36.401 UTC] [Info] [Main] [Command] 猫猫糕 [stacey]: /addshop buy m27 120000
[DEBUG](staffLog) 20:04:55/07-05 20:03:44(-2) fakelogged DEBUG in 🤯: [2024-07-05 15:03:46.828 UTC] [Info] [Main] [Command] Godly [Godly]: /stuck
[DEBUG](staffLog) 20:04:55/07-05 20:03:51(-1) fakelogged DEBUG in 🤯: [2024-07-05 15:03:52.795 UTC] [Info] [Main] [Command] 猫猫糕 [stacey]: /addshop buy m762 120000\
[DEBUG](staffLog) 20:04:55/07-05 20:03:54(-2) fakelogged DEBUG in 🤯: [2024-07-05 15:03:56.857 UTC] [Info] [Main] [Command] Godly [Godly]: /doortp
[DEBUG](staffLog) 20:05:08/07-05 20:04:08(-2) fakelogged DEBUG in 🤯: [2024-07-05 15:04:10.480 UTC] [Info] [Main] [Command] 猫猫糕 [stacey]: /addshop buy 74m 120000
[DEBUG](staffLog) 20:05:18/07-05 20:04:22(-2) fakelogged DEBUG in 🤯: [2024-07-05 15:04:24.114 UTC] [Info] [Main] [Command] 猫猫糕 [stacey]: /addshop buy mcx 120000
[DEBUG](staffLog) 20:05:28/07-05 20:04:29(-3) logged CHAT in 🥶: [2024-07-05 15:04:32.091 UTC] [Info] [Main] [Group] 猫猫糕 [stacey]: yes
[DEBUG](staffLog) 20:05:29/07-05 20:04:34(-1) logged CHAT in 🥶: [2024-07-05 15:04:35.181 UTC] [Info] [Main] [Group] 猫猫糕 [stacey]: pk
[DEBUG](staffLog) 20:05:39/07-05 20:04:40(-3) logged CHAT in 🥶: [2024-07-05 15:04:43.109 UTC] [Info] [Main] [Group] 猫猫糕 [stacey]: godly
[DEBUG](staffLog) 20:05:39/07-05 20:04:44(-1) logged CHAT in 🥶: [2024-07-05 15:04:45.561 UTC] [Info] [Main] [Group] 猫猫糕 [stacey]: pk 4 part 2
[DEBUG](staffLog) 20:05:47/07-05 20:04:45(-3) logged CHAT in 🥶: [2024-07-05 15:04:48.929 UTC] [Info] [Main] [Group] 猫猫糕 [stacey]: witch is like
[DEBUG](staffLog) 20:05:47/07-05 20:04:48(-2) logged CHAT in 🥶: [2024-07-05 15:04:50.157 UTC] [Info] [Main] [Group] 猫猫糕 [stacey]: bugged
[DEBUG](staffLog) 20:05:57/07-05 20:04:54(-3) logged CHAT in 🥶: [2024-07-05 15:04:57.744 UTC] [Info] [Main] [Group] 猫猫糕 [stacey]: bro
[DEBUG](staffLog) 20:05:57/07-05 20:04:58(-1) fakelogged DEBUG in 🤯: [2024-07-05 15:04:59.404 UTC] [Info] [Main] [Command] Godly [Godly]: /stuck
[DEBUG](staffLog) 20:05:57/07-05 20:04:58(-2) logged CHAT in 🥶: [2024-07-05 15:05:00.973 UTC] [Info] [Main] [Group] 猫猫糕 [stacey]: you asked me
[DEBUG](staffLog) 20:05:57/07-05 20:05:01(-1) logged CHAT in 🥶: [2024-07-05 15:05:02.591 UTC] [Info] [Main] [Group] 猫猫糕 [stacey]: a question
[DEBUG](staffLog) 20:06:01/07-05 20:05:01(-2) logged CHAT in 🥶: [2024-07-05 15:05:03.768 UTC] [Info] [Main] [Group] 猫猫糕 [stacey]: and
[DEBUG](staffLog) 20:06:08/07-05 20:05:10(-1) logged CHAT in 🥶: [2024-07-05 15:05:11.430 UTC] [Info] [Main] [Group] 猫猫糕 [stacey]: do we need messure tape
[DEBUG](staffLog) 20:06:08/07-05 20:05:12(-2) logged CHAT in 🥶: [2024-07-05 15:05:14.605 UTC] [Info] [Main] [Group] 猫猫糕 [stacey]: you niga
[DEBUG](staffLog) 20:06:18/07-05 20:05:14(-3) logged CHAT in 🥶: [2024-07-05 15:05:17.500 UTC] [Info] [Main] [Group] 猫猫糕 [stacey]: kys
[DEBUG](staffLog) 20:06:28/07-05 20:05:23(-3) fakelogged DEBUG in 🤯: [2024-07-05 15:05:26.610 UTC] [Info] [Main] [Command] Godly [Godly]: /doortp
[DEBUG](staffLog) 20:06:28/07-05 20:05:24(-2) fakelogged DEBUG in 🤯: [2024-07-05 15:05:26.856 UTC] [Info] [Main] [Command] 猫猫糕 [stacey]: /vault
[DEBUG](staffLog) 20:06:38/07-05 20:05:44(-1) logged CHAT in 🥶: [2024-07-05 15:05:45.431 UTC] [Info] [Main] [Global] 猫猫糕 [stacey]: ult a lab cards 80 left
[DEBUG](staffLog) 20:06:47/07-05 20:05:45(-2) logged DEBUG in debug-logs: [2024-07-05 15:05:47.775 UTC] [Info] [Main] [Command] 猫猫糕 [stacey]: /smod
[DEBUG](staffLog) 20:06:47/07-05 20:05:54(-1) fakelogged DEBUG in 🤯: [2024-07-05 15:05:55.895 UTC] [Info] [Main] [Command] 猫猫糕 [stacey]: /stuck
[DEBUG](staffLog) 20:06:57/07-05 20:05:59(-2) fakelogged DEBUG in 🤯: [2024-07-05 15:06:01.178 UTC] [Info] [Main] [Command] Godly [Godly]: /stuck
[DEBUG](staffLog) 20:07:17/07-05 20:06:15(-3) fakelogged DEBUG in 🤯: [2024-07-05 15:06:18.515 UTC] [Info] [Main] [Command] 猫猫糕 [stacey]: /stuck
[DEBUG](staffLog) 20:07:17/07-05 20:06:16(-2) fakelogged DEBUG in 🤯: [2024-07-05 15:06:18.725 UTC] [Info] [Main] [Command] Godly [Godly]: /vault kappa
[DEBUG](staffLog) 20:07:28/07-05 20:06:28(-2) fakelogged DEBUG in 🤯: [2024-07-05 15:06:30.839 UTC] [Info] [Main] [Command] Godly [Godly]: /vault kappa
[DEBUG](staffLog) 20:07:28/07-05 20:06:33(-1) fakelogged DEBUG in 🤯: [2024-07-05 15:06:34.263 UTC] [Info] [Main] [Command] Godly [Godly]: /vault gamma
[DEBUG](staffLog) 20:07:28/07-05 20:06:32(-2) fakelogged DEBUG in 🤯: [2024-07-05 15:06:34.445 UTC] [Info] [Main] [Command] 猫猫糕 [stacey]: /doortp
[DEBUG](staffLog) 20:07:28/07-05 20:06:32(-3) fakelogged DEBUG in 🤯: [2024-07-05 15:06:35.793 UTC] [Info] [Main] [Command] Godly [Godly]: /vault
[DEBUG](staffLog) 20:07:47/07-05 20:06:36(-2) logged CHAT in 🥶: [2024-07-05 15:06:38.927 UTC] [Info] [Main] [Group] 猫猫糕 [stacey]: can you
[DEBUG](staffLog) 20:07:47/07-05 20:06:38(-1) logged CHAT in 🥶: [2024-07-05 15:06:39.833 UTC] [Info] [Main] [Group] 猫猫糕 [stacey]: open
[DEBUG](staffLog) 20:07:47/07-05 20:06:37(-3) logged CHAT in 🥶: [2024-07-05 15:06:40.973 UTC] [Info] [Main] [Group] 猫猫糕 [stacey]: da door
[DEBUG](staffLog) 20:07:59/07-05 20:06:58(-2) logged DEBUG in debug-logs: [2024-07-05 15:07:00.197 UTC] [Info] [Main] [Command] 猫猫糕 [stacey]: /staff
[DEBUG](staffLog) 20:08:27/07-05 20:07:26(-1) fakelogged DEBUG in 🤯: [2024-07-05 15:07:27.722 UTC] [Info] [Main] [Command] 猫猫糕 [stacey]: /vault
[DEBUG](staffLog) 20:08:47/07-05 20:07:52(-3) logged DEBUG in debug-logs: [2024-07-05 15:07:55.357 UTC] [Info] [Main] [Command] 猫猫糕 [stacey]: /mod
[DEBUG](staffLog) 20:08:47/07-05 20:07:52(-3) fakelogged DEBUG in 🤯: [2024-07-05 15:07:55.661 UTC] [Info] [Main] [Command] Godly [Godly]: /doortp
[DEBUG](staffLog) 20:08:58/07-05 20:07:54(-3) logged DEBUG in debug-logs: [2024-07-05 15:07:57.084 UTC] [Info] [Main] [Command] 猫猫糕 [stacey]: /open
[DEBUG](staffLog) 20:09:17/07-05 20:08:19(-1) logged DEBUG in debug-logs: [2024-07-05 15:08:20.251 UTC] [Info] [Main] [Command] 猫猫糕 [stacey]: /smod
[DEBUG](staffLog) 20:09:28/07-05 20:08:30(-1) fakelogged DEBUG in 🤯: [2024-07-05 15:08:31.606 UTC] [Info] [Main] [Command] Godly [Godly]: /stuck
[DEBUG](staffLog) 20:09:28/07-05 20:08:30(-2) fakelogged DEBUG in 🤯: [2024-07-05 15:08:32.642 UTC] [Info] [Main] [Command] 猫猫糕 [stacey]: /vault
[DEBUG](staffLog) 20:09:39/07-05 20:08:43(-2) fakelogged DEBUG in 🤯: [2024-07-05 15:08:45.631 UTC] [Info] [Main] [Command] Godly [Godly]: /vault
[DEBUG](staffLog) 20:16:29/07-05 20:15:29(-3) logged CHAT in 🥶: [2024-07-05 15:15:32.544 UTC] [Info] [Main] [Group] 猫猫糕 [stacey]: come
[DEBUG](staffLog) 20:16:29/07-05 20:15:30(-3) logged CHAT in 🥶: [2024-07-05 15:15:33.424 UTC] [Info] [Main] [Group] 猫猫糕 [stacey]: base
[DEBUG](staffLog) 20:16:39/07-05 20:15:35(-1) fakelogged DEBUG in 🤯: [2024-07-05 15:15:36.420 UTC] [Info] [Main] [Command] Godly [Godly]: /doortp
[DEBUG](staffLog) 20:16:46/07-05 20:15:49(-1) fakelogged DEBUG in 🤯: [2024-07-05 15:15:50.859 UTC] [Info] [Main] [Command] Godly [Godly]: /buyfrom 76561198844615074 43000
[DEBUG](staffLog) 20:16:46/07-05 20:15:50(-1) fakelogged DEBUG in 🤯: [2024-07-05 15:15:51.306 UTC] [Info] [Main] [Command] Godly [Godly]: /buyfrom 76561198844615074 43000
[DEBUG](staffLog) 20:16:46/07-05 20:15:49(-2) fakelogged DEBUG in 🤯: [2024-07-05 15:15:51.837 UTC] [Info] [Main] [Command] Godly [Godly]: /buyfrom 76561198844615074 43000
[DEBUG](staffLog) 20:16:58/07-05 20:15:58(-3) logged CHAT in 🥶: [2024-07-05 15:16:01.222 UTC] [Info] [Main] [Group] 猫猫糕 [stacey]: all ready
[DEBUG](staffLog) 20:16:59/07-05 20:16:01(-1) logged CHAT in 🥶: [2024-07-05 15:16:02.619 UTC] [Info] [Main] [Group] 猫猫糕 [stacey]: sold
[DEBUG](staffLog) 20:16:59/07-05 20:16:02(-1) logged CHAT in 🥶: [2024-07-05 15:16:03.695 UTC] [Info] [Main] [Group] 猫猫糕 [stacey]: 10
[DEBUG](staffLog) 20:17:06/07-05 20:16:05(-3) fakelogged DEBUG in 🤯: [2024-07-05 15:16:08.865 UTC] [Info] [Main] [Command] Godly [Godly]: /buyfrom 76561198844615074 43000
[DEBUG](staffLog) 20:17:07/07-05 20:16:07(-2) logged CHAT in 🥶: [2024-07-05 15:16:09.848 UTC] [Info] [Main] [Group] 猫猫糕 [stacey]: am at
[DEBUG](staffLog) 20:17:07/07-05 20:16:10(-2) logged CHAT in 🥶: [2024-07-05 15:16:12.855 UTC] [Info] [Main] [Group] 猫猫糕 [stacey]: 120m
[DEBUG](staffLog) 20:17:16/07-05 20:16:16(-1) fakelogged DEBUG in 🤯: [2024-07-05 15:16:17.704 UTC] [Info] [Main] [Command] Godly [Godly]: /buyfrom 76561199183989090 26001
[DEBUG](staffLog) 20:17:17/07-05 20:16:19(-2) logged CHAT in 🥶: [2024-07-05 15:16:21.615 UTC] [Info] [Main] [Group] 猫猫糕 [stacey]: 5m each
[DEBUG](staffLog) 20:17:36/07-05 20:16:45(-1) fakelogged DEBUG in 🤯: [2024-07-05 15:16:46.133 UTC] [Info] [Main] [Command] Godly [Godly]: /buyfrom 76561198844615074 43000
[DEBUG](staffLog) 20:17:47/07-05 20:16:43(-3) fakelogged DEBUG in 🤯: [2024-07-05 15:16:46.564 UTC] [Info] [Main] [Command] Godly [Godly]: /buyfrom 76561198844615074 43000
[DEBUG](staffLog) 20:17:47/07-05 20:16:46(-3) fakelogged DEBUG in 🤯: [2024-07-05 15:16:49.769 UTC] [Info] [Main] [Command] 猫猫糕 [stacey]: /vault
[DEBUG](staffLog) 20:17:47/07-05 20:16:52(-1) fakelogged DEBUG in 🤯: [2024-07-05 15:16:53.341 UTC] [Info] [Main] [Command] Godly [Godly]: /buyfrom 76561198844615074 43000
[DEBUG](staffLog) 20:17:47/07-05 20:16:51(-2) fakelogged DEBUG in 🤯: [2024-07-05 15:16:53.720 UTC] [Info] [Main] [Command] Godly [Godly]: /buyfrom 76561198844615074 43000
[DEBUG](staffLog) 20:17:47/07-05 20:16:52(-2) fakelogged DEBUG in 🤯: [2024-07-05 15:16:54.098 UTC] [Info] [Main] [Command] Godly [Godly]: /buyfrom 76561198844615074 43000
[DEBUG](staffLog) 20:17:47/07-05 20:16:52(-2) fakelogged DEBUG in 🤯: [2024-07-05 15:16:54.494 UTC] [Info] [Main] [Command] Godly [Godly]: /buyfrom 76561198844615074 43000
[DEBUG](staffLog) 20:17:56/07-05 20:16:55(-2) fakelogged DEBUG in 🤯: [2024-07-05 15:16:57.278 UTC] [Info] [Main] [Command] Godly [Godly]: /vault
[DEBUG](staffLog) 20:17:56/07-05 20:16:59(-3) fakelogged DEBUG in 🤯: [2024-07-05 15:17:02.959 UTC] [Info] [Main] [Command] Godly [Godly]: /stuck
[DEBUG](staffLog) 20:17:57/07-05 20:17:02(-2) logged CHAT in 🥶: [2024-07-05 15:17:04.709 UTC] [Info] [Main] [Group] 猫猫糕 [stacey]: ye
[DEBUG](staffLog) 20:18:09/07-05 20:17:04(-3) logged CHAT in 🥶: [2024-07-05 15:17:07.496 UTC] [Info] [Main] [Group] 猫猫糕 [stacey]: fuck v0rtex
[DEBUG](staffLog) 20:18:09/07-05 20:17:08(-3) logged CHAT in 🥶: [2024-07-05 15:17:11.881 UTC] [Info] [Main] [Group] 猫猫糕 [stacey]: ez
[DEBUG](staffLog) 20:18:09/07-05 20:17:12(-1) logged CHAT in 🥶: [2024-07-05 15:17:13.345 UTC] [Info] [Main] [Group] 猫猫糕 [stacey]: 120m
[DEBUG](staffLog) 20:18:38/07-05 20:17:34(-3) fakelogged DEBUG in 🤯: [2024-07-05 15:17:37.379 UTC] [Info] [Main] [Command] 猫猫糕 [stacey]: /stuck
[DEBUG](staffLog) 20:19:09/07-05 20:18:12(-2) fakelogged DEBUG in 🤯: [2024-07-05 15:18:14.571 UTC] [Info] [Main] [Command] Godly [Godly]: /vault
[DEBUG](staffLog) 20:21:38/07-05 20:20:43(-2) logged CHAT in 🥶: [2024-07-05 15:20:45.636 UTC] [Info] [Main] [Group] 猫猫糕 [stacey]: no?
[DEBUG](staffLog) 20:22:17/07-05 20:21:20(-1) logged CHAT in 🥶: [2024-07-05 15:21:21.639 UTC] [Info] [Main] [Global] 猫猫糕 [stacey]: :/
[DEBUG](staffLog) 20:23:39/07-05 20:22:34(-2) fakelogged DEBUG in 🤯: [2024-07-05 15:22:36.983 UTC] [Info] [Main] [Command] 猫猫糕 [stacey]: /doortp
[DEBUG](staffLog) 20:23:56/07-05 20:23:03(-1) fakelogged DEBUG in 🤯: [2024-07-05 15:23:04.827 UTC] [Info] [Main] [Command] 猫猫糕 [stacey]: /stuck
[DEBUG](staffLog) 20:24:09/07-05 20:23:09(-3) logged MSG in 🌹: [2024-07-05 15:23:12.892 UTC] [Info] [Main] [Command] tango! [damian]: /pm nexus BUY LABS CARD
[DEBUG](staffLog) 20:24:09/07-05 20:23:10(-2) fakelogged DEBUG in 🤯: [2024-07-05 15:23:12.929 UTC] [Info] [Main] [Command] 猫猫糕 [stacey]: /vault
[DEBUG](staffLog) 20:24:19/07-05 20:23:14(-3) logged MSG in 🌹: [2024-07-05 15:23:17.560 UTC] [Info] [Main] [Command] tango! [damian]: /pm nexus for mi
[DEBUG](staffLog) 20:24:19/07-05 20:23:18(-3) logged CHAT in 🥶: [2024-07-05 15:23:21.285 UTC] [Info] [Main] [Global] 猫猫糕 [stacey]: ult a
[DEBUG](staffLog) 20:24:20/07-05 20:23:19(-3) logged CHAT in 🥶: [2024-07-05 15:23:22.141 UTC] [Info] [Main] [Global] Godly [Godly]: ult a
[DEBUG](staffLog) 20:24:26/07-05 20:23:25(-3) logged MSG in 🌹: [2024-07-05 15:23:28.318 UTC] [Info] [Main] [Command] L9 Nexus [WAGA WAGA]: /pm tango why not in vc
[DEBUG](staffLog) 20:24:27/07-05 20:23:30(-3) logged MSG in 🌹: [2024-07-05 15:23:33.896 UTC] [Info] [Main] [Command] tango! [damian]: /pm nexus busy
[DEBUG](staffLog) 20:24:51/07-05 20:23:45(-3) logged CHAT in 🥶: [2024-07-05 15:23:48.115 UTC] [Info] [Main] [Global] 猫猫糕 [stacey]: wdym
[DEBUG](staffLog) 20:24:51/07-05 20:23:49(-2) logged CHAT in 🥶: [2024-07-05 15:23:51.504 UTC] [Info] [Main] [Global] 猫猫糕 [stacey]: it don't work
[DEBUG](staffLog) 20:24:51/07-05 20:23:52(-1) logged CHAT in 🥶: [2024-07-05 15:23:53.220 UTC] [Info] [Main] [Global] Godly [Godly]: intersting
[DEBUG](staffLog) 20:24:52/07-05 20:23:50(-3) logged CHAT in 🥶: [2024-07-05 15:23:53.377 UTC] [Info] [Main] [Global] 猫猫糕 [stacey]: someone
[DEBUG](staffLog) 20:24:57/07-05 20:23:56(-1) logged CHAT in 🥶: [2024-07-05 15:23:57.100 UTC] [Info] [Main] [Global] 猫猫糕 [stacey]: just brought one
[DEBUG](staffLog) 20:25:09/07-05 20:24:08(-3) fakelogged DEBUG in 🤯: [2024-07-05 15:24:11.260 UTC] [Info] [Main] [Command] 猫猫糕 [stacey]: /doortp
[DEBUG](staffLog) 20:25:17/07-05 20:24:18(-2) logged CHAT in 🥶: [2024-07-05 15:24:20.503 UTC] [Info] [Main] [Global] Godly [Godly]: hi
[DEBUG](staffLog) 20:25:38/07-05 20:24:35(-3) logged CHAT in 🥶: [2024-07-05 15:24:38.885 UTC] [Info] [Main] [Global] Godly [Godly]: in raid
[DEBUG](staffLog) 20:25:46/07-05 20:24:55(-1) fakelogged DEBUG in 🤯: [2024-07-05 15:24:56.188 UTC] [Info] [Main] [Command] 猫猫糕 [stacey]: /stuck
[DEBUG](staffLog) 20:25:57/07-05 20:25:00(-1) logged CHAT in 🥶: [2024-07-05 15:25:01.836 UTC] [Info] [Main] [Global] 猫猫糕 [stacey]: ashely
[DEBUG](staffLog) 20:26:08/07-05 20:25:03(-3) logged CHAT in 🥶: [2024-07-05 15:25:06.246 UTC] [Info] [Main] [Global] 猫猫糕 [stacey]: it's under
[DEBUG](staffLog) 20:26:23/07-05 20:25:17(-2) logged CHAT in 🥶: [2024-07-05 15:25:19.965 UTC] [Info] [Main] [Global] 猫猫糕 [stacey]: bule area
[DEBUG](staffLog) 20:26:23/07-05 20:25:20(-1) logged CHAT in 🥶: [2024-07-05 15:25:21.007 UTC] [Info] [Main] [Global] 猫猫糕 [stacey]: i g
[DEBUG](staffLog) 20:26:23/07-05 20:25:22(-3) logged CHAT in 🥶: [2024-07-05 15:25:25.824 UTC] [Info] [Main] [Global] 猫猫糕 [stacey]: there is like beds
[DEBUG](staffLog) 20:26:27/07-05 20:25:25(-3) logged CHAT in 🥶: [2024-07-05 15:25:28.017 UTC] [Info] [Main] [Global] 猫猫糕 [stacey]: in that room
[DEBUG](staffLog) 20:26:27/07-05 20:25:29(-2) logged CHAT in 🥶: [2024-07-05 15:25:31.530 UTC] [Info] [Main] [Global] 猫猫糕 [stacey]: thats all i can rember
[DEBUG](staffLog) 20:26:38/07-05 20:25:40(-1) fakelogged DEBUG in 🤯: [2024-07-05 15:25:41.000 UTC] [Info] [Main] [Command] 猫猫糕 [stacey]: /vault
[DEBUG](staffLog) 20:26:49/07-05 20:25:44(-3) logged CHAT in 🥶: [2024-07-05 15:25:47.043 UTC] [Info] [Main] [Group] 猫猫糕 [stacey]: he asked me
[DEBUG](staffLog) 20:26:49/07-05 20:25:47(-1) logged CHAT in 🥶: [2024-07-05 15:25:48.441 UTC] [Info] [Main] [Group] 猫猫糕 [stacey]: about
[DEBUG](staffLog) 20:26:50/07-05 20:25:49(-1) logged CHAT in 🥶: [2024-07-05 15:25:50.803 UTC] [Info] [Main] [Group] 猫猫糕 [stacey]: the breff case
[DEBUG](staffLog) 20:26:59/07-05 20:26:00(-1) logged CHAT in 🥶: [2024-07-05 15:26:01.741 UTC] [Info] [Main] [Group] 猫猫糕 [stacey]: fuck u
[DEBUG](staffLog) 20:27:18/07-05 20:26:15(-3) logged CHAT in 🥶: [2024-07-05 15:26:18.242 UTC] [Info] [Main] [Group] 猫猫糕 [stacey]: i do
[DEBUG](staffLog) 20:27:18/07-05 20:26:18(-1) logged CHAT in 🥶: [2024-07-05 15:26:19.826 UTC] [Info] [Main] [Group] 猫猫糕 [stacey]: i just
[DEBUG](staffLog) 20:27:18/07-05 20:26:20(-1) logged CHAT in 🥶: [2024-07-05 15:26:21.475 UTC] [Info] [Main] [Group] 猫猫糕 [stacey]: on't wana
[DEBUG](staffLog) 20:27:19/07-05 20:26:22(-3) logged CHAT in 🥶: [2024-07-05 15:26:25.595 UTC] [Info] [Main] [Group] 猫猫糕 [stacey]: explain that shit
[DEBUG](staffLog) 20:27:39/07-05 20:26:42(-2) logged CHAT in 🥶: [2024-07-05 15:26:44.406 UTC] [Info] [Main] [Group] 猫猫糕 [stacey]: i told him his a fat nword and he shold self harm
[DEBUG](staffLog) 20:27:59/07-05 20:26:54(-2) logged CHAT in 🥶: [2024-07-05 15:26:56.197 UTC] [Info] [Main] [Group] 猫猫糕 [stacey]: watch report
[DEBUG](staffLog) 20:28:07/07-05 20:27:08(-2) logged CHAT in 🥶: [2024-07-05 15:27:10.371 UTC] [Info] [Main] [Group] 猫猫糕 [stacey]: mabey
[DEBUG](staffLog) 20:28:17/07-05 20:27:22(-3) logged MSG in 🌹: [2024-07-05 15:27:25.896 UTC] [Info] [Main] [Command] Ashley [Dusty]: /pm stacey thanks stacey
[DEBUG](staffLog) 20:28:26/07-05 20:27:25(-3) logged CHAT in 🥶: [2024-07-05 15:27:28.305 UTC] [Info] [Main] [Global] 猫猫糕 [stacey]: where pvp at
[DEBUG](staffLog) 20:28:38/07-05 20:27:43(-2) fakelogged DEBUG in 🤯: [2024-07-05 15:27:45.617 UTC] [Info] [Main] [Command] Godly [Godly]: /doortp
[DEBUG](staffLog) 20:28:50/07-05 20:27:46(-2) logged CHAT in 🥶: [2024-07-05 15:27:48.299 UTC] [Info] [Main] [Group] 猫猫糕 [stacey]: where
[DEBUG](staffLog) 20:28:58/07-05 20:27:55(-2) fakelogged DEBUG in 🤯: [2024-07-05 15:27:57.460 UTC] [Info] [Main] [Command] Godly [Godly]: /stuck
[DEBUG](staffLog) 20:28:58/07-05 20:28:03(-1) logged MSG in 🌹: [2024-07-05 15:28:04.359 UTC] [Info] [Main] [Command] [3-B QUEST SHOP] Miyukii [Miyuki]: /pm jkd im sorry but i can sell you 2 guns for 270k
[DEBUG](staffLog) 20:28:58/07-05 20:28:03(-1) fakelogged DEBUG in 🤯: [2024-07-05 15:28:04.995 UTC] [Info] [Main] [Command] Godly [Godly]: /vault
[DEBUG](staffLog) 20:29:56/07-05 20:29:00(-1) logged CHAT in 🥶: [2024-07-05 15:29:01.266 UTC] [Info] [Main] [Group] 猫猫糕 [stacey]: where
[DEBUG](staffLog) 20:30:17/07-05 20:29:18(-2) logged CHAT in 🥶: [2024-07-05 15:29:20.226 UTC] [Info] [Main] [Group] 猫猫糕 [stacey]: dam
[DEBUG](staffLog) 20:30:17/07-05 20:29:19(-3) logged CHAT in 🥶: [2024-07-05 15:29:22.471 UTC] [Info] [Main] [Group] 猫猫糕 [stacey]: he saw me
[DEBUG](staffLog) 20:30:17/07-05 20:29:22(-1) logged CHAT in 🥶: [2024-07-05 15:29:23.311 UTC] [Info] [Main] [Global] 猫猫糕 [stacey]: gg
[DEBUG](staffLog) 20:30:18/07-05 20:29:22(-3) logged CHAT in 🥶: [2024-07-05 15:29:25.643 UTC] [Info] [Main] [Global] 猫猫糕 [stacey]: good eyes
[DEBUG](staffLog) 20:30:37/07-05 20:29:37(-3) logged MSG in 🌹: [2024-07-05 15:29:40.645 UTC] [Info] [Main] [Command] [3-B QUEST SHOP] Miyukii [Miyuki]: /pm jkd 405k
[DEBUG](staffLog) 20:30:37/07-05 20:29:43(-2) logged CHAT in 🥶: [2024-07-05 15:29:45.526 UTC] [Info] [Main] [Global] Godly [Godly]: w eyes lowkey tf
[DEBUG](staffLog) 20:30:47/07-05 20:29:48(-3) logged CHAT in 🥶: [2024-07-05 15:29:51.359 UTC] [Info] [Main] [Global] Godly [Godly]: most people brain dead
[DEBUG](staffLog) 20:31:07/07-05 20:30:09(-2) logged CHAT in 🥶: [2024-07-05 15:30:11.131 UTC] [Info] [Main] [Group] 猫猫糕 [stacey]: he got
[DEBUG](staffLog) 20:31:07/07-05 20:30:13(-1) logged CHAT in 🥶: [2024-07-05 15:30:14.282 UTC] [Info] [Main] [Group] 猫猫糕 [stacey]: our farvort
[DEBUG](staffLog) 20:31:07/07-05 20:30:12(-3) logged CHAT in 🥶: [2024-07-05 15:30:15.065 UTC] [Info] [Main] [Group] 猫猫糕 [stacey]: 2x
[DEBUG](staffLog) 20:31:37/07-05 20:30:34(-3) logged CHAT in 🥶: [2024-07-05 15:30:37.903 UTC] [Info] [Main] [Group] 猫猫糕 [stacey]: bk
[DEBUG](staffLog) 20:31:37/07-05 20:30:39(-1) logged CHAT in 🥶: [2024-07-05 15:30:40.722 UTC] [Info] [Main] [Group] 猫猫糕 [stacey]: black guy
[DEBUG](staffLog) 20:33:08/07-05 20:32:02(-2) logged CHAT in 🥶: [2024-07-05 15:32:04.400 UTC] [Info] [Main] [Global] Godly [Godly]: ???
[DEBUG](staffLog) 20:34:28/07-05 20:33:23(-3) logged CHAT in 🥶: [2024-07-05 15:33:26.469 UTC] [Info] [Main] [Group] 猫猫糕 [stacey]: bro
[DEBUG](staffLog) 20:34:28/07-05 20:33:25(-3) logged CHAT in 🥶: [2024-07-05 15:33:28.302 UTC] [Info] [Main] [Group] 猫猫糕 [stacey]: i lagged
[DEBUG](staffLog) 20:34:28/07-05 20:33:27(-3) fakelogged DEBUG in 🤯: [2024-07-05 15:33:30.098 UTC] [Info] [Main] [Command] 猫猫糕 [stacey]: /doortp
[DEBUG](staffLog) 20:34:39/07-05 20:33:40(-1) fakelogged DEBUG in 🤯: [2024-07-05 15:33:41.879 UTC] [Info] [Main] [Command] 猫猫糕 [stacey]: /stuck
[DEBUG](staffLog) 20:35:17/07-05 20:34:18(-3) logged CHAT in 🥶: [2024-07-05 15:34:21.410 UTC] [Info] [Main] [Group] 猫猫糕 [stacey]: bro
[DEBUG](staffLog) 20:35:17/07-05 20:34:21(-2) logged CHAT in 🥶: [2024-07-05 15:34:23.202 UTC] [Info] [Main] [Group] 猫猫糕 [stacey]: i gott
[DEBUG](staffLog) 20:35:17/07-05 20:34:21(-3) logged CHAT in 🥶: [2024-07-05 15:34:24.738 UTC] [Info] [Main] [Group] 猫猫糕 [stacey]: tapped
[DEBUG](staffLog) 20:35:28/07-05 20:34:23(-3) logged CHAT in 🥶: [2024-07-05 15:34:26.270 UTC] [Info] [Main] [Group] 猫猫糕 [stacey]: from back
[DEBUG](staffLog) 20:35:28/07-05 20:34:27(-1) logged CHAT in 🥶: [2024-07-05 15:34:28.717 UTC] [Info] [Main] [Group] 猫猫糕 [stacey]: holy
[DEBUG](staffLog) 20:35:28/07-05 20:34:29(-1) fakelogged DEBUG in 🤯: [2024-07-05 15:34:30.198 UTC] [Info] [Main] [Command] 猫猫糕 [stacey]: /doortp
[DEBUG](staffLog) 20:35:28/07-05 20:34:31(-3) fakelogged DEBUG in 🤯: [2024-07-05 15:34:34.486 UTC] [Info] [Main] [Command] 猫猫糕 [stacey]: /mc
[DEBUG](staffLog) 20:36:09/07-05 20:35:05(-2) logged CHAT in 🥶: [2024-07-05 15:35:07.795 UTC] [Info] [Main] [Global] 猫猫糕 [stacey]: ult a
[DEBUG](staffLog) 20:36:09/07-05 20:35:07(-2) logged DEBUG in debug-logs: [2024-07-05 15:35:09.863 UTC] [Info] [Main] [Command] 猫猫糕 [stacey]: /mod
[DEBUG](staffLog) 20:36:09/07-05 20:35:09(-2) logged DEBUG in debug-logs: [2024-07-05 15:35:11.034 UTC] [Info] [Main] [Command] 猫猫糕 [stacey]: /open
[DEBUG](staffLog) 20:36:18/07-05 20:35:15(-3) logged DEBUG in debug-logs: [2024-07-05 15:35:18.027 UTC] [Info] [Main] [Command] 猫猫糕 [stacey]: /smod
[DEBUG](staffLog) 20:36:29/07-05 20:35:26(-2) fakelogged DEBUG in 🤯: [2024-07-05 15:35:28.496 UTC] [Info] [Main] [Command] 猫猫糕 [stacey]: /vault
[DEBUG](staffLog) 20:36:38/07-05 20:35:35(-1) fakelogged DEBUG in 🤯: [2024-07-05 15:35:36.730 UTC] [Info] [Main] [Command] 猫猫糕 [stacey]: /stuck
[DEBUG](staffLog) 20:37:18/07-05 20:36:15(-3) fakelogged DEBUG in 🤯: [2024-07-05 15:36:18.961 UTC] [Info] [Main] [Command] 猫猫糕 [stacey]: /mc
[DEBUG](staffLog) 20:37:19/07-05 20:36:20(-1) logged CHAT in 🥶: [2024-07-05 15:36:21.757 UTC] [Info] [Main] [Group] 猫猫糕 [stacey]: 30 sec
[DEBUG](staffLog) 20:37:27/07-05 20:36:29(-3) fakelogged DEBUG in 🤯: [2024-07-05 15:36:32.058 UTC] [Info] [Main] [Command] 猫猫糕 [stacey]: /mc
[DEBUG](staffLog) 20:37:36/07-05 20:36:34(-2) fakelogged DEBUG in 🤯: [2024-07-05 15:36:36.702 UTC] [Info] [Main] [Command] 猫猫糕 [stacey]: /mc
[DEBUG](staffLog) 20:37:36/07-05 20:36:35(-2) fakelogged DEBUG in 🤯: [2024-07-05 15:36:37.537 UTC] [Info] [Main] [Command] 猫猫糕 [stacey]: /mc
[DEBUG](staffLog) 20:37:36/07-05 20:36:38(-2) fakelogged DEBUG in 🤯: [2024-07-05 15:36:40.850 UTC] [Info] [Main] [Command] 猫猫糕 [stacey]: /mc
[DEBUG](staffLog) 20:37:36/07-05 20:36:38(-3) fakelogged DEBUG in 🤯: [2024-07-05 15:36:41.733 UTC] [Info] [Main] [Command] 猫猫糕 [stacey]: /mc
[DEBUG](staffLog) 20:37:36/07-05 20:36:40(-3) logged CHAT in 🥶: [2024-07-05 15:36:43.085 UTC] [Info] [Main] [Group] 猫猫糕 [stacey]: 10 sec
[DEBUG](staffLog) 20:37:36/07-05 20:36:42(-1) fakelogged DEBUG in 🤯: [2024-07-05 15:36:43.986 UTC] [Info] [Main] [Command] 猫猫糕 [stacey]: /mc
[DEBUG](staffLog) 20:37:36/07-05 20:36:44(-1) fakelogged DEBUG in 🤯: [2024-07-05 15:36:45.179 UTC] [Info] [Main] [Command] 猫猫糕 [stacey]: /mc
[DEBUG](staffLog) 20:37:47/07-05 20:36:46(-1) logged DEBUG in debug-logs: [2024-07-05 15:36:47.348 UTC] [Info] [Main] [Command] 猫猫糕 [stacey]: /vualt
[DEBUG](staffLog) 20:37:57/07-05 20:36:55(-1) logged CHAT in 🥶: [2024-07-05 15:36:56.317 UTC] [Info] [Main] [Group] 猫猫糕 [stacey]: they guy on dome lest left
[DEBUG](staffLog) 20:37:57/07-05 20:36:56(-2) fakelogged DEBUG in 🤯: [2024-07-05 15:36:58.728 UTC] [Info] [Main] [Command] 猫猫糕 [stacey]: /vault
[DEBUG](staffLog) 20:39:07/07-05 20:38:07(-2) logged CHAT in 🥶: [2024-07-05 15:38:09.741 UTC] [Info] [Main] [Group] 猫猫糕 [stacey]: THATS CRAZY
[DEBUG](staffLog) 20:39:07/07-05 20:38:11(-2) logged CHAT in 🥶: [2024-07-05 15:38:13.540 UTC] [Info] [Main] [Group] 猫猫糕 [stacey]: HOW DID HE NOT DIE???
[DEBUG](staffLog) 20:39:17/07-05 20:38:16(-1) logged CHAT in 🥶: [2024-07-05 15:38:17.109 UTC] [Info] [Main] [Group] 猫猫糕 [stacey]: WTFFFFF
[DEBUG](staffLog) 20:39:18/07-05 20:38:17(-1) logged CHAT in 🥶: [2024-07-05 15:38:18.965 UTC] [Info] [Main] [Group] 猫猫糕 [stacey]: IDK
[DEBUG](staffLog) 20:39:18/07-05 20:38:20(-1) logged CHAT in 🥶: [2024-07-05 15:38:21.676 UTC] [Info] [Main] [Group] 猫猫糕 [stacey]: I SHOT HIM
[DEBUG](staffLog) 20:39:18/07-05 20:38:20(-3) logged CHAT in 🥶: [2024-07-05 15:38:23.522 UTC] [Info] [Main] [Group] 猫猫糕 [stacey]: $) TIMEs
[DEBUG](staffLog) 20:39:22/07-05 20:38:24(-1) logged CHAT in 🥶: [2024-07-05 15:38:25.269 UTC] [Info] [Main] [Group] 猫猫糕 [stacey]: dosadoiasjiodj
[DEBUG](staffLog) 20:39:27/07-05 20:38:33(-1) logged CHAT in 🥶: [2024-07-05 15:38:34.906 UTC] [Info] [Main] [Group] 猫猫糕 [stacey]: IDKDSA}dlasd
[DEBUG](staffLog) 20:39:36/07-05 20:38:39(-2) fakelogged DEBUG in 🤯: [2024-07-05 15:38:41.107 UTC] [Info] [Main] [Command] 猫猫糕 [stacey]: /doortp
[DEBUG](staffLog) 20:39:47/07-05 20:38:50(-1) logged CHAT in 🥶: [2024-07-05 15:38:51.770 UTC] [Info] [Main] [Group] 猫猫糕 [stacey]: am getting
[DEBUG](staffLog) 20:39:47/07-05 20:38:52(-2) logged CHAT in 🥶: [2024-07-05 15:38:54.693 UTC] [Info] [Main] [Group] 猫猫糕 [stacey]: a better ping
[DEBUG](staffLog) 20:39:47/07-05 20:38:52(-3) logged CHAT in 🥶: [2024-07-05 15:38:55.531 UTC] [Info] [Main] [Group] 猫猫糕 [stacey]: brb
[DEBUG](staffLog) 20:40:26/07-05 20:39:26(-1) fakelogged DEBUG in 🤯: [2024-07-05 15:39:27.437 UTC] [Info] [Main] [Command] Godly [Godly]: /doortp
[DEBUG](staffLog) 20:40:56/07-05 20:39:57(-2) fakelogged DEBUG in 🤯: [2024-07-05 15:39:59.419 UTC] [Info] [Main] [Command] Godly [Godly]: /vault
[DEBUG](staffLog) 20:41:06/07-05 20:40:07(-2) fakelogged DEBUG in 🤯: [2024-07-05 15:40:09.508 UTC] [Info] [Main] [Command] Godly [Godly]: /stuck
[DEBUG](staffLog) 20:41:07/07-05 20:40:13(-1) logged CHAT in 🥶: [2024-07-05 15:40:14.220 UTC] [Info] [Main] [Global] Godly [Godly]: wsp?
[DEBUG](staffLog) 20:41:27/07-05 20:40:31(-1) logged CHAT in 🥶: [2024-07-05 15:40:32.099 UTC] [Info] [Main] [Group] 猫猫糕 [stacey]: godly
[DEBUG](staffLog) 20:41:27/07-05 20:40:31(-2) fakelogged DEBUG in 🤯: [2024-07-05 15:40:33.779 UTC] [Info] [Main] [Command] 猫猫糕 [stacey]: /vault
[DEBUG](staffLog) 20:41:39/07-05 20:40:39(-1) logged CHAT in 🥶: [2024-07-05 15:40:40.504 UTC] [Info] [Main] [Group] 猫猫糕 [stacey]: uy me
[DEBUG](staffLog) 20:41:49/07-05 20:40:45(-1) logged CHAT in 🥶: [2024-07-05 15:40:46.742 UTC] [Info] [Main] [Group] 猫猫糕 [stacey]: 20 p90 sup and 20 4x
[DEBUG](staffLog) 20:41:49/07-05 20:40:46(-3) logged CHAT in 🥶: [2024-07-05 15:40:49.567 UTC] [Info] [Main] [Global] Godly [Godly]: emergeny one and the punp station
[DEBUG](staffLog) 20:41:49/07-05 20:40:50(-1) fakelogged DEBUG in 🤯: [2024-07-05 15:40:51.522 UTC] [Info] [Main] [Command] 猫猫糕 [stacey]: /stuck
[DEBUG](staffLog) 20:42:09/07-05 20:41:06(-3) logged CHAT in 🥶: [2024-07-05 15:41:09.397 UTC] [Info] [Main] [Global] Godly [Godly]: np
[DEBUG](staffLog) 20:42:19/07-05 20:41:22(-2) logged CHAT in 🥶: [2024-07-05 15:41:24.828 UTC] [Info] [Main] [Group] 猫猫糕 [stacey]: both work
[DEBUG](staffLog) 20:42:42/07-05 20:41:29(-3) fakelogged DEBUG in 🤯: [2024-07-05 15:41:32.491 UTC] [Info] [Main] [Command] 猫猫糕 [stacey]: /vault
[DEBUG](staffLog) 20:42:42/07-05 20:41:32(-3) fakelogged DEBUG in 🤯: [2024-07-05 15:41:35.681 UTC] [Info] [Main] [Command] Godly [Godly]: /doortp
[DEBUG](staffLog) 20:42:45/07-05 20:41:41(-2) fakelogged DEBUG in 🤯: [2024-07-05 15:41:43.859 UTC] [Info] [Main] [Command] 猫猫糕 [stacey]: /doortp
[DEBUG](staffLog) 20:42:45/07-05 20:41:45(-2) logged CHAT in 🥶: [2024-07-05 15:41:47.296 UTC] [Info] [Main] [Group] 猫猫糕 [stacey]: tt
[DEBUG](staffLog) 20:42:45/07-05 20:41:49(-1) logged CHAT in 🥶: [2024-07-05 15:41:50.190 UTC] [Info] [Main] [Group] 猫猫糕 [stacey]: am at base
[DEBUG](staffLog) 20:44:29/07-05 20:43:30(-3) fakelogged DEBUG in 🤯: [2024-07-05 15:43:33.783 UTC] [Info] [Main] [Command] 猫猫糕 [stacey]: /vault
[DEBUG](staffLog) 20:44:56/07-05 20:43:59(-1) fakelogged DEBUG in 🤯: [2024-07-05 15:44:00.147 UTC] [Info] [Main] [Command] 猫猫糕 [stacey]: /stuck
[DEBUG](staffLog) 20:45:07/07-05 20:44:08(-2) fakelogged DEBUG in 🤯: [2024-07-05 15:44:10.342 UTC] [Info] [Main] [Command] 猫猫糕 [stacey]: /vault
[DEBUG](staffLog) 20:46:58/07-05 20:46:02(-1) fakelogged DEBUG in 🤯: [2024-07-05 15:46:03.349 UTC] [Info] [Main] [Command] Godly [Godly]: /stuck
[DEBUG](staffLog) 20:47:28/07-05 20:46:29(-1) logged CHAT in 🥶: [2024-07-05 15:46:30.260 UTC] [Info] [Main] [Group] 猫猫糕 [stacey]: ye
[DEBUG](staffLog) 20:47:57/07-05 20:46:55(-2) logged CHAT in 🥶: [2024-07-05 15:46:57.467 UTC] [Info] [Main] [Group] 猫猫糕 [stacey]: LMAO
[DEBUG](staffLog) 20:47:57/07-05 20:46:59(-2) logged CHAT in 🥶: [2024-07-05 15:47:01.042 UTC] [Info] [Main] [Group] 猫猫糕 [stacey]: 0.4
[DEBUG](staffLog) 20:47:57/07-05 20:46:59(-2) logged CHAT in 🥶: [2024-07-05 15:47:01.943 UTC] [Info] [Main] [Group] 猫猫糕 [stacey]: wtf
[DEBUG](staffLog) 20:48:06/07-05 20:47:07(-1) logged CHAT in 🥶: [2024-07-05 15:47:08.383 UTC] [Info] [Main] [Group] 猫猫糕 [stacey]: res?
[DEBUG](staffLog) 20:48:07/07-05 20:47:09(-2) logged DEBUG in debug-logs: [2024-07-05 15:47:11.947 UTC] [Info] [Main] [Command] 猫猫糕 [stacey]: /smod
[DEBUG](staffLog) 20:52:37/07-05 20:51:40(-3) logged CHAT in 🥶: [2024-07-05 15:51:43.474 UTC] [Info] [Main] [Group] 猫猫糕 [stacey]: am lagging
[DEBUG](staffLog) 20:52:37/07-05 20:51:43(-2) logged CHAT in 🥶: [2024-07-05 15:51:45.348 UTC] [Info] [Main] [Group] 猫猫糕 [stacey]: so bad
[DEBUG](staffLog) 20:53:07/07-05 20:52:11(-1) logged CHAT in 🥶: [2024-07-05 15:52:12.897 UTC] [Info] [Main] [Group] 猫猫糕 [stacey]: ama leave
[DEBUG](staffLog) 20:53:17/07-05 20:52:14(-3) logged CHAT in 🥶: [2024-07-05 15:52:17.210 UTC] [Info] [Main] [Group] 猫猫糕 [stacey]: ama restart game
[DEBUG](staffLog) 20:54:17/07-05 20:53:14(-3) fakelogged DEBUG in 🤯: [2024-07-05 15:53:17.028 UTC] [Info] [Main] [Command] Godly [Godly]: //Doortp
[DEBUG](staffLog) 20:54:17/07-05 20:53:21(-1) logged CHAT in 🥶: [2024-07-05 15:53:22.984 UTC] [Info] [Main] [Global] Godly [Godly]: near train station
[DEBUG](staffLog) 20:54:26/07-05 20:53:27(-2) fakelogged DEBUG in 🤯: [2024-07-05 15:53:29.188 UTC] [Info] [Main] [Command] Godly [Godly]: /buyfrom 76561198878832149 43000
[DEBUG](staffLog) 20:57:26/07-05 20:56:29(-2) fakelogged DEBUG in 🤯: [2024-07-05 15:56:31.891 UTC] [Info] [Main] [Command] Godly [Godly]: /stuck
[DEBUG](staffLog) 20:57:48/07-05 20:56:51(-1) logged CHAT in 🥶: [2024-07-05 15:56:52.780 UTC] [Info] [Main] [Group] 猫猫糕 [stacey]: tt
[DEBUG](staffLog) 20:57:48/07-05 20:56:52(-2) logged CHAT in 🥶: [2024-07-05 15:56:54.985 UTC] [Info] [Main] [Group] 猫猫糕 [stacey]: ok
[DEBUG](staffLog) 20:57:57/07-05 20:56:59(-1) logged CHAT in 🥶: [2024-07-05 15:57:00.803 UTC] [Info] [Main] [Group] 猫猫糕 [stacey]: ye
[DEBUG](staffLog) 20:57:57/07-05 20:57:01(-3) logged CHAT in 🥶: [2024-07-05 15:57:04.811 UTC] [Info] [Main] [Group] 猫猫糕 [stacey]: i think
[DEBUG](staffLog) 20:58:07/07-05 20:57:06(-1) logged DEBUG in debug-logs: [2024-07-05 15:57:07.630 UTC] [Info] [Main] [Command] 猫猫糕 [stacey]: /smod
[DEBUG](staffLog) 20:59:09/07-05 20:58:10(-2) logged CHAT in 🥶: [2024-07-05 15:58:12.396 UTC] [Info] [Main] [Group] 猫猫糕 [stacey]: am still
[DEBUG](staffLog) 20:59:09/07-05 20:58:11(-2) logged CHAT in 🥶: [2024-07-05 15:58:13.524 UTC] [Info] [Main] [Group] 猫猫糕 [stacey]: agging
[DEBUG](staffLog) 20:59:26/07-05 20:58:26(-2) logged CHAT in 🥶: [2024-07-05 15:58:28.808 UTC] [Info] [Main] [Group] 猫猫糕 [stacey]: am
[DEBUG](staffLog) 20:59:27/07-05 20:58:29(-1) logged CHAT in 🥶: [2024-07-05 15:58:30.699 UTC] [Info] [Main] [Group] 猫猫糕 [stacey]: ye
[DEBUG](staffLog) 20:59:27/07-05 20:58:31(-1) logged CHAT in 🥶: [2024-07-05 15:58:32.146 UTC] [Info] [Main] [Group] 猫猫糕 [stacey]: ama restart
[DEBUG](staffLog) 21:05:57/07-05 21:05:00(-3) logged DEBUG in debug-logs: [2024-07-05 16:05:03.485 UTC] [Info] [Main] [Command] 猫猫糕 [stacey]: /smod
[DEBUG](staffLog) 21:06:08/07-05 21:05:11(-2) logged CHAT in 🥶: [2024-07-05 16:05:13.330 UTC] [Info] [Main] [Group] 猫猫糕 [stacey]: ok
[DEBUG](staffLog) 21:06:17/07-05 21:05:13(-3) logged CHAT in 🥶: [2024-07-05 16:05:16.285 UTC] [Info] [Main] [Group] 猫猫糕 [stacey]: i think
[DEBUG](staffLog) 21:06:17/07-05 21:05:16(-2) logged CHAT in 🥶: [2024-07-05 16:05:18.630 UTC] [Info] [Main] [Group] 猫猫糕 [stacey]: i might
[DEBUG](staffLog) 21:06:17/07-05 21:05:18(-2) logged CHAT in 🥶: [2024-07-05 16:05:20.899 UTC] [Info] [Main] [Group] 猫猫糕 [stacey]: not be lagging
[DEBUG](staffLog) 21:08:57/07-05 21:07:58(-3) logged DEBUG in debug-logs: [2024-07-05 16:08:01.740 UTC] [Info] [Main] [Command] Godly [Godly]: /smod
[DEBUG](staffLog) 21:09:07/07-05 21:08:13(-2) logged DEBUG in debug-logs: [2024-07-05 16:08:15.678 UTC] [Info] [Main] [Command] Godly [Godly]: /mute 76561199646828526  "mic-spam | first offense 12 hours" 12 hours
[DEBUG](staffLog) 21:09:18/07-05 21:08:16(-1) logged DEBUG in debug-logs: [2024-07-05 16:08:17.632 UTC] [Info] [Main] [Command] Godly [Godly]: /smod
[DEBUG](staffLog) 21:09:27/07-05 21:08:28(-3) logged CHAT in 🥶: [2024-07-05 16:08:31.362 UTC] [Info] [Main] [Global] Godly [Godly]: how
[DEBUG](staffLog) 21:09:27/07-05 21:08:33(-1) logged CHAT in 🥶: [2024-07-05 16:08:34.389 UTC] [Info] [Main] [Group] 猫猫糕 [stacey]: yea
[DEBUG](staffLog) 21:09:27/07-05 21:08:33(-2) logged CHAT in 🥶: [2024-07-05 16:08:35.050 UTC] [Info] [Main] [Group] 猫猫糕 [stacey]: gg
[DEBUG](staffLog) 21:09:39/07-05 21:08:34(-3) logged CHAT in 🥶: [2024-07-05 16:08:37.189 UTC] [Info] [Main] [Group] 猫猫糕 [stacey]: am lagging
[DEBUG](staffLog) 21:09:47/07-05 21:08:47(-1) logged DEBUG in debug-logs: [2024-07-05 16:08:48.269 UTC] [Info] [Main] [Command] 猫猫糕 [stacey]: /smod
[DEBUG](staffLog) 21:09:47/07-05 21:08:48(-1) logged CHAT in 🥶: [2024-07-05 16:08:49.456 UTC] [Info] [Main] [Group] 猫猫糕 [stacey]: ok
[DEBUG](staffLog) 21:09:57/07-05 21:08:53(-3) logged CHAT in 🥶: [2024-07-05 16:08:56.429 UTC] [Info] [Main] [Group] 猫猫糕 [stacey]: gay game
[DEBUG](staffLog) 21:10:07/07-05 21:09:04(-3) logged CHAT in 🥶: [2024-07-05 16:09:07.373 UTC] [Info] [Main] [Group] 猫猫糕 [stacey]: where pvp
[DEBUG](staffLog) 21:10:07/07-05 21:09:08(-1) logged CHAT in 🥶: [2024-07-05 16:09:09.324 UTC] [Info] [Main] [Group] 猫猫糕 [stacey]: or no vp
[DEBUG](staffLog) 21:10:08/07-05 21:09:11(-1) logged CHAT in 🥶: [2024-07-05 16:09:12.354 UTC] [Info] [Main] [Global] Godly [Godly]: :sob:
[DEBUG](staffLog) 21:10:17/07-05 21:09:22(-2) logged CHAT in 🥶: [2024-07-05 16:09:24.159 UTC] [Info] [Main] [Global] Godly [Godly]: <3
[DEBUG](staffLog) 21:10:27/07-05 21:09:26(-1) logged CHAT in 🥶: [2024-07-05 16:09:27.406 UTC] [Info] [Main] [Group] 猫猫糕 [stacey]: so
[DEBUG](staffLog) 21:10:27/07-05 21:09:29(-1) logged CHAT in 🥶: [2024-07-05 16:09:30.498 UTC] [Info] [Main] [Group] 猫猫糕 [stacey]: what we doing
[DEBUG](staffLog) 21:10:27/07-05 21:09:33(-2) logged CHAT in 🥶: [2024-07-05 16:09:35.701 UTC] [Info] [Main] [Global] Godly [Godly]: 108m
[DEBUG](staffLog) 21:10:38/07-05 21:09:41(-2) logged CHAT in 🥶: [2024-07-05 16:09:43.577 UTC] [Info] [Main] [Global] Godly [Godly]: broke af
[DEBUG](staffLog) 21:10:47/07-05 21:09:45(-2) logged CHAT in 🥶: [2024-07-05 16:09:47.346 UTC] [Info] [Main] [Group] 猫猫糕 [stacey]: yea bo
[DEBUG](staffLog) 21:10:47/07-05 21:09:48(-2) logged CHAT in 🥶: [2024-07-05 16:09:50.852 UTC] [Info] [Main] [Group] 猫猫糕 [stacey]: ama get off
[DEBUG](staffLog) 21:10:47/07-05 21:09:49(-3) logged CHAT in 🥶: [2024-07-05 16:09:52.676 UTC] [Info] [Main] [Group] 猫猫糕 [stacey]: and play
[DEBUG](staffLog) 21:10:47/07-05 21:09:52(-1) logged CHAT in 🥶: [2024-07-05 16:09:53.389 UTC] [Info] [Main] [Global] Godly [Godly]: u right mb cuh
[DEBUG](staffLog) 21:10:48/07-05 21:09:53(-2) logged CHAT in 🥶: [2024-07-05 16:09:55.699 UTC] [Info] [Main] [Global] Godly [Godly]: 108m
[DEBUG](staffLog) 21:10:57/07-05 21:09:55(-2) logged CHAT in 🥶: [2024-07-05 16:09:57.373 UTC] [Info] [Main] [Group] 猫猫糕 [stacey]: genshin IMPACT
[DEBUG](staffLog) 21:10:57/07-05 21:10:02(-2) logged CHAT in 🥶: [2024-07-05 16:10:04.157 UTC] [Info] [Main] [Global] Godly [Godly]: 108 million
[DEBUG](staffLog) 21:11:07/07-05 21:10:07(-3) logged CHAT in 🥶: [2024-07-05 16:10:10.421 UTC] [Info] [Main] [Group] 猫猫糕 [stacey]: there is like
[DEBUG](staffLog) 21:11:07/07-05 21:10:11(-1) logged CHAT in 🥶: [2024-07-05 16:10:12.342 UTC] [Info] [Main] [Group] 猫猫糕 [stacey]: 0 people
[DEBUG](staffLog) 21:11:07/07-05 21:10:11(-3) logged CHAT in 🥶: [2024-07-05 16:10:14.205 UTC] [Info] [Main] [Group] 猫猫糕 [stacey]: in raid
[DEBUG](staffLog) 21:11:17/07-05 21:10:21(-1) logged CHAT in 🥶: [2024-07-05 16:10:22.527 UTC] [Info] [Main] [Global] Godly [Godly]: its easy ngl
[DEBUG](staffLog) 21:11:17/07-05 21:10:24(-1) logged CHAT in 🥶: [2024-07-05 16:10:25.797 UTC] [Info] [Main] [Group] 猫猫糕 [stacey]: wana
[DEBUG](staffLog) 21:11:26/07-05 21:10:24(-2) logged CHAT in 🥶: [2024-07-05 16:10:26.859 UTC] [Info] [Main] [Group] 猫猫糕 [stacey]: just
[DEBUG](staffLog) 21:11:27/07-05 21:10:26(-2) logged CHAT in 🥶: [2024-07-05 16:10:28.660 UTC] [Info] [Main] [Group] 猫猫糕 [stacey]: grind val
[DEBUG](staffLog) 21:11:27/07-05 21:10:27(-2) logged CHAT in 🥶: [2024-07-05 16:10:29.202 UTC] [Info] [Main] [Global] Godly [Godly]: it wiped 4 days ago
[DEBUG](staffLog) 21:11:27/07-05 21:10:29(-1) logged CHAT in 🥶: [2024-07-05 16:10:30.289 UTC] [Info] [Main] [Global] Godly [Godly]: ish
[DEBUG](staffLog) 21:11:31/07-05 21:10:29(-1) logged CHAT in 🥶: [2024-07-05 16:10:30.397 UTC] [Info] [Main] [Group] 猫猫糕 [stacey]: am like
[DEBUG](staffLog) 21:11:32/07-05 21:10:30(-1) logged CHAT in 🥶: [2024-07-05 16:10:31.905 UTC] [Info] [Main] [Group] 猫猫糕 [stacey]: 12 level
[DEBUG](staffLog) 21:11:32/07-05 21:10:31(-2) logged CHAT in 🥶: [2024-07-05 16:10:33.820 UTC] [Info] [Main] [Group] 猫猫糕 [stacey]: away
[DEBUG](staffLog) 21:11:41/07-05 21:10:35(-1) logged CHAT in 🥶: [2024-07-05 16:10:36.457 UTC] [Info] [Main] [Group] 猫猫糕 [stacey]: from raned
[DEBUG](staffLog) 21:11:41/07-05 21:10:44(-2) logged CHAT in 🥶: [2024-07-05 16:10:46.124 UTC] [Info] [Main] [Global] Godly [Godly]: shop are even better
[DEBUG](staffLog) 21:11:47/07-05 21:10:48(-2) logged CHAT in 🥶: [2024-07-05 16:10:50.923 UTC] [Info] [Main] [Group] 猫猫糕 [stacey]: what oyu say
[DEBUG](staffLog) 21:11:57/07-05 21:10:53(-3) logged CHAT in 🥶: [2024-07-05 16:10:56.807 UTC] [Info] [Main] [Group] 猫猫糕 [stacey]: let's go
[DEBUG](staffLog) 21:12:09/07-05 21:11:08(-1) logged DEBUG in debug-logs: [2024-07-05 16:11:09.949 UTC] [Info] [Main] [Command] Godly [Godly]: /smod
[DEBUG](staffLog) 21:12:20/07-05 21:11:18(-3) logged CHAT in 🥶: [2024-07-05 16:11:21.785 UTC] [Info] [Main] [Global] Godly [Godly]: ye?
[DEBUG](staffLog) 21:12:27/07-05 21:11:33(-2) logged CHAT in 🥶: [2024-07-05 16:11:35.624 UTC] [Info] [Main] [Global] Godly [Godly]: nah
[DEBUG](staffLog) 21:12:37/07-05 21:11:35(-2) logged CHAT in 🥶: [2024-07-05 16:11:37.743 UTC] [Info] [Main] [Global] Godly [Godly]: ight im out
[DEBUG](staffLog) 21:40:26/07-05 21:39:30(-2) logged MSG in 🌹: [2024-07-05 16:39:32.147 UTC] [Info] [Main] [Command] DJ [DJ_Julien]: /pm john you still afk john?
[DEBUG](staffLog) 21:53:09/07-05 21:52:12(-2) logged MSG in 🌹: [2024-07-05 16:52:14.539 UTC] [Info] [Main] [Command] [3-B QUEST SHOP] Miyukii [Miyuki]: /pm fen go to 3B
[DEBUG](staffLog) 21:58:47/07-05 21:57:48(-2) logged MSG in 🌹: [2024-07-05 16:57:50.799 UTC] [Info] [Main] [Command] [3-B QUEST SHOP] Miyukii [Miyuki]: /pm vortex i have 1 of your guns
[DEBUG](staffLog) 22:04:48/07-05 22:03:55(-1) logged MSG in 🌹: [2024-07-05 17:03:56.083 UTC] [Info] [Main] [Command] [3-B QUEST SHOP] Miyukii [Miyuki]: /pm ch1co ill buy some gpus tomorrow
[DEBUG](staffLog) 22:24:16/07-05 22:23:19(-1) logged MSG in 🌹: [2024-07-05 17:23:20.488 UTC] [Info] [Main] [Command] Cainã 16B SHOP QUEST ITEMS [Cainã]: /pm miyukii do you sell rb keys?
[DEBUG](staffLog) 22:28:07/07-05 22:27:09(-3) fakelogged DEBUG in 🤯: [2024-07-05 17:27:12.282 UTC] [Info] [Main] [Command] Alastor [Foxbro37]: /doortp
[DEBUG](staffLog) 22:28:38/07-05 22:27:33(-3) fakelogged DEBUG in 🤯: [2024-07-05 17:27:36.996 UTC] [Info] [Main] [Command] Alastor [Foxbro37]: /stuck
[DEBUG](staffLog) 22:29:06/07-05 22:28:06(-3) fakelogged DEBUG in 🤯: [2024-07-05 17:28:09.870 UTC] [Info] [Main] [Command] Alastor [Foxbro37]: //Vault Stash+
[DEBUG](staffLog) 22:29:06/07-05 22:28:11(-1) fakelogged DEBUG in 🤯: [2024-07-05 17:28:12.121 UTC] [Info] [Main] [Command] Alastor [Foxbro37]: //Vault Stash+
[DEBUG](staffLog) 22:29:19/07-05 22:28:20(-1) fakelogged DEBUG in 🤯: [2024-07-05 17:28:21.284 UTC] [Info] [Main] [Command] Alastor [Foxbro37]: //Vault Stash
[DEBUG](staffLog) 22:29:19/07-05 22:28:24(-1) fakelogged DEBUG in 🤯: [2024-07-05 17:28:25.325 UTC] [Info] [Main] [Command] Alastor [Foxbro37]: //Vault Stash
[DEBUG](staffLog) 22:33:57/07-05 22:32:55(-2) logged MSG in 🌹: [2024-07-05 17:32:57.553 UTC] [Info] [Main] [Command] [3-B QUEST SHOP] Miyukii [Miyuki]: /pm willow me
[DEBUG](staffLog) 22:33:57/07-05 22:33:04(-1) logged MSG in 🌹: [2024-07-05 17:33:05.523 UTC] [Info] [Main] [Command] [3-B QUEST SHOP] Miyukii [Miyuki]: /pm willow save it tho im in a raid
[DEBUG](staffLog) 22:34:49/07-05 22:33:44(-3) logged CHAT in 🥶: [2024-07-05 17:33:47.817 UTC] [Info] [Main] [Global] Alastor [Foxbro37]: hai ysa!
[DEBUG](staffLog) 22:35:26/07-05 22:34:31(-3) fakelogged DEBUG in 🤯: [2024-07-05 17:34:34.226 UTC] [Info] [Main] [Command] Alastor [Foxbro37]: /vault stash
[DEBUG](staffLog) 22:35:51/07-05 22:34:42(-3) fakelogged DEBUG in 🤯: [2024-07-05 17:34:45.669 UTC] [Info] [Main] [Command] Alastor [Foxbro37]: /vault stash
[DEBUG](staffLog) 22:35:54/07-05 22:34:54(-2) fakelogged DEBUG in 🤯: [2024-07-05 17:34:56.959 UTC] [Info] [Main] [Command] Alastor [Foxbro37]: /stuck
[DEBUG](staffLog) 22:35:54/07-05 22:35:00(-3) fakelogged DEBUG in 🤯: [2024-07-05 17:35:03.551 UTC] [Info] [Main] [Command] Alastor [Foxbro37]: /vault
[DEBUG](staffLog) 22:36:07/07-05 22:35:06(-2) fakelogged DEBUG in 🤯: [2024-07-05 17:35:08.286 UTC] [Info] [Main] [Command] Alastor [Foxbro37]: /vault kappa
[DEBUG](staffLog) 22:36:07/07-05 22:35:07(-3) fakelogged DEBUG in 🤯: [2024-07-05 17:35:10.261 UTC] [Info] [Main] [Command] Alastor [Foxbro37]: /vault kappa
[DEBUG](staffLog) 22:36:07/07-05 22:35:13(-2) fakelogged DEBUG in 🤯: [2024-07-05 17:35:15.620 UTC] [Info] [Main] [Command] Alastor [Foxbro37]: /vault gamma
[DEBUG](staffLog) 22:36:17/07-05 22:35:19(-2) fakelogged DEBUG in 🤯: [2024-07-05 17:35:21.788 UTC] [Info] [Main] [Command] Alastor [Foxbro37]: /vault stash
[DEBUG](staffLog) 22:36:26/07-05 22:35:27(-2) fakelogged DEBUG in 🤯: [2024-07-05 17:35:29.073 UTC] [Info] [Main] [Command] Alastor [Foxbro37]: /vault stash+
[DEBUG](staffLog) 22:36:26/07-05 22:35:27(-3) logged MSG in 🌹: [2024-07-05 17:35:30.196 UTC] [Info] [Main] [Command] [3-B QUEST SHOP] Miyukii [Miyuki]: /pm willow ill buyy it for 190k
[DEBUG](staffLog) 22:36:27/07-05 22:35:32(-3) logged MSG in 🌹: [2024-07-05 17:35:35.224 UTC] [Info] [Main] [Command] DaChamp [DaChamp]: /pm miyukii You have factory pump station key?
[DEBUG](staffLog) 22:36:48/07-05 22:35:48(-2) logged MSG in 🌹: [2024-07-05 17:35:50.624 UTC] [Info] [Main] [Command] [3-B QUEST SHOP] Miyukii [Miyuki]: /pm willow ill buyy it for 195k?
[DEBUG](staffLog) 22:37:38/07-05 22:36:43(-1) logged MSG in 🌹: [2024-07-05 17:36:44.949 UTC] [Info] [Main] [Command] Bella<3 [Womp Womp < 3]: /pm ales haii
[DEBUG](staffLog) 22:38:39/07-05 22:37:44(-1) logged MSG in 🌹: [2024-07-05 17:37:45.364 UTC] [Info] [Main] [Command] DaChamp [DaChamp]: /pm miyukii You have factory pump station key?
[DEBUG](staffLog) 22:39:26/07-05 22:38:28(-3) fakelogged DEBUG in 🤯: [2024-07-05 17:38:31.420 UTC] [Info] [Main] [Command] Alastor [Foxbro37]: /vault
[DEBUG](staffLog) 22:41:09/07-05 22:40:05(-2) logged DEBUG in debug-logs: [2024-07-05 17:40:07.748 UTC] [Info] [Main] [Command] Godly [Godly]: /addxp 76561199070113098  450000
[DEBUG](staffLog) 22:41:09/07-05 22:40:11(-2) logged SERVER in 😃: [2024-07-05 17:40:13.649 UTC] [Info] [Main] [Command] Godly [Godly]: /server 39
[DEBUG](staffLog) 22:41:17/07-05 22:40:13(-3) logged SERVER in 😃: [2024-07-05 17:40:16.609 UTC] [Info] [Main] [Command] Godly [Godly]: /server 30
[DEBUG](staffLog) 22:42:09/07-05 22:41:12(-1) logged MSG in 🌹: [2024-07-05 17:41:13.652 UTC] [Info] [Main] [Command] tango! [damian]: /pm nexus a
[DEBUG](staffLog) 22:42:19/07-05 22:41:18(-1) logged MSG in 🌹: [2024-07-05 17:41:19.261 UTC] [Info] [Main] [Command] tango! [damian]: /pm nexus nic ka
[DEBUG](staffLog) 22:42:27/07-05 22:41:26(-3) logged MSG in 🌹: [2024-07-05 17:41:29.779 UTC] [Info] [Main] [Command] Ha [Ha]: /msg john stock more labs cards
[DEBUG](staffLog) 22:42:27/07-05 22:41:31(-3) logged MSG in 🌹: [2024-07-05 17:41:34.429 UTC] [Info] [Main] [Command] Ha [Ha]: /msg john im tryna cop some
[DEBUG](staffLog) 22:43:49/07-05 22:42:52(-3) logged MSG in 🌹: [2024-07-05 17:42:55.199 UTC] [Info] [Main] [Command] SoaringBerry [That one hobo]: /pm kunk 2A
[DEBUG](staffLog) 22:44:19/07-05 22:43:22(-1) logged DEBUG in debug-logs: [2024-07-05 17:43:23.127 UTC] [Info] [Main] [Command] Godly [Godly]: /smod
[DEBUG](staffLog) 22:44:47/07-05 22:43:48(-2) logged CHAT in 🥶: [2024-07-05 17:43:50.979 UTC] [Info] [Main] [Global] Godly [Godly]: tt
[DEBUG](staffLog) 22:44:57/07-05 22:43:56(-3) logged MSG in 🌹: [2024-07-05 17:43:59.891 UTC] [Info] [Main] [Command] tango! [damian]: /pm nexus
[DEBUG](staffLog) 22:44:57/07-05 22:44:02(-1) logged MSG in 🌹: [2024-07-05 17:44:03.522 UTC] [Info] [Main] [Command] tango! [damian]: /pm nexus e
[DEBUG](staffLog) 22:45:29/07-05 22:44:35(-1) fakelogged DEBUG in 🤯: [2024-07-05 17:44:36.021 UTC] [Info] [Main] [Command] Godly [Godly]: //Vault Stash+
[DEBUG](staffLog) 22:46:07/07-05 22:45:06(-1) fakelogged DEBUG in 🤯: [2024-07-05 17:45:07.987 UTC] [Info] [Main] [Command] Alastor [Foxbro37]: /vault
[DEBUG](staffLog) 22:46:07/07-05 22:45:09(-1) fakelogged DEBUG in 🤯: [2024-07-05 17:45:10.895 UTC] [Info] [Main] [Command] Alastor [Foxbro37]: /vault gamma
[DEBUG](staffLog) 22:47:19/07-05 22:46:20(-3) fakelogged DEBUG in 🤯: [2024-07-05 17:46:23.710 UTC] [Info] [Main] [Command] Alastor [Foxbro37]: //Vault Stash+
[DEBUG](staffLog) 22:48:27/07-05 22:47:27(-2) logged MSG in 🌹: [2024-07-05 17:47:29.279 UTC] [Info] [Main] [Command] [3-B QUEST SHOP] Miyukii [Miyuki]: /pm vot i sell it for 1.2m
[DEBUG](staffLog) 22:48:37/07-05 22:47:35(-3) fakelogged DEBUG in 🤯: [2024-07-05 17:47:38.167 UTC] [Info] [Main] [Command] Alastor [Foxbro37]: /vault stash++
[DEBUG](staffLog) 22:49:47/07-05 22:48:49(-3) fakelogged DEBUG in 🤯: [2024-07-05 17:48:52.623 UTC] [Info] [Main] [Command] Alastor [Foxbro37]: /stuck
[DEBUG](staffLog) 22:54:37/07-05 22:53:43(-2) fakelogged DEBUG in 🤯: [2024-07-05 17:53:45.585 UTC] [Info] [Main] [Command] Alastor [Foxbro37]: /vault gamma
[DEBUG](staffLog) 22:56:07/07-05 22:55:13(-2) fakelogged DEBUG in 🤯: [2024-07-05 17:55:15.327 UTC] [Info] [Main] [Command] Godly [Godly]: /vault
[DEBUG](staffLog) 22:57:08/07-05 22:56:03(-3) logged CHAT in 🥶: [2024-07-05 17:56:06.982 UTC] [Info] [Main] [Global] Godly [Godly]: tt
[DEBUG](staffLog) 22:58:16/07-05 22:57:05(-3) logged CHAT in 🥶: [2024-07-05 17:57:08.148 UTC] [Info] [Main] [Global] Alastor [Foxbro37]: Sorrt TNT
[DEBUG](staffLog) 22:58:49/07-05 22:57:46(-1) logged CHAT in 🥶: [2024-07-05 17:57:47.732 UTC] [Info] [Main] [Global] Alastor [Foxbro37]: with my irl friend
[DEBUG](staffLog) 22:58:59/07-05 22:57:54(-2) fakelogged DEBUG in 🤯: [2024-07-05 17:57:56.524 UTC] [Info] [Main] [Command] Alastor [Foxbro37]: /vault kappa
[DEBUG](staffLog) 23:00:17/07-05 22:59:24(-1) fakelogged DEBUG in 🤯: [2024-07-05 17:59:25.033 UTC] [Info] [Main] [Command] Alastor [Foxbro37]: /vault gamma
[DEBUG](staffLog) 23:00:47/07-05 22:59:50(-1) logged CHAT in 🥶: [2024-07-05 17:59:51.644 UTC] [Info] [Main] [Global] Godly [Godly]: prbo
[DEBUG](staffLog) 23:00:47/07-05 22:59:52(-1) logged CHAT in 🥶: [2024-07-05 17:59:53.591 UTC] [Info] [Main] [Global] Godly [Godly]: but he my freind
[DEBUG](staffLog) 23:00:57/07-05 22:59:53(-3) fakelogged DEBUG in 🤯: [2024-07-05 17:59:56.635 UTC] [Info] [Main] [Command] Godly [Godly]: //Doortp
[DEBUG](staffLog) 23:02:38/07-05 23:01:42(-1) fakelogged DEBUG in 🤯: [2024-07-05 18:01:43.192 UTC] [Info] [Main] [Command] Godly [Godly]: /stuck
[DEBUG](staffLog) 23:04:18/07-05 23:03:14(-2) fakelogged DEBUG in 🤯: [2024-07-05 18:03:16.797 UTC] [Info] [Main] [Command] Alastor [Foxbro37]: /vault kappa
[DEBUG](staffLog) 23:04:18/07-05 23:03:17(-2) fakelogged DEBUG in 🤯: [2024-07-05 18:03:19.099 UTC] [Info] [Main] [Command] Alastor [Foxbro37]: /vault gamma
[DEBUG](staffLog) 23:05:27/07-05 23:04:24(-3) logged CHAT in 🥶: [2024-07-05 18:04:27.967 UTC] [Info] [Main] [Global] Alastor [Foxbro37]: Hey Dusty
[DEBUG](staffLog) 23:05:57/07-05 23:04:55(-1) logged CHAT in 🥶: [2024-07-05 18:04:56.599 UTC] [Info] [Main] [Global] Alastor [Foxbro37]: lol
[DEBUG](staffLog) 23:05:58/07-05 23:05:02(-2) logged CHAT in 🥶: [2024-07-05 18:05:04.210 UTC] [Info] [Main] [Global] Alastor [Foxbro37]: I rejoined pvp staff
[DEBUG](staffLog) 23:06:27/07-05 23:05:26(-3) logged CHAT in 🥶: [2024-07-05 18:05:29.097 UTC] [Info] [Main] [Global] Alastor [Foxbro37]: damn thats not hard at all
[DEBUG](staffLog) 23:07:09/07-05 23:06:03(-3) logged MSG in 🌹: [2024-07-05 18:06:06.232 UTC] [Info] [Main] [Command] Ashley [Dusty]: /pm alastor where are u
[DEBUG](staffLog) 23:07:09/07-05 23:06:09(-3) logged MSG in 🌹: [2024-07-05 18:06:12.852 UTC] [Info] [Main] [Command] Ashley [Dusty]: /pm alas come to interchanged
[DEBUG](staffLog) 23:07:19/07-05 23:06:22(-2) logged R in 🌹: [2024-07-05 18:06:24.144 UTC] [Info] [Main] [Command] Alastor [Foxbro37]: /r Y
[DEBUG](staffLog) 23:07:19/07-05 23:06:21(-3) logged MSG in 🌹: [2024-07-05 18:06:24.576 UTC] [Info] [Main] [Command] Ashley [Dusty]: /pm alas or stand by the ivan
[DEBUG](staffLog) 23:07:27/07-05 23:06:28(-1) logged MSG in 🌹: [2024-07-05 18:06:29.765 UTC] [Info] [Main] [Command] Ashley [Dusty]: /pm alas i want 500k
[DEBUG](staffLog) 23:07:37/07-05 23:06:34(-3) logged DEBUG in debug-logs: [2024-07-05 18:06:37.151 UTC] [Info] [Main] [Command] ItzJay [ItzJayJay=)]: /smod
[DEBUG](staffLog) 23:07:37/07-05 23:06:40(-3) fakelogged DEBUG in 🤯: [2024-07-05 18:06:43.871 UTC] [Info] [Main] [Command] Alastor [Foxbro37]: /vault
[DEBUG](staffLog) 23:07:47/07-05 23:06:50(-1) logged CHAT in 🥶: [2024-07-05 18:06:51.604 UTC] [Info] [Main] [Global] ItzJay [ItzJayJay=)]: SELL YOUR DOG TAGS SUP B
[DEBUG](staffLog) 23:07:47/07-05 23:06:51(-2) logged DEBUG in debug-logs: [2024-07-05 18:06:53.971 UTC] [Info] [Main] [Command] ItzJay [ItzJayJay=)]: /staff
[DEBUG](staffLog) 23:11:18/07-05 23:10:13(-3) logged CHAT in 🥶: [2024-07-05 18:10:16.561 UTC] [Info] [Main] [Global] ItzJay [ItzJayJay=)]: hi tnt
[DEBUG](staffLog) 23:11:37/07-05 23:10:37(-3) logged CHAT in 🥶: [2024-07-05 18:10:40.446 UTC] [Info] [Main] [Global] ItzJay [ItzJayJay=)]: did u make him pay 350k for one gun
[DEBUG](staffLog) 23:12:00/07-05 23:10:54(-3) logged CHAT in 🥶: [2024-07-05 18:10:57.709 UTC] [Info] [Main] [Global] ItzJay [ItzJayJay=)]: yea fuck no
[DEBUG](staffLog) 23:12:17/07-05 23:11:21(-1) fakelogged DEBUG in 🤯: [2024-07-05 18:11:22.568 UTC] [Info] [Main] [Command] Alastor [Foxbro37]: /vault
[DEBUG](staffLog) 23:12:41/07-05 23:11:33(-2) fakelogged DEBUG in 🤯: [2024-07-05 18:11:35.862 UTC] [Info] [Main] [Command] ItzJay [ItzJayJay=)]: /doortp
[DEBUG](staffLog) 23:13:39/07-05 23:12:35(-3) logged CHAT in 🥶: [2024-07-05 18:12:38.363 UTC] [Info] [Main] [Global] ItzJay [ItzJayJay=)]: SELLING 4090
[DEBUG](staffLog) 23:13:47/07-05 23:12:52(-1) logged MSG in 🌹: [2024-07-05 18:12:53.103 UTC] [Info] [Main] [Command] Cainã 16B SHOP QUEST ITEMS [Cainã]: /PM ASHLEY i sell gpu stand
[DEBUG](staffLog) 23:14:17/07-05 23:13:15(-2) logged DEBUG in debug-logs: [2024-07-05 18:13:17.328 UTC] [Info] [Main] [Command] ItzJay [ItzJayJay=)]: /sellto 76561198844615074 13009
[DEBUG](staffLog) 23:15:09/07-05 23:13:53(-3) logged MSG in 🌹: [2024-07-05 18:13:56.243 UTC] [Info] [Main] [Command] Ashley [Dusty]: /pm cain its empty
[DEBUG](staffLog) 23:16:10/07-05 23:15:14(-1) logged DEBUG in debug-logs: [2024-07-05 18:15:15.448 UTC] [Info] [Main] [Command] Alastor [Foxbro37]: /mute 76561198119603709 "Mic-Spam | First Offense | 12h" 12 h
[DEBUG](staffLog) 23:19:07/07-05 23:18:13(-2) fakelogged DEBUG in 🤯: [2024-07-05 18:18:15.698 UTC] [Info] [Main] [Command] Alastor [Foxbro37]: /vault
[DEBUG](staffLog) 23:19:40/07-05 23:18:35(-2) fakelogged DEBUG in 🤯: [2024-07-05 18:18:37.881 UTC] [Info] [Main] [Command] Alastor [Foxbro37]: /doortp
[DEBUG](staffLog) 23:19:47/07-05 23:18:52(-1) fakelogged DEBUG in 🤯: [2024-07-05 18:18:53.906 UTC] [Info] [Main] [Command] Alastor [Foxbro37]: /stuck
[DEBUG](staffLog) 23:26:57/07-05 23:26:00(-1) fakelogged DEBUG in 🤯: [2024-07-05 18:26:01.224 UTC] [Info] [Main] [Command] Alastor [Foxbro37]: /mc
[DEBUG](staffLog) 23:27:37/07-05 23:26:40(-2) fakelogged DEBUG in 🤯: [2024-07-05 18:26:42.926 UTC] [Info] [Main] [Command] Alastor [Foxbro37]: /mc
[DEBUG](staffLog) 23:28:37/07-05 23:27:40(-3) fakelogged DEBUG in 🤯: [2024-07-05 18:27:43.380 UTC] [Info] [Main] [Command] Alastor [Foxbro37]: /vault
[DEBUG](staffLog) 23:29:19/07-05 23:28:18(-2) fakelogged DEBUG in 🤯: [2024-07-05 18:28:20.851 UTC] [Info] [Main] [Command] Alastor [Foxbro37]: /mc
[DEBUG](staffLog) 23:29:31/07-05 23:28:24(-2) fakelogged DEBUG in 🤯: [2024-07-05 18:28:26.584 UTC] [Info] [Main] [Command] Alastor [Foxbro37]: /mc
[DEBUG](staffLog) 23:29:58/07-05 23:29:04(-1) fakelogged DEBUG in 🤯: [2024-07-05 18:29:05.354 UTC] [Info] [Main] [Command] Alastor [Foxbro37]: /doortp
[DEBUG](staffLog) 23:30:29/07-05 23:29:24(-2) fakelogged DEBUG in 🤯: [2024-07-05 18:29:26.495 UTC] [Info] [Main] [Command] Alastor [Foxbro37]: /vault stash++
[DEBUG](staffLog) 23:30:29/07-05 23:29:32(-1) fakelogged DEBUG in 🤯: [2024-07-05 18:29:33.189 UTC] [Info] [Main] [Command] Alastor [Foxbro37]: /vault stash
[DEBUG](staffLog) 23:30:46/07-05 23:29:49(-1) fakelogged DEBUG in 🤯: [2024-07-05 18:29:50.210 UTC] [Info] [Main] [Command] Alastor [Foxbro37]: /vault kappa
[DEBUG](staffLog) 23:30:57/07-05 23:30:00(-1) fakelogged DEBUG in 🤯: [2024-07-05 18:30:01.220 UTC] [Info] [Main] [Command] Alastor [Foxbro37]: /vault gama
[DEBUG](staffLog) 23:30:57/07-05 23:30:02(-1) fakelogged DEBUG in 🤯: [2024-07-05 18:30:03.558 UTC] [Info] [Main] [Command] Alastor [Foxbro37]: /vault gamma
[DEBUG](staffLog) 23:31:38/07-05 23:30:37(-3) fakelogged DEBUG in 🤯: [2024-07-05 18:30:40.432 UTC] [Info] [Main] [Command] Alastor [Foxbro37]: /stuck
[DEBUG](staffLog) 23:31:38/07-05 23:30:39(-2) fakelogged DEBUG in 🤯: [2024-07-05 18:30:41.379 UTC] [Info] [Main] [Command] Alastor [Foxbro37]: /vault
[DEBUG](staffLog) 23:32:47/07-05 23:31:49(-2) fakelogged DEBUG in 🤯: [2024-07-05 18:31:51.359 UTC] [Info] [Main] [Command] Alastor [Foxbro37]: /doortp
[DEBUG](staffLog) 23:33:07/07-05 23:32:11(-1) fakelogged DEBUG in 🤯: [2024-07-05 18:32:12.200 UTC] [Info] [Main] [Command] Alastor [Foxbro37]: /vault
[DEBUG](staffLog) 23:33:07/07-05 23:32:12(-2) fakelogged DEBUG in 🤯: [2024-07-05 18:32:14.943 UTC] [Info] [Main] [Command] Alastor [Foxbro37]: /vault kappa
[DEBUG](staffLog) 23:33:25/07-05 23:32:17(-1) fakelogged DEBUG in 🤯: [2024-07-05 18:32:18.104 UTC] [Info] [Main] [Command] Alastor [Foxbro37]: /stuck
[DEBUG](staffLog) 23:34:47/07-05 23:33:52(-2) fakelogged DEBUG in 🤯: [2024-07-05 18:33:54.747 UTC] [Info] [Main] [Command] Alastor [Foxbro37]: /vault
[DEBUG](staffLog) 23:35:07/07-05 23:34:09(-3) fakelogged DEBUG in 🤯: [2024-07-05 18:34:12.659 UTC] [Info] [Main] [Command] Alastor [Foxbro37]: /vault kappa
[DEBUG](staffLog) 23:35:17/07-05 23:34:17(-2) fakelogged DEBUG in 🤯: [2024-07-05 18:34:19.306 UTC] [Info] [Main] [Command] Alastor [Foxbro37]: /doortp
[DEBUG](staffLog) 00:39:47/07-06 00:38:48(-1) logged MSG in 🌹: [2024-07-05 19:38:49.590 UTC] [Info] [Main] [Command] headtaps [headtaps]: /pm doge can you come to your base
[DEBUG](staffLog) 00:52:27/07-06 00:51:23(-3) logged CHAT in 🥶: [2024-07-05 19:51:26.335 UTC] [Info] [Main] [Global] Waiter v0rtex [v0rtex]: wsp
[DEBUG](staffLog) 00:52:28/07-06 00:51:32(-2) logged CHAT in 🥶: [2024-07-05 19:51:34.060 UTC] [Info] [Main] [Global] Waiter v0rtex [v0rtex]: idk
[DEBUG](staffLog) 00:52:37/07-06 00:51:35(-2) logged CHAT in 🥶: [2024-07-05 19:51:37.434 UTC] [Info] [Main] [Global] Waiter v0rtex [v0rtex]: im not dev
[DEBUG](staffLog) 00:52:37/07-06 00:51:40(-1) logged DEBUG in debug-logs: [2024-07-05 19:51:41.730 UTC] [Info] [Main] [Command] Waiter v0rtex [v0rtex]: /staff
[DEBUG](staffLog) 00:52:49/07-06 00:51:49(-3) logged CHAT in 🥶: [2024-07-05 19:51:52.471 UTC] [Info] [Main] [Global] Waiter v0rtex [v0rtex]: nah
[DEBUG](staffLog) 00:53:28/07-06 00:52:29(-3) fakelogged DEBUG in 🤯: [2024-07-05 19:52:32.998 UTC] [Info] [Main] [Command] Waiter v0rtex [v0rtex]: /doortp
[DEBUG](staffLog) 00:53:57/07-06 00:52:55(-1) fakelogged DEBUG in 🤯: [2024-07-05 19:52:56.309 UTC] [Info] [Main] [Command] Waiter v0rtex [v0rtex]: /buyfrom 76561199183989090 55002
[DEBUG](staffLog) 00:54:09/07-06 00:53:04(-3) fakelogged DEBUG in 🤯: [2024-07-05 19:53:07.659 UTC] [Info] [Main] [Command] Waiter v0rtex [v0rtex]: /buyfrom 76561199207128597 55002
[DEBUG](staffLog) 00:54:09/07-06 00:53:11(-1) fakelogged DEBUG in 🤯: [2024-07-05 19:53:12.423 UTC] [Info] [Main] [Command] Waiter v0rtex [v0rtex]: /buyfrom 76561199207128597 55002
[DEBUG](staffLog) 00:54:09/07-06 00:53:12(-3) fakelogged DEBUG in 🤯: [2024-07-05 19:53:15.486 UTC] [Info] [Main] [Command] Waiter v0rtex [v0rtex]: /buyfrom 76561199207128597 55002
[DEBUG](staffLog) 00:54:17/07-06 00:53:15(-1) fakelogged DEBUG in 🤯: [2024-07-05 19:53:16.985 UTC] [Info] [Main] [Command] Waiter v0rtex [v0rtex]: /buyfrom 76561199207128597 55002
[DEBUG](staffLog) 00:54:17/07-06 00:53:17(-3) fakelogged DEBUG in 🤯: [2024-07-05 19:53:20.853 UTC] [Info] [Main] [Command] Waiter v0rtex [v0rtex]: /buyfrom 76561199207128597 55002
[DEBUG](staffLog) 00:54:17/07-06 00:53:21(-3) fakelogged DEBUG in 🤯: [2024-07-05 19:53:24.444 UTC] [Info] [Main] [Command] Waiter v0rtex [v0rtex]: /buyfrom 76561199207128597 55002
[DEBUG](staffLog) 00:54:29/07-06 00:53:31(-2) fakelogged DEBUG in 🤯: [2024-07-05 19:53:33.099 UTC] [Info] [Main] [Command] Waiter v0rtex [v0rtex]: /buyfrom 76561199207128597 55005
[DEBUG](staffLog) 00:54:37/07-06 00:53:35(-3) fakelogged DEBUG in 🤯: [2024-07-05 19:53:38.796 UTC] [Info] [Main] [Command] Waiter v0rtex [v0rtex]: /buyfrom 76561199207128597 55005
[DEBUG](staffLog) 00:54:48/07-06 00:53:44(-2) fakelogged DEBUG in 🤯: [2024-07-05 19:53:46.394 UTC] [Info] [Main] [Command] Waiter v0rtex [v0rtex]: /buyfrom 76561199207128597 69
[DEBUG](staffLog) 00:54:48/07-06 00:53:48(-2) fakelogged DEBUG in 🤯: [2024-07-05 19:53:50.044 UTC] [Info] [Main] [Command] Waiter v0rtex [v0rtex]: /vault
[DEBUG](staffLog) 00:54:48/07-06 00:53:54(-1) fakelogged DEBUG in 🤯: [2024-07-05 19:53:55.324 UTC] [Info] [Main] [Command] Waiter v0rtex [v0rtex]: /vault
[DEBUG](staffLog) 00:54:59/07-06 00:54:01(-2) fakelogged DEBUG in 🤯: [2024-07-05 19:54:03.017 UTC] [Info] [Main] [Command] Waiter v0rtex [v0rtex]: /vault stash
[DEBUG](staffLog) 00:55:09/07-06 00:54:09(-3) fakelogged DEBUG in 🤯: [2024-07-05 19:54:12.296 UTC] [Info] [Main] [Command] Waiter v0rtex [v0rtex]: /vault stash++
[DEBUG](staffLog) 00:55:58/07-06 00:55:03(-1) fakelogged DEBUG in 🤯: [2024-07-05 19:55:04.714 UTC] [Info] [Main] [Command] Waiter v0rtex [v0rtex]: /vault
[DEBUG](staffLog) 00:58:37/07-06 00:57:33(-3) fakelogged DEBUG in 🤯: [2024-07-05 19:57:36.552 UTC] [Info] [Main] [Command] Waiter v0rtex [v0rtex]: /VAULT
[DEBUG](staffLog) 00:58:58/07-06 00:57:53(-3) fakelogged DEBUG in 🤯: [2024-07-05 19:57:56.476 UTC] [Info] [Main] [Command] Waiter v0rtex [v0rtex]: /vault
[DEBUG](staffLog) 00:58:58/07-06 00:58:01(-1) fakelogged DEBUG in 🤯: [2024-07-05 19:58:02.757 UTC] [Info] [Main] [Command] Waiter v0rtex [v0rtex]: /vault stahs++
[DEBUG](staffLog) 00:59:09/07-06 00:58:03(-3) fakelogged DEBUG in 🤯: [2024-07-05 19:58:06.381 UTC] [Info] [Main] [Command] Waiter v0rtex [v0rtex]: /vault stash++
[DEBUG](staffLog) 01:02:59/07-06 01:01:56(-2) fakelogged DEBUG in 🤯: [2024-07-05 20:01:58.390 UTC] [Info] [Main] [Command] Waiter v0rtex [v0rtex]: /doortp
[DEBUG](staffLog) 01:10:19/07-06 01:09:23(-1) fakelogged DEBUG in 🤯: [2024-07-05 20:09:24.853 UTC] [Info] [Main] [Command] Waiter v0rtex [v0rtex]: /vault stash
[DEBUG](staffLog) 01:10:29/07-06 01:09:24(-3) fakelogged DEBUG in 🤯: [2024-07-05 20:09:27.903 UTC] [Info] [Main] [Command] Waiter v0rtex [v0rtex]: /doortp
[DEBUG](staffLog) 01:13:07/07-06 01:12:06(-2) logged TP in tp: [2024-07-05 20:12:08.014 UTC] [Info] [Main] [Command] Waiter v0rtex [v0rtex]: /TP STAFF
[DEBUG](staffLog) 01:16:26/07-06 01:15:21(-1) logged MSG in 🌹: [2024-07-05 20:15:22.082 UTC] [Info] [Main] [Command] bucket! [bucket]: /pm v0rt we can be friendly
[DEBUG](staffLog) 01:16:26/07-06 01:15:29(-2) logged MSG in 🌹: [2024-07-05 20:15:31.020 UTC] [Info] [Main] [Command] bucket! [bucket]: /pm v0rt it doesnt have to be this way
[DEBUG](staffLog) 01:16:47/07-06 01:15:46(-1) logged CHAT in 🥶: [2024-07-05 20:15:47.615 UTC] [Info] [Main] [Global] Waiter v0rtex [v0rtex]: so wierd bucket go reserve or smth
[DEBUG](staffLog) 01:17:17/07-06 01:16:13(-3) fakelogged DEBUG in 🤯: [2024-07-05 20:16:16.760 UTC] [Info] [Main] [Command] Waiter v0rtex [v0rtex]: /mc
[DEBUG](staffLog) 01:23:37/07-06 01:22:39(-3) fakelogged DEBUG in 🤯: [2024-07-05 20:22:42.357 UTC] [Info] [Main] [Command] Waiter v0rtex [v0rtex]: /doortp
[DEBUG](staffLog) 01:23:37/07-06 01:22:44(-1) fakelogged DEBUG in 🤯: [2024-07-05 20:22:45.841 UTC] [Info] [Main] [Command] Waiter v0rtex [v0rtex]: /buyfrom 76561199183989090 58114
[DEBUG](staffLog) 01:37:07/07-06 01:36:05(-2) logged MSG in 🌹: [2024-07-05 20:36:07.477 UTC] [Info] [Main] [Command] headtaps [headtaps]: /pm blade yo
[DEBUG](staffLog) 02:11:37/07-06 02:10:33(-3) logged MSG in 🌹: [2024-07-05 21:10:36.350 UTC] [Info] [Main] [Command] wage slave [amalkhaydarov3]: /pm kris WYA
[DEBUG](staffLog) 02:29:37/07-06 02:28:44(-1) logged MSG in 🌹: [2024-07-05 21:28:45.364 UTC] [Info] [Main] [Command] kingdeadstar2007 [kingdeadstar2007]: /pm fenri ./pay king 40000
[DEBUG](staffLog) 02:49:37/07-06 02:48:36(-2) fakelogged DEBUG in 🤯: [2024-07-05 21:48:38.413 UTC] [Info] [Main] [Command] drakos [Andre]: /stuck
[DEBUG](staffLog) 02:51:58/07-06 02:50:57(-1) logged MSG in 🌹: [2024-07-05 21:50:58.047 UTC] [Info] [Main] [Command] DJ [DJ_Julien]: /pm chaos wanna vc cunt?
[DEBUG](staffLog) 02:51:58/07-06 02:50:58(-3) logged R in 🌹: [2024-07-05 21:51:01.124 UTC] [Info] [Main] [Command] chaos [chaos]: /r soon
[DEBUG](staffLog) 02:54:27/07-06 02:53:30(-2) logged MSG in 🌹: [2024-07-05 21:53:32.846 UTC] [Info] [Main] [Command] headtaps [headtaps]: /pm man where is your base
[DEBUG](staffLog) 02:54:49/07-06 02:53:44(-3) logged MSG in 🌹: [2024-07-05 21:53:47.026 UTC] [Info] [Main] [Command] DJ [DJ_Julien]: /pm chaos tell me when you have stopped jerking it
[DEBUG](staffLog) 02:54:58/07-06 02:53:57(-2) logged R in 🌹: [2024-07-05 21:53:59.719 UTC] [Info] [Main] [Command] chaos [chaos]: /r go lounge 1
[DEBUG](staffLog) 03:02:17/07-06 03:01:17(-2) fakelogged DEBUG in 🤯: [2024-07-05 22:01:19.045 UTC] [Info] [Main] [Command] drakos [Andre]: /vault
[DEBUG](staffLog) 03:06:37/07-06 03:05:38(-2) logged MSG in 🌹: [2024-07-05 22:05:40.427 UTC] [Info] [Main] [Command] certified hater | rustypot [certified hater | rustypot]: /msg !!doodle yo
[DEBUG](staffLog) 03:06:47/07-06 03:05:47(-2) logged MSG in 🌹: [2024-07-05 22:05:49.235 UTC] [Info] [Main] [Command] certified hater | rustypot [certified hater | rustypot]: /msg !!doodle $300k for the stack?
[DEBUG](staffLog) 03:07:37/07-06 03:06:38(-2) logged MSG in 🌹: [2024-07-05 22:06:40.669 UTC] [Info] [Main] [Command] certified hater | rustypot [certified hater | rustypot]: /msg !!doodle $300k for the stack?
[DEBUG](staffLog) 03:10:17/07-06 03:09:16(-3) fakelogged DEBUG in 🤯: [2024-07-05 22:09:19.345 UTC] [Info] [Main] [Command] drakos [Andre]: /vault
[DEBUG](staffLog) 03:11:18/07-06 03:10:19(-3) fakelogged DEBUG in 🤯: [2024-07-05 22:10:22.677 UTC] [Info] [Main] [Command] drakos [Andre]: /stuck
[DEBUG](staffLog) 03:11:47/07-06 03:10:53(-1) fakelogged DEBUG in 🤯: [2024-07-05 22:10:54.606 UTC] [Info] [Main] [Command] drakos [Andre]: /mc
[DEBUG](staffLog) 03:12:48/07-06 03:11:49(-3) logged CHAT in 🥶: [2024-07-05 22:11:52.396 UTC] [Info] [Main] [Global] drakos [Andre]: bro is rattin
[DEBUG](staffLog) 03:13:28/07-06 03:12:32(-2) fakelogged DEBUG in 🤯: [2024-07-05 22:12:34.627 UTC] [Info] [Main] [Command] drakos [Andre]: /mc
[DEBUG](staffLog) 03:13:58/07-06 03:13:02(-1) fakelogged DEBUG in 🤯: [2024-07-05 22:13:03.749 UTC] [Info] [Main] [Command] drakos [Andre]: /mc
[DEBUG](staffLog) 03:14:17/07-06 03:13:16(-1) fakelogged DEBUG in 🤯: [2024-07-05 22:13:17.317 UTC] [Info] [Main] [Command] drakos [Andre]: /mc
[DEBUG](staffLog) 03:14:27/07-06 03:13:27(-3) fakelogged DEBUG in 🤯: [2024-07-05 22:13:30.349 UTC] [Info] [Main] [Command] drakos [Andre]: /mc
[DEBUG](staffLog) 03:14:48/07-06 03:13:44(-3) fakelogged DEBUG in 🤯: [2024-07-05 22:13:47.809 UTC] [Info] [Main] [Command] drakos [Andre]: /mc
[DEBUG](staffLog) 03:15:00/07-06 03:13:55(-3) fakelogged DEBUG in 🤯: [2024-07-05 22:13:58.436 UTC] [Info] [Main] [Command] drakos [Andre]: /mc
[DEBUG](staffLog) 03:15:37/07-06 03:14:40(-2) fakelogged DEBUG in 🤯: [2024-07-05 22:14:42.676 UTC] [Info] [Main] [Command] drakos [Andre]: /doortp
[DEBUG](staffLog) 03:16:27/07-06 03:15:28(-3) fakelogged DEBUG in 🤯: [2024-07-05 22:15:31.901 UTC] [Info] [Main] [Command] drakos [Andre]: /stuck
[DEBUG](staffLog) 03:17:23/07-06 03:16:17(-1) fakelogged DEBUG in 🤯: [2024-07-05 22:16:18.619 UTC] [Info] [Main] [Command] drakos [Andre]: /mc
[DEBUG](staffLog) 03:19:17/07-06 03:18:16(-3) fakelogged DEBUG in 🤯: [2024-07-05 22:18:19.276 UTC] [Info] [Main] [Command] drakos [Andre]: /stuck
[DEBUG](staffLog) 03:19:47/07-06 03:18:46(-3) fakelogged DEBUG in 🤯: [2024-07-05 22:18:49.005 UTC] [Info] [Main] [Command] drakos [Andre]: /mc
[DEBUG](staffLog) 03:22:19/07-06 03:21:19(-1) fakelogged DEBUG in 🤯: [2024-07-05 22:21:20.615 UTC] [Info] [Main] [Command] drakos [Andre]: /doortp
[DEBUG](staffLog) 03:22:19/07-06 03:21:22(-1) fakelogged DEBUG in 🤯: [2024-07-05 22:21:23.440 UTC] [Info] [Main] [Command] drakos [Andre]: /stuck
[DEBUG](staffLog) 03:23:07/07-06 03:22:09(-1) fakelogged DEBUG in 🤯: [2024-07-05 22:22:10.258 UTC] [Info] [Main] [Command] drakos [Andre]: /doortp
[DEBUG](staffLog) 03:23:43/07-06 03:22:24(-2) fakelogged DEBUG in 🤯: [2024-07-05 22:22:26.590 UTC] [Info] [Main] [Command] drakos [Andre]: /stuck
[DEBUG](staffLog) 03:23:47/07-06 03:22:38(-1) fakelogged DEBUG in 🤯: [2024-07-05 22:22:39.084 UTC] [Info] [Main] [Command] drakos [Andre]: /doortp
[DEBUG](staffLog) 03:23:47/07-06 03:22:48(-3) fakelogged DEBUG in 🤯: [2024-07-05 22:22:51.284 UTC] [Info] [Main] [Command] drakos [Andre]: /stuck
[DEBUG](staffLog) 03:25:09/07-06 03:24:08(-2) fakelogged DEBUG in 🤯: [2024-07-05 22:24:10.978 UTC] [Info] [Main] [Command] drakos [Andre]: /doortp
[DEBUG](staffLog) 03:25:39/07-06 03:24:39(-3) fakelogged DEBUG in 🤯: [2024-07-05 22:24:42.304 UTC] [Info] [Main] [Command] drakos [Andre]: /stuck
[DEBUG](staffLog) 03:25:49/07-06 03:24:45(-1) fakelogged DEBUG in 🤯: [2024-07-05 22:24:46.202 UTC] [Info] [Main] [Command] drakos [Andre]: /doortp
[DEBUG](staffLog) 03:25:49/07-06 03:24:49(-2) fakelogged DEBUG in 🤯: [2024-07-05 22:24:51.862 UTC] [Info] [Main] [Command] drakos [Andre]: /stuck
[DEBUG](staffLog) 03:30:17/07-06 03:29:20(-2) fakelogged DEBUG in 🤯: [2024-07-05 22:29:22.516 UTC] [Info] [Main] [Command] drakos [Andre]: /vault
[DEBUG](staffLog) 03:32:27/07-06 03:31:33(-1) fakelogged DEBUG in 🤯: [2024-07-05 22:31:34.757 UTC] [Info] [Main] [Command] drakos [Andre]: /doortp
[DEBUG](staffLog) 03:32:38/07-06 03:31:36(-1) fakelogged DEBUG in 🤯: [2024-07-05 22:31:37.793 UTC] [Info] [Main] [Command] drakos [Andre]: /vault
[DEBUG](staffLog) 03:32:57/07-06 03:32:03(-2) fakelogged DEBUG in 🤯: [2024-07-05 22:32:05.183 UTC] [Info] [Main] [Command] drakos [Andre]: /stuck
[DEBUG](staffLog) 03:33:58/07-06 03:32:55(-2) logged MSG in 🌹: [2024-07-05 22:32:57.082 UTC] [Info] [Main] [Command] Pog [Cheese]: /pm man got pmags right here
[DEBUG](staffLog) 03:34:07/07-06 03:33:08(-3) fakelogged DEBUG in 🤯: [2024-07-05 22:33:11.446 UTC] [Info] [Main] [Command] drakos [Andre]: /doortp
[DEBUG](staffLog) 03:34:17/07-06 03:33:15(-1) fakelogged DEBUG in 🤯: [2024-07-05 22:33:16.995 UTC] [Info] [Main] [Command] drakos [Andre]: /stuck
[DEBUG](staffLog) 03:34:50/07-06 03:33:46(-1) logged VANISH in vanish: [2024-07-05 22:33:47.448 UTC] [Info] [Main] [Command] drakos [Andre]: /vanish
[DEBUG](staffLog) 03:35:07/07-06 03:34:05(-1) logged VANISH in vanish: [2024-07-05 22:34:06.146 UTC] [Info] [Main] [Command] drakos [Andre]: /vanish
[DEBUG](staffLog) 03:36:02/07-06 03:34:50(-3) logged DEBUG in debug-logs: [2024-07-05 22:34:53.140 UTC] [Info] [Main] [Command] drakos [Andre]: /mute 76561198977590913 "Racism | First Offense | 7d" 7 d
[DEBUG](staffLog) 03:36:08/07-06 03:35:05(-1) logged MSG in 🌹: [2024-07-05 22:35:06.646 UTC] [Info] [Main] [Command] Pog [Cheese]: /pm man i left interchange
[DEBUG](staffLog) 03:36:27/07-06 03:35:33(-2) logged DEBUG in debug-logs: [2024-07-05 22:35:35.968 UTC] [Info] [Main] [Command] drakos [Andre]: /mute 76561199122678527 "Racism | First Offense | 7d" 7 d
[DEBUG](staffLog) 03:43:17/07-06 03:42:24(-1) fakelogged DEBUG in 🤯: [2024-07-05 22:42:25.748 UTC] [Info] [Main] [Command] drakos [Andre]: /stuck
[DEBUG](staffLog) 03:43:37/07-06 03:42:41(-3) logged MSG in 🌹: [2024-07-05 22:42:44.244 UTC] [Info] [Main] [Command] DaChamp [DaChamp]: /pm abc how much
[DEBUG](staffLog) 03:43:50/07-06 03:42:47(-1) logged R in 🌹: [2024-07-05 22:42:48.848 UTC] [Info] [Main] [Command] ABCDEFGHIJKLMNOPQRS [asdasdasdsadsad]: /r only good price offer
[DEBUG](staffLog) 03:45:38/07-06 03:44:36(-2) fakelogged DEBUG in 🤯: [2024-07-05 22:44:38.709 UTC] [Info] [Main] [Command] drakos [Andre]: /vault
[DEBUG](staffLog) 03:45:38/07-06 03:44:43(-1) fakelogged DEBUG in 🤯: [2024-07-05 22:44:44.489 UTC] [Info] [Main] [Command] drakos [Andre]: /vault
[DEBUG](staffLog) 03:49:36/07-06 03:48:25(-2) fakelogged DEBUG in 🤯: [2024-07-05 22:48:27.607 UTC] [Info] [Main] [Command] drakos [Andre]: /vault
[DEBUG](staffLog) 03:49:59/07-06 03:49:00(-2) fakelogged DEBUG in 🤯: [2024-07-05 22:49:02.302 UTC] [Info] [Main] [Command] drakos [Andre]: /doortp
[DEBUG](staffLog) 03:50:27/07-06 03:49:24(-2) fakelogged DEBUG in 🤯: [2024-07-05 22:49:26.281 UTC] [Info] [Main] [Command] drakos [Andre]: /stuck
[DEBUG](staffLog) 03:53:28/07-06 03:52:31(-2) fakelogged DEBUG in 🤯: [2024-07-05 22:52:33.463 UTC] [Info] [Main] [Command] drakos [Andre]: /doortp
[DEBUG](staffLog) 03:54:19/07-06 03:53:14(-3) fakelogged DEBUG in 🤯: [2024-07-05 22:53:17.599 UTC] [Info] [Main] [Command] drakos [Andre]: /stuck
[DEBUG](staffLog) 03:55:07/07-06 03:54:05(-2) logged DEBUG in debug-logs: [2024-07-05 22:54:07.641 UTC] [Info] [Main] [Command] drakos [Andre]: /rank bucket
[DEBUG](staffLog) 03:56:09/07-06 03:55:06(-2) logged DEBUG in debug-logs: [2024-07-05 22:55:08.625 UTC] [Info] [Main] [Command] drakos [Andre]: /rank chaos
[DEBUG](staffLog) 03:58:57/07-06 03:58:01(-1) fakelogged DEBUG in 🤯: [2024-07-05 22:58:02.104 UTC] [Info] [Main] [Command] drakos [Andre]: /doortp
[DEBUG](staffLog) 03:59:09/07-06 03:58:08(-2) logged DEBUG in debug-logs: [2024-07-05 22:58:10.428 UTC] [Info] [Main] [Command] drakos [Andre]: /mod
[DEBUG](staffLog) 03:59:37/07-06 03:58:35(-1) fakelogged DEBUG in 🤯: [2024-07-05 22:58:36.228 UTC] [Info] [Main] [Command] drakos [Andre]: /buyfrom 76561199207128597 55010
[DEBUG](staffLog) 03:59:37/07-06 03:58:38(-1) fakelogged DEBUG in 🤯: [2024-07-05 22:58:39.900 UTC] [Info] [Main] [Command] drakos [Andre]: /buyfrom 76561199207128597 55010
[DEBUG](staffLog) 03:59:37/07-06 03:58:42(-1) fakelogged DEBUG in 🤯: [2024-07-05 22:58:43.503 UTC] [Info] [Main] [Command] drakos [Andre]: /buyfrom 76561199207128597 55010
[DEBUG](staffLog) 03:59:47/07-06 03:58:44(-3) fakelogged DEBUG in 🤯: [2024-07-05 22:58:47.582 UTC] [Info] [Main] [Command] drakos [Andre]: /buyfrom 76561199207128597 55010
[DEBUG](staffLog) 03:59:47/07-06 03:58:52(-2) fakelogged DEBUG in 🤯: [2024-07-05 22:58:54.642 UTC] [Info] [Main] [Command] drakos [Andre]: /buyfrom 76561199207128597 55013
[DEBUG](staffLog) 04:00:39/07-06 03:59:43(-2) fakelogged DEBUG in 🤯: [2024-07-05 22:59:45.644 UTC] [Info] [Main] [Command] drakos [Andre]: /buyfrom 76561199718986250 55013
[DEBUG](staffLog) 04:01:53/07-06 04:00:38(-3) fakelogged DEBUG in 🤯: [2024-07-05 23:00:41.010 UTC] [Info] [Main] [Command] drakos [Andre]: /buyfrom 76561199183989090 75
[DEBUG](staffLog) 04:01:53/07-06 04:00:41(-3) fakelogged DEBUG in 🤯: [2024-07-05 23:00:44.804 UTC] [Info] [Main] [Command] drakos [Andre]: /buyfrom 76561199183989090 55013
[DEBUG](staffLog) 04:01:58/07-06 04:00:55(-2) fakelogged DEBUG in 🤯: [2024-07-05 23:00:57.504 UTC] [Info] [Main] [Command] drakos [Andre]: /stuck
[DEBUG](staffLog) 04:02:27/07-06 04:01:28(-3) logged CHAT in 🥶: [2024-07-05 23:01:31.846 UTC] [Info] [Main] [Global] drakos [Andre]: who has jaeger quest items in their shop?
[DEBUG](staffLog) 04:03:29/07-06 04:02:28(-3) logged CHAT in 🥶: [2024-07-05 23:02:31.765 UTC] [Info] [Main] [Global] drakos [Andre]: who has quest items for sale
[DEBUG](staffLog) 04:06:27/07-06 04:05:28(-1) fakelogged DEBUG in 🤯: [2024-07-05 23:05:29.813 UTC] [Info] [Main] [Command] drakos [Andre]: /stuck
[DEBUG](staffLog) 04:06:37/07-06 04:05:36(-1) fakelogged DEBUG in 🤯: [2024-07-05 23:05:37.295 UTC] [Info] [Main] [Command] drakos [Andre]: /doortp
[DEBUG](staffLog) 04:06:37/07-06 04:05:39(-1) fakelogged DEBUG in 🤯: [2024-07-05 23:05:40.030 UTC] [Info] [Main] [Command] drakos [Andre]: /stuck
[DEBUG](staffLog) 04:10:17/07-06 04:09:23(-2) logged MSG in 🌹: [2024-07-05 23:09:25.993 UTC] [Info] [Main] [Command] certified hater | rustypot [certified hater | rustypot]: /msg humble did you actually not jump
[DEBUG](staffLog) 04:10:38/07-06 04:09:36(-1) logged R in 🌹: [2024-07-05 23:09:37.245 UTC] [Info] [Main] [Command] Humble [Fenix Flexin #Rustypot]: /r no lmao i was prone the entire time bro
[DEBUG](staffLog) 04:10:39/07-06 04:09:44(-1) logged R in 🌹: [2024-07-05 23:09:45.481 UTC] [Info] [Main] [Command] Humble [Fenix Flexin #Rustypot]: /r ur walling its cool lmao
[DEBUG](staffLog) 04:10:47/07-06 04:09:46(-1) logged MSG in 🌹: [2024-07-05 23:09:47.023 UTC] [Info] [Main] [Command] certified hater | rustypot [certified hater | rustypot]: /msg humble did you pick something up?
[DEBUG](staffLog) 04:10:59/07-06 04:09:53(-3) logged R in 🌹: [2024-07-05 23:09:56.334 UTC] [Info] [Main] [Command] Humble [Fenix Flexin #Rustypot]: /r bro im here for kills i dont need loot lmao
[DEBUG](staffLog) 04:11:17/07-06 04:10:14(-3) logged MSG in 🌹: [2024-07-05 23:10:17.557 UTC] [Info] [Main] [Command] certified hater | rustypot [certified hater | rustypot]: /msg humble you doing peacekeeper 4?
[DEBUG](staffLog) 04:11:28/07-06 04:10:26(-1) logged R in 🌹: [2024-07-05 23:10:27.705 UTC] [Info] [Main] [Command] Humble [Fenix Flexin #Rustypot]: /r yesir
[DEBUG](staffLog) 04:11:37/07-06 04:10:37(-1) logged MSG in 🌹: [2024-07-05 23:10:38.899 UTC] [Info] [Main] [Command] certified hater | rustypot [certified hater | rustypot]: /msg humble someone near you either jumped or picked something up
[DEBUG](staffLog) 04:11:49/07-06 04:10:49(-1) logged R in 🌹: [2024-07-05 23:10:50.647 UTC] [Info] [Main] [Command] certified hater | rustypot [certified hater | rustypot]: /r how many you got out of 40
[DEBUG](staffLog) 04:11:57/07-06 04:10:59(-2) logged R in 🌹: [2024-07-05 23:11:01.649 UTC] [Info] [Main] [Command] Humble [Fenix Flexin #Rustypot]: /r just clip it see you in a bit
[DEBUG](staffLog) 04:12:17/07-06 04:11:21(-1) logged MSG in 🌹: [2024-07-05 23:11:22.082 UTC] [Info] [Main] [Command] traktordriver42 [Accurse]: /pm john wat discord
[DEBUG](staffLog) 04:12:18/07-06 04:11:23(-2) logged R in 🌹: [2024-07-05 23:11:25.670 UTC] [Info] [Main] [Command] certified hater | rustypot [certified hater | rustypot]: /r i don't have medal installed anymore after cleaning my pc
[DEBUG](staffLog) 04:12:27/07-06 04:11:29(-2) logged MSG in 🌹: [2024-07-05 23:11:31.819 UTC] [Info] [Main] [Command] certified hater | rustypot [certified hater | rustypot]: /msg humble can you send me the clip?
[DEBUG](staffLog) 04:12:37/07-06 04:11:38(-1) logged MSG in 🌹: [2024-07-05 23:11:39.213 UTC] [Info] [Main] [Command] certified hater | rustypot [certified hater | rustypot]: /msg humble cuz i swear i heard you do some shit
[DEBUG](staffLog) 04:13:11/07-06 04:12:07(-3) logged R in 🌹: [2024-07-05 23:12:10.197 UTC] [Info] [Main] [Command] Humble [Fenix Flexin #Rustypot]: /r looked at the clip again LMAO bro ur funny fam
[DEBUG](staffLog) 04:13:17/07-06 04:12:17(-1) logged R in 🌹: [2024-07-05 23:12:18.422 UTC] [Info] [Main] [Command] Humble [Fenix Flexin #Rustypot]: /r send me the link for the cheats and ill close it
[DEBUG](staffLog) 04:13:17/07-06 04:12:20(-2) logged R in 🌹: [2024-07-05 23:12:22.354 UTC] [Info] [Main] [Command] certified hater | rustypot [certified hater | rustypot]: /r bro im asking for the clip
[DEBUG](staffLog) 04:13:27/07-06 04:12:27(-1) logged R in 🌹: [2024-07-05 23:12:28.591 UTC] [Info] [Main] [Command] Humble [Fenix Flexin #Rustypot]: /r u in discord?
[DEBUG](staffLog) 04:13:27/07-06 04:12:31(-3) logged R in 🌹: [2024-07-05 23:12:34.602 UTC] [Info] [Main] [Command] certified hater | rustypot [certified hater | rustypot]: /r the pandahut discord?
[DEBUG](staffLog) 04:13:42/07-06 04:12:36(-1) logged R in 🌹: [2024-07-05 23:12:37.795 UTC] [Info] [Main] [Command] Humble [Fenix Flexin #Rustypot]: /r ye
[DEBUG](staffLog) 04:13:42/07-06 04:12:40(-2) logged R in 🌹: [2024-07-05 23:12:42.968 UTC] [Info] [Main] [Command] certified hater | rustypot [certified hater | rustypot]: /r yeah
[DEBUG](staffLog) 04:14:00/07-06 04:12:56(-2) logged R in 🌹: [2024-07-05 23:12:58.655 UTC] [Info] [Main] [Command] Humble [Fenix Flexin #Rustypot]: /r pvp2
[DEBUG](staffLog) 04:14:17/07-06 04:13:21(-3) logged MSG in 🌹: [2024-07-05 23:13:24.587 UTC] [Info] [Main] [Command] Cainã 16B SHOP QUEST ITEMS [Cainã]: /pm kyro where is your door?
[DEBUG](staffLog) 04:25:17/07-06 04:24:18(-3) logged VANISH in vanish: [2024-07-05 23:24:21.954 UTC] [Info] [Main] [Command] okbinoutube [okbinoutube]: /vanish
[DEBUG](staffLog) 04:25:17/07-06 04:24:21(-1) logged VANISH in vanish: [2024-07-05 23:24:22.125 UTC] [Info] [Main] [Command] drakos [Andre]: /vanish
[DEBUG](staffLog) 04:25:17/07-06 04:24:23(-2) logged TP in tp mentioned 1218944589994659850: [2024-07-05 23:24:25.026 UTC] [Info] [Main] Pandahut >> drakos (76561199531161985) - Teleported to certified hater | rustypot (76561199730099165 at South East of gorge (2922.776 1.084675 -146.0315) from North West of Range (385.1095 70.06445 2612.915)
[DEBUG](staffLog) 04:25:58/07-06 04:24:58(-1) logged DEBUG in debug-logs: [2024-07-05 23:24:59.555 UTC] [Info] [Main] [Command] drakos [Andre]: /bunker
[DEBUG](staffLog) 04:25:58/07-06 04:25:00(-3) logged VANISH in vanish: [2024-07-05 23:25:03.076 UTC] [Info] [Main] [Command] drakos [Andre]: /vanish
[DEBUG](staffLog) 04:26:57/07-06 04:26:00(-1) fakelogged DEBUG in 🤯: [2024-07-05 23:26:01.938 UTC] [Info] [Main] [Command] drakos [Andre]: /doortp
[DEBUG](staffLog) 04:27:08/07-06 04:26:11(-2) fakelogged DEBUG in 🤯: [2024-07-05 23:26:13.767 UTC] [Info] [Main] [Command] drakos [Andre]: /stuck
[DEBUG](staffLog) 04:27:27/07-06 04:26:25(-1) logged STATS in stats mentioned 1218944589994659850: [2024-07-05 23:26:26.645 UTC] [Info] [Main] [Command] okbinoutube [okbinoutube]: /stats 76561199730099165
[DEBUG](staffLog) 04:27:59/07-06 04:27:01(-2) fakelogged DEBUG in 🤯: [2024-07-05 23:27:03.100 UTC] [Info] [Main] [Command] drakos [Andre]: /doortp
[DEBUG](staffLog) 04:31:17/07-06 04:30:18(-1) logged DEBUG in debug-logs: [2024-07-05 23:30:19.121 UTC] [Info] [Main] [Command] drakos [Andre]: /mod
[DEBUG](staffLog) 04:31:17/07-06 04:30:18(-2) logged DEBUG in debug-logs: [2024-07-05 23:30:20.847 UTC] [Info] [Main] [Command] drakos [Andre]: /mod
[DEBUG](staffLog) 04:31:17/07-06 04:30:24(-1) logged DEBUG in debug-logs: [2024-07-05 23:30:25.969 UTC] [Info] [Main] [Command] drakos [Andre]: /teleport customs
[DEBUG](staffLog) 04:31:29/07-06 04:30:26(-1) logged VANISH in vanish: [2024-07-05 23:30:27.137 UTC] [Info] [Main] [Command] drakos [Andre]: /vanish
[DEBUG](staffLog) 04:31:47/07-06 04:30:44(-3) logged SC in _: [2024-07-05 23:30:47.287 UTC] [Info] [Main] [Command] drakos [Andre]: /sc any staff on?
[DEBUG](staffLog) 04:32:07/07-06 04:31:13(-2) logged SC in _: [2024-07-05 23:31:15.669 UTC] [Info] [Main] [Command] okbinoutube [okbinoutube]: /sc trial mod here
[DEBUG](staffLog) 04:32:18/07-06 04:31:23(-2) logged R in 🌹: [2024-07-05 23:31:25.427 UTC] [Info] [Main] [Command] Humble [Fenix Flexin #Rustypot]: /r later bro
[DEBUG](staffLog) 04:32:59/07-06 04:31:58(-1) logged MSG in 🌹: [2024-07-05 23:31:59.820 UTC] [Info] [Main] [Command] okbinoutube [okbinoutube]: /pm drakos what's the issue ?
