[INFO](retrieveLog) wrote 1.755703MB to latest.log in 1.2352094650268555
[INFO](staffParse) CAUGHT UP TO LATEST 92
[DEBUG](staffLog) 18:06:39/07-15 18:06:36(-2) fakelogged DEBUG in ðŸ¤¯: [2024-07-15 13:06:38.038 UTC] [Info] [Main] [Command] Silly Person :3 [Angel_Abov3]: /stuck
[DEBUG](staffLog) 18:07:09/07-15 18:07:03(-3) fakelogged DEBUG in ðŸ¤¯: [2024-07-15 13:07:06.249 UTC] [Info] [Main] [Command] Silly Person :3 [Angel_Abov3]: /doortp
[DEBUG](staffLog) 18:07:19/07-15 18:07:10(-3) fakelogged DEBUG in ðŸ¤¯: [2024-07-15 13:07:13.649 UTC] [Info] [Main] [Command] Silly Person :3 [Angel_Abov3]: /stuck
[DEBUG](staffLog) 18:08:19/07-15 18:08:14(-1) fakelogged DEBUG in ðŸ¤¯: [2024-07-15 13:08:15.238 UTC] [Info] [Main] [Command] call me a good boy [coil]: /vault
[DEBUG](staffLog) 18:08:19/07-15 18:08:15(-3) fakelogged DEBUG in ðŸ¤¯: [2024-07-15 13:08:18.730 UTC] [Info] [Main] [Command] call me a good boy [coil]: /vault gamma
[DEBUG](staffLog) 18:08:59/07-15 18:08:58(-1) fakelogged DEBUG in ðŸ¤¯: [2024-07-15 13:08:59.011 UTC] [Info] [Main] [Command] call me a good boy [coil]: /i "lab red"
[DEBUG](staffLog) 18:09:10/07-15 18:09:02(-3) fakelogged DEBUG in ðŸ¤¯: [2024-07-15 13:09:05.495 UTC] [Info] [Main] [Command] call me a good boy [coil]: /i "red"
[DEBUG](staffLog) 18:09:10/07-15 18:09:05(-2) fakelogged DEBUG in ðŸ¤¯: [2024-07-15 13:09:07.960 UTC] [Info] [Main] [Command] call me a good boy [coil]: /trash
[DEBUG](staffLog) 18:10:09/07-15 18:10:10(-2) fakelogged DEBUG in ðŸ¤¯: [2024-07-15 13:10:12.777 UTC] [Info] [Main] [Command] call me a good boy [coil]: /doortp
[DEBUG](staffLog) 18:10:19/07-15 18:10:15(-2) fakelogged DEBUG in ðŸ¤¯: [2024-07-15 13:10:17.498 UTC] [Info] [Main] [Command] call me a good boy [coil]: /vault stash
[DEBUG](staffLog) 18:11:09/07-15 18:11:06(-3) fakelogged DEBUG in ðŸ¤¯: [2024-07-15 13:11:09.906 UTC] [Info] [Main] [Command] call me a good boy [coil]: /vault
[DEBUG](staffLog) 18:11:19/07-15 18:11:16(-2) fakelogged DEBUG in ðŸ¤¯: [2024-07-15 13:11:18.508 UTC] [Info] [Main] [Command] call me a good boy [coil]: /vault
[DEBUG](staffLog) 18:11:59/07-15 18:12:00(-3) fakelogged DEBUG in ðŸ¤¯: [2024-07-15 13:12:03.187 UTC] [Info] [Main] [Command] Silly Person :3 [Angel_Abov3]: /doortp
[DEBUG](staffLog) 18:12:19/07-15 18:12:21(-1) fakelogged DEBUG in ðŸ¤¯: [2024-07-15 13:12:22.466 UTC] [Info] [Main] [Command] Silly Person :3 [Angel_Abov3]: /stuck
[DEBUG](staffLog) 18:12:39/07-15 18:12:33(-2) fakelogged DEBUG in ðŸ¤¯: [2024-07-15 13:12:35.771 UTC] [Info] [Main] [Command] Silly Person :3 [Angel_Abov3]: /doortp
[DEBUG](staffLog) 18:12:50/07-15 18:12:47(-3) logged CHAT in ðŸ¥¶: [2024-07-15 13:12:50.388 UTC] [Info] [Main] [Global] call me a good boy [coil]: anyone got beryls for sale
[DEBUG](staffLog) 18:13:19/07-15 18:13:15(-1) fakelogged DEBUG in ðŸ¤¯: [2024-07-15 13:13:16.171 UTC] [Info] [Main] [Command] Silly Person :3 [Angel_Abov3]: /vault
[DEBUG](staffLog) 18:13:29/07-15 18:13:24(-1) fakelogged DEBUG in ðŸ¤¯: [2024-07-15 13:13:25.158 UTC] [Info] [Main] [Command] Silly Person :3 [Angel_Abov3]: /vault
[DEBUG](staffLog) 18:13:39/07-15 18:13:38(-2) fakelogged DEBUG in ðŸ¤¯: [2024-07-15 13:13:40.635 UTC] [Info] [Main] [Command] call me a good boy [coil]: /doortp
[DEBUG](staffLog) 18:13:39/07-15 18:13:40(-2) fakelogged DEBUG in ðŸ¤¯: [2024-07-15 13:13:42.131 UTC] [Info] [Main] [Command] call me a good boy [coil]: /vault
[DEBUG](staffLog) 18:13:59/07-15 18:14:00(-2) fakelogged DEBUG in ðŸ¤¯: [2024-07-15 13:14:02.526 UTC] [Info] [Main] [Command] Silly Person :3 [Angel_Abov3]: /vault
[DEBUG](staffLog) 18:14:19/07-15 18:14:16(-1) fakelogged DEBUG in ðŸ¤¯: [2024-07-15 13:14:17.690 UTC] [Info] [Main] [Command] call me a good boy [coil]: /doortp
[DEBUG](staffLog) 18:14:39/07-15 18:14:35(-3) fakelogged DEBUG in ðŸ¤¯: [2024-07-15 13:14:38.093 UTC] [Info] [Main] [Command] Silly Person :3 [Angel_Abov3]: /vault
[DEBUG](staffLog) 18:14:39/07-15 18:14:40(-3) fakelogged DEBUG in ðŸ¤¯: [2024-07-15 13:14:43.239 UTC] [Info] [Main] [Command] Silly Person :3 [Angel_Abov3]: /stuck
[DEBUG](staffLog) 18:16:39/07-15 18:16:38(-3) fakelogged DEBUG in ðŸ¤¯: [2024-07-15 13:16:41.795 UTC] [Info] [Main] [Command] call me a good boy [coil]: /doortp
[DEBUG](staffLog) 18:17:29/07-15 18:17:22(-2) fakelogged DEBUG in ðŸ¤¯: [2024-07-15 13:17:24.315 UTC] [Info] [Main] [Command] Silly Person :3 [Angel_Abov3]: /vault
[DEBUG](staffLog) 18:17:30/07-15 18:17:27(-3) fakelogged DEBUG in ðŸ¤¯: [2024-07-15 13:17:30.553 UTC] [Info] [Main] [Command] Silly Person :3 [Angel_Abov3]: /vault
[DEBUG](staffLog) 18:17:39/07-15 18:17:36(-3) fakelogged DEBUG in ðŸ¤¯: [2024-07-15 13:17:39.718 UTC] [Info] [Main] [Command] call me a good boy [coil]: /doortp
[DEBUG](staffLog) 18:19:29/07-15 18:19:27(-1) fakelogged DEBUG in ðŸ¤¯: [2024-07-15 13:19:28.889 UTC] [Info] [Main] [Command] call me a good boy [coil]: /doortp
[DEBUG](staffLog) 18:20:29/07-15 18:20:30(-2) logged CHAT in ðŸ¥¶: [2024-07-15 13:20:32.938 UTC] [Info] [Main] [Global] Silly Person :3 [Angel_Abov3]: I'm so washed
[DEBUG](staffLog) 18:20:39/07-15 18:20:33(-2) logged CHAT in ðŸ¥¶: [2024-07-15 13:20:35.067 UTC] [Info] [Main] [Global] Silly Person :3 [Angel_Abov3]: at this game
[DEBUG](staffLog) 18:20:59/07-15 18:20:56(-2) fakelogged DEBUG in ðŸ¤¯: [2024-07-15 13:20:58.181 UTC] [Info] [Main] [Command] Silly Person :3 [Angel_Abov3]: /vault
[DEBUG](staffLog) 18:21:08/07-15 18:21:01(-2) fakelogged DEBUG in ðŸ¤¯: [2024-07-15 13:21:03.715 UTC] [Info] [Main] [Command] Silly Person :3 [Angel_Abov3]: /doortp
[DEBUG](staffLog) 18:21:08/07-15 18:21:05(-3) fakelogged DEBUG in ðŸ¤¯: [2024-07-15 13:21:08.845 UTC] [Info] [Main] [Command] Silly Person :3 [Angel_Abov3]: /doortp
[DEBUG](staffLog) 18:21:08/07-15 18:21:08(-3) fakelogged DEBUG in ðŸ¤¯: [2024-07-15 13:21:11.068 UTC] [Info] [Main] [Command] Silly Person :3 [Angel_Abov3]: /vault
[DEBUG](staffLog) 18:21:19/07-15 18:21:15(-1) fakelogged DEBUG in ðŸ¤¯: [2024-07-15 13:21:16.039 UTC] [Info] [Main] [Command] Silly Person :3 [Angel_Abov3]: /vault
[DEBUG](staffLog) 18:21:19/07-15 18:21:13(-3) fakelogged DEBUG in ðŸ¤¯: [2024-07-15 13:21:16.780 UTC] [Info] [Main] [Command] call me a good boy [coil]: /doortp
[DEBUG](staffLog) 18:21:29/07-15 18:21:27(-1) logged DEBUG in debug-logs: [2024-07-15 13:21:28.321 UTC] [Info] [Main] [Command] call me a good boy [coil]: /clearg 10
[DEBUG](staffLog) 18:21:39/07-15 18:21:36(-3) fakelogged DEBUG in ðŸ¤¯: [2024-07-15 13:21:39.694 UTC] [Info] [Main] [Command] call me a good boy [coil]: /i "labs red"
[DEBUG](staffLog) 18:21:48/07-15 18:21:41(-3) fakelogged DEBUG in ðŸ¤¯: [2024-07-15 13:21:44.668 UTC] [Info] [Main] [Command] call me a good boy [coil]: /i "labs blue"
[DEBUG](staffLog) 18:21:48/07-15 18:21:48(-2) fakelogged DEBUG in ðŸ¤¯: [2024-07-15 13:21:50.213 UTC] [Info] [Main] [Command] call me a good boy [coil]: /i "labs violet"
[DEBUG](staffLog) 18:21:59/07-15 18:21:52(-3) fakelogged DEBUG in ðŸ¤¯: [2024-07-15 13:21:55.413 UTC] [Info] [Main] [Command] call me a good boy [coil]: /i "labs black"
[DEBUG](staffLog) 18:21:59/07-15 18:21:57(-1) fakelogged DEBUG in ðŸ¤¯: [2024-07-15 13:21:58.341 UTC] [Info] [Main] [Command] call me a good boy [coil]: /vault kappa
[DEBUG](staffLog) 18:22:10/07-15 18:22:12(-1) fakelogged DEBUG in ðŸ¤¯: [2024-07-15 13:22:13.526 UTC] [Info] [Main] [Command] call me a good boy [coil]: /vault
[DEBUG](staffLog) 18:22:19/07-15 18:22:14(-1) fakelogged DEBUG in ðŸ¤¯: [2024-07-15 13:22:15.451 UTC] [Info] [Main] [Command] Silly Person :3 [Angel_Abov3]: /stuck
[DEBUG](staffLog) 18:22:29/07-15 18:22:29(-1) fakelogged DEBUG in ðŸ¤¯: [2024-07-15 13:22:30.521 UTC] [Info] [Main] [Command] call me a good boy [coil]: /vault
[DEBUG](staffLog) 18:23:19/07-15 18:23:18(-2) fakelogged DEBUG in ðŸ¤¯: [2024-07-15 13:23:20.855 UTC] [Info] [Main] [Command] Silly Person :3 [Angel_Abov3]: /vault
[DEBUG](staffLog) 18:24:59/07-15 18:24:57(-2) fakelogged DEBUG in ðŸ¤¯: [2024-07-15 13:24:59.302 UTC] [Info] [Main] [Command] Silly Person :3 [Angel_Abov3]: /doortp
[DEBUG](staffLog) 18:25:29/07-15 18:25:22(-3) logged DEBUG in debug-logs: [2024-07-15 13:25:25.120 UTC] [Info] [Main] [Command] Silly Person :3 [Angel_Abov3]: /sellto 76561198844615074 13006
[DEBUG](staffLog) 18:26:00/07-15 18:25:56(-2) logged DEBUG in debug-logs: [2024-07-15 13:25:58.879 UTC] [Info] [Main] [Command] Silly Person :3 [Angel_Abov3]: /sellto 76561198844615074 13006
[DEBUG](staffLog) 18:26:18/07-15 18:26:20(-1) fakelogged DEBUG in ðŸ¤¯: [2024-07-15 13:26:21.342 UTC] [Info] [Main] [Command] call me a good boy [coil]: /vault
[DEBUG](staffLog) 18:26:39/07-15 18:26:32(-2) fakelogged DEBUG in ðŸ¤¯: [2024-07-15 13:26:34.987 UTC] [Info] [Main] [Command] Silly Person :3 [Angel_Abov3]: /stuck
[DEBUG](staffLog) 18:26:49/07-15 18:26:44(-2) fakelogged DEBUG in ðŸ¤¯: [2024-07-15 13:26:46.266 UTC] [Info] [Main] [Command] Silly Person :3 [Angel_Abov3]: /vault
[DEBUG](staffLog) 18:27:39/07-15 18:27:35(-2) fakelogged DEBUG in ðŸ¤¯: [2024-07-15 13:27:37.213 UTC] [Info] [Main] [Command] Silly Person :3 [Angel_Abov3]: /doortp
[DEBUG](staffLog) 18:28:09/07-15 18:28:09(-3) fakelogged DEBUG in ðŸ¤¯: [2024-07-15 13:28:12.685 UTC] [Info] [Main] [Command] call me a good boy [coil]: /vault
[DEBUG](staffLog) 18:28:40/07-15 18:28:34(-2) fakelogged DEBUG in ðŸ¤¯: [2024-07-15 13:28:36.495 UTC] [Info] [Main] [Command] call me a good boy [coil]: /vault
[DEBUG](staffLog) 18:29:39/07-15 18:29:33(-3) fakelogged DEBUG in ðŸ¤¯: [2024-07-15 13:29:36.470 UTC] [Info] [Main] [Command] Silly Person :3 [Angel_Abov3]: /doortp
[DEBUG](staffLog) 18:29:39/07-15 18:29:38(-2) logged DEBUG in debug-logs: [2024-07-15 13:29:40.074 UTC] [Info] [Main] [Command] Silly Person :3 [Angel_Abov3]: /vaul;t
[DEBUG](staffLog) 18:29:49/07-15 18:29:44(-1) fakelogged DEBUG in ðŸ¤¯: [2024-07-15 13:29:45.159 UTC] [Info] [Main] [Command] Silly Person :3 [Angel_Abov3]: /vault
[DEBUG](staffLog) 18:29:59/07-15 18:29:51(-2) fakelogged DEBUG in ðŸ¤¯: [2024-07-15 13:29:53.829 UTC] [Info] [Main] [Command] Silly Person :3 [Angel_Abov3]: /stuck
[DEBUG](staffLog) 18:30:29/07-15 18:30:25(-3) fakelogged DEBUG in ðŸ¤¯: [2024-07-15 13:30:28.950 UTC] [Info] [Main] [Command] Silly Person :3 [Angel_Abov3]: /vault
[DEBUG](staffLog) 18:30:39/07-15 18:30:40(-2) fakelogged DEBUG in ðŸ¤¯: [2024-07-15 13:30:42.152 UTC] [Info] [Main] [Command] call me a good boy [coil]: /mc
[DEBUG](staffLog) 18:30:50/07-15 18:30:48(-2) fakelogged DEBUG in ðŸ¤¯: [2024-07-15 13:30:50.137 UTC] [Info] [Main] [Command] call me a good boy [coil]: /doortp
[DEBUG](staffLog) 18:30:59/07-15 18:30:55(-2) fakelogged DEBUG in ðŸ¤¯: [2024-07-15 13:30:57.538 UTC] [Info] [Main] [Command] Silly Person :3 [Angel_Abov3]: /buyfrom 76561198835684363 46205
[DEBUG](staffLog) 18:30:59/07-15 18:31:01(-1) fakelogged DEBUG in ðŸ¤¯: [2024-07-15 13:31:02.774 UTC] [Info] [Main] [Command] Silly Person :3 [Angel_Abov3]: /buyfrom 76561198835684363 46208
[DEBUG](staffLog) 18:31:09/07-15 18:31:05(-3) fakelogged DEBUG in ðŸ¤¯: [2024-07-15 13:31:08.353 UTC] [Info] [Main] [Command] Silly Person :3 [Angel_Abov3]: /buyfrom 76561198835684363 46206
[DEBUG](staffLog) 18:31:09/07-15 18:31:09(-2) fakelogged DEBUG in ðŸ¤¯: [2024-07-15 13:31:11.316 UTC] [Info] [Main] [Command] Silly Person :3 [Angel_Abov3]: /buyfrom 76561198835684363 46207
[DEBUG](staffLog) 18:31:19/07-15 18:31:12(-1) fakelogged DEBUG in ðŸ¤¯: [2024-07-15 13:31:13.932 UTC] [Info] [Main] [Command] Silly Person :3 [Angel_Abov3]: /buyfrom 76561198835684363 46207
[DEBUG](staffLog) 18:31:29/07-15 18:31:28(-3) fakelogged DEBUG in ðŸ¤¯: [2024-07-15 13:31:31.889 UTC] [Info] [Main] [Command] call me a good boy [coil]: /vault stash
[DEBUG](staffLog) 18:31:39/07-15 18:31:38(-3) fakelogged DEBUG in ðŸ¤¯: [2024-07-15 13:31:41.986 UTC] [Info] [Main] [Command] call me a good boy [coil]: /vault
[DEBUG](staffLog) 18:31:49/07-15 18:31:44(-1) fakelogged DEBUG in ðŸ¤¯: [2024-07-15 13:31:45.374 UTC] [Info] [Main] [Command] Silly Person :3 [Angel_Abov3]: /buyfrom 76561198371352951 46207
[DEBUG](staffLog) 18:31:49/07-15 18:31:44(-3) fakelogged DEBUG in ðŸ¤¯: [2024-07-15 13:31:47.577 UTC] [Info] [Main] [Command] call me a good boy [coil]: /vault stash
[DEBUG](staffLog) 18:31:49/07-15 18:31:47(-1) fakelogged DEBUG in ðŸ¤¯: [2024-07-15 13:31:48.678 UTC] [Info] [Main] [Command] Silly Person :3 [Angel_Abov3]: /buyfrom 76561199206292872 46206
[DEBUG](staffLog) 18:31:49/07-15 18:31:48(-2) fakelogged DEBUG in ðŸ¤¯: [2024-07-15 13:31:50.307 UTC] [Info] [Main] [Command] Silly Person :3 [Angel_Abov3]: /buyfrom 76561199206292872 46206
[DEBUG](staffLog) 18:31:49/07-15 18:31:51(-2) fakelogged DEBUG in ðŸ¤¯: [2024-07-15 13:31:53.563 UTC] [Info] [Main] [Command] Silly Person :3 [Angel_Abov3]: /buyfrom 76561198371352951 46208
[DEBUG](staffLog) 18:31:59/07-15 18:31:54(-1) fakelogged DEBUG in ðŸ¤¯: [2024-07-15 13:31:55.276 UTC] [Info] [Main] [Command] Silly Person :3 [Angel_Abov3]: /buyfrom 76561198371352951 46208
[DEBUG](staffLog) 18:31:59/07-15 18:31:58(-3) fakelogged DEBUG in ðŸ¤¯: [2024-07-15 13:32:01.476 UTC] [Info] [Main] [Command] Silly Person :3 [Angel_Abov3]: /doortp
[DEBUG](staffLog) 18:32:09/07-15 18:32:06(-1) fakelogged DEBUG in ðŸ¤¯: [2024-07-15 13:32:07.100 UTC] [Info] [Main] [Command] call me a good boy [coil]: /mc
[DEBUG](staffLog) 18:32:09/07-15 18:32:07(-2) fakelogged DEBUG in ðŸ¤¯: [2024-07-15 13:32:09.620 UTC] [Info] [Main] [Command] Silly Person :3 [Angel_Abov3]: /vault
[DEBUG](staffLog) 18:32:18/07-15 18:32:22(-1) fakelogged DEBUG in ðŸ¤¯: [2024-07-15 13:32:23.266 UTC] [Info] [Main] [Command] call me a good boy [coil]: /mc
[DEBUG](staffLog) 18:32:29/07-15 18:32:29(-2) fakelogged DEBUG in ðŸ¤¯: [2024-07-15 13:32:31.641 UTC] [Info] [Main] [Command] call me a good boy [coil]: /mc
[DEBUG](staffLog) 18:32:39/07-15 18:32:33(-1) fakelogged DEBUG in ðŸ¤¯: [2024-07-15 13:32:34.821 UTC] [Info] [Main] [Command] Silly Person :3 [Angel_Abov3]: /stuck
[DEBUG](staffLog) 18:32:39/07-15 18:32:41(-2) fakelogged DEBUG in ðŸ¤¯: [2024-07-15 13:32:43.535 UTC] [Info] [Main] [Command] call me a good boy [coil]: /mc
[DEBUG](staffLog) 18:32:49/07-15 18:32:50(-1) fakelogged DEBUG in ðŸ¤¯: [2024-07-15 13:32:51.661 UTC] [Info] [Main] [Command] call me a good boy [coil]: /mc
[DEBUG](staffLog) 18:33:01/07-15 18:32:54(-1) fakelogged DEBUG in ðŸ¤¯: [2024-07-15 13:32:55.591 UTC] [Info] [Main] [Command] call me a good boy [coil]: /mc
[DEBUG](staffLog) 18:33:01/07-15 18:32:56(-2) fakelogged DEBUG in ðŸ¤¯: [2024-07-15 13:32:58.680 UTC] [Info] [Main] [Command] Silly Person :3 [Angel_Abov3]: /vault kappa
[DEBUG](staffLog) 18:33:39/07-15 18:33:35(-3) fakelogged DEBUG in ðŸ¤¯: [2024-07-15 13:33:38.501 UTC] [Info] [Main] [Command] call me a good boy [coil]: /vault
[DEBUG](staffLog) 18:34:29/07-15 18:34:28(-2) fakelogged DEBUG in ðŸ¤¯: [2024-07-15 13:34:30.897 UTC] [Info] [Main] [Command] Silly Person :3 [Angel_Abov3]: /vault
[DEBUG](staffLog) 18:35:59/07-15 18:35:53(-2) fakelogged DEBUG in ðŸ¤¯: [2024-07-15 13:35:55.741 UTC] [Info] [Main] [Command] Silly Person :3 [Angel_Abov3]: /vault
[DEBUG](staffLog) 18:36:09/07-15 18:36:08(-3) fakelogged DEBUG in ðŸ¤¯: [2024-07-15 13:36:11.456 UTC] [Info] [Main] [Command] Silly Person :3 [Angel_Abov3]: /mc
[DEBUG](staffLog) 18:37:10/07-15 18:37:03(-1) fakelogged DEBUG in ðŸ¤¯: [2024-07-15 13:37:04.788 UTC] [Info] [Main] [Command] call me a good boy [coil]: /vault
[DEBUG](staffLog) 18:37:29/07-15 18:37:28(-1) fakelogged DEBUG in ðŸ¤¯: [2024-07-15 13:37:29.635 UTC] [Info] [Main] [Command] call me a good boy [coil]: /vault
[DEBUG](staffLog) 18:38:19/07-15 18:38:21(-1) fakelogged DEBUG in ðŸ¤¯: [2024-07-15 13:38:22.328 UTC] [Info] [Main] [Command] Silly Person :3 [Angel_Abov3]: /vault
[DEBUG](staffLog) 18:38:29/07-15 18:38:28(-1) logged SC in _: [2024-07-15 13:38:29.731 UTC] [Info] [Main] [Command] call me a good boy [coil]: /sc angel
[DEBUG](staffLog) 18:38:39/07-15 18:38:32(-1) logged SC in _: [2024-07-15 13:38:33.641 UTC] [Info] [Main] [Command] call me a good boy [coil]: /sc where tank in woods
[DEBUG](staffLog) 18:38:39/07-15 18:38:31(-3) logged SC in _: [2024-07-15 13:38:34.612 UTC] [Info] [Main] [Command] Silly Person :3 [Angel_Abov3]: /sc halo
[DEBUG](staffLog) 18:38:39/07-15 18:38:36(-2) logged SC in _: [2024-07-15 13:38:38.921 UTC] [Info] [Main] [Command] Silly Person :3 [Angel_Abov3]: /sc wdym
[DEBUG](staffLog) 18:38:49/07-15 18:38:42(-1) logged SC in _: [2024-07-15 13:38:43.860 UTC] [Info] [Main] [Command] call me a good boy [coil]: /sc destroyed tank
[DEBUG](staffLog) 18:38:49/07-15 18:38:46(-1) logged SC in _: [2024-07-15 13:38:47.898 UTC] [Info] [Main] [Command] call me a good boy [coil]: /sc jaeger 4 pt 1
[DEBUG](staffLog) 18:38:49/07-15 18:38:47(-3) logged SC in _: [2024-07-15 13:38:50.566 UTC] [Info] [Main] [Command] Silly Person :3 [Angel_Abov3]: /sc down by dam
[DEBUG](staffLog) 18:38:59/07-15 18:38:54(-2) logged SC in _: [2024-07-15 13:38:56.261 UTC] [Info] [Main] [Command] call me a good boy [coil]: /sc shid
[DEBUG](staffLog) 18:38:59/07-15 18:38:57(-1) logged SC in _: [2024-07-15 13:38:58.342 UTC] [Info] [Main] [Command] call me a good boy [coil]: /sc ok thank
[DEBUG](staffLog) 18:39:49/07-15 18:39:49(-2) logged SC in _: [2024-07-15 13:39:51.940 UTC] [Info] [Main] [Command] call me a good boy [coil]: /sc erm
[DEBUG](staffLog) 18:40:29/07-15 18:40:22(-2) logged SC in _: [2024-07-15 13:40:24.630 UTC] [Info] [Main] [Command] Silly Person :3 [Angel_Abov3]: /sc if you looking you went past it
[DEBUG](staffLog) 18:40:39/07-15 18:40:32(-2) logged SC in _: [2024-07-15 13:40:34.978 UTC] [Info] [Main] [Command] call me a good boy [coil]: /sc men
[DEBUG](staffLog) 18:40:39/07-15 18:40:33(-3) logged SC in _: [2024-07-15 13:40:36.313 UTC] [Info] [Main] [Command] call me a good boy [coil]: /sc wtf
[DEBUG](staffLog) 18:40:59/07-15 18:41:00(-1) logged DEBUG in debug-logs: [2024-07-15 13:41:01.755 UTC] [Info] [Main] [Command] call me a good boy [coil]: /kill
[DEBUG](staffLog) 18:41:09/07-15 18:41:01(-3) logged DEBUG in debug-logs: [2024-07-15 13:41:04.319 UTC] [Info] [Main] [Command] call me a good boy [coil]: /kill coil
[DEBUG](staffLog) 18:41:09/07-15 18:41:08(-3) fakelogged DEBUG in ðŸ¤¯: [2024-07-15 13:41:11.268 UTC] [Info] [Main] [Command] call me a good boy [coil]: /doortp
[DEBUG](staffLog) 18:41:19/07-15 18:41:20(-3) fakelogged DEBUG in ðŸ¤¯: [2024-07-15 13:41:23.098 UTC] [Info] [Main] [Command] call me a good boy [coil]: /vault gamma
[DEBUG](staffLog) 18:41:49/07-15 18:41:44(-3) fakelogged DEBUG in ðŸ¤¯: [2024-07-15 13:41:47.015 UTC] [Info] [Main] [Command] Silly Person :3 [Angel_Abov3]: /vault
[DEBUG](staffLog) 18:41:59/07-15 18:41:53(-2) fakelogged DEBUG in ðŸ¤¯: [2024-07-15 13:41:55.407 UTC] [Info] [Main] [Command] Silly Person :3 [Angel_Abov3]: /doortp
[DEBUG](staffLog) 18:42:09/07-15 18:42:04(-2) fakelogged DEBUG in ðŸ¤¯: [2024-07-15 13:42:06.501 UTC] [Info] [Main] [Command] Silly Person :3 [Angel_Abov3]: /vault
[DEBUG](staffLog) 18:43:09/07-15 18:43:09(-1) fakelogged DEBUG in ðŸ¤¯: [2024-07-15 13:43:10.135 UTC] [Info] [Main] [Command] call me a good boy [coil]: /doortp
[DEBUG](staffLog) 18:43:09/07-15 18:43:08(-2) fakelogged DEBUG in ðŸ¤¯: [2024-07-15 13:43:10.612 UTC] [Info] [Main] [Command] Silly Person :3 [Angel_Abov3]: /vault kappa
[DEBUG](staffLog) 18:43:19/07-15 18:43:15(-1) fakelogged DEBUG in ðŸ¤¯: [2024-07-15 13:43:16.941 UTC] [Info] [Main] [Command] Silly Person :3 [Angel_Abov3]: /vault
[DEBUG](staffLog) 18:43:49/07-15 18:43:46(-2) fakelogged DEBUG in ðŸ¤¯: [2024-07-15 13:43:48.901 UTC] [Info] [Main] [Command] Silly Person :3 [Angel_Abov3]: /stuck
[DEBUG](staffLog) 18:43:59/07-15 18:43:59(-3) fakelogged DEBUG in ðŸ¤¯: [2024-07-15 13:44:02.416 UTC] [Info] [Main] [Command] call me a good boy [coil]: /vault
[DEBUG](staffLog) 18:44:09/07-15 18:44:04(-3) fakelogged DEBUG in ðŸ¤¯: [2024-07-15 13:44:07.239 UTC] [Info] [Main] [Command] Silly Person :3 [Angel_Abov3]: /doortp
[DEBUG](staffLog) 18:44:19/07-15 18:44:13(-1) fakelogged DEBUG in ðŸ¤¯: [2024-07-15 13:44:14.427 UTC] [Info] [Main] [Command] Silly Person :3 [Angel_Abov3]: /stuck
[DEBUG](staffLog) 18:44:20/07-15 18:44:18(-2) fakelogged DEBUG in ðŸ¤¯: [2024-07-15 13:44:20.097 UTC] [Info] [Main] [Command] Silly Person :3 [Angel_Abov3]: /vault
[DEBUG](staffLog) 18:44:39/07-15 18:44:36(-1) fakelogged DEBUG in ðŸ¤¯: [2024-07-15 13:44:37.940 UTC] [Info] [Main] [Command] Silly Person :3 [Angel_Abov3]: /vault
[DEBUG](staffLog) 18:45:09/07-15 18:45:09(-1) fakelogged DEBUG in ðŸ¤¯: [2024-07-15 13:45:10.278 UTC] [Info] [Main] [Command] Silly Person :3 [Angel_Abov3]: /doortp
[DEBUG](staffLog) 18:45:19/07-15 18:45:18(-2) fakelogged DEBUG in ðŸ¤¯: [2024-07-15 13:45:20.473 UTC] [Info] [Main] [Command] Silly Person :3 [Angel_Abov3]: /stuck
[DEBUG](staffLog) 18:45:39/07-15 18:45:39(-1) fakelogged DEBUG in ðŸ¤¯: [2024-07-15 13:45:40.139 UTC] [Info] [Main] [Command] call me a good boy [coil]: /vault kappa
[DEBUG](staffLog) 18:45:48/07-15 18:45:43(-1) fakelogged DEBUG in ðŸ¤¯: [2024-07-15 13:45:44.273 UTC] [Info] [Main] [Command] call me a good boy [coil]: /vault gamma
[DEBUG](staffLog) 18:47:29/07-15 18:47:21(-3) fakelogged DEBUG in ðŸ¤¯: [2024-07-15 13:47:24.668 UTC] [Info] [Main] [Command] call me a good boy [coil]: /vault
[DEBUG](staffLog) 18:47:29/07-15 18:47:26(-3) fakelogged DEBUG in ðŸ¤¯: [2024-07-15 13:47:29.217 UTC] [Info] [Main] [Command] call me a good boy [coil]: /vault
[DEBUG](staffLog) 18:50:41/07-15 18:50:36(-2) logged SC in _: [2024-07-15 13:50:38.029 UTC] [Info] [Main] [Command] call me a good boy [coil]: /sc are grizzlies supposed to drop at 2/6 dura?
[DEBUG](staffLog) 18:50:42/07-15 18:50:39(-3) logged SC in _: [2024-07-15 13:50:42.059 UTC] [Info] [Main] [Command] call me a good boy [coil]: /sc like from crates
[DEBUG](staffLog) 18:50:49/07-15 18:50:44(-2) logged SC in _: [2024-07-15 13:50:46.011 UTC] [Info] [Main] [Command] Silly Person :3 [Angel_Abov3]: /sc yes
[DEBUG](staffLog) 18:50:59/07-15 18:50:53(-1) logged SC in _ mentioned None: [2024-07-15 13:50:54.040 UTC] [Info] [Main] [Command] Silly Person :3 [Angel_Abov3]: /sc I added more shit to the med ssapwns
[DEBUG](staffLog) 18:50:59/07-15 18:50:59(-1) logged SC in _: [2024-07-15 13:51:00.110 UTC] [Info] [Main] [Command] call me a good boy [coil]: /sc ohkk
[DEBUG](staffLog) 18:51:09/07-15 18:51:02(-1) logged SC in _: [2024-07-15 13:51:03.931 UTC] [Info] [Main] [Command] Silly Person :3 [Angel_Abov3]: /sc including the uses versions
[DEBUG](staffLog) 18:51:09/07-15 18:51:08(-3) logged SC in _: [2024-07-15 13:51:11.633 UTC] [Info] [Main] [Command] call me a good boy [coil]: /sc very epic
[DEBUG](staffLog) 18:51:19/07-15 18:51:22(-1) logged SC in _: [2024-07-15 13:51:23.559 UTC] [Info] [Main] [Command] Silly Person :3 [Angel_Abov3]: /sc it's been like 7 items
[DEBUG](staffLog) 18:51:29/07-15 18:51:29(-3) logged SC in _: [2024-07-15 13:51:32.118 UTC] [Info] [Main] [Command] Silly Person :3 [Angel_Abov3]: /sc now it's like 26 or smth
[DEBUG](staffLog) 18:51:41/07-15 18:51:35(-2) logged SC in _: [2024-07-15 13:51:37.172 UTC] [Info] [Main] [Command] call me a good boy [coil]: /sc ya i saw the inhaler it was prety cool
[DEBUG](staffLog) 18:53:09/07-15 18:53:02(-3) logged SC in _: [2024-07-15 13:53:05.613 UTC] [Info] [Main] [Command] Silly Person :3 [Angel_Abov3]: /sc imma try get krezen to revamp the splint and the stirv12
[DEBUG](staffLog) 18:53:19/07-15 18:53:13(-1) fakelogged DEBUG in ðŸ¤¯: [2024-07-15 13:53:14.368 UTC] [Info] [Main] [Command] Silly Person :3 [Angel_Abov3]: /doortp
[DEBUG](staffLog) 18:53:19/07-15 18:53:15(-2) fakelogged DEBUG in ðŸ¤¯: [2024-07-15 13:53:17.877 UTC] [Info] [Main] [Command] Silly Person :3 [Angel_Abov3]: /vault
[DEBUG](staffLog) 18:53:29/07-15 18:53:25(-2) fakelogged DEBUG in ðŸ¤¯: [2024-07-15 13:53:27.508 UTC] [Info] [Main] [Command] Silly Person :3 [Angel_Abov3]: /vault
[DEBUG](staffLog) 18:54:19/07-15 18:54:19(-3) fakelogged DEBUG in ðŸ¤¯: [2024-07-15 13:54:22.016 UTC] [Info] [Main] [Command] Silly Person :3 [Angel_Abov3]: /stuck
[DEBUG](staffLog) 18:54:39/07-15 18:54:37(-3) fakelogged DEBUG in ðŸ¤¯: [2024-07-15 13:54:40.490 UTC] [Info] [Main] [Command] Silly Person :3 [Angel_Abov3]: /doortp
[DEBUG](staffLog) 18:54:49/07-15 18:54:44(-3) fakelogged DEBUG in ðŸ¤¯: [2024-07-15 13:54:47.878 UTC] [Info] [Main] [Command] call me a good boy [coil]: /doortp
[DEBUG](staffLog) 18:54:49/07-15 18:54:48(-1) fakelogged DEBUG in ðŸ¤¯: [2024-07-15 13:54:49.325 UTC] [Info] [Main] [Command] call me a good boy [coil]: /vault
[DEBUG](staffLog) 18:54:49/07-15 18:54:51(-2) fakelogged DEBUG in ðŸ¤¯: [2024-07-15 13:54:53.419 UTC] [Info] [Main] [Command] Silly Person :3 [Angel_Abov3]: /vault
[DEBUG](staffLog) 18:55:19/07-15 18:55:12(-3) fakelogged DEBUG in ðŸ¤¯: [2024-07-15 13:55:15.906 UTC] [Info] [Main] [Command] call me a good boy [coil]: /vault stash
[DEBUG](staffLog) 18:55:49/07-15 18:55:48(-1) fakelogged DEBUG in ðŸ¤¯: [2024-07-15 13:55:49.892 UTC] [Info] [Main] [Command] Silly Person :3 [Angel_Abov3]: /vault
[DEBUG](staffLog) 18:56:09/07-15 18:56:03(-3) fakelogged DEBUG in ðŸ¤¯: [2024-07-15 13:56:06.832 UTC] [Info] [Main] [Command] Silly Person :3 [Angel_Abov3]: /stuck
[DEBUG](staffLog) 18:56:39/07-15 18:56:34(-2) fakelogged DEBUG in ðŸ¤¯: [2024-07-15 13:56:36.810 UTC] [Info] [Main] [Command] Silly Person :3 [Angel_Abov3]: /vault
[DEBUG](staffLog) 18:57:39/07-15 18:57:35(-2) fakelogged DEBUG in ðŸ¤¯: [2024-07-15 13:57:37.205 UTC] [Info] [Main] [Command] Silly Person :3 [Angel_Abov3]: /stuck
[DEBUG](staffLog) 18:57:39/07-15 18:57:37(-3) fakelogged DEBUG in ðŸ¤¯: [2024-07-15 13:57:40.282 UTC] [Info] [Main] [Command] call me a good boy [coil]: /vault kappa
[DEBUG](staffLog) 18:57:39/07-15 18:57:39(-3) fakelogged DEBUG in ðŸ¤¯: [2024-07-15 13:57:42.631 UTC] [Info] [Main] [Command] call me a good boy [coil]: /vault gamma
[DEBUG](staffLog) 18:57:49/07-15 18:57:50(-1) fakelogged DEBUG in ðŸ¤¯: [2024-07-15 13:57:51.121 UTC] [Info] [Main] [Command] Silly Person :3 [Angel_Abov3]: /doortp
[DEBUG](staffLog) 18:57:59/07-15 18:57:55(-1) fakelogged DEBUG in ðŸ¤¯: [2024-07-15 13:57:56.436 UTC] [Info] [Main] [Command] Silly Person :3 [Angel_Abov3]: /vault
[DEBUG](staffLog) 18:58:29/07-15 18:58:28(-1) fakelogged DEBUG in ðŸ¤¯: [2024-07-15 13:58:29.961 UTC] [Info] [Main] [Command] Silly Person :3 [Angel_Abov3]: /stuck
[DEBUG](staffLog) 18:58:29/07-15 18:58:30(-1) fakelogged DEBUG in ðŸ¤¯: [2024-07-15 13:58:31.456 UTC] [Info] [Main] [Command] call me a good boy [coil]: /vault
[DEBUG](staffLog) 18:58:39/07-15 18:58:33(-1) fakelogged DEBUG in ðŸ¤¯: [2024-07-15 13:58:34.914 UTC] [Info] [Main] [Command] call me a good boy [coil]: /vault
[DEBUG](staffLog) 18:59:19/07-15 18:59:19(-1) fakelogged DEBUG in ðŸ¤¯: [2024-07-15 13:59:20.058 UTC] [Info] [Main] [Command] call me a good boy [coil]: /doortp
[DEBUG](staffLog) 18:59:19/07-15 18:59:18(-3) fakelogged DEBUG in ðŸ¤¯: [2024-07-15 13:59:21.420 UTC] [Info] [Main] [Command] call me a good boy [coil]: /vault
[DEBUG](staffLog) 18:59:39/07-15 18:59:32(-3) fakelogged DEBUG in ðŸ¤¯: [2024-07-15 13:59:35.832 UTC] [Info] [Main] [Command] call me a good boy [coil]: /vault stash
[DEBUG](staffLog) 18:59:49/07-15 18:59:46(-2) fakelogged DEBUG in ðŸ¤¯: [2024-07-15 13:59:48.740 UTC] [Info] [Main] [Command] call me a good boy [coil]: /vault kappa
[DEBUG](staffLog) 18:59:49/07-15 18:59:50(-2) fakelogged DEBUG in ðŸ¤¯: [2024-07-15 13:59:52.353 UTC] [Info] [Main] [Command] call me a good boy [coil]: /vault gamma
[DEBUG](staffLog) 18:59:59/07-15 18:59:55(-2) fakelogged DEBUG in ðŸ¤¯: [2024-07-15 13:59:57.927 UTC] [Info] [Main] [Command] call me a good boy [coil]: /vault gamma
[DEBUG](staffLog) 19:01:59/07-15 19:02:00(-1) logged CHAT in ðŸ¥¶: [2024-07-15 14:02:01.140 UTC] [Info] [Main] [Global] call me a good boy [coil]: LOL?
[DEBUG](staffLog) 19:02:09/07-15 19:02:01(-3) logged CHAT in ðŸ¥¶: [2024-07-15 14:02:04.799 UTC] [Info] [Main] [Global] call me a good boy [coil]: what ir ur ping bro
[DEBUG](staffLog) 19:02:09/07-15 19:02:11(-2) fakelogged DEBUG in ðŸ¤¯: [2024-07-15 14:02:13.388 UTC] [Info] [Main] [Command] call me a good boy [coil]: /doortp
[DEBUG](staffLog) 19:02:29/07-15 19:02:23(-3) fakelogged DEBUG in ðŸ¤¯: [2024-07-15 14:02:26.389 UTC] [Info] [Main] [Command] call me a good boy [coil]: /mc
[DEBUG](staffLog) 19:02:29/07-15 19:02:28(-1) fakelogged DEBUG in ðŸ¤¯: [2024-07-15 14:02:29.133 UTC] [Info] [Main] [Command] call me a good boy [coil]: /vault
[DEBUG](staffLog) 19:02:39/07-15 19:02:36(-2) fakelogged DEBUG in ðŸ¤¯: [2024-07-15 14:02:38.660 UTC] [Info] [Main] [Command] call me a good boy [coil]: /mc
[DEBUG](staffLog) 19:02:49/07-15 19:02:42(-2) fakelogged DEBUG in ðŸ¤¯: [2024-07-15 14:02:44.039 UTC] [Info] [Main] [Command] call me a good boy [coil]: /mc
[DEBUG](staffLog) 19:03:00/07-15 19:02:54(-1) fakelogged DEBUG in ðŸ¤¯: [2024-07-15 14:02:55.148 UTC] [Info] [Main] [Command] call me a good boy [coil]: /mc
[DEBUG](staffLog) 19:03:00/07-15 19:02:56(-3) fakelogged DEBUG in ðŸ¤¯: [2024-07-15 14:02:59.670 UTC] [Info] [Main] [Command] call me a good boy [coil]: /mc
[DEBUG](staffLog) 19:03:49/07-15 19:03:43(-3) fakelogged DEBUG in ðŸ¤¯: [2024-07-15 14:03:46.611 UTC] [Info] [Main] [Command] Silly Person :3 [Angel_Abov3]: /vault
[DEBUG](staffLog) 19:04:19/07-15 19:04:13(-3) logged CHAT in ðŸ¥¶: [2024-07-15 14:04:16.827 UTC] [Info] [Main] [Group] Silly Person :3 [Angel_Abov3]: guhhhhhhhhhhhhhhhhhh
[DEBUG](staffLog) 19:04:19/07-15 19:04:21(-1) logged CHAT in ðŸ¥¶: [2024-07-15 14:04:22.038 UTC] [Info] [Main] [Global] Silly Person :3 [Angel_Abov3]: guhhhhhhhhhhhhhhhhhhhhhh
[DEBUG](staffLog) 19:04:29/07-15 19:04:22(-3) fakelogged DEBUG in ðŸ¤¯: [2024-07-15 14:04:25.134 UTC] [Info] [Main] [Command] Silly Person :3 [Angel_Abov3]: /doortp
[DEBUG](staffLog) 19:04:49/07-15 19:04:42(-3) fakelogged DEBUG in ðŸ¤¯: [2024-07-15 14:04:45.398 UTC] [Info] [Main] [Command] Silly Person :3 [Angel_Abov3]: /stuck
[DEBUG](staffLog) 19:04:59/07-15 19:04:55(-2) logged SC in _: [2024-07-15 14:04:57.420 UTC] [Info] [Main] [Command] Silly Person :3 [Angel_Abov3]: /sc mosin is the most annoying thing in this game
[DEBUG](staffLog) 19:05:09/07-15 19:05:10(-2) logged SC in _: [2024-07-15 14:05:12.710 UTC] [Info] [Main] [Command] call me a good boy [coil]: /sc yea lmfao
[DEBUG](staffLog) 19:05:39/07-15 19:05:38(-3) fakelogged DEBUG in ðŸ¤¯: [2024-07-15 14:05:41.305 UTC] [Info] [Main] [Command] call me a good boy [coil]: /vault
[DEBUG](staffLog) 19:05:39/07-15 19:05:41(-2) fakelogged DEBUG in ðŸ¤¯: [2024-07-15 14:05:43.478 UTC] [Info] [Main] [Command] call me a good boy [coil]: /vault
[DEBUG](staffLog) 19:05:59/07-15 19:05:53(-1) logged SC in _: [2024-07-15 14:05:54.200 UTC] [Info] [Main] [Command] Silly Person :3 [Angel_Abov3]: /sc this guy in in full gillie
[DEBUG](staffLog) 19:05:59/07-15 19:05:57(-1) logged SC in _: [2024-07-15 14:05:58.862 UTC] [Info] [Main] [Command] Silly Person :3 [Angel_Abov3]: /sc camping is bushes
[DEBUG](staffLog) 19:05:59/07-15 19:06:01(-1) logged SC in _: [2024-07-15 14:06:02.350 UTC] [Info] [Main] [Command] Silly Person :3 [Angel_Abov3]: /sc with a mosin
[DEBUG](staffLog) 19:06:00/07-15 19:06:02(-1) logged SC in _: [2024-07-15 14:06:03.436 UTC] [Info] [Main] [Command] call me a good boy [coil]: /sc LOL
[DEBUG](staffLog) 19:06:09/07-15 19:06:04(-2) logged SC in _: [2024-07-15 14:06:06.539 UTC] [Info] [Main] [Command] Silly Person :3 [Angel_Abov3]: /sc fml
[DEBUG](staffLog) 19:06:09/07-15 19:06:07(-1) fakelogged DEBUG in ðŸ¤¯: [2024-07-15 14:06:08.301 UTC] [Info] [Main] [Command] Silly Person :3 [Angel_Abov3]: /doortp
[DEBUG](staffLog) 19:06:49/07-15 19:06:47(-2) fakelogged DEBUG in ðŸ¤¯: [2024-07-15 14:06:49.738 UTC] [Info] [Main] [Command] Silly Person :3 [Angel_Abov3]: /vault
[DEBUG](staffLog) 19:06:59/07-15 19:07:01(-1) fakelogged DEBUG in ðŸ¤¯: [2024-07-15 14:07:02.346 UTC] [Info] [Main] [Command] call me a good boy [coil]: /doortp
[DEBUG](staffLog) 19:07:19/07-15 19:07:18(-1) logged CHAT in ðŸ¥¶: [2024-07-15 14:07:19.206 UTC] [Info] [Main] [Global] call me a good boy [coil]: anyone selling beryls or trg-42
[DEBUG](staffLog) 19:07:29/07-15 19:07:28(-1) logged CHAT in ðŸ¥¶: [2024-07-15 14:07:29.041 UTC] [Info] [Main] [Global] call me a good boy [coil]: copycat
[DEBUG](staffLog) 19:07:52/07-15 19:07:47(-3) fakelogged DEBUG in ðŸ¤¯: [2024-07-15 14:07:50.593 UTC] [Info] [Main] [Command] Silly Person :3 [Angel_Abov3]: /stuck
[DEBUG](staffLog) 19:08:39/07-15 19:08:32(-2) fakelogged DEBUG in ðŸ¤¯: [2024-07-15 14:08:34.856 UTC] [Info] [Main] [Command] call me a good boy [coil]: /vault
[DEBUG](staffLog) 19:09:19/07-15 19:09:18(-2) fakelogged DEBUG in ðŸ¤¯: [2024-07-15 14:09:20.290 UTC] [Info] [Main] [Command] call me a good boy [coil]: /vault
[DEBUG](staffLog) 19:10:09/07-15 19:10:10(-1) fakelogged DEBUG in ðŸ¤¯: [2024-07-15 14:10:11.358 UTC] [Info] [Main] [Command] call me a good boy [coil]: /vault
[DEBUG](staffLog) 19:10:19/07-15 19:10:13(-1) logged CHAT in ðŸ¥¶: [2024-07-15 14:10:14.333 UTC] [Info] [Main] [Global] call me a good boy [coil]: wtf
[DEBUG](staffLog) 19:10:19/07-15 19:10:13(-2) fakelogged DEBUG in ðŸ¤¯: [2024-07-15 14:10:15.481 UTC] [Info] [Main] [Command] call me a good boy [coil]: /vault
[DEBUG](staffLog) 19:10:29/07-15 19:10:28(-2) fakelogged DEBUG in ðŸ¤¯: [2024-07-15 14:10:30.658 UTC] [Info] [Main] [Command] call me a good boy [coil]: /vault stash
[DEBUG](staffLog) 19:11:09/07-15 19:11:11(-2) fakelogged DEBUG in ðŸ¤¯: [2024-07-15 14:11:13.237 UTC] [Info] [Main] [Command] call me a good boy [coil]: /vault stash
[DEBUG](staffLog) 19:11:20/07-15 19:11:17(-1) logged CONNECTING in ðŸ¤£: [2024-07-15 14:11:18.247 UTC] [Info] [Main] Connecting: PlayerID: 76561199125711591 Steam Name: jack Character name: jack Nick: jack Group: 0 Join GUID: 0c1390ba-7efb-4985-a835-e3fb3548cafd Character Slot: 0 Language: English
[DEBUG](staffLog) 19:11:39/07-15 19:11:32(-3) fakelogged DEBUG in ðŸ¤¯: [2024-07-15 14:11:35.030 UTC] [Info] [Main] [Command] call me a good boy [coil]: /vault
[DEBUG](staffLog) 19:11:39/07-15 19:11:35(-3) fakelogged DEBUG in ðŸ¤¯: [2024-07-15 14:11:38.521 UTC] [Info] [Main] [Command] call me a good boy [coil]: /vault stash
[DEBUG](staffLog) 19:11:59/07-15 19:12:00(-1) fakelogged DEBUG in ðŸ¤¯: [2024-07-15 14:12:01.858 UTC] [Info] [Main] [Command] call me a good boy [coil]: /vault stash
[DEBUG](staffLog) 19:12:30/07-15 19:12:27(-3) logged CHAT in ðŸ¥¶: [2024-07-15 14:12:30.800 UTC] [Info] [Main] [Global] Silly Person :3 [Angel_Abov3]: vault
[DEBUG](staffLog) 19:12:30/07-15 19:12:32(-1) fakelogged DEBUG in ðŸ¤¯: [2024-07-15 14:12:33.171 UTC] [Info] [Main] [Command] Silly Person :3 [Angel_Abov3]: /vault
[DEBUG](staffLog) 19:12:59/07-15 19:12:53(-2) logged CHAT in ðŸ¥¶: [2024-07-15 14:12:55.109 UTC] [Info] [Main] [Global] Silly Person :3 [Angel_Abov3]: hallo
[DEBUG](staffLog) 19:13:30/07-15 19:13:30(-2) logged R in ðŸŒ¹: [2024-07-15 14:13:32.645 UTC] [Info] [Main] [Command] Silly Person :3 [Angel_Abov3]: /r 5.56
[DEBUG](staffLog) 19:13:39/07-15 19:13:34(-2) logged R in ðŸŒ¹: [2024-07-15 14:13:36.433 UTC] [Info] [Main] [Command] Pog [Cheese]: /r ty <3
[DEBUG](staffLog) 19:14:30/07-15 19:14:25(-1) fakelogged DEBUG in ðŸ¤¯: [2024-07-15 14:14:26.899 UTC] [Info] [Main] [Command] Silly Person :3 [Angel_Abov3]: /vault
[DEBUG](staffLog) 19:14:50/07-15 19:14:50(-2) logged DEBUG in debug-logs: [2024-07-15 14:14:52.527 UTC] [Info] [Main] [Command] jack [jack]: /shuck
[DEBUG](staffLog) 19:14:59/07-15 19:14:53(-2) fakelogged DEBUG in ðŸ¤¯: [2024-07-15 14:14:55.183 UTC] [Info] [Main] [Command] jack [jack]: /stuck
[DEBUG](staffLog) 19:15:19/07-15 19:15:19(-1) fakelogged DEBUG in ðŸ¤¯: [2024-07-15 14:15:20.729 UTC] [Info] [Main] [Command] Silly Person :3 [Angel_Abov3]: /doortp
[DEBUG](staffLog) 19:15:25/07-15 19:15:19(-3) logged DEBUG in debug-logs: [2024-07-15 14:15:22.918 UTC] [Info] [Main] [Command] Silly Person :3 [Angel_Abov3]: /vaul
[DEBUG](staffLog) 19:15:29/07-15 19:15:21(-3) fakelogged DEBUG in ðŸ¤¯: [2024-07-15 14:15:24.859 UTC] [Info] [Main] [Command] Silly Person :3 [Angel_Abov3]: /vault
[DEBUG](staffLog) 19:16:29/07-15 19:16:22(-2) fakelogged DEBUG in ðŸ¤¯: [2024-07-15 14:16:24.555 UTC] [Info] [Main] [Command] Silly Person :3 [Angel_Abov3]: /stuck
[DEBUG](staffLog) 19:16:29/07-15 19:16:28(-3) logged MSG in ðŸŒ¹: [2024-07-15 14:16:31.290 UTC] [Info] [Main] [Command] DaChamp [DaChamp]: /pm white naw i need em too
[DEBUG](staffLog) 19:16:39/07-15 19:16:35(-2) fakelogged DEBUG in ðŸ¤¯: [2024-07-15 14:16:37.610 UTC] [Info] [Main] [Command] Silly Person :3 [Angel_Abov3]: /vault
[DEBUG](staffLog) 19:16:49/07-15 19:16:48(-3) fakelogged DEBUG in ðŸ¤¯: [2024-07-15 14:16:51.091 UTC] [Info] [Main] [Command] Silly Person :3 [Angel_Abov3]: /vault
[DEBUG](staffLog) 19:16:59/07-15 19:16:53(-2) fakelogged DEBUG in ðŸ¤¯: [2024-07-15 14:16:55.362 UTC] [Info] [Main] [Command] Silly Person :3 [Angel_Abov3]: /vault
[DEBUG](staffLog) 19:17:22/07-15 19:17:19(-1) fakelogged DEBUG in ðŸ¤¯: [2024-07-15 14:17:20.100 UTC] [Info] [Main] [Command] Silly Person :3 [Angel_Abov3]: /doortp
[DEBUG](staffLog) 19:17:39/07-15 19:17:31(-3) logged SC in _: [2024-07-15 14:17:34.507 UTC] [Info] [Main] [Command] Silly Person :3 [Angel_Abov3]: /sc it's so over I forgor to update quick sell therapist
[DEBUG](staffLog) 19:17:39/07-15 19:17:39(-3) logged SC in _: [2024-07-15 14:17:42.376 UTC] [Info] [Main] [Command] call me a good boy [coil]: /sc skull
[DEBUG](staffLog) 19:17:49/07-15 19:17:47(-3) fakelogged DEBUG in ðŸ¤¯: [2024-07-15 14:17:50.802 UTC] [Info] [Main] [Command] Silly Person :3 [Angel_Abov3]: /stuck
[DEBUG](staffLog) 19:18:29/07-15 19:18:21(-2) logged CHAT in ðŸ¥¶: [2024-07-15 14:18:23.799 UTC] [Info] [Main] [Global] Silly Person :3 [Angel_Abov3]: mreow
[DEBUG](staffLog) 19:18:29/07-15 19:18:23(-2) fakelogged DEBUG in ðŸ¤¯: [2024-07-15 14:18:25.164 UTC] [Info] [Main] [Command] Silly Person :3 [Angel_Abov3]: /doortp
[DEBUG](staffLog) 19:18:39/07-15 19:18:36(-1) fakelogged DEBUG in ðŸ¤¯: [2024-07-15 14:18:37.251 UTC] [Info] [Main] [Command] Silly Person :3 [Angel_Abov3]: /vault
[DEBUG](staffLog) 19:18:49/07-15 19:18:47(-3) fakelogged DEBUG in ðŸ¤¯: [2024-07-15 14:18:50.610 UTC] [Info] [Main] [Command] Silly Person :3 [Angel_Abov3]: /vault kappa
[DEBUG](staffLog) 19:18:59/07-15 19:18:57(-2) logged DEBUG in debug-logs: [2024-07-15 14:18:59.545 UTC] [Info] [Main] [Command] Silly Person :3 [Angel_Abov3]: /stick
[DEBUG](staffLog) 19:19:00/07-15 19:19:01(-1) fakelogged DEBUG in ðŸ¤¯: [2024-07-15 14:19:02.839 UTC] [Info] [Main] [Command] Silly Person :3 [Angel_Abov3]: /stuck
[DEBUG](staffLog) 19:19:19/07-15 19:19:17(-1) fakelogged DEBUG in ðŸ¤¯: [2024-07-15 14:19:18.162 UTC] [Info] [Main] [Command] Silly Person :3 [Angel_Abov3]: /doortp
[DEBUG](staffLog) 19:19:29/07-15 19:19:23(-1) logged SC in _: [2024-07-15 14:19:24.007 UTC] [Info] [Main] [Command] call me a good boy [coil]: /sc bro 40 kills customs
[DEBUG](staffLog) 19:19:29/07-15 19:19:25(-1) logged SC in _: [2024-07-15 14:19:26.147 UTC] [Info] [Main] [Command] call me a good boy [coil]: /sc im gonna kms
[DEBUG](staffLog) 19:19:29/07-15 19:19:28(-2) fakelogged DEBUG in ðŸ¤¯: [2024-07-15 14:19:30.340 UTC] [Info] [Main] [Command] Silly Person :3 [Angel_Abov3]: /stuck
[DEBUG](staffLog) 19:19:39/07-15 19:19:38(-3) logged SC in _: [2024-07-15 14:19:41.219 UTC] [Info] [Main] [Command] Silly Person :3 [Angel_Abov3]: /sc serber to dead for that
[DEBUG](staffLog) 19:24:10/07-15 19:24:05(-1) logged CONNECTING in ðŸ¤£: [2024-07-15 14:24:06.175 UTC] [Info] [Main] Connecting: PlayerID: 76561198844615074 Steam Name: v0rtex Character name: v0rtex Nick: v0rtex Group: 112589997979171786 Join GUID: 545c19f3-2ce2-4976-8a8f-ed5d5ab9ef63 Character Slot: 0 Language: English
[ERROR](staffParse) error parsing 'NoneType' object has no attribute 'replace' | {'name': 'MSG', 'aliases': ['pm'], 'channel': 1256769061791072317, 'public': False, 'text': 'player "{}" said "{}" to "{}"', 'textArgs': ['sender', 'params', 'target'], 'autocomplete': False, 'color': 34001} | [2024-07-15 14:24:39.373 UTC] [Info] [Main] [Command] MONARK MACONHEIRO [raiin]: /msg

[DEBUG](staffLog) 19:24:40/07-15 19:24:41(-1) logged MSG in ðŸŒ¹: [2024-07-15 14:24:42.400 UTC] [Info] [Main] [Command] MONARK MACONHEIRO [raiin]: /msg nasn
[DEBUG](staffLog) 19:24:49/07-15 19:24:43(-3) logged MSG in ðŸŒ¹: [2024-07-15 14:24:46.085 UTC] [Info] [Main] [Command] MONARK MACONHEIRO [raiin]: /msg nans
[DEBUG](staffLog) 19:24:59/07-15 19:24:57(-1) logged DEBUG in debug-logs: [2024-07-15 14:24:58.106 UTC] [Info] [Main] [Command] v0rtex [v0rtex]: /staff
[DEBUG](staffLog) 19:25:09/07-15 19:25:02(-1) logged SC in _: [2024-07-15 14:25:03.588 UTC] [Info] [Main] [Command] v0rtex [v0rtex]: /sc angel
[DEBUG](staffLog) 19:25:09/07-15 19:25:03(-2) logged SPY in ðŸ‘: [2024-07-15 14:25:05.430 UTC] [Info] [Main] [Command] call me a good boy [coil]: /spy sticky
[DEBUG](staffLog) 19:25:09/07-15 19:25:06(-1) logged SC in _: [2024-07-15 14:25:07.880 UTC] [Info] [Main] [Command] Silly Person :3 [Angel_Abov3]: /sc helo
[DEBUG](staffLog) 19:25:10/07-15 19:25:09(-2) logged SC in _: [2024-07-15 14:25:11.089 UTC] [Info] [Main] [Command] v0rtex [v0rtex]: /sc sell dem gpu's now
[DEBUG](staffLog) 19:25:19/07-15 19:25:11(-2) fakelogged DEBUG in ðŸ¤¯: [2024-07-15 14:25:13.961 UTC] [Info] [Main] [Command] v0rtex [v0rtex]: /doortp
[DEBUG](staffLog) 19:25:19/07-15 19:25:17(-3) fakelogged DEBUG in ðŸ¤¯: [2024-07-15 14:25:20.299 UTC] [Info] [Main] [Command] Silly Person :3 [Angel_Abov3]: /doortp
[DEBUG](staffLog) 19:25:29/07-15 19:25:30(-1) logged SC in _: [2024-07-15 14:25:31.647 UTC] [Info] [Main] [Command] Silly Person :3 [Angel_Abov3]: /sc ogey
[DEBUG](staffLog) 19:26:00/07-15 19:26:00(-2) fakelogged DEBUG in ðŸ¤¯: [2024-07-15 14:26:02.418 UTC] [Info] [Main] [Command] Silly Person :3 [Angel_Abov3]: /vault
[DEBUG](staffLog) 19:26:39/07-15 19:26:33(-1) logged DEBUG in debug-logs: [2024-07-15 14:26:34.619 UTC] [Info] [Main] [Command] Silly Person :3 [Angel_Abov3]: /sellto 76561198844615074 13006
[DEBUG](staffLog) 19:26:39/07-15 19:26:35(-3) logged DEBUG in debug-logs: [2024-07-15 14:26:38.430 UTC] [Info] [Main] [Command] Silly Person :3 [Angel_Abov3]: /sellto 76561198844615074 13006
[DEBUG](staffLog) 19:26:39/07-15 19:26:37(-1) fakelogged DEBUG in ðŸ¤¯: [2024-07-15 14:26:38.839 UTC] [Info] [Main] [Command] call me a good boy [coil]: /doortp
[DEBUG](staffLog) 19:26:39/07-15 19:26:40(-2) logged DEBUG in debug-logs: [2024-07-15 14:26:42.385 UTC] [Info] [Main] [Command] Silly Person :3 [Angel_Abov3]: /sellto 76561198844615074 13006
[DEBUG](staffLog) 19:26:49/07-15 19:26:42(-3) logged DEBUG in debug-logs: [2024-07-15 14:26:45.359 UTC] [Info] [Main] [Command] Silly Person :3 [Angel_Abov3]: /sellto 76561198844615074 13009
[DEBUG](staffLog) 19:26:49/07-15 19:26:45(-2) logged DEBUG in debug-logs: [2024-07-15 14:26:47.745 UTC] [Info] [Main] [Command] Silly Person :3 [Angel_Abov3]: /sellto 76561198844615074 13009
[DEBUG](staffLog) 19:26:49/07-15 19:26:48(-2) logged DEBUG in debug-logs: [2024-07-15 14:26:50.542 UTC] [Info] [Main] [Command] Silly Person :3 [Angel_Abov3]: /sellto 76561198844615074 13005
[DEBUG](staffLog) 19:26:50/07-15 19:26:49(-3) logged DEBUG in debug-logs: [2024-07-15 14:26:52.961 UTC] [Info] [Main] [Command] Silly Person :3 [Angel_Abov3]: /sellto 76561198844615074 13005
[DEBUG](staffLog) 19:26:59/07-15 19:26:56(-2) logged DEBUG in debug-logs: [2024-07-15 14:26:58.292 UTC] [Info] [Main] [Command] Silly Person :3 [Angel_Abov3]: /sellto 76561198844615074 13004
[DEBUG](staffLog) 19:26:59/07-15 19:27:01(-1) logged DEBUG in debug-logs: [2024-07-15 14:27:02.601 UTC] [Info] [Main] [Command] Silly Person :3 [Angel_Abov3]: /sellto 76561198844615074 13004
[DEBUG](staffLog) 19:27:09/07-15 19:27:04(-3) logged DEBUG in debug-logs: [2024-07-15 14:27:07.272 UTC] [Info] [Main] [Command] Silly Person :3 [Angel_Abov3]: /sellto 76561198844615074 13003
[DEBUG](staffLog) 19:27:09/07-15 19:27:09(-2) logged DEBUG in debug-logs: [2024-07-15 14:27:11.221 UTC] [Info] [Main] [Command] Silly Person :3 [Angel_Abov3]: /sellto 76561198844615074 13003
[DEBUG](staffLog) 19:27:19/07-15 19:27:13(-2) logged DEBUG in debug-logs: [2024-07-15 14:27:15.596 UTC] [Info] [Main] [Command] Silly Person :3 [Angel_Abov3]: /sellto 76561198844615074 13003
[DEBUG](staffLog) 19:27:19/07-15 19:27:15(-3) fakelogged DEBUG in ðŸ¤¯: [2024-07-15 14:27:18.676 UTC] [Info] [Main] [Command] Silly Person :3 [Angel_Abov3]: /vault
[DEBUG](staffLog) 19:27:30/07-15 19:27:27(-1) logged DEBUG in debug-logs: [2024-07-15 14:27:28.470 UTC] [Info] [Main] [Command] Silly Person :3 [Angel_Abov3]: /sellto 76561198844615074 13003
[DEBUG](staffLog) 19:27:49/07-15 19:27:48(-1) logged DEBUG in debug-logs: [2024-07-15 14:27:49.960 UTC] [Info] [Main] [Command] v0rtex [v0rtex]: /j
[DEBUG](staffLog) 19:27:49/07-15 19:27:48(-3) fakelogged DEBUG in ðŸ¤¯: [2024-07-15 14:27:51.889 UTC] [Info] [Main] [Command] Silly Person :3 [Angel_Abov3]: /vault
[DEBUG](staffLog) 19:27:49/07-15 19:27:49(-3) logged DEBUG in debug-logs: [2024-07-15 14:27:52.813 UTC] [Info] [Main] [Command] v0rtex [v0rtex]: /j
[DEBUG](staffLog) 19:27:59/07-15 19:27:54(-2) logged DEBUG in debug-logs: [2024-07-15 14:27:56.054 UTC] [Info] [Main] [Command] v0rtex [v0rtex]: /j
[DEBUG](staffLog) 19:28:29/07-15 19:28:30(-1) fakelogged DEBUG in ðŸ¤¯: [2024-07-15 14:28:31.866 UTC] [Info] [Main] [Command] Silly Person :3 [Angel_Abov3]: /stuck
[DEBUG](staffLog) 19:28:39/07-15 19:28:33(-1) fakelogged DEBUG in ðŸ¤¯: [2024-07-15 14:28:34.545 UTC] [Info] [Main] [Command] v0rtex [v0rtex]: /doortp
[DEBUG](staffLog) 19:28:49/07-15 19:28:43(-1) fakelogged DEBUG in ðŸ¤¯: [2024-07-15 14:28:44.678 UTC] [Info] [Main] [Command] Silly Person :3 [Angel_Abov3]: /vault
[DEBUG](staffLog) 19:29:59/07-15 19:29:55(-3) logged CHAT in ðŸ¥¶: [2024-07-15 14:29:58.721 UTC] [Info] [Main] [Global] v0rtex [v0rtex]: who got drop?
[DEBUG](staffLog) 19:30:09/07-15 19:30:03(-2) logged CHAT in ðŸ¥¶: [2024-07-15 14:30:05.961 UTC] [Info] [Main] [Global] call me a good boy [coil]: me
[DEBUG](staffLog) 19:30:09/07-15 19:30:10(-3) logged CHAT in ðŸ¥¶: [2024-07-15 14:30:13.416 UTC] [Info] [Main] [Global] v0rtex [v0rtex]: whyat was in it?
[DEBUG](staffLog) 19:30:19/07-15 19:30:16(-2) logged CHAT in ðŸ¥¶: [2024-07-15 14:30:18.190 UTC] [Info] [Main] [Global] call me a good boy [coil]: labs cards and 2 gls
[DEBUG](staffLog) 19:30:39/07-15 19:30:40(-2) logged CHAT in ðŸ¥¶: [2024-07-15 14:30:42.098 UTC] [Info] [Main] [Global] v0rtex [v0rtex]: trash
[DEBUG](staffLog) 19:30:49/07-15 19:30:41(-3) logged CHAT in ðŸ¥¶: [2024-07-15 14:30:44.946 UTC] [Info] [Main] [Global] v0rtex [v0rtex]: no rb keys?
[DEBUG](staffLog) 19:31:29/07-15 19:31:25(-3) logged DEBUG in debug-logs: [2024-07-15 14:31:28.121 UTC] [Info] [Main] [Command] v0rtex [v0rtex]: /d
[DEBUG](staffLog) 19:31:39/07-15 19:31:34(-1) logged CHAT in ðŸ¥¶: [2024-07-15 14:31:35.557 UTC] [Info] [Main] [Global] call me a good boy [coil]: erm
[DEBUG](staffLog) 19:31:39/07-15 19:31:35(-1) logged CHAT in ðŸ¥¶: [2024-07-15 14:31:36.807 UTC] [Info] [Main] [Global] call me a good boy [coil]: rude
[DEBUG](staffLog) 19:32:09/07-15 19:32:06(-1) logged CHAT in ðŸ¥¶: [2024-07-15 14:32:07.970 UTC] [Info] [Main] [Global] call me a good boy [coil]: fior what>?
[DEBUG](staffLog) 19:32:09/07-15 19:32:07(-3) logged CHAT in ðŸ¥¶: [2024-07-15 14:32:10.375 UTC] [Info] [Main] [Global] v0rtex [v0rtex]: hes staff?
[DEBUG](staffLog) 19:32:10/07-15 19:32:12(-1) logged DEBUG in debug-logs: [2024-07-15 14:32:13.580 UTC] [Info] [Main] [Command] call me a good boy [coil]: /sd
[DEBUG](staffLog) 19:32:19/07-15 19:32:12(-2) logged CHAT in ðŸ¥¶: [2024-07-15 14:32:14.779 UTC] [Info] [Main] [Global] call me a good boy [coil]: lmao?
[DEBUG](staffLog) 19:32:19/07-15 19:32:17(-1) logged DEBUG in debug-logs: [2024-07-15 14:32:18.991 UTC] [Info] [Main] [Command] call me a good boy [coil]: /sd
[DEBUG](staffLog) 19:32:29/07-15 19:32:23(-3) fakelogged DEBUG in ðŸ¤¯: [2024-07-15 14:32:26.566 UTC] [Info] [Main] [Command] call me a good boy [coil]: /doortp
[DEBUG](staffLog) 19:32:39/07-15 19:32:32(-2) logged CHAT in ðŸ¥¶: [2024-07-15 14:32:34.638 UTC] [Info] [Main] [Global] Silly Person :3 [Angel_Abov3]: free 250 if you ban yourself for 1 second real
[DEBUG](staffLog) 19:32:39/07-15 19:32:41(-2) fakelogged DEBUG in ðŸ¤¯: [2024-07-15 14:32:43.081 UTC] [Info] [Main] [Command] Silly Person :3 [Angel_Abov3]: /doortp
[DEBUG](staffLog) 19:32:49/07-15 19:32:47(-3) fakelogged DEBUG in ðŸ¤¯: [2024-07-15 14:32:50.039 UTC] [Info] [Main] [Command] Silly Person :3 [Angel_Abov3]: /vault
[DEBUG](staffLog) 19:32:49/07-15 19:32:49(-1) logged DEBUG in debug-logs: [2024-07-15 14:32:50.587 UTC] [Info] [Main] [Command] v0rtex [v0rtex]: /mute nansdead "Self-Harm Encour. | Second Offense | 14D" 14 d
[DEBUG](staffLog) 19:32:49/07-15 19:32:48(-2) logged CHAT in ðŸ¥¶: [2024-07-15 14:32:50.609 UTC] [Info] [Main] [Global] call me a good boy [coil]: real
[DEBUG](staffLog) 19:32:59/07-15 19:32:51(-2) logged CHAT in ðŸ¥¶: [2024-07-15 14:32:53.690 UTC] [Info] [Main] [Global] call me a good boy [coil]: lol
[DEBUG](staffLog) 19:32:59/07-15 19:32:54(-3) logged CHAT in ðŸ¥¶: [2024-07-15 14:32:57.613 UTC] [Info] [Main] [Global] v0rtex [v0rtex]: lol
[DEBUG](staffLog) 19:32:59/07-15 19:32:57(-1) logged DEBUG in debug-logs: [2024-07-15 14:32:58.831 UTC] [Info] [Main] [Command] v0rtex [v0rtex]: /d
[DEBUG](staffLog) 19:33:39/07-15 19:33:37(-3) fakelogged DEBUG in ðŸ¤¯: [2024-07-15 14:33:40.580 UTC] [Info] [Main] [Command] Silly Person :3 [Angel_Abov3]: /buyfrom 76561198835684363 55001
[DEBUG](staffLog) 19:33:49/07-15 19:33:44(-2) fakelogged DEBUG in ðŸ¤¯: [2024-07-15 14:33:46.195 UTC] [Info] [Main] [Command] Silly Person :3 [Angel_Abov3]: /vault
[DEBUG](staffLog) 19:33:49/07-15 19:33:48(-2) fakelogged DEBUG in ðŸ¤¯: [2024-07-15 14:33:50.989 UTC] [Info] [Main] [Command] Silly Person :3 [Angel_Abov3]: /stuck
[DEBUG](staffLog) 19:33:59/07-15 19:33:58(-1) logged CHAT in ðŸ¥¶: [2024-07-15 14:33:59.245 UTC] [Info] [Main] [Global] call me a good boy [coil]: maybe dont broadcast into world chat that ur stuck somewhere?
[DEBUG](staffLog) 19:34:41/07-15 19:34:41(-1) logged CHAT in ðŸ¥¶: [2024-07-15 14:34:42.314 UTC] [Info] [Main] [Global] v0rtex [v0rtex]: buying RB KEYS
[DEBUG](staffLog) 19:35:09/07-15 19:35:02(-3) fakelogged DEBUG in ðŸ¤¯: [2024-07-15 14:35:05.969 UTC] [Info] [Main] [Command] Silly Person :3 [Angel_Abov3]: /vault
[DEBUG](staffLog) 19:35:19/07-15 19:35:11(-3) logged CHAT in ðŸ¥¶: [2024-07-15 14:35:14.071 UTC] [Info] [Main] [Global] v0rtex [v0rtex]: which one you got?
[DEBUG](staffLog) 19:35:19/07-15 19:35:21(-2) logged CHAT in ðŸ¥¶: [2024-07-15 14:35:23.140 UTC] [Info] [Main] [Global] v0rtex [v0rtex]: 3m
[DEBUG](staffLog) 19:35:40/07-15 19:35:31(-3) logged SC in _: [2024-07-15 14:35:34.906 UTC] [Info] [Main] [Command] call me a good boy [coil]: /sc vort u got beryls?
[DEBUG](staffLog) 19:35:41/07-15 19:35:40(-2) logged SC in _: [2024-07-15 14:35:42.142 UTC] [Info] [Main] [Command] v0rtex [v0rtex]: /sc nah
[DEBUG](staffLog) 19:36:09/07-15 19:36:10(-3) logged DEBUG in debug-logs: [2024-07-15 14:36:13.117 UTC] [Info] [Main] [Command] v0rtex [v0rtex]: /pay whiteboy 3000000
[DEBUG](staffLog) 19:36:29/07-15 19:36:25(-3) fakelogged DEBUG in ðŸ¤¯: [2024-07-15 14:36:28.836 UTC] [Info] [Main] [Command] Silly Person :3 [Angel_Abov3]: /vault
[DEBUG](staffLog) 19:36:29/07-15 19:36:28(-1) logged CHAT in ðŸ¥¶: [2024-07-15 14:36:29.420 UTC] [Info] [Main] [Global] v0rtex [v0rtex]: Wipe
[DEBUG](staffLog) 19:36:39/07-15 19:36:31(-3) logged CHAT in ðŸ¥¶: [2024-07-15 14:36:34.899 UTC] [Info] [Main] [Global] v0rtex [v0rtex]: How much you want for VO
[DEBUG](staffLog) 19:36:39/07-15 19:36:34(-1) fakelogged DEBUG in ðŸ¤¯: [2024-07-15 14:36:35.693 UTC] [Info] [Main] [Command] Silly Person :3 [Angel_Abov3]: /vault
[DEBUG](staffLog) 19:36:39/07-15 19:36:37(-3) fakelogged DEBUG in ðŸ¤¯: [2024-07-15 14:36:40.529 UTC] [Info] [Main] [Command] Silly Person :3 [Angel_Abov3]: /vault
[DEBUG](staffLog) 19:36:39/07-15 19:36:40(-3) fakelogged DEBUG in ðŸ¤¯: [2024-07-15 14:36:43.118 UTC] [Info] [Main] [Command] call me a good boy [coil]: /vault
[DEBUG](staffLog) 19:36:50/07-15 19:36:44(-3) logged CHAT in ðŸ¥¶: [2024-07-15 14:36:47.499 UTC] [Info] [Main] [Global] v0rtex [v0rtex]: ok
[DEBUG](staffLog) 19:36:50/07-15 19:36:47(-2) logged CHAT in ðŸ¥¶: [2024-07-15 14:36:49.821 UTC] [Info] [Main] [Global] v0rtex [v0rtex]: come sup a
[DEBUG](staffLog) 19:37:09/07-15 19:37:05(-3) fakelogged DEBUG in ðŸ¤¯: [2024-07-15 14:37:08.355 UTC] [Info] [Main] [Command] Silly Person :3 [Angel_Abov3]: /vault
[DEBUG](staffLog) 19:37:19/07-15 19:37:11(-3) fakelogged DEBUG in ðŸ¤¯: [2024-07-15 14:37:14.587 UTC] [Info] [Main] [Command] v0rtex [v0rtex]: /i placard
[DEBUG](staffLog) 19:37:39/07-15 19:37:33(-2) fakelogged DEBUG in ðŸ¤¯: [2024-07-15 14:37:35.500 UTC] [Info] [Main] [Command] Silly Person :3 [Angel_Abov3]: /doortp
[DEBUG](staffLog) 19:37:40/07-15 19:37:37(-1) fakelogged DEBUG in ðŸ¤¯: [2024-07-15 14:37:38.054 UTC] [Info] [Main] [Command] v0rtex [v0rtex]: /addshop sell "rb-vo" 3000000
[DEBUG](staffLog) 19:37:40/07-15 19:37:40(-1) fakelogged DEBUG in ðŸ¤¯: [2024-07-15 14:37:41.660 UTC] [Info] [Main] [Command] Silly Person :3 [Angel_Abov3]: /stuck
[DEBUG](staffLog) 19:37:49/07-15 19:37:46(-1) logged DEBUG in debug-logs: [2024-07-15 14:37:47.729 UTC] [Info] [Main] [Command] v0rtex [v0rtex]: /removeshop
[DEBUG](staffLog) 19:37:59/07-15 19:37:54(-3) fakelogged DEBUG in ðŸ¤¯: [2024-07-15 14:37:57.067 UTC] [Info] [Main] [Command] Silly Person :3 [Angel_Abov3]: /doortp
[DEBUG](staffLog) 19:38:09/07-15 19:38:11(-1) logged CHAT in ðŸ¥¶: [2024-07-15 14:38:12.196 UTC] [Info] [Main] [Global] v0rtex [v0rtex]: nah
[DEBUG](staffLog) 19:38:19/07-15 19:38:12(-3) logged CHAT in ðŸ¥¶: [2024-07-15 14:38:15.702 UTC] [Info] [Main] [Global] v0rtex [v0rtex]: ites for display
[DEBUG](staffLog) 19:38:19/07-15 19:38:15(-2) fakelogged DEBUG in ðŸ¤¯: [2024-07-15 14:38:17.434 UTC] [Info] [Main] [Command] Silly Person :3 [Angel_Abov3]: /vault
[DEBUG](staffLog) 19:38:29/07-15 19:38:22(-2) logged CHAT in ðŸ¥¶: [2024-07-15 14:38:24.285 UTC] [Info] [Main] [Global] v0rtex [v0rtex]: its for display i dont use them lmfao
[DEBUG](staffLog) 19:39:09/07-15 19:39:03(-2) fakelogged DEBUG in ðŸ¤¯: [2024-07-15 14:39:05.192 UTC] [Info] [Main] [Command] Silly Person :3 [Angel_Abov3]: /vault
[DEBUG](staffLog) 19:39:09/07-15 19:39:03(-3) fakelogged DEBUG in ðŸ¤¯: [2024-07-15 14:39:06.512 UTC] [Info] [Main] [Command] call me a good boy [coil]: /vault gamma
[DEBUG](staffLog) 19:39:09/07-15 19:39:05(-3) fakelogged DEBUG in ðŸ¤¯: [2024-07-15 14:39:08.499 UTC] [Info] [Main] [Command] call me a good boy [coil]: /vault
[DEBUG](staffLog) 19:39:20/07-15 19:39:16(-3) fakelogged DEBUG in ðŸ¤¯: [2024-07-15 14:39:19.432 UTC] [Info] [Main] [Command] Silly Person :3 [Angel_Abov3]: /stuck
[DEBUG](staffLog) 19:39:29/07-15 19:39:24(-2) fakelogged DEBUG in ðŸ¤¯: [2024-07-15 14:39:26.673 UTC] [Info] [Main] [Command] call me a good boy [coil]: /vault
[DEBUG](staffLog) 19:39:29/07-15 19:39:27(-2) fakelogged DEBUG in ðŸ¤¯: [2024-07-15 14:39:29.915 UTC] [Info] [Main] [Command] call me a good boy [coil]: /doortp
[DEBUG](staffLog) 19:40:29/07-15 19:40:28(-3) fakelogged DEBUG in ðŸ¤¯: [2024-07-15 14:40:31.752 UTC] [Info] [Main] [Command] v0rtex [v0rtex]: /doortp
[DEBUG](staffLog) 19:40:49/07-15 19:40:42(-3) fakelogged DEBUG in ðŸ¤¯: [2024-07-15 14:40:45.398 UTC] [Info] [Main] [Command] call me a good boy [coil]: /vault
[DEBUG](staffLog) 19:41:49/07-15 19:41:50(-1) logged DEBUG in debug-logs: [2024-07-15 14:41:51.994 UTC] [Info] [Main] [Command] v0rtex [v0rtex]: /vaukt
[DEBUG](staffLog) 19:41:59/07-15 19:41:52(-1) fakelogged DEBUG in ðŸ¤¯: [2024-07-15 14:41:53.719 UTC] [Info] [Main] [Command] v0rtex [v0rtex]: /vault
[DEBUG](staffLog) 19:42:19/07-15 19:42:21(-1) fakelogged DEBUG in ðŸ¤¯: [2024-07-15 14:42:22.081 UTC] [Info] [Main] [Command] call me a good boy [coil]: /doortp
[DEBUG](staffLog) 19:42:29/07-15 19:42:22(-1) fakelogged DEBUG in ðŸ¤¯: [2024-07-15 14:42:23.827 UTC] [Info] [Main] [Command] call me a good boy [coil]: /vault
[DEBUG](staffLog) 19:42:49/07-15 19:42:49(-3) logged CHAT in ðŸ¥¶: [2024-07-15 14:42:52.347 UTC] [Info] [Main] [Global] v0rtex [v0rtex]: 2 hjp :(
[DEBUG](staffLog) 19:43:09/07-15 19:43:07(-2) logged SC in _: [2024-07-15 14:43:09.216 UTC] [Info] [Main] [Command] v0rtex [v0rtex]: /sc am going to work, peace out
[DEBUG](staffLog) 19:43:10/07-15 19:43:08(-3) logged DISCONNECTING in ðŸ¤: [2024-07-15 14:43:11.836 UTC] [Info] [Main] Disconnecting: PlayerID: 76561198844615074 Steam Name: v0rtex Character name: v0rtex Nick: v0rtex Group: 112589997979171786 Session Length 19.09 Minutes
[DEBUG](staffLog) 19:43:19/07-15 19:43:18(-1) logged CHAT in ðŸ¥¶: [2024-07-15 14:43:19.848 UTC] [Info] [Main] [Global] call me a good boy [coil]: s/c ya
[DEBUG](staffLog) 19:43:19/07-15 19:43:20(-3) logged SC in _: [2024-07-15 14:43:23.552 UTC] [Info] [Main] [Command] call me a good boy [coil]: /sc cya
[DEBUG](staffLog) 19:45:59/07-15 19:45:54(-1) fakelogged DEBUG in ðŸ¤¯: [2024-07-15 14:45:55.239 UTC] [Info] [Main] [Command] call me a good boy [coil]: /vault
[DEBUG](staffLog) 19:46:19/07-15 19:46:14(-3) logged SC in _: [2024-07-15 14:46:17.266 UTC] [Info] [Main] [Command] Silly Person :3 [Angel_Abov3]: /sc fuck offffffffffffffff
[DEBUG](staffLog) 19:46:29/07-15 19:46:27(-1) logged CHAT in ðŸ¥¶: [2024-07-15 14:46:28.465 UTC] [Info] [Main] [Global] Silly Person :3 [Angel_Abov3]: guhhhhhhhhhhhhhhhhh
[DEBUG](staffLog) 19:46:39/07-15 19:46:33(-3) logged SC in _ mentioned None: [2024-07-15 14:46:36.200 UTC] [Info] [Main] [Command] Silly Person :3 [Angel_Abov3]: /sc I go slep
[DEBUG](staffLog) 19:46:39/07-15 19:46:36(-3) fakelogged DEBUG in ðŸ¤¯: [2024-07-15 14:46:39.034 UTC] [Info] [Main] [Command] Silly Person :3 [Angel_Abov3]: /doortp
[DEBUG](staffLog) 19:46:39/07-15 19:46:39(-1) logged SC in _: [2024-07-15 14:46:40.100 UTC] [Info] [Main] [Command] call me a good boy [coil]: /sc oke gn
[DEBUG](staffLog) 19:46:49/07-15 19:46:43(-3) logged DISCONNECTING in ðŸ¤: [2024-07-15 14:46:46.197 UTC] [Info] [Main] Disconnecting: PlayerID: 76561198856241780 Steam Name: Angel_Abov3 Character name: Silly Person :3 Nick: Silly Person :3 Group: 0 Session Length 1.94 Hours
[DEBUG](staffLog) 19:47:29/07-15 19:47:23(-3) fakelogged DEBUG in ðŸ¤¯: [2024-07-15 14:47:26.490 UTC] [Info] [Main] [Command] call me a good boy [coil]: /doortp
[DEBUG](staffLog) 19:50:49/07-15 19:50:41(-2) fakelogged DEBUG in ðŸ¤¯: [2024-07-15 14:50:43.793 UTC] [Info] [Main] [Command] call me a good boy [coil]: /vault
[DEBUG](staffLog) 19:51:29/07-15 19:51:18(-2) logged MSG in ðŸŒ¹: [2024-07-15 14:51:20.099 UTC] [Info] [Main] [Command] NansDeadLmao [DaddyBonk]: /pm MONARK MACONHEIRO i got muted bro
