[INFO](retrieveLog) wrote 8.261029MB to latest.log in 1.6145093441009521
[DEBUG](staffLog) 19:44:09/06-30 19:43:13(-2) logged DEBUG in 🤯: [2024-06-30 14:43:15.983 UTC] [Info] [Main] [Command] 猫猫糕 [stacey]: /vault
[DEBUG](staffLog) 19:44:10/06-30 19:43:15(-1) logged DEBUG in 🤯: [2024-06-30 14:43:16.349 UTC] [Info] [Main] [Command] Fisherman v0rtex [v0rtex]: /doortp
[DEBUG](staffLog) 19:44:29/06-30 19:43:38(-2) logged SC in _: [2024-06-30 14:43:40.569 UTC] [Info] [Main] [Command] 猫猫糕 [stacey]: /sc here
[DEBUG](staffLog) 19:44:29/06-30 19:43:41(-2) logged SC in _: [2024-06-30 14:43:43.000 UTC] [Info] [Main] [Command] 猫猫糕 [stacey]: /sc v0rtex
[DEBUG](staffLog) 19:44:29/06-30 19:43:43(-2) logged SC in _: [2024-06-30 14:43:45.412 UTC] [Info] [Main] [Command] 猫猫糕 [stacey]: /sc i sell
[DEBUG](staffLog) 19:44:39/06-30 19:43:43(-3) logged SC in _: [2024-06-30 14:43:46.007 UTC] [Info] [Main] [Command] Fisherman v0rtex [v0rtex]: /sc hmm
[DEBUG](staffLog) 19:44:39/06-30 19:43:43(-3) logged DEBUG in debug-logs: [2024-06-30 14:43:46.568 UTC] [Info] [Main] [Command] 猫猫糕 [stacey]: /dootp
[DEBUG](staffLog) 19:44:39/06-30 19:43:45(-3) logged SC in _: [2024-06-30 14:43:48.229 UTC] [Info] [Main] [Command] Fisherman v0rtex [v0rtex]: /sc oh alr
[DEBUG](staffLog) 19:44:39/06-30 19:43:45(-3) logged DEBUG in 🤯: [2024-06-30 14:43:48.265 UTC] [Info] [Main] [Command] 猫猫糕 [stacey]: /stuck
[DEBUG](staffLog) 19:44:40/06-30 19:43:51(-1) logged SC in _: [2024-06-30 14:43:52.051 UTC] [Info] [Main] [Command] Fisherman v0rtex [v0rtex]: /sc how much for 10
[DEBUG](staffLog) 19:45:19/06-30 19:44:31(-2) logged SC in _: [2024-06-30 14:44:33.301 UTC] [Info] [Main] [Command] 猫猫糕 [stacey]: /sc 150k
[DEBUG](staffLog) 19:45:29/06-30 19:44:37(-3) logged SC in _: [2024-06-30 14:44:40.778 UTC] [Info] [Main] [Command] Fisherman v0rtex [v0rtex]: /sc sure wya
[DEBUG](staffLog) 19:45:29/06-30 19:44:42(-2) logged SC in _: [2024-06-30 14:44:44.921 UTC] [Info] [Main] [Command] 猫猫糕 [stacey]: /sc stuck
[DEBUG](staffLog) 19:45:39/06-30 19:44:47(-1) logged DEBUG in 🤯: [2024-06-30 14:44:48.541 UTC] [Info] [Main] [Command] Fisherman v0rtex [v0rtex]: /stuck
[DEBUG](staffLog) 19:45:49/06-30 19:44:59(-1) logged DEBUG in debug-logs: [2024-06-30 14:45:00.609 UTC] [Info] [Main] [Command] Fisherman v0rtex [v0rtex]: /pay stacey 150000
[DEBUG](staffLog) 19:45:59/06-30 19:45:04(-3) logged SC in _: [2024-06-30 14:45:07.536 UTC] [Info] [Main] [Command] Fisherman v0rtex [v0rtex]: /sc fanks
[DEBUG](staffLog) 19:45:59/06-30 19:45:05(-3) logged SC in _: [2024-06-30 14:45:08.239 UTC] [Info] [Main] [Command] 猫猫糕 [stacey]: /sc you want
[DEBUG](staffLog) 19:45:59/06-30 19:45:08(-1) logged SC in _: [2024-06-30 14:45:09.771 UTC] [Info] [Main] [Command] 猫猫糕 [stacey]: /sc akm
[DEBUG](staffLog) 19:45:59/06-30 19:45:08(-3) logged SC in _: [2024-06-30 14:45:11.929 UTC] [Info] [Main] [Command] 猫猫糕 [stacey]: /sc as well?
[DEBUG](staffLog) 19:46:04/06-30 19:45:11(-1) logged SC in _: [2024-06-30 14:45:12.094 UTC] [Info] [Main] [Command] Fisherman v0rtex [v0rtex]: /sc yes
[DEBUG](staffLog) 19:46:09/06-30 19:45:14(-1) logged DEBUG in 🤯: [2024-06-30 14:45:15.743 UTC] [Info] [Main] [Command] Godly [Godly]: /doortp
[DEBUG](staffLog) 19:46:09/06-30 19:45:14(-3) logged SC in _: [2024-06-30 14:45:17.535 UTC] [Info] [Main] [Command] 猫猫糕 [stacey]: /sc do you got svd?
[DEBUG](staffLog) 19:46:09/06-30 19:45:20(-1) logged SC in _: [2024-06-30 14:45:21.355 UTC] [Info] [Main] [Command] 猫猫糕 [stacey]: /sc svdm
[DEBUG](staffLog) 19:46:09/06-30 19:45:20(-1) logged SC in _: [2024-06-30 14:45:21.768 UTC] [Info] [Main] [Command] Fisherman v0rtex [v0rtex]: /sc no :(
[DEBUG](staffLog) 19:46:09/06-30 19:45:22(-2) logged DEBUG in 🤯: [2024-06-30 14:45:24.761 UTC] [Info] [Main] [Command] Godly [Godly]: /stuck
[DEBUG](staffLog) 19:46:10/06-30 19:45:23(-2) logged SC in _: [2024-06-30 14:45:25.244 UTC] [Info] [Main] [Command] 猫猫糕 [stacey]: /sc rip
[DEBUG](staffLog) 19:46:19/06-30 19:45:28(-2) logged SC in _: [2024-06-30 14:45:30.873 UTC] [Info] [Main] [Command] Fisherman v0rtex [v0rtex]: /sc how much
[DEBUG](staffLog) 19:46:19/06-30 19:45:28(-2) logged DEBUG in 🤯: [2024-06-30 14:45:30.956 UTC] [Info] [Main] [Command] Godly [Godly]: /doortp
[DEBUG](staffLog) 19:46:29/06-30 19:45:34(-3) logged DEBUG in 🤯: [2024-06-30 14:45:37.662 UTC] [Info] [Main] [Command] Godly [Godly]: /vault
[DEBUG](staffLog) 19:46:29/06-30 19:45:36(-1) logged SC in _: [2024-06-30 14:45:37.798 UTC] [Info] [Main] [Command] 猫猫糕 [stacey]: /sc 80k
[DEBUG](staffLog) 19:46:29/06-30 19:45:38(-3) logged DEBUG in debug-logs: [2024-06-30 14:45:41.973 UTC] [Info] [Main] [Command] Fisherman v0rtex [v0rtex]: /pay stacey 150000
[DEBUG](staffLog) 19:46:29/06-30 19:45:40(-2) logged DEBUG in 🤯: [2024-06-30 14:45:42.384 UTC] [Info] [Main] [Command] Godly [Godly]: /stuck
[DEBUG](staffLog) 19:46:39/06-30 19:45:45(-2) logged DEBUG in 🤯: [2024-06-30 14:45:47.548 UTC] [Info] [Main] [Command] Fisherman v0rtex [v0rtex]: /doortp
[DEBUG](staffLog) 19:46:39/06-30 19:45:50(-1) logged SC in _: [2024-06-30 14:45:51.313 UTC] [Info] [Main] [Command] 猫猫糕 [stacey]: /sc dam ok
[DEBUG](staffLog) 19:46:49/06-30 19:45:54(-2) logged SC in _: [2024-06-30 14:45:56.134 UTC] [Info] [Main] [Command] Fisherman v0rtex [v0rtex]: /sc meh
[DEBUG](staffLog) 19:46:49/06-30 19:45:56(-2) logged DEBUG in 🤯: [2024-06-30 14:45:58.190 UTC] [Info] [Main] [Command] Godly [Godly]: /doortp
[DEBUG](staffLog) 19:46:59/06-30 19:46:11(-2) logged SC in _: [2024-06-30 14:46:13.180 UTC] [Info] [Main] [Command] 猫猫糕 [stacey]: /sc love you no sexual
[DEBUG](staffLog) 19:47:39/06-30 19:46:52(-3) logged DEBUG in 🤯: [2024-06-30 14:46:55.022 UTC] [Info] [Main] [Command] Godly [Godly]: /addshop buy "adrenaline" 230000
[DEBUG](staffLog) 19:48:39/06-30 19:47:46(-1) logged DEBUG in 🤯: [2024-06-30 14:47:47.089 UTC] [Info] [Main] [Command] 猫猫糕 [stacey]: /mc
[DEBUG](staffLog) 19:48:39/06-30 19:47:47(-1) logged DEBUG in 🤯: [2024-06-30 14:47:48.121 UTC] [Info] [Main] [Command] 猫猫糕 [stacey]: /mc
[DEBUG](staffLog) 19:48:39/06-30 19:47:49(-2) logged DEBUG in 🤯: [2024-06-30 14:47:51.003 UTC] [Info] [Main] [Command] Godly [Godly]: /addshop buy "adrenaline injector" 23000
[DEBUG](staffLog) 19:48:39/06-30 19:47:50(-3) logged DEBUG in 🤯: [2024-06-30 14:47:53.898 UTC] [Info] [Main] [Command] Godly [Godly]: /stuck
[DEBUG](staffLog) 19:48:48/06-30 19:47:55(-1) logged DEBUG in 🤯: [2024-06-30 14:47:56.181 UTC] [Info] [Main] [Command] Godly [Godly]: /vault
[DEBUG](staffLog) 19:48:59/06-30 19:48:10(-2) logged DEBUG in 🤯: [2024-06-30 14:48:12.523 UTC] [Info] [Main] [Command] 猫猫糕 [stacey]: /mc
[DEBUG](staffLog) 19:49:09/06-30 19:48:15(-1) logged DEBUG in 🤯: [2024-06-30 14:48:16.139 UTC] [Info] [Main] [Command] 猫猫糕 [stacey]: /doortp
[DEBUG](staffLog) 19:49:19/06-30 19:48:31(-2) logged SC in _: [2024-06-30 14:48:33.241 UTC] [Info] [Main] [Command] Fisherman v0rtex [v0rtex]: /sc afk
[DEBUG](staffLog) 19:49:29/06-30 19:48:35(-3) logged SC in _: [2024-06-30 14:48:38.135 UTC] [Info] [Main] [Command] Godly [Godly]: /sc kk
[DEBUG](staffLog) 19:49:49/06-30 19:48:59(-3) logged DEBUG in 🤯: [2024-06-30 14:49:02.699 UTC] [Info] [Main] [Command] 猫猫糕 [stacey]: /mc
[DEBUG](staffLog) 19:49:49/06-30 19:49:01(-2) logged DEBUG in 🤯: [2024-06-30 14:49:03.818 UTC] [Info] [Main] [Command] 猫猫糕 [stacey]: /stuck
[DEBUG](staffLog) 19:50:39/06-30 19:49:45(-2) logged DEBUG in 🤯: [2024-06-30 14:49:47.442 UTC] [Info] [Main] [Command] 猫猫糕 [stacey]: /mc
[DEBUG](staffLog) 19:50:39/06-30 19:49:52(-2) logged DEBUG in 🤯: [2024-06-30 14:49:54.909 UTC] [Info] [Main] [Command] 猫猫糕 [stacey]: /mc
[DEBUG](staffLog) 19:51:09/06-30 19:50:21(-3) logged MSG in 🌹: [2024-06-30 14:50:24.442 UTC] [Info] [Main] [Command] Vampie B. [Superior Vampie]: /pm yoraze how much would you want for the apt?
[DEBUG](staffLog) 19:51:49/06-30 19:50:59(-3) logged MSG in 🌹: [2024-06-30 14:51:02.083 UTC] [Info] [Main] [Command] [3-B QUEST SHOP] Miyukii [Miyuki]: /pm wx go to 3-B
[DEBUG](staffLog) 19:51:59/06-30 19:51:12(-3) logged DEBUG in 🤯: [2024-06-30 14:51:15.629 UTC] [Info] [Main] [Command] 猫猫糕 [stacey]: /vault
[DEBUG](staffLog) 19:52:28/06-30 19:51:36(-2) logged DEBUG in 🤯: [2024-06-30 14:51:38.559 UTC] [Info] [Main] [Command] Godly [Godly]: /doortp
[DEBUG](staffLog) 19:53:19/06-30 19:52:29(-1) logged DEBUG in 🤯: [2024-06-30 14:52:30.014 UTC] [Info] [Main] [Command] Godly [Godly]: /buyfrom 76561199183989090 55013
[DEBUG](staffLog) 19:53:59/06-30 19:53:06(-3) logged DEBUG in 🤯: [2024-06-30 14:53:09.114 UTC] [Info] [Main] [Command] 猫猫糕 [stacey]: /doortp
[DEBUG](staffLog) 19:53:59/06-30 19:53:08(-3) logged DEBUG in 🤯: [2024-06-30 14:53:11.189 UTC] [Info] [Main] [Command] 猫猫糕 [stacey]: /doortp
[DEBUG](staffLog) 19:54:19/06-30 19:53:23(-3) logged DEBUG in 🤯: [2024-06-30 14:53:26.316 UTC] [Info] [Main] [Command] Fisherman v0rtex [v0rtex]: /vault
[DEBUG](staffLog) 19:54:19/06-30 19:53:31(-1) logged DEBUG in 🤯: [2024-06-30 14:53:32.180 UTC] [Info] [Main] [Command] Fisherman v0rtex [v0rtex]: /stuck
[DEBUG](staffLog) 19:54:29/06-30 19:53:38(-1) logged DEBUG in 🤯: [2024-06-30 14:53:39.422 UTC] [Info] [Main] [Command] 猫猫糕 [stacey]: /stuck
[DEBUG](staffLog) 19:54:39/06-30 19:53:46(-2) logged DEBUG in 🤯: [2024-06-30 14:53:48.482 UTC] [Info] [Main] [Command] Fisherman v0rtex [v0rtex]: /doortp
[DEBUG](staffLog) 19:54:49/06-30 19:53:55(-1) logged DEBUG in 🤯: [2024-06-30 14:53:56.315 UTC] [Info] [Main] [Command] 猫猫糕 [stacey]: /doortp
[DEBUG](staffLog) 19:54:49/06-30 19:53:58(-1) logged DEBUG in 🤯: [2024-06-30 14:53:59.278 UTC] [Info] [Main] [Command] Fisherman v0rtex [v0rtex]: /stuck
[DEBUG](staffLog) 19:54:59/06-30 19:54:10(-1) logged DEBUG in 🤯: [2024-06-30 14:54:11.981 UTC] [Info] [Main] [Command] Fisherman v0rtex [v0rtex]: /vault
[DEBUG](staffLog) 19:55:29/06-30 19:54:40(-1) logged DEBUG in 🤯: [2024-06-30 14:54:41.270 UTC] [Info] [Main] [Command] Godly [Godly]: /vault
[DEBUG](staffLog) 19:55:39/06-30 19:54:50(-3) logged DEBUG in 🤯: [2024-06-30 14:54:53.379 UTC] [Info] [Main] [Command] 猫猫糕 [stacey]: /vault
[DEBUG](staffLog) 19:55:49/06-30 19:54:55(-1) logged DEBUG in debug-logs: [2024-06-30 14:54:56.427 UTC] [Info] [Main] [Command] Godly [Godly]: /pay stacey 500000
[DEBUG](staffLog) 19:55:49/06-30 19:55:01(-1) logged DEBUG in 🤯: [2024-06-30 14:55:02.844 UTC] [Info] [Main] [Command] Godly [Godly]: /vault
[DEBUG](staffLog) 19:55:59/06-30 19:55:03(-3) logged DEBUG in 🤯: [2024-06-30 14:55:06.750 UTC] [Info] [Main] [Command] 猫猫糕 [stacey]: /vault
[DEBUG](staffLog) 19:55:59/06-30 19:55:08(-2) logged DEBUG in 🤯: [2024-06-30 14:55:10.061 UTC] [Info] [Main] [Command] 猫猫糕 [stacey]: /vault kappa
[DEBUG](staffLog) 19:56:09/06-30 19:55:16(-2) logged DEBUG in 🤯: [2024-06-30 14:55:18.250 UTC] [Info] [Main] [Command] Godly [Godly]: /vault
[DEBUG](staffLog) 19:56:19/06-30 19:55:23(-3) logged DEBUG in 🤯: [2024-06-30 14:55:26.703 UTC] [Info] [Main] [Command] Godly [Godly]: /stuck
[DEBUG](staffLog) 19:56:19/06-30 19:55:26(-3) logged DEBUG in 🤯: [2024-06-30 14:55:29.460 UTC] [Info] [Main] [Command] 猫猫糕 [stacey]: /doortp
[DEBUG](staffLog) 19:56:19/06-30 19:55:28(-3) logged DEBUG in 🤯: [2024-06-30 14:55:31.751 UTC] [Info] [Main] [Command] 猫猫糕 [stacey]: /stuck
[DEBUG](staffLog) 19:57:39/06-30 19:56:51(-3) logged DEBUG in 🤯: [2024-06-30 14:56:54.238 UTC] [Info] [Main] [Command] Fisherman v0rtex [v0rtex]: /mc
[DEBUG](staffLog) 19:57:49/06-30 19:57:02(-1) logged DEBUG in 🤯: [2024-06-30 14:57:03.373 UTC] [Info] [Main] [Command] Fisherman v0rtex [v0rtex]: /doortp
[DEBUG](staffLog) 19:58:39/06-30 19:57:44(-3) logged DEBUG in 🤯: [2024-06-30 14:57:47.650 UTC] [Info] [Main] [Command] 猫猫糕 [stacey]: /vault
[DEBUG](staffLog) 19:58:39/06-30 19:57:50(-1) logged DEBUG in 🤯: [2024-06-30 14:57:51.682 UTC] [Info] [Main] [Command] 猫猫糕 [stacey]: /vault
[DEBUG](staffLog) 19:58:49/06-30 19:57:52(-3) logged DEBUG in 🤯: [2024-06-30 14:57:55.929 UTC] [Info] [Main] [Command] 猫猫糕 [stacey]: /vault
[DEBUG](staffLog) 19:58:59/06-30 19:58:11(-2) logged DEBUG in 🤯: [2024-06-30 14:58:13.924 UTC] [Info] [Main] [Command] 猫猫糕 [stacey]: /vault
[DEBUG](staffLog) 19:59:09/06-30 19:58:15(-3) logged DEBUG in 🤯: [2024-06-30 14:58:18.411 UTC] [Info] [Main] [Command] 猫猫糕 [stacey]: /vault
[DEBUG](staffLog) 19:59:09/06-30 19:58:22(-3) logged DEBUG in 🤯: [2024-06-30 14:58:25.202 UTC] [Info] [Main] [Command] 猫猫糕 [stacey]: /trash
[DEBUG](staffLog) 19:59:29/06-30 19:58:38(-3) logged DEBUG in 🤯: [2024-06-30 14:58:41.642 UTC] [Info] [Main] [Command] 猫猫糕 [stacey]: /trash
[DEBUG](staffLog) 19:59:59/06-30 19:59:11(-1) logged DEBUG in debug-logs: [2024-06-30 14:59:12.399 UTC] [Info] [Main] [Command] Fisherman v0rtex [v0rtex]: /forums
[DEBUG](staffLog) 19:59:59/06-30 19:59:11(-3) logged DEBUG in debug-logs: [2024-06-30 14:59:14.857 UTC] [Info] [Main] [Command] Fisherman v0rtex [v0rtex]: /forum
[DEBUG](staffLog) 20:00:09/06-30 19:59:13(-3) logged MSG in 🌹: [2024-06-30 14:59:16.861 UTC] [Info] [Main] [Command] Tagilla's Mom [.OWNER Wolf_Fr | Johnson Lesteur]: /pm v0rtex How can i know the duration of my mute discord ?
[DEBUG](staffLog) 20:00:09/06-30 19:59:16(-2) logged DEBUG in debug-logs: [2024-06-30 14:59:18.048 UTC] [Info] [Main] [Command] Fisherman v0rtex [v0rtex]: /more
[DEBUG](staffLog) 20:00:09/06-30 19:59:19(-2) logged DEBUG in debug-logs: [2024-06-30 14:59:21.113 UTC] [Info] [Main] [Command] Fisherman v0rtex [v0rtex]: /more 2
[DEBUG](staffLog) 20:00:29/06-30 19:59:33(-3) logged DEBUG in 🤯: [2024-06-30 14:59:36.401 UTC] [Info] [Main] [Command] 猫猫糕 [stacey]: /trash
[DEBUG](staffLog) 20:00:29/06-30 19:59:36(-1) logged DEBUG in 🤯: [2024-06-30 14:59:37.595 UTC] [Info] [Main] [Command] Fisherman v0rtex [v0rtex]: /doortp
[DEBUG](staffLog) 20:00:39/06-30 19:59:45(-2) logged DEBUG in 🤯: [2024-06-30 14:59:47.338 UTC] [Info] [Main] [Command] Fisherman v0rtex [v0rtex]: /doortp
[DEBUG](staffLog) 20:00:39/06-30 19:59:47(-2) logged DEBUG in debug-logs: [2024-06-30 14:59:49.040 UTC] [Info] [Main] [Command] Fisherman v0rtex [v0rtex]: /more 2
[DEBUG](staffLog) 20:00:39/06-30 19:59:50(-1) logged DEBUG in 🤯: [2024-06-30 14:59:51.806 UTC] [Info] [Main] [Command] Fisherman v0rtex [v0rtex]: /trash
[DEBUG](staffLog) 20:00:40/06-30 19:59:50(-2) logged DEBUG in 🤯: [2024-06-30 14:59:52.494 UTC] [Info] [Main] [Command] 猫猫糕 [stacey]: /trash
[DEBUG](staffLog) 20:00:40/06-30 19:59:53(-2) logged DEBUG in 🤯: [2024-06-30 14:59:55.658 UTC] [Info] [Main] [Command] Godly [Godly]: //Doortp
[DEBUG](staffLog) 20:01:09/06-30 20:00:21(-3) logged DEBUG in 🤯: [2024-06-30 15:00:24.359 UTC] [Info] [Main] [Command] 猫猫糕 [stacey]: /trash
[DEBUG](staffLog) 20:01:19/06-30 20:00:33(-1) logged SC in _: [2024-06-30 15:00:34.937 UTC] [Info] [Main] [Command] 猫猫糕 [stacey]: /sc am in st rn
[DEBUG](staffLog) 20:01:29/06-30 20:00:35(-3) logged SC in _: [2024-06-30 15:00:38.414 UTC] [Info] [Main] [Command] 猫猫糕 [stacey]: /sc wish me luck
[DEBUG](staffLog) 20:01:39/06-30 20:00:44(-2) logged SC in _: [2024-06-30 15:00:46.483 UTC] [Info] [Main] [Command] Fisherman v0rtex [v0rtex]: /sc rb-st?
[DEBUG](staffLog) 20:01:39/06-30 20:00:48(-2) logged SC in _: [2024-06-30 15:00:50.503 UTC] [Info] [Main] [Command] 猫猫糕 [stacey]: /sc ye
[DEBUG](staffLog) 20:01:39/06-30 20:00:54(-1) logged SC in _: [2024-06-30 15:00:55.221 UTC] [Info] [Main] [Command] Fisherman v0rtex [v0rtex]: /sc ahhh
[DEBUG](staffLog) 20:01:49/06-30 20:00:56(-2) logged DEBUG in 🤯: [2024-06-30 15:00:58.851 UTC] [Info] [Main] [Command] Fisherman v0rtex [v0rtex]: /vault stash
[DEBUG](staffLog) 20:01:49/06-30 20:00:57(-3) logged DEBUG in 🤯: [2024-06-30 15:01:00.521 UTC] [Info] [Main] [Command] Fisherman v0rtex [v0rtex]: /vault stash
[DEBUG](staffLog) 20:01:49/06-30 20:01:01(-2) logged DEBUG in 🤯: [2024-06-30 15:01:03.779 UTC] [Info] [Main] [Command] Fisherman v0rtex [v0rtex]: /vault kappa
[DEBUG](staffLog) 20:02:19/06-30 20:01:29(-3) logged DEBUG in 🤯: [2024-06-30 15:01:32.688 UTC] [Info] [Main] [Command] 猫猫糕 [stacey]: /trash
[DEBUG](staffLog) 20:02:59/06-30 20:02:05(-1) logged DEBUG in 🤯: [2024-06-30 15:02:06.173 UTC] [Info] [Main] [Command] Fisherman v0rtex [v0rtex]: /vault
[DEBUG](staffLog) 20:02:59/06-30 20:02:03(-3) logged SC in _: [2024-06-30 15:02:06.191 UTC] [Info] [Main] [Command] 猫猫糕 [stacey]: /sc v0rtex
[DEBUG](staffLog) 20:02:59/06-30 20:02:08(-2) logged DEBUG in 🤯: [2024-06-30 15:02:10.042 UTC] [Info] [Main] [Command] Fisherman v0rtex [v0rtex]: /vault
[DEBUG](staffLog) 20:02:59/06-30 20:02:10(-2) logged SC in _: [2024-06-30 15:02:12.881 UTC] [Info] [Main] [Command] Fisherman v0rtex [v0rtex]: /sc wsp
[DEBUG](staffLog) 20:03:09/06-30 20:02:19(-3) logged DEBUG in 🤯: [2024-06-30 15:02:22.447 UTC] [Info] [Main] [Command] Fisherman v0rtex [v0rtex]: /vault
[DEBUG](staffLog) 20:03:09/06-30 20:02:21(-1) logged SC in _: [2024-06-30 15:02:22.859 UTC] [Info] [Main] [Command] 猫猫糕 [stacey]: /sc mrad
[DEBUG](staffLog) 20:03:19/06-30 20:02:28(-1) logged SC in _: [2024-06-30 15:02:29.110 UTC] [Info] [Main] [Command] Fisherman v0rtex [v0rtex]: /sc nmice
[DEBUG](staffLog) 20:03:29/06-30 20:02:35(-2) logged SC in _: [2024-06-30 15:02:37.124 UTC] [Info] [Main] [Command] 猫猫糕 [stacey]: /sc you wana buy it?
[DEBUG](staffLog) 20:03:29/06-30 20:02:40(-1) logged DEBUG in 🤯: [2024-06-30 15:02:41.144 UTC] [Info] [Main] [Command] 猫猫糕 [stacey]: /trash
[DEBUG](staffLog) 20:03:39/06-30 20:02:45(-1) logged SC in _: [2024-06-30 15:02:46.477 UTC] [Info] [Main] [Command] Fisherman v0rtex [v0rtex]: /sc hmm how much
[DEBUG](staffLog) 20:03:59/06-30 20:03:04(-2) logged SC in _: [2024-06-30 15:03:06.230 UTC] [Info] [Main] [Command] 猫猫糕 [stacey]: /sc say a price
[DEBUG](staffLog) 20:03:59/06-30 20:03:13(-2) logged SC in _: [2024-06-30 15:03:15.383 UTC] [Info] [Main] [Command] Fisherman v0rtex [v0rtex]: /sc 200k?
[DEBUG](staffLog) 20:04:19/06-30 20:03:25(-1) logged SC in _: [2024-06-30 15:03:26.039 UTC] [Info] [Main] [Command] 猫猫糕 [stacey]: /sc how about 300
[DEBUG](staffLog) 20:04:19/06-30 20:03:28(-3) logged SC in _: [2024-06-30 15:03:31.543 UTC] [Info] [Main] [Command] Fisherman v0rtex [v0rtex]: /sc 250
[DEBUG](staffLog) 20:04:19/06-30 20:03:29(-2) logged DEBUG in 🤯: [2024-06-30 15:03:31.608 UTC] [Info] [Main] [Command] 猫猫糕 [stacey]: /trash
[DEBUG](staffLog) 20:04:29/06-30 20:03:39(-3) logged SC in _: [2024-06-30 15:03:42.419 UTC] [Info] [Main] [Command] 猫猫糕 [stacey]: /sc sure
[DEBUG](staffLog) 20:04:29/06-30 20:03:40(-2) logged DEBUG in 🤯: [2024-06-30 15:03:42.881 UTC] [Info] [Main] [Command] Fisherman v0rtex [v0rtex]: //Vault Stash
[DEBUG](staffLog) 20:04:29/06-30 20:03:41(-3) logged SC in _: [2024-06-30 15:03:44.607 UTC] [Info] [Main] [Command] 猫猫糕 [stacey]: /sc i just got
[DEBUG](staffLog) 20:04:39/06-30 20:03:45(-2) logged SC in _: [2024-06-30 15:03:47.221 UTC] [Info] [Main] [Command] 猫猫糕 [stacey]: /sc another one
[DEBUG](staffLog) 20:04:39/06-30 20:03:45(-3) logged SC in _: [2024-06-30 15:03:48.423 UTC] [Info] [Main] [Command] 猫猫糕 [stacey]: /sc WTf
[DEBUG](staffLog) 20:04:39/06-30 20:03:47(-2) logged DEBUG in 🤯: [2024-06-30 15:03:49.743 UTC] [Info] [Main] [Command] 猫猫糕 [stacey]: /trash
[DEBUG](staffLog) 20:04:40/06-30 20:03:49(-3) logged SC in _: [2024-06-30 15:03:52.030 UTC] [Info] [Main] [Command] Fisherman v0rtex [v0rtex]: /sc LOL
[DEBUG](staffLog) 20:04:49/06-30 20:03:57(-2) logged DEBUG in 🤯: [2024-06-30 15:03:59.987 UTC] [Info] [Main] [Command] 猫猫糕 [stacey]: /trash
[DEBUG](staffLog) 20:05:09/06-30 20:04:14(-3) logged DEBUG in 🤯: [2024-06-30 15:04:17.621 UTC] [Info] [Main] [Command] 猫猫糕 [stacey]: /trash
[DEBUG](staffLog) 20:05:09/06-30 20:04:15(-3) logged DEBUG in 🤯: [2024-06-30 15:04:18.051 UTC] [Info] [Main] [Command] Godly [Godly]: /doortp
[DEBUG](staffLog) 20:05:09/06-30 20:04:20(-1) logged VANISH in vanish: [2024-06-30 15:04:21.200 UTC] [Info] [Main] [Command] Godly [Godly]: /smod
[DEBUG](staffLog) 20:05:29/06-30 20:04:38(-3) logged DEBUG in 🤯: [2024-06-30 15:04:41.839 UTC] [Info] [Main] [Command] Fisherman v0rtex [v0rtex]: /vault
[DEBUG](staffLog) 20:06:09/06-30 20:05:16(-1) logged DEBUG in 🤯: [2024-06-30 15:05:17.940 UTC] [Info] [Main] [Command] Fisherman v0rtex [v0rtex]: /vault
[DEBUG](staffLog) 20:06:09/06-30 20:05:22(-1) logged DEBUG in 🤯: [2024-06-30 15:05:23.924 UTC] [Info] [Main] [Command] Fisherman v0rtex [v0rtex]: /vault
[DEBUG](staffLog) 20:06:19/06-30 20:05:23(-3) logged DEBUG in 🤯: [2024-06-30 15:05:26.009 UTC] [Info] [Main] [Command] 猫猫糕 [stacey]: /trash
[DEBUG](staffLog) 20:06:29/06-30 20:05:33(-2) logged DEBUG in 🤯: [2024-06-30 15:05:35.869 UTC] [Info] [Main] [Command] 猫猫糕 [stacey]: /trash
[DEBUG](staffLog) 20:06:29/06-30 20:05:41(-3) logged DEBUG in 🤯: [2024-06-30 15:05:44.259 UTC] [Info] [Main] [Command] Godly [Godly]: /addshop buy "AKM" 60000
[DEBUG](staffLog) 20:06:39/06-30 20:05:47(-1) logged DEBUG in debug-logs: [2024-06-30 15:05:48.191 UTC] [Info] [Main] [Command] Godly [Godly]: /stucj
[DEBUG](staffLog) 20:06:39/06-30 20:05:46(-3) logged DEBUG in 🤯: [2024-06-30 15:05:49.793 UTC] [Info] [Main] [Command] Godly [Godly]: /stuck
[DEBUG](staffLog) 20:06:39/06-30 20:05:50(-3) logged DEBUG in 🤯: [2024-06-30 15:05:53.478 UTC] [Info] [Main] [Command] 猫猫糕 [stacey]: /vault
[DEBUG](staffLog) 20:06:49/06-30 20:05:56(-3) logged DEBUG in 🤯: [2024-06-30 15:05:59.641 UTC] [Info] [Main] [Command] 猫猫糕 [stacey]: /trash
[DEBUG](staffLog) 20:07:29/06-30 20:06:34(-1) logged DEBUG in 🤯: [2024-06-30 15:06:35.931 UTC] [Info] [Main] [Command] 猫猫糕 [stacey]: /trash
[DEBUG](staffLog) 20:07:49/06-30 20:06:54(-2) logged SC in _: [2024-06-30 15:06:56.922 UTC] [Info] [Main] [Command] 猫猫糕 [stacey]: /sc yo
[DEBUG](staffLog) 20:07:49/06-30 20:06:56(-3) logged SC in _: [2024-06-30 15:06:59.625 UTC] [Info] [Main] [Command] 猫猫糕 [stacey]: /sc vortex
[DEBUG](staffLog) 20:07:49/06-30 20:07:01(-1) logged SC in _: [2024-06-30 15:07:02.200 UTC] [Info] [Main] [Command] 猫猫糕 [stacey]: /sc can you come
[DEBUG](staffLog) 20:07:49/06-30 20:07:03(-1) logged SC in _: [2024-06-30 15:07:04.574 UTC] [Info] [Main] [Command] 猫猫糕 [stacey]: /sc and tp me
[DEBUG](staffLog) 20:07:59/06-30 20:07:06(-1) logged SC in _: [2024-06-30 15:07:07.077 UTC] [Info] [Main] [Command] 猫猫糕 [stacey]: /sc am stuck
[DEBUG](staffLog) 20:08:09/06-30 20:07:20(-2) logged DEBUG in debug-logs: [2024-06-30 15:07:22.423 UTC] [Info] [Main] [Command] Fisherman v0rtex [v0rtex]: /d
[DEBUG](staffLog) 20:08:09/06-30 20:07:21(-3) logged TP in tp: [2024-06-30 15:07:24.790 UTC] [Info] [Main] Pandahut >> Fisherman v0rtex (76561198844615074) - Teleported to 猫猫糕 (76561198878832149 at West of event (310.863 39.6112 -1187.294) from North West of Range (323.9548 65.06445 2671.126)
[DEBUG](staffLog) 20:08:19/06-30 20:07:23(-3) logged TP in tp: [2024-06-30 15:07:26.782 UTC] [Info] [Main] Pandahut >> Fisherman v0rtex (76561198844615074) - Teleported to 猫猫糕 (76561198878832149 at West of event (310.863 39.6112 -1187.294) from North West of Labs (-129.1875 35.81583 -1290.383)
[DEBUG](staffLog) 20:08:19/06-30 20:07:33(-2) logged SC in _: [2024-06-30 15:07:35.181 UTC] [Info] [Main] [Command] 猫猫糕 [stacey]: /sc i can't move
[DEBUG](staffLog) 20:08:29/06-30 20:07:38(-1) logged DEBUG in debug-logs: [2024-06-30 15:07:39.226 UTC] [Info] [Main] [Command] Fisherman v0rtex [v0rtex]: /tphere stcaey
[DEBUG](staffLog) 20:08:29/06-30 20:07:40(-1) logged SC in _: [2024-06-30 15:07:41.331 UTC] [Info] [Main] [Command] 猫猫糕 [stacey]: /sc just tp me there
[DEBUG](staffLog) 20:08:29/06-30 20:07:40(-3) logged DEBUG in debug-logs: [2024-06-30 15:07:43.699 UTC] [Info] [Main] [Command] Fisherman v0rtex [v0rtex]: /tphere stacey
[DEBUG](staffLog) 20:08:39/06-30 20:07:44(-2) logged SC in _: [2024-06-30 15:07:46.529 UTC] [Info] [Main] [Command] 猫猫糕 [stacey]: /sc ty
[DEBUG](staffLog) 20:08:39/06-30 20:07:48(-1) logged DEBUG in debug-logs: [2024-06-30 15:07:49.901 UTC] [Info] [Main] [Command] Fisherman v0rtex [v0rtex]: /teleport bunker
[DEBUG](staffLog) 20:08:39/06-30 20:07:49(-2) logged DEBUG in debug-logs: [2024-06-30 15:07:51.760 UTC] [Info] [Main] [Command] Fisherman v0rtex [v0rtex]: /d
[DEBUG](staffLog) 20:08:40/06-30 20:07:48(-3) logged DEBUG in 🤯: [2024-06-30 15:07:51.951 UTC] [Info] [Main] [Command] 猫猫糕 [stacey]: /trash
[DEBUG](staffLog) 20:08:49/06-30 20:07:54(-2) logged DEBUG in 🤯: [2024-06-30 15:07:56.750 UTC] [Info] [Main] [Command] Fisherman v0rtex [v0rtex]: /vault stash
[DEBUG](staffLog) 20:08:49/06-30 20:07:55(-2) logged DEBUG in 🤯: [2024-06-30 15:07:57.882 UTC] [Info] [Main] [Command] 猫猫糕 [stacey]: /trash
[DEBUG](staffLog) 20:08:49/06-30 20:08:00(-1) logged MSG in 🌹: [2024-06-30 15:08:01.779 UTC] [Info] [Main] [Command] Tagilla's Mom [.OWNER Wolf_Fr | Johnson Lesteur]: /pm KV1 Mofo
[DEBUG](staffLog) 20:08:59/06-30 20:08:04(-3) logged DEBUG in 🤯: [2024-06-30 15:08:07.638 UTC] [Info] [Main] [Command] 猫猫糕 [stacey]: /trash
[DEBUG](staffLog) 20:09:09/06-30 20:08:15(-3) logged DEBUG in 🤯: [2024-06-30 15:08:18.859 UTC] [Info] [Main] [Command] 猫猫糕 [stacey]: /trash
[DEBUG](staffLog) 20:10:09/06-30 20:09:15(-1) logged DEBUG in 🤯: [2024-06-30 15:09:16.101 UTC] [Info] [Main] [Command] Fisherman v0rtex [v0rtex]: /vault
[DEBUG](staffLog) 20:10:09/06-30 20:09:20(-3) logged DEBUG in 🤯: [2024-06-30 15:09:23.342 UTC] [Info] [Main] [Command] Godly [Godly]: /doortp
[DEBUG](staffLog) 20:10:19/06-30 20:09:25(-3) logged DEBUG in 🤯: [2024-06-30 15:09:28.593 UTC] [Info] [Main] [Command] 猫猫糕 [stacey]: /trash
[DEBUG](staffLog) 20:10:29/06-30 20:09:37(-2) logged DEBUG in 🤯: [2024-06-30 15:09:39.773 UTC] [Info] [Main] [Command] 猫猫糕 [stacey]: /trash
[DEBUG](staffLog) 20:10:30/06-30 20:09:40(-1) logged DEBUG in 🤯: [2024-06-30 15:09:41.977 UTC] [Info] [Main] [Command] Godly [Godly]: /stuck
[DEBUG](staffLog) 20:10:39/06-30 20:09:48(-1) logged DEBUG in 🤯: [2024-06-30 15:09:49.529 UTC] [Info] [Main] [Command] 猫猫糕 [stacey]: /trash
[DEBUG](staffLog) 20:10:49/06-30 20:09:59(-3) logged DEBUG in 🤯: [2024-06-30 15:10:02.631 UTC] [Info] [Main] [Command] Godly [Godly]: /doortp
[DEBUG](staffLog) 20:10:59/06-30 20:10:07(-2) logged DEBUG in 🤯: [2024-06-30 15:10:09.689 UTC] [Info] [Main] [Command] 猫猫糕 [stacey]: /trash
[DEBUG](staffLog) 20:11:09/06-30 20:10:23(-1) logged DEBUG in 🤯: [2024-06-30 15:10:24.554 UTC] [Info] [Main] [Command] 猫猫糕 [stacey]: /trash
[DEBUG](staffLog) 20:11:29/06-30 20:10:34(-2) logged DEBUG in 🤯: [2024-06-30 15:10:36.416 UTC] [Info] [Main] [Command] Godly [Godly]: /stuck
[DEBUG](staffLog) 20:12:19/06-30 20:11:25(-2) logged DEBUG in 🤯: [2024-06-30 15:11:27.698 UTC] [Info] [Main] [Command] 猫猫糕 [stacey]: /trash
[DEBUG](staffLog) 20:12:19/06-30 20:11:33(-1) logged DEBUG in 🤯: [2024-06-30 15:11:34.433 UTC] [Info] [Main] [Command] 猫猫糕 [stacey]: /trash
[DEBUG](staffLog) 20:12:29/06-30 20:11:43(-2) logged DEBUG in 🤯: [2024-06-30 15:11:45.192 UTC] [Info] [Main] [Command] 猫猫糕 [stacey]: /trash
[DEBUG](staffLog) 20:12:39/06-30 20:11:49(-1) logged DEBUG in 🤯: [2024-06-30 15:11:50.802 UTC] [Info] [Main] [Command] 猫猫糕 [stacey]: /trash
[DEBUG](staffLog) 20:12:39/06-30 20:11:51(-2) logged DEBUG in 🤯: [2024-06-30 15:11:53.155 UTC] [Info] [Main] [Command] Godly [Godly]: /doortp
[DEBUG](staffLog) 20:12:49/06-30 20:12:02(-2) logged DEBUG in 🤯: [2024-06-30 15:12:04.021 UTC] [Info] [Main] [Command] Godly [Godly]: /vault
[DEBUG](staffLog) 20:12:59/06-30 20:12:05(-3) logged DEBUG in 🤯: [2024-06-30 15:12:08.622 UTC] [Info] [Main] [Command] 猫猫糕 [stacey]: /vault
[DEBUG](staffLog) 20:12:59/06-30 20:12:12(-1) logged DEBUG in 🤯: [2024-06-30 15:12:13.661 UTC] [Info] [Main] [Command] 猫猫糕 [stacey]: /vault
[DEBUG](staffLog) 20:13:29/06-30 20:12:36(-2) logged DEBUG in 🤯: [2024-06-30 15:12:38.871 UTC] [Info] [Main] [Command] Fisherman v0rtex [v0rtex]: /vault
[DEBUG](staffLog) 20:13:29/06-30 20:12:38(-2) logged DEBUG in 🤯: [2024-06-30 15:12:40.616 UTC] [Info] [Main] [Command] Godly [Godly]: /stuck
[DEBUG](staffLog) 20:13:59/06-30 20:13:04(-3) logged DEBUG in 🤯: [2024-06-30 15:13:07.655 UTC] [Info] [Main] [Command] Godly [Godly]: /vault
[DEBUG](staffLog) 20:13:59/06-30 20:13:08(-2) logged DEBUG in 🤯: [2024-06-30 15:13:10.061 UTC] [Info] [Main] [Command] Fisherman v0rtex [v0rtex]: /vault
[DEBUG](staffLog) 20:14:29/06-30 20:13:35(-1) logged DEBUG in 🤯: [2024-06-30 15:13:36.803 UTC] [Info] [Main] [Command] 猫猫糕 [stacey]: /mc
[DEBUG](staffLog) 20:15:29/06-30 20:14:43(-1) logged DEBUG in 🤯: [2024-06-30 15:14:44.026 UTC] [Info] [Main] [Command] Fisherman v0rtex [v0rtex]: /doortp
[DEBUG](staffLog) 20:15:39/06-30 20:14:49(-2) logged DEBUG in 🤯: [2024-06-30 15:14:51.199 UTC] [Info] [Main] [Command] 猫猫糕 [stacey]: /vault
[DEBUG](staffLog) 20:15:39/06-30 20:14:54(-1) logged DEBUG in 🤯: [2024-06-30 15:14:55.260 UTC] [Info] [Main] [Command] 猫猫糕 [stacey]: /vault
[DEBUG](staffLog) 20:15:49/06-30 20:15:01(-1) logged DEBUG in 🤯: [2024-06-30 15:15:02.037 UTC] [Info] [Main] [Command] 猫猫糕 [stacey]: /trash
[DEBUG](staffLog) 20:15:49/06-30 20:15:04(-1) logged DEBUG in 🤯: [2024-06-30 15:15:05.116 UTC] [Info] [Main] [Command] Fisherman v0rtex [v0rtex]: /doortp
[DEBUG](staffLog) 20:15:59/06-30 20:15:11(-1) logged DEBUG in 🤯: [2024-06-30 15:15:12.950 UTC] [Info] [Main] [Command] 猫猫糕 [stacey]: /trash
[DEBUG](staffLog) 20:16:09/06-30 20:15:20(-3) logged DEBUG in 🤯: [2024-06-30 15:15:23.797 UTC] [Info] [Main] [Command] Fisherman v0rtex [v0rtex]: /i "pine placrd"
[DEBUG](staffLog) 20:16:19/06-30 20:15:25(-2) logged DEBUG in 🤯: [2024-06-30 15:15:27.402 UTC] [Info] [Main] [Command] Fisherman v0rtex [v0rtex]: /i "pine plcard"
[DEBUG](staffLog) 20:16:19/06-30 20:15:26(-1) logged DEBUG in 🤯: [2024-06-30 15:15:27.569 UTC] [Info] [Main] [Command] 猫猫糕 [stacey]: /trash
[DEBUG](staffLog) 20:16:19/06-30 20:15:28(-3) logged DEBUG in 🤯: [2024-06-30 15:15:31.190 UTC] [Info] [Main] [Command] Fisherman v0rtex [v0rtex]: /i "pine placard"
[DEBUG](staffLog) 20:16:29/06-30 20:15:35(-3) logged DEBUG in 🤯: [2024-06-30 15:15:38.793 UTC] [Info] [Main] [Command] 猫猫糕 [stacey]: /trash
[DEBUG](staffLog) 20:16:39/06-30 20:15:44(-3) logged DEBUG in 🤯: [2024-06-30 15:15:47.274 UTC] [Info] [Main] [Command] Fisherman v0rtex [v0rtex]: /addshop buy
[DEBUG](staffLog) 20:16:39/06-30 20:15:51(-2) logged DEBUG in debug-logs: [2024-06-30 15:15:53.538 UTC] [Info] [Main] [Command] Fisherman v0rtex [v0rtex]: /itemid
[DEBUG](staffLog) 20:16:49/06-30 20:16:01(-1) logged DEBUG in 🤯: [2024-06-30 15:16:02.839 UTC] [Info] [Main] [Command] Fisherman v0rtex [v0rtex]: /addshop buy 1432 100000
[DEBUG](staffLog) 20:17:59/06-30 20:17:04(-3) logged DEBUG in debug-logs: [2024-06-30 15:17:07.673 UTC] [Info] [Main] [Command] Fisherman v0rtex [v0rtex]: /level
[DEBUG](staffLog) 20:17:59/06-30 20:17:10(-3) logged DEBUG in debug-logs: [2024-06-30 15:17:13.781 UTC] [Info] [Main] [Command] Fisherman v0rtex [v0rtex]: /levels
[DEBUG](staffLog) 20:18:09/06-30 20:17:16(-1) logged DEBUG in debug-logs: [2024-06-30 15:17:17.996 UTC] [Info] [Main] [Command] Fisherman v0rtex [v0rtex]: /levelup
[DEBUG](staffLog) 20:18:09/06-30 20:17:23(-1) logged DEBUG in 🤯: [2024-06-30 15:17:24.960 UTC] [Info] [Main] [Command] 猫猫糕 [stacey]: /trash
[DEBUG](staffLog) 20:18:19/06-30 20:17:32(-1) logged DEBUG in 🤯: [2024-06-30 15:17:33.941 UTC] [Info] [Main] [Command] 猫猫糕 [stacey]: /trash
[DEBUG](staffLog) 20:18:29/06-30 20:17:38(-2) logged DEBUG in 🤯: [2024-06-30 15:17:40.733 UTC] [Info] [Main] [Command] 猫猫糕 [stacey]: /trash
[DEBUG](staffLog) 20:18:39/06-30 20:17:46(-3) logged DEBUG in 🤯: [2024-06-30 15:17:49.183 UTC] [Info] [Main] [Command] 猫猫糕 [stacey]: /trash
[DEBUG](staffLog) 20:18:49/06-30 20:17:54(-2) logged MSG in 🌹: [2024-06-30 15:17:56.337 UTC] [Info] [Main] [Command] Gaming 2.0 [Gaming 2.0]: /r rednose can u add me in grp?
