[INFO](retrieveLog) wrote 5.706137MB to latest.log in 1.5104639530181885
[INFO](staffParse) CAUGHT UP TO LATEST 68
[DEBUG](staffLog) 20:23:49/07-17 20:23:35(-2) logged MSG in ðŸŒ¹: [2024-07-17 15:23:37.483 UTC] [Info] [Main] [Command] seba39 [seba39]: /pm whiteboy yellow one?
[DEBUG](staffLog) 20:37:39/07-17 20:37:25(-1) logged MSG in ðŸŒ¹: [2024-07-17 15:37:26.126 UTC] [Info] [Main] [Command] [3-B QUEST SHOP] Miyukii [Miyuki]: /pm pog nade the tower were i naded u
[DEBUG](staffLog) 20:37:49/07-17 20:37:40(-1) logged MSG in ðŸŒ¹: [2024-07-17 15:37:41.755 UTC] [Info] [Main] [Command] [3-B QUEST SHOP] Miyukii [Miyuki]: /pm pog i thinkk they are there
[DEBUG](staffLog) 20:51:09/07-17 20:50:59(-1) logged MSG in ðŸŒ¹: [2024-07-17 15:51:00.458 UTC] [Info] [Main] [Command] navi [Navi]: /pm banana can i dome you when you dome whiteboy
[DEBUG](staffLog) 20:52:29/07-17 20:52:12(-3) logged MSG in ðŸŒ¹: [2024-07-17 15:52:15.710 UTC] [Info] [Main] [Command] navi [Navi]: /pm banana ill let you kill me
[DEBUG](staffLog) 20:53:09/07-17 20:52:51(-3) logged MSG in ðŸŒ¹: [2024-07-17 15:52:54.299 UTC] [Info] [Main] [Command] navi [Navi]: /pm banana im at factory
[DEBUG](staffLog) 20:53:10/07-17 20:53:01(-1) logged R in ðŸŒ¹: [2024-07-17 15:53:02.912 UTC] [Info] [Main] [Command] banana [dirty bubble bandit.camp]: /r im going up tower
[DEBUG](staffLog) 20:54:09/07-17 20:53:57(-3) logged R in ðŸŒ¹: [2024-07-17 15:54:00.161 UTC] [Info] [Main] [Command] banana [dirty bubble bandit.camp]: /r ty
[DEBUG](staffLog) 20:54:19/07-17 20:54:04(-1) logged R in ðŸŒ¹: [2024-07-17 15:54:05.777 UTC] [Info] [Main] [Command] banana [dirty bubble bandit.camp]: /r u need any mroe
[DEBUG](staffLog) 20:54:19/07-17 20:54:03(-3) logged MSG in ðŸŒ¹: [2024-07-17 15:54:06.354 UTC] [Info] [Main] [Command] navi [Navi]: /pm banana np
[DEBUG](staffLog) 20:54:19/07-17 20:54:09(-3) logged R in ðŸŒ¹: [2024-07-17 15:54:12.140 UTC] [Info] [Main] [Command] banana [dirty bubble bandit.camp]: /r more
[DEBUG](staffLog) 20:54:29/07-17 20:54:13(-2) logged MSG in ðŸŒ¹: [2024-07-17 15:54:15.394 UTC] [Info] [Main] [Command] navi [Navi]: /pm banana no
[DEBUG](staffLog) 20:54:29/07-17 20:54:15(-3) logged R in ðŸŒ¹: [2024-07-17 15:54:18.715 UTC] [Info] [Main] [Command] banana [dirty bubble bandit.camp]: /r ok
[DEBUG](staffLog) 21:08:10/07-17 21:07:57(-2) logged MSG in ðŸŒ¹: [2024-07-17 16:07:59.349 UTC] [Info] [Main] [Command] [3-B QUEST SHOP] Miyukii [Miyuki]: /pm seba 250k for 1
[DEBUG](staffLog) 21:08:39/07-17 21:08:26(-2) logged MSG in ðŸŒ¹: [2024-07-17 16:08:28.325 UTC] [Info] [Main] [Command] [3-B QUEST SHOP] Miyukii [Miyuki]: /pm seba u can do ./pay yukii
[DEBUG](staffLog) 21:08:49/07-17 21:08:33(-1) logged MSG in ðŸŒ¹: [2024-07-17 16:08:34.537 UTC] [Info] [Main] [Command] [3-B QUEST SHOP] Miyukii [Miyuki]: /pm seba u can do ./pay yukii 250000
[DEBUG](staffLog) 21:18:29/07-17 21:18:12(-3) logged MSG in ðŸŒ¹: [2024-07-17 16:18:15.283 UTC] [Info] [Main] [Command] Meowavius [Jaquavius]: /msg whiteboy yo
[DEBUG](staffLog) 21:39:29/07-17 21:39:13(-1) logged API in ðŸ˜¶: [2024-07-17 16:39:14.884 UTC] [Info] [Thread Pool Worker] Pandahut >> Dealt with Action e2ce5daa612347b1986234309b6d885e with type "Spy @" for 76561199512573098 on Pandahut #19 [Unturnov 1.0 Remastered] [US-East] at 7/17/2024 4:39:10 PM
[DEBUG](staffLog) 21:41:39/07-17 21:41:31(-1) logged MSG in ðŸŒ¹: [2024-07-17 16:41:32.544 UTC] [Info] [Main] [Command] [3-B QUEST SHOP] Miyukii [Miyuki]: /pm rek accept group
[DEBUG](staffLog) 21:41:49/07-17 21:41:39(-2) logged MSG in ðŸŒ¹: [2024-07-17 16:41:41.885 UTC] [Info] [Main] [Command] [3-B QUEST SHOP] Miyukii [Miyuki]: /pm rek tabo simo meg?
[DEBUG](staffLog) 21:43:29/07-17 21:43:14(-3) logged MSG in ðŸŒ¹: [2024-07-17 16:43:17.836 UTC] [Info] [Main] [Command] Meowavius [Jaquavius]: /msg whiteboy yo
[DEBUG](staffLog) 21:43:30/07-17 21:43:20(-2) logged MSG in ðŸŒ¹: [2024-07-17 16:43:22.905 UTC] [Info] [Main] [Command] Meowavius [Jaquavius]: /msg whiteboy can i buy some guns from u
[DEBUG](staffLog) 21:45:29/07-17 21:45:14(-2) logged API in ðŸ˜¶: [2024-07-17 16:45:16.603 UTC] [Info] [Thread Pool Worker] Pandahut >> Dealt with Action 158a2f7f5d8a4c37ad946505e6934280 with type "Spy @" for 76561199512573098 on Pandahut #19 [Unturnov 1.0 Remastered] [US-East] at 7/17/2024 4:45:16 PM
[DEBUG](staffLog) 21:45:49/07-17 21:45:33(-3) logged API in ðŸ˜¶: [2024-07-17 16:45:36.695 UTC] [Info] [Thread Pool Worker] Pandahut >> Dealt with Action 2eef12d9772c4249aad81f9cda747671 with type "Spy @" for 76561199696711923 on Pandahut #19 [Unturnov 1.0 Remastered] [US-East] at 7/17/2024 4:45:31 PM
[DEBUG](staffLog) 21:57:50/07-17 21:57:35(-3) logged CONNECTING in ðŸ¤£: [2024-07-17 16:57:38.618 UTC] [Info] [Main] Connecting: PlayerID: 76561199078055336 Steam Name: dsod Character name: dsod Nick: dsod Group: 112589998357433869 Join GUID: 9f259264-f9d2-42ba-bcbf-b9da031ad98b Character Slot: 0 Language: English
[DEBUG](staffLog) 21:59:19/07-17 21:59:07(-3) fakelogged DEBUG in ðŸ¤¯: [2024-07-17 16:59:10.872 UTC] [Info] [Main] [Command] dsod [dsod]: /i elcan
[DEBUG](staffLog) 22:00:39/07-17 22:00:28(-3) fakelogged DEBUG in ðŸ¤¯: [2024-07-17 17:00:31.178 UTC] [Info] [Main] [Command] dsod [dsod]: /i 58422
[DEBUG](staffLog) 22:02:09/07-17 22:01:59(-2) fakelogged DEBUG in ðŸ¤¯: [2024-07-17 17:02:01.720 UTC] [Info] [Main] [Command] dsod [dsod]: /i ta11
[DEBUG](staffLog) 22:02:59/07-17 22:02:45(-2) fakelogged DEBUG in ðŸ¤¯: [2024-07-17 17:02:47.490 UTC] [Info] [Main] [Command] dsod [dsod]: /i 8704
[DEBUG](staffLog) 22:05:29/07-17 22:05:15(-1) fakelogged DEBUG in ðŸ¤¯: [2024-07-17 17:05:16.083 UTC] [Info] [Main] [Command] dsod [dsod]: /vault kappa
[DEBUG](staffLog) 22:05:29/07-17 22:05:18(-1) fakelogged DEBUG in ðŸ¤¯: [2024-07-17 17:05:19.785 UTC] [Info] [Main] [Command] dsod [dsod]: /vault gamma
[DEBUG](staffLog) 22:17:49/07-17 22:17:32(-2) logged MSG in ðŸŒ¹: [2024-07-17 17:17:34.986 UTC] [Info] [Main] [Command] whiteboy [whiteboy5632 notfound.tech]: /pm champ what you sellin lab for
[DEBUG](staffLog) 22:20:09/07-17 22:20:00(-2) fakelogged DEBUG in ðŸ¤¯: [2024-07-17 17:20:02.312 UTC] [Info] [Main] [Command] dsod [dsod]: /i cz79
[DEBUG](staffLog) 22:20:19/07-17 22:20:04(-1) fakelogged DEBUG in ðŸ¤¯: [2024-07-17 17:20:05.546 UTC] [Info] [Main] [Command] dsod [dsod]: /i c79
[DEBUG](staffLog) 22:27:59/07-17 22:27:47(-3) logged CHAT in ðŸ¥¶: [2024-07-17 17:27:50.102 UTC] [Info] [Main] [Global] dsod [dsod]: any1 git 1 m4a1?
[DEBUG](staffLog) 22:29:09/07-17 22:28:54(-1) logged CHAT in ðŸ¥¶: [2024-07-17 17:28:55.463 UTC] [Info] [Main] [Global] dsod [dsod]: its fine some1 gave me 1 already
[DEBUG](staffLog) 22:29:49/07-17 22:29:31(-2) logged MSG in ðŸŒ¹: [2024-07-17 17:29:33.473 UTC] [Info] [Main] [Command] whiteboy [whiteboy5632 notfound.tech]: /pm champ not inter
[DEBUG](staffLog) 22:30:39/07-17 22:30:25(-1) logged STATS in stats: [2024-07-17 17:30:26.148 UTC] [Info] [Main] [Command] Mintcascade [Mintcascade]: /stats .
[DEBUG](staffLog) 22:31:19/07-17 22:31:01(-3) logged MSG in ðŸŒ¹: [2024-07-17 17:31:04.806 UTC] [Info] [Main] [Command] navi [Navi]: /pm pog we got it
[DEBUG](staffLog) 22:31:20/07-17 22:31:09(-1) logged R in ðŸŒ¹: [2024-07-17 17:31:10.617 UTC] [Info] [Main] [Command] Pog [Cheese]: /r gg
[DEBUG](staffLog) 22:31:29/07-17 22:31:16(-3) logged R in ðŸŒ¹: [2024-07-17 17:31:19.919 UTC] [Info] [Main] [Command] Pog [Cheese]: /r where btw
[DEBUG](staffLog) 22:31:39/07-17 22:31:25(-1) logged MSG in ðŸŒ¹: [2024-07-17 17:31:26.527 UTC] [Info] [Main] [Command] navi [Navi]: /pm pog city
[DEBUG](staffLog) 22:31:39/07-17 22:31:28(-3) logged R in ðŸŒ¹: [2024-07-17 17:31:31.466 UTC] [Info] [Main] [Command] Pog [Cheese]: /r what the fuck
[DEBUG](staffLog) 22:31:49/07-17 22:31:39(-1) logged R in ðŸŒ¹: [2024-07-17 17:31:40.263 UTC] [Info] [Main] [Command] Pog [Cheese]: /r wanna know smth funny
[DEBUG](staffLog) 22:31:59/07-17 22:31:46(-2) logged MSG in ðŸŒ¹: [2024-07-17 17:31:48.995 UTC] [Info] [Main] [Command] navi [Navi]: /pm pog what?
[DEBUG](staffLog) 22:32:09/07-17 22:31:55(-2) logged R in ðŸŒ¹: [2024-07-17 17:31:57.529 UTC] [Info] [Main] [Command] Pog [Cheese]: /r the first airdrop i got was earlier when the airdrop landed ontop of me
[DEBUG](staffLog) 22:32:29/07-17 22:32:14(-2) logged DEBUG in debug-logs: [2024-07-17 17:32:16.264 UTC] [Info] [Main] [Command] dsod [dsod]: /playergod obi
[DEBUG](staffLog) 22:32:29/07-17 22:32:21(-1) logged DEBUG in debug-logs: [2024-07-17 17:32:22.968 UTC] [Info] [Main] [Command] dsod [dsod]: /godplayer obi
[DEBUG](staffLog) 22:32:39/07-17 22:32:26(-1) logged R in ðŸŒ¹: [2024-07-17 17:32:27.470 UTC] [Info] [Main] [Command] Pog [Cheese]: /r i lied to everyone that it ws in city
[DEBUG](staffLog) 22:32:49/07-17 22:32:32(-3) logged DEBUG in debug-logs: [2024-07-17 17:32:35.140 UTC] [Info] [Main] [Command] dsod [dsod]: /heal obi
[DEBUG](staffLog) 22:32:49/07-17 22:32:34(-3) logged DEBUG in debug-logs: [2024-07-17 17:32:37.305 UTC] [Info] [Main] [Command] dsod [dsod]: /godplayer obi
[DEBUG](staffLog) 22:32:59/07-17 22:32:41(-2) logged DEBUG in debug-logs: [2024-07-17 17:32:43.211 UTC] [Info] [Main] [Command] dsod [dsod]: /cuff obi
[DEBUG](staffLog) 22:33:09/07-17 22:32:53(-2) logged DEBUG in debug-logs: [2024-07-17 17:32:55.318 UTC] [Info] [Main] [Command] dsod [dsod]: /uncuff obi
[DEBUG](staffLog) 22:33:09/07-17 22:32:58(-3) logged DEBUG in debug-logs: [2024-07-17 17:33:01.339 UTC] [Info] [Main] [Command] dsod [dsod]: /uncuff dsod
[DEBUG](staffLog) 22:34:39/07-17 22:34:31(-1) logged MSG in ðŸŒ¹: [2024-07-17 17:34:32.590 UTC] [Info] [Main] [Command] whiteboy [whiteboy5632 notfound.tech]: /pm champ where you at
[DEBUG](staffLog) 22:35:29/07-17 22:35:15(-3) logged CHAT in ðŸ¥¶: [2024-07-17 17:35:18.875 UTC] [Info] [Main] [Global] dsod [dsod]: thats crazy
[DEBUG](staffLog) 23:02:39/07-17 23:02:22(-1) logged CHAT in ðŸ¥¶: [2024-07-17 18:02:23.546 UTC] [Info] [Main] [Global] dsod [dsod]: pvp reserve
[DEBUG](staffLog) 23:11:09/07-17 23:10:52(-1) logged MSG in ðŸŒ¹: [2024-07-17 18:10:53.721 UTC] [Info] [Main] [Command] dsod [dsod]: /pm chody sup
[DEBUG](staffLog) 23:11:49/07-17 23:11:38(-2) logged CHAT in ðŸ¥¶: [2024-07-17 18:11:40.060 UTC] [Info] [Main] [Global] dsod [dsod]: press M then "Quests", it will give you a better description about what to do
[DEBUG](staffLog) 23:11:59/07-17 23:11:46(-1) logged CHAT in ðŸ¥¶: [2024-07-17 18:11:47.448 UTC] [Info] [Main] [Global] dsod [dsod]: some qeusts require you to be on a specific map
[DEBUG](staffLog) 23:11:59/07-17 23:11:49(-3) logged CHAT in ðŸ¥¶: [2024-07-17 18:11:52.985 UTC] [Info] [Main] [Global] dsod [dsod]: or use a specific weapon
[DEBUG](staffLog) 23:12:09/07-17 23:11:57(-1) logged CHAT in ðŸ¥¶: [2024-07-17 18:11:58.870 UTC] [Info] [Main] [Global] dsod [dsod]: yes
[DEBUG](staffLog) 23:16:39/07-17 23:16:22(-1) logged MSG in ðŸŒ¹: [2024-07-17 18:16:23.307 UTC] [Info] [Main] [Command] DaChamp [DaChamp]: /pm grub ult b
[DEBUG](staffLog) 23:16:51/07-17 23:16:32(-3) logged MSG in ðŸŒ¹: [2024-07-17 18:16:35.252 UTC] [Info] [Main] [Command] DaChamp [DaChamp]: /pm grub yup
[DEBUG](staffLog) 23:24:59/07-17 23:24:44(-3) logged DEBUG in debug-logs: [2024-07-17 18:24:47.370 UTC] [Info] [Main] [Command] dsod [dsod]: /setflag obi 12600 1
[DEBUG](staffLog) 23:26:39/07-17 23:26:31(-1) logged MSG in ðŸŒ¹: [2024-07-17 18:26:32.082 UTC] [Info] [Main] [Command] Harm [Harm]: /pm shme you a bitch
[DEBUG](staffLog) 23:32:59/07-17 23:32:45(-1) logged MSG in ðŸŒ¹: [2024-07-17 18:32:46.445 UTC] [Info] [Main] [Command] Harm [Harm]: /pm whiteboy yo
[DEBUG](staffLog) 23:35:29/07-17 23:35:14(-3) logged STATS in stats: [2024-07-17 18:35:17.869 UTC] [Info] [Main] [Command] dsod [dsod]: /stats .
[DEBUG](staffLog) 23:36:31/07-17 23:35:51(-2) logged STATS in stats: [2024-07-17 18:35:53.962 UTC] [Info] [Main] [Command] dsod [dsod]: /stats .
[DEBUG](staffLog) 23:36:31/07-17 23:35:52(-3) logged STATS in stats: [2024-07-17 18:35:55.840 UTC] [Info] [Main] [Command] dsod [dsod]: /stat .
[DEBUG](staffLog) 23:38:59/07-17 23:38:52(-1) logged BAN in bans: [2024-07-17 18:38:53.075 UTC] [Info] [Main] [Command] Swamp Baby [Krezen]: /globalban 76561199348399984 "IPS/PERM" 0
[DEBUG](staffLog) 23:39:59/07-17 23:39:48(-1) logged CHAT in ðŸ¥¶: [2024-07-17 18:39:49.289 UTC] [Info] [Main] [Global] dsod [dsod]: tf is that supposed to me
[DEBUG](staffLog) 23:40:09/07-17 23:39:53(-2) logged CHAT in ðŸ¥¶: [2024-07-17 18:39:55.213 UTC] [Info] [Main] [Global] dsod [dsod]: to mean*
[DEBUG](staffLog) 23:40:49/07-17 23:40:34(-3) logged DISCONNECTING in ðŸ¤: [2024-07-17 18:40:37.546 UTC] [Info] [Main] Disconnecting: PlayerID: 76561199078055336 Steam Name: dsod Character name: dsod Nick: dsod Group: 112589998860273882 Session Length 1.72 Hours
[DEBUG](staffLog) 23:41:50/07-17 23:41:32(-1) logged CONNECTING in ðŸ¤£: [2024-07-17 18:41:33.598 UTC] [Info] [Main] Connecting: PlayerID: 76561199078055336 Steam Name: dsod Character name: dsod Nick: dsod Group: 112589998860273882 Join GUID: 95d19555-977d-437e-8cd9-30ae8cd2eed9 Character Slot: 0 Language: English
[DEBUG](staffLog) 23:41:50/07-17 23:41:40(-2) logged DEBUG in debug-logs: [2024-07-17 18:41:42.039 UTC] [Info] [Main] [Command] dsod [dsod]: /wreck teleport 76561199079960807 b
[DEBUG](staffLog) 23:42:31/07-17 23:42:06(-3) logged API in ðŸ˜¶: [2024-07-17 18:42:09.195 UTC] [Info] [Thread Pool Worker] Pandahut >> Dealt with Action 24c3a2a73b9e4d439f215e3ce6c315bc with type "rank" for 76561198360211536 on Pandahut #19 [Unturnov 1.0 Remastered] [US-East] at 7/17/2024 6:42:04 PM
[DEBUG](staffLog) 23:50:59/07-17 23:50:47(-1) logged DISCONNECTING in ðŸ¤: [2024-07-17 18:50:48.793 UTC] [Info] [Main] Disconnecting: PlayerID: 76561199078055336 Steam Name: dsod Character name: dsod Nick: dsod Group: 112589998860273882 Session Length 9.25 Minutes
[DEBUG](staffLog) 00:20:19/07-18 00:19:48(-3) logged MSG in ðŸŒ¹: [2024-07-17 19:19:51.791 UTC] [Info] [Main] [Command] Meowavius [Jaquavius]: /msg chody where did u die in labs?
[DEBUG](staffLog) 00:21:11/07-18 00:20:45(-2) logged MSG in ðŸŒ¹: [2024-07-17 19:20:47.184 UTC] [Info] [Main] [Command] Meowavius [Jaquavius]: /msg chody where did u die in labs?
[DEBUG](staffLog) 00:32:06/07-18 00:31:40(-2) logged MSG in ðŸŒ¹: [2024-07-17 19:31:42.395 UTC] [Info] [Main] [Command] touchme [luv2hatee]: /pm $leep whats your dis?
[ERROR](staffParse) error parsing 'NoneType' object has no attribute 'replace' | {'name': 'MSG', 'aliases': ['pm'], 'channel': 1256769061791072317, 'public': False, 'text': 'player "{}" said "{}" to "{}"', 'textArgs': ['sender', 'params', 'target'], 'autocomplete': True, 'color': 34001} | [2024-07-17 19:53:12.849 UTC] [Info] [Main] [Command] GoonNinja [Ice Spice]: /msg

[ERROR](staffParse) error parsing 'NoneType' object has no attribute 'replace' | {'name': 'MSG', 'aliases': ['pm'], 'channel': 1256769061791072317, 'public': False, 'text': 'player "{}" said "{}" to "{}"', 'textArgs': ['sender', 'params', 'target'], 'autocomplete': True, 'color': 34001} | [2024-07-17 19:53:15.089 UTC] [Info] [Main] [Command] Sage [Sage]: /pm

[DEBUG](staffLog) 00:53:41/07-18 00:53:26(-2) logged MSG in ðŸŒ¹: [2024-07-17 19:53:28.168 UTC] [Info] [Main] [Command] GoonNinja [Ice Spice]: /pm fbifacedown whats ur discord
[DEBUG](staffLog) 01:17:09/07-18 01:16:57(-3) logged MSG in ðŸŒ¹: [2024-07-17 20:17:00.721 UTC] [Info] [Main] [Command] navi [Navi]: /pm meow buy a labs
[DEBUG](staffLog) 01:17:49/07-18 01:17:07(-3) logged MSG in ðŸŒ¹: [2024-07-17 20:17:10.063 UTC] [Info] [Main] [Command] Meowavius [Jaquavius]: /msg navi i did
[DEBUG](staffLog) 01:17:49/07-18 01:17:11(-3) logged MSG in ðŸŒ¹: [2024-07-17 20:17:14.712 UTC] [Info] [Main] [Command] Meowavius [Jaquavius]: /msg navi wanna go together?
[DEBUG](staffLog) 01:17:50/07-18 01:17:18(-3) logged MSG in ðŸŒ¹: [2024-07-17 20:17:21.596 UTC] [Info] [Main] [Command] Meowavius [Jaquavius]: /msg navi lets go together
[DEBUG](staffLog) 01:17:50/07-18 01:17:38(-3) logged MSG in ðŸŒ¹: [2024-07-17 20:17:41.102 UTC] [Info] [Main] [Command] navi [Navi]: /pm meowavius was finna go city
[DEBUG](staffLog) 01:17:59/07-18 01:17:48(-2) logged MSG in ðŸŒ¹: [2024-07-17 20:17:50.602 UTC] [Info] [Main] [Command] Meowavius [Jaquavius]: /msg navi yall can inv me to group fr
[DEBUG](staffLog) 01:23:59/07-18 01:23:42(-3) logged API in ðŸ˜¶: [2024-07-17 20:23:45.775 UTC] [Info] [Thread Pool Worker] Pandahut >> Dealt with Action 256f452d7b32412ab35ae32e7bea4663 with type "Spy @" for 76561199741380715 on Pandahut #19 [Unturnov 1.0 Remastered] [US-East] at 7/17/2024 8:23:35 PM
[DEBUG](staffLog) 01:24:10/07-18 01:23:54(-1) logged API in ðŸ˜¶: [2024-07-17 20:23:55.808 UTC] [Info] [Thread Pool Worker] Pandahut >> Dealt with Action 7d3cc5e08dc743a3842d299ac321d0b8 with type "Spy @" for 76561198367865190 on Pandahut #19 [Unturnov 1.0 Remastered] [US-East] at 7/17/2024 8:23:47 PM
