[INFO](retrieveLog) wrote 17.019748MB to latest.log in 1.9530296325683594
[INFO](staffParse) CAUGHT UP TO LATEST 75
[DEBUG](staffLog) 21:46:27/07-07 21:45:29(-2) logged MSG in 🌹: [2024-07-07 16:45:31.171 UTC] [Info] [Main] [Command] APEX [SuTR] [Apex]: /pm hawk15 apexxxx9276
[DEBUG](staffLog) 21:47:40/07-07 21:46:35(-3) logged MSG in 🌹: [2024-07-07 16:46:38.510 UTC] [Info] [Main] [Command] APEX [SuTR] [Apex]: /pm hawk15 apexxxx9276
[DEBUG](staffLog) 21:51:09/07-07 21:50:03(-2) logged MSG in 🌹: [2024-07-07 16:50:05.342 UTC] [Info] [Main] [Command] touchme [luv2hatee]: /pm iplaythisgame
[DEBUG](staffLog) 21:51:09/07-07 21:50:09(-2) logged MSG in 🌹: [2024-07-07 16:50:11.082 UTC] [Info] [Main] [Command] touchme [luv2hatee]: /pm iplaythisgame ok
[DEBUG](staffLog) 21:54:27/07-07 21:53:30(-1) logged MSG in 🌹: [2024-07-07 16:53:31.757 UTC] [Info] [Main] [Command] touchme [luv2hatee]: /pm iplaythisgame idk where i am at
[DEBUG](staffLog) 21:56:37/07-07 21:55:35(-1) logged MSG in 🌹: [2024-07-07 16:55:36.453 UTC] [Info] [Main] [Command] Bella<3 [Womp Womp < 3]: /pm ashley how many u need
[DEBUG](staffLog) 21:56:47/07-07 21:55:41(-3) logged MSG in 🌹: [2024-07-07 16:55:44.547 UTC] [Info] [Main] [Command] Ashley [Dusty]: /pm bella 1 stack
[DEBUG](staffLog) 21:56:47/07-07 21:55:47(-3) logged R in 🌹: [2024-07-07 16:55:50.685 UTC] [Info] [Main] [Command] Bella<3 [Womp Womp < 3]: /r like 10 more?
[DEBUG](staffLog) 21:57:30/07-07 21:56:32(-2) logged MSG in 🌹: [2024-07-07 16:56:34.360 UTC] [Info] [Main] [Command] Ashley [Dusty]: /pm bella no 100 more qwq
[DEBUG](staffLog) 21:57:47/07-07 21:56:44(-1) logged MSG in 🌹: [2024-07-07 16:56:45.518 UTC] [Info] [Main] [Command] Ashley [Dusty]: /pm bella i have like 53 dogtags
[DEBUG](staffLog) 21:59:17/07-07 21:58:15(-2) logged R in 🌹: [2024-07-07 16:58:17.506 UTC] [Info] [Main] [Command] Bella<3 [Womp Womp < 3]: /r come to bunker
[DEBUG](staffLog) 21:59:27/07-07 21:58:21(-3) logged R in 🌹: [2024-07-07 16:58:24.253 UTC] [Info] [Main] [Command] Bella<3 [Womp Womp < 3]: /r wait actually wya
[DEBUG](staffLog) 21:59:28/07-07 21:58:27(-3) logged MSG in 🌹: [2024-07-07 16:58:30.939 UTC] [Info] [Main] [Command] Ashley [Dusty]: /pm bella EC
[DEBUG](staffLog) 21:59:48/07-07 21:58:45(-1) logged MSG in 🌹: [2024-07-07 16:58:46.162 UTC] [Info] [Main] [Command] Ashley [Dusty]: /pm bella exclusive C
[DEBUG](staffLog) 22:21:42/07-07 22:20:41(-1) logged MSG in 🌹: [2024-07-07 17:20:42.493 UTC] [Info] [Main] [Command] Cainã 16B SHOP QUEST ITEMS [Cainã]: /pm bella whats your apartment?
[DEBUG](staffLog) 22:21:52/07-07 22:20:49(-1) logged R in 🌹: [2024-07-07 17:20:50.392 UTC] [Info] [Main] [Command] Bella<3 [Womp Womp < 3]: /r ult d but 1sec
[DEBUG](staffLog) 22:22:27/07-07 22:21:26(-1) logged MSG in 🌹: [2024-07-07 17:21:27.838 UTC] [Info] [Main] [Command] Cainã 16B SHOP QUEST ITEMS [Cainã]: /pm darkness how much?
[DEBUG](staffLog) 22:22:37/07-07 22:21:34(-2) logged R in 🌹: [2024-07-07 17:21:36.031 UTC] [Info] [Main] [Command] Darkness [Darkness]: /r 1m
[DEBUG](staffLog) 22:31:07/07-07 22:30:02(-2) logged MSG in 🌹: [2024-07-07 17:30:04.415 UTC] [Info] [Main] [Command] Bella<3 [Womp Womp < 3]: /pm blade im tryna raech top 1 bal ur so mean
[DEBUG](staffLog) 22:38:17/07-07 22:37:18(-1) logged MSG in 🌹: [2024-07-07 17:37:19.725 UTC] [Info] [Main] [Command] Bella<3 [Womp Womp < 3]: /pm blade 2 pc and thats it
[DEBUG](staffLog) 22:38:27/07-07 22:37:27(-1) logged MSG in 🌹: [2024-07-07 17:37:28.603 UTC] [Info] [Main] [Command] Bella<3 [Womp Womp < 3]: /pm blade but alot of guns spawn
