[DEBUG](staffLog) 00:40:05/10-14 00:39:59(-1) logged MSG in 🌹: [2024-10-13 19:40:00.771 UTC] [Info] [Main] [Command] Flxcii <3 [Flcxii]: /pm scary im back
[DEBUG](staffLog) 00:40:19/10-14 00:40:04(-2) logged R in 🌹: [2024-10-13 19:40:06.637 UTC] [Info] [Main] [Command] scary terry #FREEBUCKET [egirl]: /r hi
[DEBUG](staffLog) 00:40:34/10-14 00:40:30(-2) logged MSG in 🌹: [2024-10-13 19:40:32.203 UTC] [Info] [Main] [Command] Flxcii <3 [Flcxii]: /pm scary thug nation???
[DEBUG](staffLog) 00:40:49/10-14 00:40:37(-3) logged MSG in 🌹: [2024-10-13 19:40:40.401 UTC] [Info] [Main] [Command] Max [Max]: /pm Bru we could just kill each other in the arena using pistol ?
[DEBUG](staffLog) 00:41:34/10-14 00:41:22(-1) logged MSG in 🌹: [2024-10-13 19:41:23.969 UTC] [Info] [Main] [Command] Max [Max]: /pm Bru i just had the quest too so im almost empty
[DEBUG](staffLog) 00:41:35/10-14 00:41:23(-2) logged MSG in 🌹: [2024-10-13 19:41:25.534 UTC] [Info] [Main] [Command] Flxcii <3 [Flcxii]: /pm scary need help?
[DEBUG](staffLog) 01:34:50/10-14 01:34:36(-1) logged MSG in 🌹: [2024-10-13 20:34:37.689 UTC] [Info] [Main] [Command] 2xz2z [2xz2z]: /pm Voxy yo
[DEBUG](staffLog) 01:35:05/10-14 01:34:48(-2) logged MSG in 🌹: [2024-10-13 20:34:50.177 UTC] [Info] [Main] [Command] 2xz2z [2xz2z]: /pm Voxy tell him I didnt take shit he kicked me for no fuckin reason
[DEBUG](staffLog) 01:43:05/10-14 01:42:55(-1) logged MSG in 🌹: [2024-10-13 20:42:56.869 UTC] [Info] [Main] [Command] Alucard [Alucard]: /pm wilson yall stil in labs
[DEBUG](staffLog) 01:44:50/10-14 01:44:46(-1) logged MSG in 🌹: [2024-10-13 20:44:47.208 UTC] [Info] [Main] [Command] Alucard [Alucard]: /pm greg you still in labs
[DEBUG](staffLog) 01:45:05/10-14 01:44:51(-1) logged R in 🌹: [2024-10-13 20:44:52.332 UTC] [Info] [Main] [Command] Dr. Gregory House [GigaN9a]: /r nah
[DEBUG](staffLog) 01:45:20/10-14 01:45:07(-2) logged MSG in 🌹: [2024-10-13 20:45:09.496 UTC] [Info] [Main] [Command] Alucard [Alucard]: /pm greg dawg why are you doing it
[DEBUG](staffLog) 01:45:20/10-14 01:45:11(-3) logged R in 🌹: [2024-10-13 20:45:14.967 UTC] [Info] [Main] [Command] Dr. Gregory House [GigaN9a]: /r doing what
[DEBUG](staffLog) 01:45:50/10-14 01:45:34(-2) logged MSG in 🌹: [2024-10-13 20:45:36.818 UTC] [Info] [Main] [Command] Alucard [Alucard]: /pm greg i have cheated on this game before i wont report yall cause i get it but go like city
[DEBUG](staffLog) 01:46:20/10-14 01:46:13(-3) logged MSG in 🌹: [2024-10-13 20:46:16.339 UTC] [Info] [Main] [Command] Alucard [Alucard]: /pm greg what are yall using
[DEBUG](staffLog) 01:47:50/10-14 01:47:44(-3) logged MSG in 🌹: [2024-10-13 20:47:47.133 UTC] [Info] [Main] [Command] Alucard [Alucard]: /pm greg what are yall using
[DEBUG](staffLog) 01:48:05/10-14 01:47:54(-2) logged MSG in 🌹: [2024-10-13 20:47:56.975 UTC] [Info] [Main] [Command] Alucard [Alucard]: /pm greg dark night
[DEBUG](staffLog) 01:48:05/10-14 01:47:59(-1) logged R in 🌹: [2024-10-13 20:48:00.293 UTC] [Info] [Main] [Command] Dr. Gregory House [GigaN9a]: /r no
[DEBUG](staffLog) 01:48:20/10-14 01:48:00(-3) logged R in 🌹: [2024-10-13 20:48:03.510 UTC] [Info] [Main] [Command] Dr. Gregory House [GigaN9a]: /r made it ourselves
[DEBUG](staffLog) 01:48:20/10-14 01:48:07(-2) logged MSG in 🌹: [2024-10-13 20:48:09.071 UTC] [Info] [Main] [Command] Alucard [Alucard]: /pm greg nice
[DEBUG](staffLog) 01:48:20/10-14 01:48:12(-1) logged R in 🌹: [2024-10-13 20:48:13.170 UTC] [Info] [Main] [Command] Dr. Gregory House [GigaN9a]: /r yurrrrrrrrrr
[DEBUG](staffLog) 01:48:50/10-14 01:48:32(-3) logged MSG in 🌹: [2024-10-13 20:48:35.541 UTC] [Info] [Main] [Command] Alucard [Alucard]: /pm greg does the s aim work on here
[DEBUG](staffLog) 01:48:50/10-14 01:48:38(-3) logged R in 🌹: [2024-10-13 20:48:41.574 UTC] [Info] [Main] [Command] Dr. Gregory House [GigaN9a]: /r ofc bbg
[DEBUG](staffLog) 01:48:50/10-14 01:48:40(-2) logged MSG in 🌹: [2024-10-13 20:48:42.738 UTC] [Info] [Main] [Command] Alucard [Alucard]: /pm greg dark nights is a insta ban
[DEBUG](staffLog) 01:49:35/10-14 01:49:16(-2) logged MSG in 🌹: [2024-10-13 20:49:18.316 UTC] [Info] [Main] [Command] Alucard [Alucard]: /pm greg dam where yall the duo that was using a few days ago on this
[DEBUG](staffLog) 01:49:35/10-14 01:49:26(-1) logged R in 🌹: [2024-10-13 20:49:27.151 UTC] [Info] [Main] [Command] Dr. Gregory House [GigaN9a]: /r probably lmao
[DEBUG](staffLog) 01:49:50/10-14 01:49:36(-1) logged MSG in 🌹: [2024-10-13 20:49:37.371 UTC] [Info] [Main] [Command] Alucard [Alucard]: /pm greg yall killed me at the airdrop right
[DEBUG](staffLog) 01:49:50/10-14 01:49:39(-3) logged R in 🌹: [2024-10-13 20:49:42.338 UTC] [Info] [Main] [Command] Dr. Gregory House [GigaN9a]: /r yuuuuuuuur
[DEBUG](staffLog) 01:49:50/10-14 01:49:42(-1) logged R in 🌹: [2024-10-13 20:49:43.533 UTC] [Info] [Main] [Command] Dr. Gregory House [GigaN9a]: /r LMAO
[DEBUG](staffLog) 01:50:35/10-14 01:50:25(-2) logged MSG in 🌹: [2024-10-13 20:50:27.082 UTC] [Info] [Main] [Command] Alucard [Alucard]: /pm greg dam
[DEBUG](staffLog) 01:51:05/10-14 01:50:49(-1) logged MSG in 🌹: [2024-10-13 20:50:50.126 UTC] [Info] [Main] [Command] Alucard [Alucard]: /pm wilson why yall keep dcing do you have like a temp bypass
[DEBUG](staffLog) 01:53:20/10-14 01:53:07(-2) logged MSG in 🌹: [2024-10-13 20:53:09.412 UTC] [Info] [Main] [Command] Alucard [Alucard]: /pm greg you guys dont have a full bypass is that why you keep dcing
[DEBUG](staffLog) 01:53:35/10-14 01:53:17(-1) logged R in 🌹: [2024-10-13 20:53:18.181 UTC] [Info] [Main] [Command] Dr. Gregory House [GigaN9a]: /r shit vpn
[DEBUG](staffLog) 01:53:35/10-14 01:53:19(-2) logged R in 🌹: [2024-10-13 20:53:21.291 UTC] [Info] [Main] [Command] Dr. Gregory House [GigaN9a]: /r es ist tragic
[DEBUG](staffLog) 01:53:35/10-14 01:53:24(-3) logged MSG in 🌹: [2024-10-13 20:53:27.436 UTC] [Info] [Main] [Command] Alucard [Alucard]: /pm greg use proton vpn free
[DEBUG](staffLog) 01:53:36/10-14 01:53:30(-2) logged R in 🌹: [2024-10-13 20:53:32.655 UTC] [Info] [Main] [Command] Dr. Gregory House [GigaN9a]: /r hell nah
[DEBUG](staffLog) 01:53:50/10-14 01:53:38(-2) logged CONNECTING in 🤣: [2024-10-13 20:53:40.207 UTC] [Info] [Main] Connecting: PlayerID: 76561198397021503 Steam Name: Foxbro37 Character name: Alastor Nick: Alastor Group: 112589995653513724 Join GUID: e7a25946-e698-4bc1-a5e7-1b0051d2d444 Character Slot: 0 Language: English
[DEBUG](staffLog) 01:54:05/10-14 01:53:56(-1) logged MSG in 🌹: [2024-10-13 20:53:57.596 UTC] [Info] [Main] [Command] Alucard [Alucard]: /pm alastor yo watch the doctor kids they are esping
[DEBUG](staffLog) 01:54:20/10-14 01:54:03(-3) logged DISCONNECTING in 🤐: [2024-10-13 20:54:06.761 UTC] [Info] [Main] Disconnecting: PlayerID: 76561198397021503 Steam Name: Foxbro37 Character name: Alastor Nick: Alastor Group: 112589995653513724 Session Length 26.56 Seconds
[DEBUG](staffLog) 01:54:20/10-14 01:54:06(-1) logged MSG in 🌹: [2024-10-13 20:54:07.909 UTC] [Info] [Main] [Command] Alucard [Alucard]: /pm alastor he told me that he is using cheats
[DEBUG](staffLog) 01:54:50/10-14 01:54:37(-1) logged MSG in 🌹: [2024-10-13 20:54:38.414 UTC] [Info] [Main] [Command] Alucard [Alucard]: /pm greg why dont yall use a paided one like mysturieum dark
[DEBUG](staffLog) 01:57:05/10-14 01:56:48(-3) logged MSG in 🌹: [2024-10-13 20:56:51.963 UTC] [Info] [Main] [Command] Alucard [Alucard]: /pm greg are you still in labs
[DEBUG](staffLog) 01:57:05/10-14 01:56:54(-1) logged R in 🌹: [2024-10-13 20:56:55.641 UTC] [Info] [Main] [Command] Dr. Gregory House [GigaN9a]: /r no
[DEBUG](staffLog) 01:57:05/10-14 01:56:59(-2) logged MSG in 🌹: [2024-10-13 20:57:01.478 UTC] [Info] [Main] [Command] Alucard [Alucard]: /pm greg where yall at
[DEBUG](staffLog) 01:58:20/10-14 01:58:02(-2) logged MSG in 🌹: [2024-10-13 20:58:04.411 UTC] [Info] [Main] [Command] Alucard [Alucard]: /pm alastor yo watch the dr duo they are both cheating
[DEBUG](staffLog) 01:58:35/10-14 01:58:21(-3) logged MSG in 🌹: [2024-10-13 20:58:24.563 UTC] [Info] [Main] [Command] Alucard [Alucard]: /pm lenny yo watch the doctor duo they are both cheating
[DEBUG](staffLog) 01:58:50/10-14 01:58:45(-2) logged MSG in 🌹: [2024-10-13 20:58:47.120 UTC] [Info] [Main] [Command] Alucard [Alucard]: /pm lenny im 99 percent sure he is using walls
[DEBUG](staffLog) 01:59:50/10-14 01:59:34(-1) logged SPY in 🍑: [2024-10-13 20:59:35.183 UTC] [Info] [Main] [Command] [EMC] Lenny [Lenny]: /spy 76561199791572648
[DEBUG](staffLog) 02:00:05/10-14 01:59:51(-3) logged SPY in 🍑: [2024-10-13 20:59:54.858 UTC] [Info] [Main] [Command] [EMC] Lenny [Lenny]: /spy hames
[DEBUG](staffLog) 02:00:05/10-14 01:59:55(-3) logged SPY in 🍑: [2024-10-13 20:59:58.965 UTC] [Info] [Main] [Command] [EMC] Lenny [Lenny]: /spy james
[DEBUG](staffLog) 02:08:05/10-14 02:07:59(-2) logged CONNECTING in 🤣: [2024-10-13 21:08:01.663 UTC] [Info] [Main] Connecting: PlayerID: 76561198278484587 Steam Name: Ghost Character name: Ghost Nick: ĞĞGhost Group: 0 Join GUID: 71d9db5e-5820-4e86-ab28-df79f3b1c5bd Character Slot: 0 Language: English
[DEBUG](staffLog) 02:17:20/10-14 02:17:08(-3) fakelogged DEBUG in 🤯: [2024-10-13 21:17:11.294 UTC] [Info] [Main] [Command] Ghost [Ghost]: /VAULT gamma
[DEBUG](staffLog) 02:23:20/10-14 02:23:05(-3) logged DISCONNECTING in 🤐: [2024-10-13 21:23:08.106 UTC] [Info] [Main] Disconnecting: PlayerID: 76561198278484587 Steam Name: Ghost Character name: Ghost Nick: ĞĞGhost Group: 0 Session Length 15.11 Minutes
[DEBUG](staffLog) 02:26:20/10-14 02:26:09(-1) logged API in 😶: [2024-10-13 21:26:10.413 UTC] [Info] [Thread Pool Worker] Pandahut >> Dealt with Action 8345e1003a32412eb70c3134f4bb1c0b with type "Spy @<@215627757361561601>" for 76561199002127635 on Pandahut #19 [Unturnov 1.0 Remastered] [US-East] at 10/13/2024 9:25:57 PM
[DEBUG](staffLog) 02:29:35/10-14 02:29:17(-3) logged MSG in 🌹: [2024-10-13 21:29:20.815 UTC] [Info] [Main] [Command] yves._ [yves._]: /pm bloodsal yo you wanna make some money
[DEBUG](staffLog) 02:52:05/10-14 02:51:59(-2) logged CONNECTING in 🤣: [2024-10-13 21:52:01.069 UTC] [Info] [Main] Connecting: PlayerID: 76561198278484587 Steam Name: Ghost Character name: Ghost Nick: ĞĞGhost Group: 0 Join GUID: adccf842-a3c0-4e88-a08f-fbb9955ba3c8 Character Slot: 0 Language: English
[DEBUG](staffLog) 02:53:50/10-14 02:53:41(-1) logged CHAT in 🥶: [2024-10-13 21:53:42.738 UTC] [Info] [Main] [Global] Ghost [Ghost]: How many chems u need?
[DEBUG](staffLog) 02:54:50/10-14 02:54:37(-1) fakelogged DEBUG in 🤯: [2024-10-13 21:54:38.891 UTC] [Info] [Main] [Command] Ghost [Ghost]: /VAULT gamma
[DEBUG](staffLog) 02:57:35/10-14 02:57:24(-3) logged DISCONNECTING in 🤐: [2024-10-13 21:57:27.829 UTC] [Info] [Main] Disconnecting: PlayerID: 76561198278484587 Steam Name: Ghost Character name: Ghost Nick: ĞĞGhost Group: 0 Session Length 5.45 Minutes
