[INFO](retrieveLog) wrote 9.710288MB to latest.log in 1.7088425159454346
[INFO](staffParse) CAUGHT UP TO LATEST 117
[DEBUG](staffLog) 01:31:44/07-05 01:30:51(-2) logged VANISH in vanish: [2024-07-04 20:30:53.592 UTC] [Info] [Main] [Command] drakos [Andre]: /vanish
[INFO](cancelMonitor) succesfully deleted monitor 76561199730672502 for user 1218944589994659850
[INFO](cancelMonitor) succesfully deleted monitor 76561199005666604 for user 837703090345214022
[INFO](cancelMonitor) succesfully deleted monitor 76561199729705121 for user 1218944589994659850
[INFO](listMonitors) succesfully listed 1 monitor for user resetdev
[DEBUG](staffLog) 02:13:44/07-05 02:12:44(-1) logged MSG in 游꺛: [2024-07-04 21:12:45.546 UTC] [Info] [Main] [Command] Tagilla's Mom [.OWNER Wolf_Fr | Johnson Lesteur]: /pm I was solo xD
[INFO](monitor) succesfully monitoring 76561199729401405 for user 1218944589994659850
[DEBUG](staffLog) 02:31:34/07-05 02:30:35(-1) logged MSG in 游꺛: [2024-07-04 21:30:36.958 UTC] [Info] [Main] [Command] SANITAR [WYKKYD]: /R
[DEBUG](staffLog) 02:40:34/07-05 02:39:40(-3) logged MSG in 游꺛: [2024-07-04 21:39:43.191 UTC] [Info] [Main] [Command] Chef J치vier [sk1n]: /pm goober Hi, what can we help with?
[DEBUG](staffLog) 02:40:54/07-05 02:40:01(-1) logged MSG in 游꺛: [2024-07-04 21:40:02.932 UTC] [Info] [Main] [Command] Mr. Goober? [ProfessorLockedIn]: /pm chef can you spy on imagine on interchange
[DEBUG](staffLog) 02:41:54/07-05 02:40:57(-1) logged MSG in 游꺛: [2024-07-04 21:40:58.333 UTC] [Info] [Main] [Command] Chef J치vier [sk1n]: /pm goober yes haha, Imagine is an old player that played Unturnov a lot and hs recently made a return to the server
[DEBUG](staffLog) 02:42:04/07-05 02:41:09(-2) logged MSG in 游꺛: [2024-07-04 21:41:11.804 UTC] [Info] [Main] [Command] Chef J치vier [sk1n]: /pm goober They aren't cheating, we have gotten many reports lol
[DEBUG](staffLog) 02:42:14/07-05 02:41:18(-3) logged MSG in 游꺛: [2024-07-04 21:41:21.826 UTC] [Info] [Main] [Command] Mr. Goober? [ProfessorLockedIn]: /pm chef im just booty
[DEBUG](staffLog) 02:42:14/07-05 02:41:19(-3) logged MSG in 游꺛: [2024-07-04 21:41:22.771 UTC] [Info] [Main] [Command] Chef J치vier [sk1n]: /pm goober They're just really really good
[DEBUG](staffLog) 02:42:24/07-05 02:41:28(-1) logged MSG in 游꺛: [2024-07-04 21:41:29.365 UTC] [Info] [Main] [Command] Chef J치vier [sk1n]: /r sorry I couldn't be of more help
[DEBUG](staffLog) 02:42:24/07-05 02:41:30(-1) logged MSG in 游꺛: [2024-07-04 21:41:31.715 UTC] [Info] [Main] [Command] Chef J치vier [sk1n]: /r best :)
[DEBUG](staffLog) 02:42:44/07-05 02:41:46(-2) logged MSG in 游꺛: [2024-07-04 21:41:48.146 UTC] [Info] [Main] [Command] Mr. Goober? [ProfessorLockedIn]: /pm chef no, you did your job so thank you!
[DEBUG](staffLog) 02:46:24/07-05 02:45:30(-2) logged VANISH in vanish: [2024-07-04 21:45:32.182 UTC] [Info] [Main] [Command] Godly [Godly]: /vanish
[DEBUG](staffLog) 02:47:25/07-05 02:46:24(-1) logged VANISH in vanish: [2024-07-04 21:46:25.647 UTC] [Info] [Main] [Command] Godly [Godly]: /vanish
[DEBUG](staffLog) 02:47:25/07-05 02:46:25(-2) logged VANISH in vanish: [2024-07-04 21:46:27.281 UTC] [Info] [Main] [Command] Godly [Godly]: /vanish
[DEBUG](staffLog) 02:47:25/07-05 02:46:25(-3) logged TP in tp: [2024-07-04 21:46:28.542 UTC] [Info] [Main] Pandahut >> Godly (76561199183989090) - Teleported to Zex sniper 1337 (76561199108648138 at North of Dorms (-949.8577 38.50672 857.7205) from South East of Arena (2417.5 5.462245 1358.547)
[DEBUG](staffLog) 02:47:26/07-05 02:46:28(-2) logged TP in tp: [2024-07-04 21:46:30.341 UTC] [Info] [Main] Pandahut >> Godly (76561199183989090) - Teleported to Zex sniper 1337 (76561199108648138 at North of Dorms (-964.697 38.73262 859.22) from West of C Big Red (-782.7454 38.86486 1055.251)
[DEBUG](staffLog) 02:47:34/07-05 02:46:34(-2) logged DEBUG in debug-logs: [2024-07-04 21:46:36.819 UTC] [Info] [Main] [Command] Godly [Godly]: /j
[DEBUG](staffLog) 02:47:34/07-05 02:46:42(-1) logged VANISH in vanish: [2024-07-04 21:46:43.449 UTC] [Info] [Main] [Command] Godly [Godly]: /vanish
[DEBUG](staffLog) 02:47:54/07-05 02:46:59(-1) logged VANISH in vanish: [2024-07-04 21:47:00.941 UTC] [Info] [Main] [Command] Godly [Godly]: /vanish
[DEBUG](staffLog) 02:47:54/07-05 02:47:00(-2) logged TP in tp: [2024-07-04 21:47:02.348 UTC] [Info] [Main] Pandahut >> Godly (76561199183989090) - Teleported to Zex sniper 1337 (76561199108648138 at East of Customs (-1109.72 41.03618 1020.032) from North of Dorms (-1022.07 38.80222 893.5703)
[DEBUG](staffLog) 02:48:04/07-05 02:47:04(-1) logged DEBUG in debug-logs: [2024-07-04 21:47:05.581 UTC] [Info] [Main] [Command] Godly [Godly]: /j
[DEBUG](staffLog) 02:48:04/07-05 02:47:08(-1) logged VANISH in vanish: [2024-07-04 21:47:09.604 UTC] [Info] [Main] [Command] Godly [Godly]: /vanish
[DEBUG](staffLog) 02:49:14/07-05 02:48:13(-2) logged BAN in bans: [2024-07-04 21:48:15.942 UTC] [Info] [Main] [Command] drakos [Andre]: /ban 76561199730093130 "Cheating | ISP | Perm" 0
[DEBUG](staffLog) 02:51:36/07-05 02:50:34(-1) logged VANISH in vanish: [2024-07-04 21:50:35.485 UTC] [Info] [Main] [Command] drakos [Andre]: /mod
[DEBUG](staffLog) 02:51:44/07-05 02:50:51(-2) logged DEBUG in debug-logs: [2024-07-04 21:50:53.094 UTC] [Info] [Main] [Command] Godly [Godly]: /addxp 76561199548666849 250000
[DEBUG](staffLog) 02:52:14/07-05 02:51:17(-3) logged VANISH in vanish: [2024-07-04 21:51:20.369 UTC] [Info] [Main] [Command] Godly [Godly]: /smod
[DEBUG](staffLog) 02:52:43/07-05 02:51:51(-1) fakelogged DEBUG in 游뱚: [2024-07-04 21:51:52.546 UTC] [Info] [Main] [Command] Godly [Godly]: /vault
[DEBUG](staffLog) 02:54:44/07-05 02:53:49(-2) logged CHAT in 游봈: [2024-07-04 21:53:51.743 UTC] [Info] [Main] [Global] Godly [Godly]: i got u
[DEBUG](staffLog) 02:54:44/07-05 02:53:52(-1) logged CHAT in 游봈: [2024-07-04 21:53:53.183 UTC] [Info] [Main] [Global] Godly [Godly]: ult a
[DEBUG](staffLog) 02:55:14/07-05 02:54:13(-1) fakelogged DEBUG in 游뱚: [2024-07-04 21:54:14.559 UTC] [Info] [Main] [Command] Godly [Godly]: /doortp
[DEBUG](staffLog) 02:55:14/07-05 02:54:21(-2) logged CHAT in 游봈: [2024-07-04 21:54:23.220 UTC] [Info] [Main] [Group] Godly [Godly]: AY
[DEBUG](staffLog) 02:55:24/07-05 02:54:22(-3) logged CHAT in 游봈: [2024-07-04 21:54:25.531 UTC] [Info] [Main] [Group] Godly [Godly]: DONT LOSS IT
[DEBUG](staffLog) 02:55:34/07-05 02:54:32(-2) fakelogged DEBUG in 游뱚: [2024-07-04 21:54:34.756 UTC] [Info] [Main] [Command] Godly [Godly]: /stuck
[DEBUG](staffLog) 02:55:44/07-05 02:54:42(-3) logged CHAT in 游봈: [2024-07-04 21:54:45.580 UTC] [Info] [Main] [Group] Godly [Godly]: watch bro die 2 seconds in
[DEBUG](staffLog) 02:55:44/07-05 02:54:45(-1) logged CHAT in 游봈: [2024-07-04 21:54:46.737 UTC] [Info] [Main] [Group] Godly [Godly]: :sob:
[DEBUG](staffLog) 02:55:54/07-05 02:54:55(-1) fakelogged DEBUG in 游뱚: [2024-07-04 21:54:56.453 UTC] [Info] [Main] [Command] Godly [Godly]: /doortp
[DEBUG](staffLog) 02:57:04/07-05 02:56:09(-3) fakelogged DEBUG in 游뱚: [2024-07-04 21:56:12.311 UTC] [Info] [Main] [Command] Godly [Godly]: /stuck
[DEBUG](staffLog) 02:59:04/07-05 02:58:09(-1) logged CHAT in 游봈: [2024-07-04 21:58:10.817 UTC] [Info] [Main] [Group] Godly [Godly]: let me guess
[DEBUG](staffLog) 02:59:34/07-05 02:58:31(-3) logged CHAT in 游봈: [2024-07-04 21:58:34.619 UTC] [Info] [Main] [Group] Godly [Godly]: dawg
[DEBUG](staffLog) 02:59:34/07-05 02:58:34(-3) logged CHAT in 游봈: [2024-07-04 21:58:37.728 UTC] [Info] [Main] [Group] Godly [Godly]: it might be ggs
[DEBUG](staffLog) 02:59:54/07-05 02:58:56(-3) logged CHAT in 游봈: [2024-07-04 21:58:59.326 UTC] [Info] [Main] [Group] Godly [Godly]: wsp
[DEBUG](staffLog) 03:00:04/07-05 02:59:08(-3) logged CHAT in 游봈: [2024-07-04 21:59:11.658 UTC] [Info] [Main] [Group] Godly [Godly]: LMAOOOO
[DEBUG](staffLog) 03:00:04/07-05 02:59:11(-1) logged CHAT in 游봈: [2024-07-04 21:59:12.399 UTC] [Info] [Main] [Group] Godly [Godly]: GGS
[DEBUG](staffLog) 03:00:14/07-05 02:59:14(-2) logged CHAT in 游봈: [2024-07-04 21:59:16.036 UTC] [Info] [Main] [Group] Godly [Godly]: was he in the room?
[DEBUG](staffLog) 03:00:24/07-05 02:59:23(-2) logged CHAT in 游봈: [2024-07-04 21:59:25.745 UTC] [Info] [Main] [Group] Godly [Godly]: GGS
[DEBUG](staffLog) 03:00:24/07-05 02:59:28(-1) logged CHAT in 游봈: [2024-07-04 21:59:29.864 UTC] [Info] [Main] [Group] Godly [Godly]: :sob:
[DEBUG](staffLog) 03:00:34/07-05 02:59:34(-1) logged CHAT in 游봈: [2024-07-04 21:59:35.981 UTC] [Info] [Main] [Group] Godly [Godly]: hoestly just kill him
[DEBUG](staffLog) 03:00:34/07-05 02:59:41(-1) logged CHAT in 游봈: [2024-07-04 21:59:42.134 UTC] [Info] [Main] [Group] Godly [Godly]: nahhhhhhhh
[DEBUG](staffLog) 03:00:44/07-05 02:59:48(-2) logged CHAT in 游봈: [2024-07-04 21:59:50.280 UTC] [Info] [Main] [Group] Godly [Godly]: thats disrespectful
[DEBUG](staffLog) 03:00:54/07-05 02:59:53(-1) logged CHAT in 游봈: [2024-07-04 21:59:54.915 UTC] [Info] [Main] [Group] Godly [Godly]: i wouldnt take that
[DEBUG](staffLog) 03:00:54/07-05 03:00:02(-1) logged SC in _: [2024-07-04 22:00:03.721 UTC] [Info] [Main] [Command] drakos [Andre]: /sc godly, look whats happening in pandahut general
[DEBUG](staffLog) 03:12:44/07-05 03:11:43(-2) logged VANISH in vanish: [2024-07-04 22:11:45.685 UTC] [Info] [Main] [Command] drakos [Andre]: /vanish
[DEBUG](staffLog) 03:16:44/07-05 03:15:49(-1) logged TP in tp: [2024-07-04 22:15:50.343 UTC] [Info] [Main] Pandahut >> Godly (76561199183989090) - Teleported to h00dbyair (76561199188974404 at North West of Range (356.6891 65.31445 2587.595) from North West of Range (304.7823 65.06444 2673.598)
[DEBUG](staffLog) 03:16:54/07-05 03:15:53(-3) logged TP in tp: [2024-07-04 22:15:56.327 UTC] [Info] [Main] Pandahut >> Godly (76561199183989090) - Teleported to Waiter v0rtex (76561198844615074 at North East of Arena (3011.649 0.1 3004.285) from North West of Range (361.3695 65.31445 2579.237)
[DEBUG](staffLog) 03:16:54/07-05 03:15:59(-2) logged SC in _: [2024-07-04 22:16:01.284 UTC] [Info] [Main] [Command] Silly Person :3 [Angel_Abov3]: /sc hello cheater guys
[DEBUG](staffLog) 03:17:04/07-05 03:16:05(-3) fakelogged DEBUG in 游뱚: [2024-07-04 22:16:08.939 UTC] [Info] [Main] [Command] Godly [Godly]: /vault
[DEBUG](staffLog) 03:17:04/07-05 03:16:10(-1) logged VANISH in vanish: [2024-07-04 22:16:11.047 UTC] [Info] [Main] [Command] Silly Person :3 [Angel_Abov3]: /vanish
[DEBUG](staffLog) 03:17:04/07-05 03:16:11(-2) logged TP in tp: [2024-07-04 22:16:13.307 UTC] [Info] [Main] Pandahut >> Silly Person :3 (76561198856241780) - Teleported to h00dbyair (76561199188974404 at North West of Range (356.6891 65.31445 2587.595) from North of Range (823.803 63.52341 2653.58)
[DEBUG](staffLog) 03:17:14/07-05 03:16:14(-3) logged TP in tp: [2024-07-04 22:16:17.605 UTC] [Info] [Main] Pandahut >> Silly Person :3 (76561198856241780) - Teleported to Waiter v0rtex (76561198844615074 at North East of Arena (3013.084 0.1 3011.716) from North West of Range (356.7743 65.31445 2583.397)
[DEBUG](staffLog) 03:17:14/07-05 03:16:19(-2) fakelogged DEBUG in 游뱚: [2024-07-04 22:16:21.814 UTC] [Info] [Main] [Command] Silly Person :3 [Angel_Abov3]: /i 334
[DEBUG](staffLog) 03:17:24/07-05 03:16:29(-1) logged TP in tp: [2024-07-04 22:16:30.853 UTC] [Info] [Main] Pandahut >> Godly (76561199183989090) - Teleported to Waiter v0rtex (76561198844615074 at North East of Arena (3010.476 1.311648 3006.132) from North West of Range (313.9844 66.28088 2664.57)
[DEBUG](staffLog) 03:17:53/07-05 03:16:58(-3) fakelogged DEBUG in 游뱚: [2024-07-04 22:17:01.942 UTC] [Info] [Main] [Command] Silly Person :3 [Angel_Abov3]: /trash
[DEBUG](staffLog) 03:17:53/07-05 03:16:59(-3) fakelogged DEBUG in 游뱚: [2024-07-04 22:17:02.877 UTC] [Info] [Main] [Command] Godly [Godly]: /stuck
[DEBUG](staffLog) 03:18:04/07-05 03:17:03(-3) fakelogged DEBUG in 游뱚: [2024-07-04 22:17:06.541 UTC] [Info] [Main] [Command] Godly [Godly]: /doortp
[DEBUG](staffLog) 03:18:34/07-05 03:17:36(-2) fakelogged DEBUG in 游뱚: [2024-07-04 22:17:38.716 UTC] [Info] [Main] [Command] Godly [Godly]: /stuck
[DEBUG](staffLog) 03:18:34/07-05 03:17:41(-2) fakelogged DEBUG in 游뱚: [2024-07-04 22:17:43.687 UTC] [Info] [Main] [Command] Godly [Godly]: /vault
[DEBUG](staffLog) 03:18:54/07-05 03:17:54(-1) logged CHAT in 游봈: [2024-07-04 22:17:55.503 UTC] [Info] [Main] [Global] Godly [Godly]: tt
[DEBUG](staffLog) 03:18:54/07-05 03:17:56(-1) logged VANISH in vanish: [2024-07-04 22:17:57.537 UTC] [Info] [Main] [Command] Godly [Godly]: /smod
[DEBUG](staffLog) 03:19:34/07-05 03:18:33(-2) fakelogged DEBUG in 游뱚: [2024-07-04 22:18:35.113 UTC] [Info] [Main] [Command] Godly [Godly]: /vault
[DEBUG](staffLog) 03:19:34/07-05 03:18:33(-2) logged VANISH in vanish: [2024-07-04 22:18:35.813 UTC] [Info] [Main] [Command] Silly Person :3 [Angel_Abov3]: /vanish
[DEBUG](staffLog) 03:19:34/07-05 03:18:33(-3) logged VANISH in vanish: [2024-07-04 22:18:36.706 UTC] [Info] [Main] [Command] Silly Person :3 [Angel_Abov3]: /vanish
[DEBUG](staffLog) 03:19:34/07-05 03:18:37(-1) logged TP in tp: [2024-07-04 22:18:38.530 UTC] [Info] [Main] Pandahut >> Silly Person :3 (76561198856241780) - Teleported to h00dbyair (76561199188974404 at North West of Range (356.6891 65.31445 2587.595) from North East of Arena (3009.609 0.09999979 2979.516)
[DEBUG](staffLog) 03:19:45/07-05 03:18:42(-3) logged TP in tp: [2024-07-04 22:18:45.877 UTC] [Info] [Main] Pandahut >> Silly Person :3 (76561198856241780) - Teleported to Waiter v0rtex (76561198844615074 at East of City (52.40996 55.28156 100.495) from North West of Range (360.3528 65.31445 2589.296)
[DEBUG](staffLog) 03:19:45/07-05 03:18:45(-2) logged TP in tp: [2024-07-04 22:18:47.734 UTC] [Info] [Main] Pandahut >> Silly Person :3 (76561198856241780) - Teleported to Waiter v0rtex (76561198844615074 at East of City (52.40996 55.28156 100.495) from South West of City (-327.9311 36.8522 56.71121)
[DEBUG](staffLog) 03:20:54/07-05 03:19:54(-3) logged DEBUG in debug-logs: [2024-07-04 22:19:57.285 UTC] [Info] [Main] [Command] Silly Person :3 [Angel_Abov3]: /j
[DEBUG](staffLog) 03:21:04/07-05 03:20:07(-3) logged DEBUG in debug-logs: [2024-07-04 22:20:10.407 UTC] [Info] [Main] [Command] Silly Person :3 [Angel_Abov3]: /j
[DEBUG](staffLog) 03:21:14/07-05 03:20:14(-1) logged VANISH in vanish: [2024-07-04 22:20:15.812 UTC] [Info] [Main] [Command] Godly [Godly]: /smod
[DEBUG](staffLog) 03:21:24/07-05 03:20:27(-1) logged VANISH in vanish: [2024-07-04 22:20:28.317 UTC] [Info] [Main] [Command] Godly [Godly]: /vanish
[DEBUG](staffLog) 03:21:34/07-05 03:20:40(-2) logged DEBUG in debug-logs: [2024-07-04 22:20:42.923 UTC] [Info] [Main] [Command] Silly Person :3 [Angel_Abov3]: /globalban 76561199022042817 "Cheating | CC | Perm"
[DEBUG](staffLog) 03:21:34/07-05 03:20:40(-3) logged CHAT in 游봈: [2024-07-04 22:20:43.493 UTC] [Info] [Main] [Global] Waiter v0rtex [v0rtex]: pvp city
[DEBUG](staffLog) 03:21:44/07-05 03:20:50(-1) logged VANISH in vanish: [2024-07-04 22:20:51.074 UTC] [Info] [Main] [Command] Godly [Godly]: /smod
[DEBUG](staffLog) 03:22:34/07-05 03:21:43(-1) logged VANISH in vanish: [2024-07-04 22:21:44.286 UTC] [Info] [Main] [Command] Godly [Godly]: /smod
[DEBUG](staffLog) 03:22:44/07-05 03:21:45(-3) logged DEBUG in debug-logs: [2024-07-04 22:21:48.752 UTC] [Info] [Main] [Command] Silly Person :3 [Angel_Abov3]: /j
[DEBUG](staffLog) 03:22:44/07-05 03:21:52(-1) logged DEBUG in debug-logs: [2024-07-04 22:21:53.852 UTC] [Info] [Main] [Command] Godly [Godly]: /addxp 76561199008253472 350000
[DEBUG](staffLog) 03:22:54/07-05 03:21:56(-3) logged VANISH in vanish: [2024-07-04 22:21:59.035 UTC] [Info] [Main] [Command] Godly [Godly]: /smod
[DEBUG](staffLog) 03:23:54/07-05 03:22:57(-2) logged DEBUG in debug-logs: [2024-07-04 22:22:59.765 UTC] [Info] [Main] [Command] Silly Person :3 [Angel_Abov3]: /camera
[DEBUG](staffLog) 03:25:04/07-05 03:24:03(-2) fakelogged DEBUG in 游뱚: [2024-07-04 22:24:05.843 UTC] [Info] [Main] [Command] Waiter v0rtex [v0rtex]: /doortp
[DEBUG](staffLog) 03:26:13/07-05 03:25:13(-3) fakelogged DEBUG in 游뱚: [2024-07-04 22:25:16.159 UTC] [Info] [Main] [Command] Waiter v0rtex [v0rtex]: /mc
[DEBUG](staffLog) 03:26:14/07-05 03:25:18(-2) logged DEBUG in debug-logs: [2024-07-04 22:25:20.438 UTC] [Info] [Main] [Command] Silly Person :3 [Angel_Abov3]: /exit
[DEBUG](staffLog) 03:26:24/07-05 03:25:24(-1) fakelogged DEBUG in 游뱚: [2024-07-04 22:25:25.113 UTC] [Info] [Main] [Command] Waiter v0rtex [v0rtex]: /vault
[DEBUG](staffLog) 03:26:34/07-05 03:25:34(-2) fakelogged DEBUG in 游뱚: [2024-07-04 22:25:36.475 UTC] [Info] [Main] [Command] Waiter v0rtex [v0rtex]: /vault stash
[DEBUG](staffLog) 03:28:04/07-05 03:27:06(-2) logged DEBUG in debug-logs: [2024-07-04 22:27:08.841 UTC] [Info] [Main] [Command] Waiter v0rtex [v0rtex]: /kick nigga "Change Name #1"
