[INFO](retrieveLog) wrote 21.730899MB to latest.log in 2.1524534225463867
[INFO](staffParse) CAUGHT UP TO LATEST 72
[DEBUG](staffLog) 01:58:28/07-03 01:57:33(-3) fakelogged DEBUG in ðŸ¤¯: [2024-07-02 20:57:36.445 UTC] [Info] [Main] [Command] Godly [Godly]: /doortp
[DEBUG](staffLog) 01:58:55/07-03 01:58:02(-2) fakelogged DEBUG in ðŸ¤¯: [2024-07-02 20:58:04.271 UTC] [Info] [Main] [Command] Godly [Godly]: /vault
[DEBUG](staffLog) 01:59:15/07-03 01:58:20(-1) fakelogged DEBUG in ðŸ¤¯: [2024-07-02 20:58:21.434 UTC] [Info] [Main] [Command] Godly [Godly]: /stuck
[DEBUG](staffLog) 01:59:15/07-03 01:58:20(-2) fakelogged DEBUG in ðŸ¤¯: [2024-07-02 20:58:22.795 UTC] [Info] [Main] [Command] Alastor [Foxbro37]: /stuck
[DEBUG](staffLog) 02:00:26/07-03 01:59:31(-2) logged CHAT in ðŸ¥¶: [2024-07-02 20:59:33.974 UTC] [Info] [Main] [Global] Godly [Godly]: <3
[DEBUG](staffLog) 02:00:45/07-03 01:59:51(-1) logged CHAT in ðŸ¥¶: [2024-07-02 20:59:52.350 UTC] [Info] [Main] [Global] Godly [Godly]: some 1 else bought it for mew
[DEBUG](staffLog) 02:02:05/07-03 02:01:15(-3) logged CHAT in ðŸ¥¶: [2024-07-02 21:01:18.455 UTC] [Info] [Main] [Global] Godly [Godly]: oh
[DEBUG](staffLog) 02:02:17/07-03 02:01:18(-1) logged CHAT in ðŸ¥¶: [2024-07-02 21:01:19.218 UTC] [Info] [Main] [Global] Godly [Godly]: wait
[DEBUG](staffLog) 02:02:17/07-03 02:01:19(-2) logged CHAT in ðŸ¥¶: [2024-07-02 21:01:21.918 UTC] [Info] [Main] [Global] Godly [Godly]: patnap???
[DEBUG](staffLog) 02:02:35/07-03 02:01:40(-2) logged CHAT in ðŸ¥¶: [2024-07-02 21:01:42.148 UTC] [Info] [Main] [Global] Godly [Godly]: ult a
[DEBUG](staffLog) 02:07:05/07-03 02:06:12(-3) logged CHAT in ðŸ¥¶: [2024-07-02 21:06:15.134 UTC] [Info] [Main] [Global] Godly [Godly]: patnap when u start playing
[DEBUG](staffLog) 02:08:15/07-03 02:07:17(-3) logged CHAT in ðŸ¥¶: [2024-07-02 21:07:20.936 UTC] [Info] [Main] [Global] Godly [Godly]: best shop ult a (quest items and quest guns)
[DEBUG](staffLog) 02:09:37/07-03 02:08:40(-2) logged MSG in ðŸŒ¹: [2024-07-02 21:08:42.193 UTC] [Info] [Main] [Command] [BG]primetimebuckeye [primetimebuckeye]: /pm legendary yo
[DEBUG](staffLog) 02:10:46/07-03 02:09:48(-3) logged CHAT in ðŸ¥¶: [2024-07-02 21:09:51.457 UTC] [Info] [Main] [Global] Godly [Godly]: best shop ult a (quest items and quest guns)
[DEBUG](staffLog) 02:11:05/07-03 02:10:12(-2) fakelogged DEBUG in ðŸ¤¯: [2024-07-02 21:10:14.545 UTC] [Info] [Main] [Command] Godly [Godly]: /vault
[DEBUG](staffLog) 02:11:25/07-03 02:10:34(-2) fakelogged DEBUG in ðŸ¤¯: [2024-07-02 21:10:36.527 UTC] [Info] [Main] [Command] Godly [Godly]: /vault
[DEBUG](staffLog) 02:12:05/07-03 02:11:15(-1) logged VANISH in vanish: [2024-07-02 21:11:16.611 UTC] [Info] [Main] [Command] Alastor [Foxbro37]: /vanish
[DEBUG](staffLog) 02:12:15/07-03 02:11:19(-2) fakelogged DEBUG in ðŸ¤¯: [2024-07-02 21:11:21.647 UTC] [Info] [Main] [Command] Alastor [Foxbro37]: /doortp
[DEBUG](staffLog) 02:14:05/07-03 02:13:13(-2) fakelogged DEBUG in ðŸ¤¯: [2024-07-02 21:13:15.976 UTC] [Info] [Main] [Command] Godly [Godly]: /vault
[DEBUG](staffLog) 02:15:17/07-03 02:14:22(-1) logged VANISH in vanish: [2024-07-02 21:14:23.542 UTC] [Info] [Main] [Command] Alastor [Foxbro37]: /vanish
[DEBUG](staffLog) 02:15:27/07-03 02:14:26(-2) fakelogged DEBUG in ðŸ¤¯: [2024-07-02 21:14:28.661 UTC] [Info] [Main] [Command] Godly [Godly]: /vault kappa
[DEBUG](staffLog) 02:15:27/07-03 02:14:29(-3) fakelogged DEBUG in ðŸ¤¯: [2024-07-02 21:14:32.072 UTC] [Info] [Main] [Command] Godly [Godly]: /doortp
[DEBUG](staffLog) 02:15:36/07-03 02:14:43(-2) fakelogged DEBUG in ðŸ¤¯: [2024-07-02 21:14:45.530 UTC] [Info] [Main] [Command] Alastor [Foxbro37]: /vault stash++
[DEBUG](staffLog) 02:15:45/07-03 02:14:50(-3) fakelogged DEBUG in ðŸ¤¯: [2024-07-02 21:14:53.611 UTC] [Info] [Main] [Command] Alastor [Foxbro37]: /vault stash++
[DEBUG](staffLog) 02:16:15/07-03 02:15:16(-2) fakelogged DEBUG in ðŸ¤¯: [2024-07-02 21:15:18.613 UTC] [Info] [Main] [Command] Godly [Godly]: /addshop buy "bundle of dog" 11000
[DEBUG](staffLog) 02:16:15/07-03 02:15:20(-3) logged DEBUG in debug-logs: [2024-07-02 21:15:23.953 UTC] [Info] [Main] [Command] Godly [Godly]: /remoshop
[DEBUG](staffLog) 02:16:37/07-03 02:15:42(-2) logged VANISH in vanish: [2024-07-02 21:15:44.120 UTC] [Info] [Main] [Command] Alastor [Foxbro37]: /vanish
[DEBUG](staffLog) 02:16:48/07-03 02:15:46(-3) fakelogged DEBUG in ðŸ¤¯: [2024-07-02 21:15:49.154 UTC] [Info] [Main] [Command] Godly [Godly]: /addshop buy "bundle of dog" 110000
[DEBUG](staffLog) 02:16:48/07-03 02:15:53(-2) logged SPY in ðŸ‘: [2024-07-02 21:15:55.350 UTC] [Info] [Main] [Command] Alastor [Foxbro37]: /spy 76561199171646901
[DEBUG](staffLog) 02:16:55/07-03 02:15:56(-3) logged VANISH in vanish: [2024-07-02 21:15:59.296 UTC] [Info] [Main] [Command] Alastor [Foxbro37]: /vanish
[DEBUG](staffLog) 02:16:55/07-03 02:16:06(-1) fakelogged DEBUG in ðŸ¤¯: [2024-07-02 21:16:07.723 UTC] [Info] [Main] [Command] Godly [Godly]: /vault
[DEBUG](staffLog) 02:17:05/07-03 02:16:12(-2) fakelogged DEBUG in ðŸ¤¯: [2024-07-02 21:16:14.823 UTC] [Info] [Main] [Command] Godly [Godly]: /stuck
[DEBUG](staffLog) 02:18:35/07-03 02:17:43(-3) logged VANISH in vanish: [2024-07-02 21:17:46.297 UTC] [Info] [Main] [Command] drakos [Andre]: /mod
[DEBUG](staffLog) 02:21:15/07-03 02:20:23(-2) logged CHAT in ðŸ¥¶: [2024-07-02 21:20:25.530 UTC] [Info] [Main] [Global] Godly [Godly]: best shop ult a (quest items and quest guns)
[DEBUG](staffLog) 02:23:35/07-03 02:22:46(-1) logged CHAT in ðŸ¥¶: [2024-07-02 21:22:47.789 UTC] [Info] [Main] [Global] Godly [Godly]: dj
[DEBUG](staffLog) 02:23:45/07-03 02:22:47(-3) logged CHAT in ðŸ¥¶: [2024-07-02 21:22:50.919 UTC] [Info] [Main] [Global] Godly [Godly]: add me back
[DEBUG](staffLog) 02:23:46/07-03 02:22:51(-1) logged CHAT in ðŸ¥¶: [2024-07-02 21:22:52.438 UTC] [Info] [Main] [Global] Godly [Godly]: rn
[DEBUG](staffLog) 02:23:46/07-03 02:22:50(-3) logged CHAT in ðŸ¥¶: [2024-07-02 21:22:53.932 UTC] [Info] [Main] [Global] Godly [Godly]: uwu
[DEBUG](staffLog) 02:25:55/07-03 02:25:02(-2) logged CHAT in ðŸ¥¶: [2024-07-02 21:25:04.664 UTC] [Info] [Main] [Global] Godly [Godly]: best shop ult a (quest items and quest guns)
[DEBUG](staffLog) 02:26:25/07-03 02:25:32(-1) logged CHAT in ðŸ¥¶: [2024-07-02 21:25:33.629 UTC] [Info] [Main] [Global] Godly [Godly]: best shop ult a (quest items and quest guns)
[DEBUG](staffLog) 02:26:25/07-03 02:25:36(-1) fakelogged DEBUG in ðŸ¤¯: [2024-07-02 21:25:37.060 UTC] [Info] [Main] [Command] Godly [Godly]: /doortp
[DEBUG](staffLog) 02:27:55/07-03 02:27:04(-2) logged CHAT in ðŸ¥¶: [2024-07-02 21:27:06.465 UTC] [Info] [Main] [Global] Godly [Godly]: best shop ult a (quest items and quest guns)
[DEBUG](staffLog) 02:27:55/07-03 02:27:05(-1) logged CHAT in ðŸ¥¶: [2024-07-02 21:27:06.940 UTC] [Info] [Main] [Global] Godly [Godly]: best shop ult a (quest items and quest guns)
[DEBUG](staffLog) 02:27:56/07-03 02:27:06(-1) logged CHAT in ðŸ¥¶: [2024-07-02 21:27:07.488 UTC] [Info] [Main] [Global] Godly [Godly]: best shop ult a (quest items and quest guns)
[DEBUG](staffLog) 02:28:05/07-03 02:27:08(-2) logged CHAT in ðŸ¥¶: [2024-07-02 21:27:10.250 UTC] [Info] [Main] [Global] Godly [Godly]: ULT A
[DEBUG](staffLog) 02:31:07/07-03 02:30:11(-1) fakelogged DEBUG in ðŸ¤¯: [2024-07-02 21:30:12.485 UTC] [Info] [Main] [Command] Godly [Godly]: /stuck
[DEBUG](staffLog) 02:31:15/07-03 02:30:25(-3) fakelogged DEBUG in ðŸ¤¯: [2024-07-02 21:30:28.056 UTC] [Info] [Main] [Command] Godly [Godly]: /doortp
[DEBUG](staffLog) 02:32:46/07-03 02:31:49(-2) logged MSG in ðŸŒ¹: [2024-07-02 21:31:51.351 UTC] [Info] [Main] [Command] Bella<3 [Womp Womp < 3]: /pm lost r u in city?
[DEBUG](staffLog) 02:33:25/07-03 02:32:31(-3) logged MSG in ðŸŒ¹: [2024-07-02 21:32:34.869 UTC] [Info] [Main] [Command] Bella<3 [Womp Womp < 3]: /pm lost im in the tall tower just sniping mb just doing quests
[DEBUG](staffLog) 02:36:45/07-03 02:35:50(-3) fakelogged DEBUG in ðŸ¤¯: [2024-07-02 21:35:53.558 UTC] [Info] [Main] [Command] Godly [Godly]: /stuck
[DEBUG](staffLog) 02:37:15/07-03 02:36:20(-3) logged CHAT in ðŸ¥¶: [2024-07-02 21:36:23.037 UTC] [Info] [Main] [Global] Godly [Godly]: tt\\
[DEBUG](staffLog) 02:44:25/07-03 02:43:30(-1) logged CHAT in ðŸ¥¶: [2024-07-02 21:43:31.534 UTC] [Info] [Main] [Global] Godly [Godly]: wsp
[DEBUG](staffLog) 02:44:35/07-03 02:43:41(-3) logged CHAT in ðŸ¥¶: [2024-07-02 21:43:44.958 UTC] [Info] [Main] [Global] Godly [Godly]: no
[DEBUG](staffLog) 02:44:35/07-03 02:43:45(-2) logged CHAT in ðŸ¥¶: [2024-07-02 21:43:47.291 UTC] [Info] [Main] [Global] Godly [Godly]: i dont sell em
[DEBUG](staffLog) 02:46:15/07-03 02:45:19(-1) logged VANISH in vanish: [2024-07-02 21:45:20.486 UTC] [Info] [Main] [Command] drakos [Andre]: /mod
[DEBUG](staffLog) 02:51:25/07-03 02:50:33(-1) logged CHAT in ðŸ¥¶: [2024-07-02 21:50:34.402 UTC] [Info] [Main] [Global] Godly [Godly]: <3
[DEBUG](staffLog) 02:52:25/07-03 02:51:31(-3) logged MSG in ðŸŒ¹: [2024-07-02 21:51:34.571 UTC] [Info] [Main] [Command] daniel [daniel]: /msg hamad what cheat
[DEBUG](staffLog) 02:52:45/07-03 02:51:57(-1) logged MSG in ðŸŒ¹: [2024-07-02 21:51:58.254 UTC] [Info] [Main] [Command] daniel [daniel]: /msg hamad what cheat
[DEBUG](staffLog) 02:52:55/07-03 02:52:00(-1) fakelogged DEBUG in ðŸ¤¯: [2024-07-02 21:52:01.610 UTC] [Info] [Main] [Command] Godly [Godly]: /vAULT
[DEBUG](staffLog) 02:52:55/07-03 02:52:03(-2) fakelogged DEBUG in ðŸ¤¯: [2024-07-02 21:52:05.574 UTC] [Info] [Main] [Command] Godly [Godly]: /vault
[DEBUG](staffLog) 02:54:55/07-03 02:53:57(-3) fakelogged DEBUG in ðŸ¤¯: [2024-07-02 21:54:00.126 UTC] [Info] [Main] [Command] Godly [Godly]: /doortp
[DEBUG](staffLog) 02:55:25/07-03 02:54:26(-3) logged MSG in ðŸŒ¹: [2024-07-02 21:54:29.938 UTC] [Info] [Main] [Command] daniel [daniel]: /msg hamad what cheat you using
[DEBUG](staffLog) 02:56:25/07-03 02:55:34(-1) logged MSG in ðŸŒ¹: [2024-07-02 21:55:35.752 UTC] [Info] [Main] [Command] doge [Juicyyyy shop ult B] [doge8932]: /pm smurffy hey man you busy?
[DEBUG](staffLog) 02:57:35/07-03 02:56:45(-2) fakelogged DEBUG in ðŸ¤¯: [2024-07-02 21:56:47.273 UTC] [Info] [Main] [Command] Godly [Godly]: /stuck
[DEBUG](staffLog) 02:58:05/07-03 02:57:16(-2) logged VANISH in vanish: [2024-07-02 21:57:18.139 UTC] [Info] [Main] [Command] Godly [Godly]: /smod
[DEBUG](staffLog) 02:58:15/07-03 02:57:17(-2) logged VANISH in vanish: [2024-07-02 21:57:19.842 UTC] [Info] [Main] [Command] Godly [Godly]: /vanish
[INFO](monitor) succesfully monitoring 76561199730672502 for user 1218944589994659850
[DEBUG](staffLog) 02:59:05/07-03 02:58:08(-3) logged VANISH in vanish: [2024-07-02 21:58:11.058 UTC] [Info] [Main] [Command] Godly [Godly]: /vanish
[DEBUG](staffLog) 02:59:05/07-03 02:58:09(-3) logged VANISH in vanish: [2024-07-02 21:58:12.740 UTC] [Info] [Main] [Command] Godly [Godly]: /vanish
[DEBUG](staffLog) 02:59:05/07-03 02:58:12(-2) logged TP in tp mentioned 1218944589994659850: [2024-07-02 21:58:14.230 UTC] [Info] [Main] Pandahut >> Godly (76561199183989090) - Teleported to daniel (76561199730672502 at North West of Range (347.7672 68.15922 2677.139) from North West of Range (341.75 65.06445 2670.57)
[DEBUG](staffLog) 02:59:36/07-03 02:58:40(-3) fakelogged DEBUG in ðŸ¤¯: [2024-07-02 21:58:43.268 UTC] [Info] [Main] [Command] Godly [Godly]: /doortp
[DEBUG](staffLog) 02:59:36/07-03 02:58:45(-1) logged VANISH in vanish: [2024-07-02 21:58:46.168 UTC] [Info] [Main] [Command] Godly [Godly]: /smod
[DEBUG](staffLog) 02:59:57/07-03 02:59:02(-3) fakelogged DEBUG in ðŸ¤¯: [2024-07-02 21:59:05.986 UTC] [Info] [Main] [Command] Godly [Godly]: /stuck
[DEBUG](staffLog) 03:03:45/07-03 03:02:53(-1) logged VANISH in vanish: [2024-07-02 22:02:54.507 UTC] [Info] [Main] [Command] Godly [Godly]: /smod
[DEBUG](staffLog) 03:03:46/07-03 03:02:55(-1) logged TP in tp mentioned 1218944589994659850: [2024-07-02 22:02:56.592 UTC] [Info] [Main] Pandahut >> Godly (76561199183989090) - Teleported to daniel (76561199730672502 at West of event (195.697 58.01648 -1106.502) from North West of Range (316.6004 65.06444 2669.192)
[DEBUG](staffLog) 03:03:55/07-03 03:02:58(-1) logged VANISH in vanish: [2024-07-02 22:02:59.969 UTC] [Info] [Main] [Command] Godly [Godly]: /vanish
[DEBUG](staffLog) 03:03:56/07-03 03:02:59(-2) logged TP in tp mentioned 1218944589994659850: [2024-07-02 22:03:01.533 UTC] [Info] [Main] Pandahut >> Godly (76561199183989090) - Teleported to daniel (76561199730672502 at West of event (195.3708 60.16082 -1094.931) from West of event (422.3788 36.70681 -1194.758)
[INFO](debug) changed debug level from 2 -> 4
[DEBUG](retrieveLog) wrote 24.936575MB to latest.log in 2.02919864654541
[DEBUG](retrieveLog) read 499 lines from latest.log in 0.2239687442779541s 57 lines skipped
[DEBUG](retrieveLog) wrote 24.945034MB to latest.log in 2.131103992462158
[DEBUG](retrieveLog) read 499 lines from latest.log in 0.23183679580688477s 53 lines skipped
[DEBUG](retrieveLog) wrote 24.954739MB to latest.log in 2.1899285316467285
[DEBUG](retrieveLog) read 499 lines from latest.log in 0.22650504112243652s 54 lines skipped
[DEBUG](retrieveLog) wrote 24.967232MB to latest.log in 2.123234510421753
[DEBUG](staffLog) 03:04:55/07-03 03:03:55(-3) logged STATS in stats mentioned 1218944589994659850: [2024-07-02 22:03:58.771 UTC] [Info] [Main] [Command] Godly [Godly]: /stats 76561199730672502
[DEBUG](retrieveLog) read 499 lines from latest.log in 0.5458807945251465s 55 lines skipped
[INFO](debug) changed debug level from 4 -> 2
[DEBUG](staffLog) 03:05:06/07-03 03:04:10(-3) logged TP in tp mentioned 1218944589994659850: [2024-07-02 22:04:13.584 UTC] [Info] [Main] Pandahut >> Godly (76561199183989090) - Teleported to daniel (76561199730672502 at North West of Range (356.0545 68.66991 2571.368) from North West of Range (362.4489 67.79923 2562.634)
[DEBUG](staffLog) 03:05:25/07-03 03:04:30(-3) logged DEBUG in debug-logs: [2024-07-02 22:04:33.925 UTC] [Info] [Main] [Command] Godly [Godly]: /rank DJ
[DEBUG](staffLog) 03:05:35/07-03 03:04:42(-1) logged TP in tp mentioned 1218944589994659850: [2024-07-02 22:04:43.061 UTC] [Info] [Main] Pandahut >> Godly (76561199183989090) - Teleported to daniel (76561199730672502 at North West of Range (357.5351 65.31445 2652.653) from North West of Range (362.1526 65.31445 2605.543)
[DEBUG](staffLog) 03:06:17/07-03 03:05:23(-1) logged TP in tp mentioned 1218944589994659850: [2024-07-02 22:05:24.434 UTC] [Info] [Main] Pandahut >> Godly (76561199183989090) - Teleported to daniel (76561199730672502 at North West of Range (362.3059 65.31445 2635.28) from North West of Range (362.7603 65.31445 2592.839)
[ERROR](staffParse) error parsing Replacement index 2 out of range for positional args tuple | {'name': 'BAN', 'aliases': [], 'channel': 1256125540268769311, 'public': True, 'text': 'staff "{}" has banned "{}" get beamed bozo ur dtc for "{}"', 'textArgs': ['sender', 'target'], 'color': 16711680} | [2024-07-02 22:09:57.920 UTC] [Info] [Main] [Command] Godly [Godly]: /ban 76561199730672502 "STW | cheating" 0

[DEBUG](staffLog) 03:12:55/07-03 03:12:01(-2) logged VANISH in vanish: [2024-07-02 22:12:03.054 UTC] [Info] [Main] [Command] drakos [Andre]: /mod
[DEBUG](staffLog) 03:13:05/07-03 03:12:13(-2) logged DEBUG in debug-logs: [2024-07-02 22:12:15.633 UTC] [Info] [Main] [Command] Godly [Godly]: /givexp 76561199207128597 45000
[ERROR](staffParse) error parsing Replacement index 2 out of range for positional args tuple | {'name': 'BAN', 'aliases': [], 'channel': 1256125540268769311, 'public': True, 'text': 'staff "{}" has banned "{}" get beamed bozo ur dtc for "{}"', 'textArgs': ['sender', 'target'], 'color': 16711680} | [2024-07-02 22:12:38.080 UTC] [Info] [Main] [Command] drakos [Andre]: /ban 76561199447341167 "Cheating | STW | Perm" 0

[DEBUG](staffLog) 03:14:05/07-03 03:13:15(-2) logged DEBUG in debug-logs: [2024-07-02 22:13:17.092 UTC] [Info] [Main] [Command] Godly [Godly]: /givexp 76561199207128597 375000
[DEBUG](staffLog) 03:14:15/07-03 03:13:19(-1) logged VANISH in vanish: [2024-07-02 22:13:20.524 UTC] [Info] [Main] [Command] Godly [Godly]: /smod
[DEBUG](staffLog) 03:14:55/07-03 03:13:59(-3) logged VANISH in vanish: [2024-07-02 22:14:02.933 UTC] [Info] [Main] [Command] drakos [Andre]: /mod
