[INFO](retrieveLog) wrote 24.515403MB to latest.log in 2.849318027496338
[INFO](staffParse) CAUGHT UP TO LATEST 78
[DEBUG](staffLog) 02:35:04/07-01 02:34:18(-1) logged MSG in 🌹: [2024-06-30 21:34:19.474 UTC] [Info] [Main] [Command] bucket! [bucket]: /pm bubbles im not shit hes cheating
[DEBUG](staffLog) 02:35:24/07-01 02:34:32(-2) logged MSG in 🌹: [2024-06-30 21:34:34.659 UTC] [Info] [Main] [Command] Bubbles [Bubbles]: /msg bucket run the 1s
[DEBUG](staffLog) 02:35:35/07-01 02:34:41(-1) logged MSG in 🌹: [2024-06-30 21:34:42.110 UTC] [Info] [Main] [Command] bucket! [bucket]: /pm bubbles what map
[DEBUG](staffLog) 02:35:35/07-01 02:34:45(-2) logged MSG in 🌹: [2024-06-30 21:34:47.674 UTC] [Info] [Main] [Command] Bubbles [Bubbles]: /msg bucket arena
[DEBUG](staffLog) 02:35:58/07-01 02:34:50(-2) logged MSG in 🌹: [2024-06-30 21:34:52.762 UTC] [Info] [Main] [Command] bucket! [bucket]: /pm bubbles hell nah
[DEBUG](staffLog) 02:35:58/07-01 02:34:54(-3) logged MSG in 🌹: [2024-06-30 21:34:57.074 UTC] [Info] [Main] [Command] Bubbles [Bubbles]: /msg bucket ill fund guns
[DEBUG](staffLog) 02:35:58/07-01 02:34:59(-1) logged MSG in 🌹: [2024-06-30 21:35:00.041 UTC] [Info] [Main] [Command] Bubbles [Bubbles]: /msg bucket pull up
[DEBUG](staffLog) 02:36:36/07-01 02:35:44(-2) logged MSG in 🌹: [2024-06-30 21:35:46.218 UTC] [Info] [Main] [Command] Bubbles [Bubbles]: /msg bucket best of 3
[DEBUG](staffLog) 02:36:46/07-01 02:35:52(-2) logged MSG in 🌹: [2024-06-30 21:35:54.954 UTC] [Info] [Main] [Command] Bubbles [Bubbles]: /msg bucket ready?
[DEBUG](staffLog) 02:37:04/07-01 02:36:09(-3) logged MSG in 🌹: [2024-06-30 21:36:12.371 UTC] [Info] [Main] [Command] Bubbles [Bubbles]: /msg bucket 0-1
[DEBUG](staffLog) 02:37:14/07-01 02:36:20(-2) logged MSG in 🌹: [2024-06-30 21:36:22.819 UTC] [Info] [Main] [Command] Bubbles [Bubbles]: /msg bucket heal
[DEBUG](staffLog) 02:37:34/07-01 02:36:46(-1) logged MSG in 🌹: [2024-06-30 21:36:47.200 UTC] [Info] [Main] [Command] Bubbles [Bubbles]: /msg bucket ready?
[DEBUG](staffLog) 02:37:44/07-01 02:36:54(-1) logged MSG in 🌹: [2024-06-30 21:36:55.497 UTC] [Info] [Main] [Command] bucket! [bucket]: /pm bubble go
[DEBUG](staffLog) 02:38:14/07-01 02:37:20(-1) logged MSG in 🌹: [2024-06-30 21:37:21.167 UTC] [Info] [Main] [Command] Bubbles [Bubbles]: /msg bucket 1-1
[DEBUG](staffLog) 02:38:34/07-01 02:37:38(-2) logged MSG in 🌹: [2024-06-30 21:37:40.904 UTC] [Info] [Main] [Command] Bubbles [Bubbles]: /msg bucket wait some random went in
[DEBUG](staffLog) 02:38:34/07-01 02:37:43(-2) logged MSG in 🌹: [2024-06-30 21:37:45.491 UTC] [Info] [Main] [Command] Bubbles [Bubbles]: /msg bucket hes a freak
[DEBUG](staffLog) 02:40:55/07-01 02:40:02(-2) logged TP in tp: [2024-06-30 21:40:04.693 UTC] [Info] [Main] [Command] I PEE IN POOLS [terrybuui]: /tp
[DEBUG](staffLog) 02:42:04/07-01 02:41:13(-3) logged MSG in 🌹: [2024-06-30 21:41:16.762 UTC] [Info] [Main] [Command] bucket! [bucket]: /pm froggy bubbles
[DEBUG](staffLog) 02:42:14/07-01 02:41:23(-2) logged MSG in 🌹: [2024-06-30 21:41:25.425 UTC] [Info] [Main] [Command] bucket! [bucket]: /pm froggy clear esp
[DEBUG](staffLog) 02:49:04/07-01 02:48:09(-1) logged VANISH in vanish: [2024-06-30 21:48:10.669 UTC] [Info] [Main] [Command] Silly Person :3 [Angel_Abov3]: /vanish
[DEBUG](staffLog) 02:49:05/07-01 02:48:12(-1) logged DEBUG in debug-logs: [2024-06-30 21:48:13.983 UTC] [Info] [Main] [Command] Silly Person :3 [Angel_Abov3]: /sduty
[DEBUG](staffLog) 02:49:05/07-01 02:48:15(-1) logged DEBUG in debug-logs: [2024-06-30 21:48:16.197 UTC] [Info] [Main] [Command] Silly Person :3 [Angel_Abov3]: /sduty
[DEBUG](staffLog) 02:49:05/07-01 02:48:17(-2) logged VANISH in vanish: [2024-06-30 21:48:19.538 UTC] [Info] [Main] [Command] Silly Person :3 [Angel_Abov3]: /vanish
[DEBUG](staffLog) 02:49:16/07-01 02:48:18(-2) logged DEBUG in debug-logs: [2024-06-30 21:48:20.673 UTC] [Info] [Main] [Command] Silly Person :3 [Angel_Abov3]: /god
[DEBUG](staffLog) 02:49:16/07-01 02:48:20(-2) logged TP in tp mentioned 1218944589994659850: [2024-06-30 21:48:22.386 UTC] [Info] [Main] Pandahut >> Silly Person :3 (76561198856241780) - Teleported to everyone (76561199727468738 at West of event (189.8243 64.06877 -1076.99) from North West of ADMIN (-827.7422 31.23247 2426.32)
[DEBUG](staffLog) 02:49:16/07-01 02:48:22(-2) logged TP in tp mentioned 1218944589994659850: [2024-06-30 21:48:24.600 UTC] [Info] [Main] Pandahut >> Silly Person :3 (76561198856241780) - Teleported to everyone (76561199727468738 at West of event (186.7314 67.67443 -1059.976) from North West of Labs (-129.1841 35.81583 -1290.382)
[DEBUG](staffLog) 02:50:35/07-01 02:49:45(-3) logged TP in tp mentioned 1218944589994659850: [2024-06-30 21:49:48.238 UTC] [Info] [Main] Pandahut >> Silly Person :3 (76561198856241780) - Teleported to everyone (76561199727468738 at East of Arena (2902.247 0.3000031 1929.846) from North West of Range (355.759 67.77701 2587.184)
