[INFO](retrieveLog) wrote 25.912557MB to latest.log in 2.2422802448272705
[INFO](staffParse) CAUGHT UP TO LATEST 43
[DEBUG](staffLog) 03:26:48/07-03 03:25:57(-1) logged STATS in stats: [2024-07-02 22:25:58.537 UTC] [Info] [Main] [Command] chaos [chaos]: /sstats
[INFO](cancelMonitor) succesfully deleted monitor 76561199727799646 for user 1218944589994659850
[DEBUG](staffLog) 03:27:38/07-03 03:26:38(-3) logged STATS in stats: [2024-07-02 22:26:41.896 UTC] [Info] [Main] [Command] xpsddd [xpsddd]: /stats Emerald_drag
[DEBUG](staffLog) 03:27:48/07-03 03:26:50(-2) logged STATS in stats: [2024-07-02 22:26:52.354 UTC] [Info] [Main] [Command] chaos [chaos]: /stats salam
[DEBUG](staffLog) 03:27:58/07-03 03:27:07(-2) logged STATS in stats: [2024-07-02 22:27:09.758 UTC] [Info] [Main] [Command] bucket! [bucket]: /stats marcus
[DEBUG](staffLog) 03:28:08/07-03 03:27:14(-2) fakelogged DEBUG in 🤯: [2024-07-02 22:27:16.993 UTC] [Info] [Main] [Command] Godly [Godly]: /vault
[DEBUG](staffLog) 03:28:18/07-03 03:27:24(-3) logged STATS in stats: [2024-07-02 22:27:27.653 UTC] [Info] [Main] [Command] Arya [GoingMango]: /stats marc
[DEBUG](staffLog) 03:28:38/07-03 03:27:47(-2) fakelogged DEBUG in 🤯: [2024-07-02 22:27:49.333 UTC] [Info] [Main] [Command] Godly [Godly]: /doortp
[DEBUG](staffLog) 03:29:08/07-03 03:28:12(-2) fakelogged DEBUG in 🤯: [2024-07-02 22:28:14.726 UTC] [Info] [Main] [Command] Godly [Godly]: /stuck
[DEBUG](staffLog) 03:29:20/07-03 03:28:23(-2) logged CHAT in 🥶: [2024-07-02 22:28:25.692 UTC] [Info] [Main] [Global] Godly [Godly]: its 30
[DEBUG](staffLog) 03:29:20/07-03 03:28:28(-1) logged CHAT in 🥶: [2024-07-02 22:28:29.152 UTC] [Info] [Main] [Global] Godly [Godly]: oh wiat
[DEBUG](staffLog) 03:29:28/07-03 03:28:29(-2) logged CHAT in 🥶: [2024-07-02 22:28:31.670 UTC] [Info] [Main] [Global] Godly [Godly]: nvm 15
[DEBUG](staffLog) 03:29:29/07-03 03:28:30(-2) logged CHAT in 🥶: [2024-07-02 22:28:32.079 UTC] [Info] [Main] [Global] Godly [Godly]: sh
[DEBUG](staffLog) 03:30:18/07-03 03:29:23(-1) logged VANISH in vanish: [2024-07-02 22:29:24.732 UTC] [Info] [Main] [Command] drakos [Andre]: /vanish
[DEBUG](staffLog) 03:31:50/07-03 03:30:53(-1) logged CHAT in 🥶: [2024-07-02 22:30:54.647 UTC] [Info] [Main] [Group] Godly [Godly]: ill add u
[DEBUG](staffLog) 03:32:18/07-03 03:31:21(-3) logged STATS in stats: [2024-07-02 22:31:24.313 UTC] [Info] [Main] [Command] drakos [Andre]: /stats marcus
[DEBUG](staffLog) 03:36:38/07-03 03:35:48(-1) logged VANISH in vanish: [2024-07-02 22:35:49.047 UTC] [Info] [Main] [Command] drakos [Andre]: /vanish
[DEBUG](staffLog) 03:37:18/07-03 03:36:21(-3) logged STATS in stats: [2024-07-02 22:36:24.921 UTC] [Info] [Main] [Command] Ha [Ha]: /stats
[DEBUG](staffLog) 03:37:38/07-03 03:36:43(-2) logged VANISH in vanish: [2024-07-02 22:36:45.725 UTC] [Info] [Main] [Command] drakos [Andre]: /vanish
[DEBUG](staffLog) 03:38:58/07-03 03:38:02(-1) logged VANISH in vanish: [2024-07-02 22:38:03.624 UTC] [Info] [Main] [Command] Alastor [Foxbro37]: /vanish
[DEBUG](staffLog) 03:39:38/07-03 03:38:39(-3) logged STATS in stats: [2024-07-02 22:38:42.082 UTC] [Info] [Main] [Command] Yuqxy [Yuqxy]: /stats
[DEBUG](staffLog) 03:39:38/07-03 03:38:48(-3) logged SPY in 🍑: [2024-07-02 22:38:51.480 UTC] [Info] [Main] [Command] Alastor [Foxbro37]: /spy 76561199171646901
[DEBUG](staffLog) 03:40:08/07-03 03:39:17(-1) logged STATS in stats: [2024-07-02 22:39:18.553 UTC] [Info] [Main] [Command] Yuqxy [Yuqxy]: /stats
[DEBUG](staffLog) 03:40:08/07-03 03:39:17(-3) fakelogged DEBUG in 🤯: [2024-07-02 22:39:20.122 UTC] [Info] [Main] [Command] Alastor [Foxbro37]: /vault
[DEBUG](staffLog) 03:40:08/07-03 03:39:19(-2) logged STATS in stats: [2024-07-02 22:39:21.470 UTC] [Info] [Main] [Command] Yuqxy [Yuqxy]: /stats
[DEBUG](staffLog) 03:40:30/07-03 03:39:39(-1) logged STATS in stats: [2024-07-02 22:39:40.874 UTC] [Info] [Main] [Command] chaos [chaos]: /sstats
[DEBUG](staffLog) 03:41:28/07-03 03:40:38(-1) logged VANISH in vanish: [2024-07-02 22:40:39.224 UTC] [Info] [Main] [Command] Alastor [Foxbro37]: /vanish
[DEBUG](staffLog) 03:41:58/07-03 03:41:00(-3) logged VANISH in vanish: [2024-07-02 22:41:03.901 UTC] [Info] [Main] [Command] Alastor [Foxbro37]: /vanish
[DEBUG](staffLog) 03:42:28/07-03 03:41:38(-3) logged MSG in 🌹: [2024-07-02 22:41:41.402 UTC] [Info] [Main] [Command] Arya [GoingMango]: /pm marcus sayonara
[DEBUG](staffLog) 03:42:38/07-03 03:41:44(-3) logged MSG in 🌹: [2024-07-02 22:41:47.480 UTC] [Info] [Main] [Command] [BG]primetimebuckeye [primetimebuckeye]: /pm lost yo
[DEBUG](staffLog) 03:43:00/07-03 03:42:08(-2) logged BAN in bans: [2024-07-02 22:42:10.731 UTC] [Info] [Main] [Command] drakos [Andre]: /ban 76561199171646901 " ESP | Cheating | Perm" 0
[DEBUG](staffLog) 03:43:20/07-03 03:42:22(-1) logged CHAT in 🥶: [2024-07-02 22:42:23.002 UTC] [Info] [Main] [Global] Alastor [Foxbro37]: thanks
[DEBUG](staffLog) 03:43:30/07-03 03:42:32(-3) logged STATS in stats: [2024-07-02 22:42:35.807 UTC] [Info] [Main] [Command] DJ [DJ_Julien]: /stats alastor
[DEBUG](staffLog) 03:44:08/07-03 03:43:12(-1) logged VANISH in vanish: [2024-07-02 22:43:13.011 UTC] [Info] [Main] [Command] Alastor [Foxbro37]: /vanish
[DEBUG](staffLog) 03:44:36/07-03 03:43:35(-3) logged VANISH in vanish: [2024-07-02 22:43:38.192 UTC] [Info] [Main] [Command] drakos [Andre]: /vanish
[DEBUG](staffLog) 03:44:48/07-03 03:43:51(-3) logged STATS in stats: [2024-07-02 22:43:54.971 UTC] [Info] [Main] [Command] chaos [chaos]: /stats arya
