[INFO](retrieveLog) wrote 14.281062MB to latest.log in 1.8162453174591064
[INFO](staffParse) CAUGHT UP TO LATEST 116
[DEBUG](staffLog) 03:31:12/07-05 03:30:16(-2) logged VANISH in vanish: [2024-07-04 22:30:18.058 UTC] [Info] [Main] [Command] Vampie A. [Vampie]: /smod
[DEBUG](staffLog) 03:31:41/07-05 03:30:43(-3) fakelogged DEBUG in 🤯: [2024-07-04 22:30:46.822 UTC] [Info] [Main] [Command] Vampie A. [Vampie]: /vault
[DEBUG](staffLog) 03:32:12/07-05 03:31:12(-3) fakelogged DEBUG in 🤯: [2024-07-04 22:31:15.902 UTC] [Info] [Main] [Command] Vampie A. [Vampie]: /vault
[DEBUG](staffLog) 03:33:01/07-05 03:32:04(-3) fakelogged DEBUG in 🤯: [2024-07-04 22:32:07.473 UTC] [Info] [Main] [Command] Vampie A. [Vampie]: /vault
[DEBUG](staffLog) 03:33:42/07-05 03:32:46(-1) fakelogged DEBUG in 🤯: [2024-07-04 22:32:47.294 UTC] [Info] [Main] [Command] Vampie A. [Vampie]: /vault
[DEBUG](staffLog) 03:33:51/07-05 03:32:49(-3) fakelogged DEBUG in 🤯: [2024-07-04 22:32:52.259 UTC] [Info] [Main] [Command] Vampie A. [Vampie]: /vault
[DEBUG](staffLog) 03:34:42/07-05 03:33:49(-2) fakelogged DEBUG in 🤯: [2024-07-04 22:33:51.008 UTC] [Info] [Main] [Command] Vampie A. [Vampie]: /vault
[DEBUG](staffLog) 03:36:02/07-05 03:35:02(-1) fakelogged DEBUG in 🤯: [2024-07-04 22:35:03.954 UTC] [Info] [Main] [Command] ItzJay [ItzJayJay=)]: /stuck
[DEBUG](staffLog) 03:37:21/07-05 03:36:26(-2) fakelogged DEBUG in 🤯: [2024-07-04 22:36:28.373 UTC] [Info] [Main] [Command] ItzJay [ItzJayJay=)]: /vault
[DEBUG](staffLog) 03:38:32/07-05 03:37:31(-2) fakelogged DEBUG in 🤯: [2024-07-04 22:37:33.267 UTC] [Info] [Main] [Command] Godly [Godly]: /doortp
[DEBUG](staffLog) 03:38:32/07-05 03:37:34(-2) fakelogged DEBUG in 🤯: [2024-07-04 22:37:36.883 UTC] [Info] [Main] [Command] Godly [Godly]: /stuck
[DEBUG](staffLog) 03:38:42/07-05 03:37:47(-2) fakelogged DEBUG in 🤯: [2024-07-04 22:37:49.761 UTC] [Info] [Main] [Command] ItzJay [ItzJayJay=)]: /vault
[DEBUG](staffLog) 03:38:52/07-05 03:37:54(-3) fakelogged DEBUG in 🤯: [2024-07-04 22:37:57.979 UTC] [Info] [Main] [Command] Vampie A. [Vampie]: /doortp
[DEBUG](staffLog) 03:39:52/07-05 03:38:52(-1) fakelogged DEBUG in 🤯: [2024-07-04 22:38:53.236 UTC] [Info] [Main] [Command] ItzJay [ItzJayJay=)]: /vault
[DEBUG](staffLog) 03:40:02/07-05 03:39:01(-3) fakelogged DEBUG in 🤯: [2024-07-04 22:39:04.663 UTC] [Info] [Main] [Command] ItzJay [ItzJayJay=)]: /vault
[DEBUG](staffLog) 03:40:12/07-05 03:39:09(-3) fakelogged DEBUG in 🤯: [2024-07-04 22:39:12.933 UTC] [Info] [Main] [Command] Vampie A. [Vampie]: /vault kappa
[DEBUG](staffLog) 03:40:12/07-05 03:39:13(-1) fakelogged DEBUG in 🤯: [2024-07-04 22:39:14.828 UTC] [Info] [Main] [Command] ItzJay [ItzJayJay=)]: /vault
[DEBUG](staffLog) 03:40:32/07-05 03:39:35(-2) logged CHAT in 🥶: [2024-07-04 22:39:37.954 UTC] [Info] [Main] [Global] ItzJay [ItzJayJay=)]: tnt
[DEBUG](staffLog) 03:40:32/07-05 03:39:38(-2) logged VANISH in vanish: [2024-07-04 22:39:40.133 UTC] [Info] [Main] [Command] ItzJay [ItzJayJay=)]: /smod
[DEBUG](staffLog) 03:40:32/07-05 03:39:37(-3) logged VANISH in vanish: [2024-07-04 22:39:40.474 UTC] [Info] [Main] [Command] Godly [Godly]: /smod
[DEBUG](staffLog) 03:40:42/07-05 03:39:42(-2) logged CHAT in 🥶: [2024-07-04 22:39:44.395 UTC] [Info] [Main] [Global] ItzJay [ItzJayJay=)]: tnt are u on his team still
[DEBUG](staffLog) 03:41:22/07-05 03:40:23(-1) fakelogged DEBUG in 🤯: [2024-07-04 22:40:24.789 UTC] [Info] [Main] [Command] Godly [Godly]: /trash
[DEBUG](staffLog) 03:41:22/07-05 03:40:26(-2) fakelogged DEBUG in 🤯: [2024-07-04 22:40:28.380 UTC] [Info] [Main] [Command] Vampie A. [Vampie]: /vault stash
[DEBUG](staffLog) 03:42:01/07-05 03:41:00(-3) fakelogged DEBUG in 🤯: [2024-07-04 22:41:03.543 UTC] [Info] [Main] [Command] Vampie A. [Vampie]: /doortp
[DEBUG](staffLog) 03:42:44/07-05 03:41:45(-3) fakelogged DEBUG in 🤯: [2024-07-04 22:41:48.264 UTC] [Info] [Main] [Command] Vampie A. [Vampie]: /vault stash
[DEBUG](staffLog) 03:43:22/07-05 03:42:28(-3) fakelogged DEBUG in 🤯: [2024-07-04 22:42:31.848 UTC] [Info] [Main] [Command] ItzJay [ItzJayJay=)]: /doortp
[DEBUG](staffLog) 03:43:32/07-05 03:42:34(-1) fakelogged DEBUG in 🤯: [2024-07-04 22:42:35.344 UTC] [Info] [Main] [Command] Vampie A. [Vampie]: /vault stash
[DEBUG](staffLog) 03:43:32/07-05 03:42:35(-2) logged CHAT in 🥶: [2024-07-04 22:42:37.326 UTC] [Info] [Main] [Global] ItzJay [ItzJayJay=)]: can anyone buy meds
[DEBUG](staffLog) 03:43:32/07-05 03:42:39(-2) fakelogged DEBUG in 🤯: [2024-07-04 22:42:41.614 UTC] [Info] [Main] [Command] ItzJay [ItzJayJay=)]: /stuck
[DEBUG](staffLog) 03:44:12/07-05 03:43:17(-1) logged CHAT in 🥶: [2024-07-04 22:43:18.343 UTC] [Info] [Main] [Global] ItzJay [ItzJayJay=)]: i have 19
[DEBUG](staffLog) 03:44:12/07-05 03:43:18(-2) logged CHAT in 🥶: [2024-07-04 22:43:20.268 UTC] [Info] [Main] [Global] ItzJay [ItzJayJay=)]: 19m
[DEBUG](staffLog) 03:44:22/07-05 03:43:28(-3) logged CHAT in 🥶: [2024-07-04 22:43:31.692 UTC] [Info] [Main] [Global] Waiter v0rtex [v0rtex]: poor
[DEBUG](staffLog) 03:44:42/07-05 03:43:44(-2) logged CHAT in 🥶: [2024-07-04 22:43:46.726 UTC] [Info] [Main] [Global] ItzJay [ItzJayJay=)]: no
[DEBUG](staffLog) 03:45:02/07-05 03:44:06(-1) logged CHAT in 🥶: [2024-07-04 22:44:07.269 UTC] [Info] [Main] [Global] ItzJay [ItzJayJay=)]: what lvl
[DEBUG](staffLog) 03:45:12/07-05 03:44:19(-1) logged CHAT in 🥶: [2024-07-04 22:44:20.763 UTC] [Info] [Main] [Global] ItzJay [ItzJayJay=)]: kyro go to ther
[DEBUG](staffLog) 03:45:32/07-05 03:44:33(-2) fakelogged DEBUG in 🤯: [2024-07-04 22:44:35.836 UTC] [Info] [Main] [Command] Vampie A. [Vampie]: /vault stash
[DEBUG](staffLog) 03:45:52/07-05 03:44:51(-3) logged DEBUG in debug-logs: [2024-07-04 22:44:54.479 UTC] [Info] [Main] [Command] ItzJay [ItzJayJay=)]: /pay [huh] 1
[DEBUG](staffLog) 03:45:52/07-05 03:45:00(-1) logged DEBUG in debug-logs: [2024-07-04 22:45:01.687 UTC] [Info] [Main] [Command] ItzJay [ItzJayJay=)]: /pay [huh?] 1
[DEBUG](staffLog) 03:46:12/07-05 03:45:12(-3) logged DEBUG in debug-logs: [2024-07-04 22:45:15.681 UTC] [Info] [Main] [Command] ItzJay [ItzJayJay=)]: /pay [huh?] 900000
[DEBUG](staffLog) 03:48:22/07-05 03:47:22(-2) logged VANISH in vanish: [2024-07-04 22:47:24.738 UTC] [Info] [Main] [Command] Godly [Godly]: /smod
[DEBUG](staffLog) 03:48:42/07-05 03:47:47(-1) logged CHAT in 🥶: [2024-07-04 22:47:48.593 UTC] [Info] [Main] [Global] ItzJay [ItzJayJay=)]: can somebody buy me mags n meds
[DEBUG](staffLog) 03:49:42/07-05 03:48:42(-1) logged SC in _: [2024-07-04 22:48:43.158 UTC] [Info] [Main] [Command] ItzJay [ItzJayJay=)]: /sc godly
[DEBUG](staffLog) 03:50:21/07-05 03:49:26(-3) fakelogged DEBUG in 🤯: [2024-07-04 22:49:29.313 UTC] [Info] [Main] [Command] ItzJay [ItzJayJay=)]: /vault
[DEBUG](staffLog) 03:50:32/07-05 03:49:33(-1) fakelogged DEBUG in 🤯: [2024-07-04 22:49:34.283 UTC] [Info] [Main] [Command] ItzJay [ItzJayJay=)]: /vault
[DEBUG](staffLog) 03:51:02/07-05 03:50:08(-1) fakelogged DEBUG in 🤯: [2024-07-04 22:50:09.512 UTC] [Info] [Main] [Command] Vampie A. [Vampie]: /vault stash
[DEBUG](staffLog) 03:51:12/07-05 03:50:13(-3) logged CHAT in 🥶: [2024-07-04 22:50:16.561 UTC] [Info] [Main] [Global] ItzJay [ItzJayJay=)]: 1m
[DEBUG](staffLog) 03:51:52/07-05 03:50:51(-1) fakelogged DEBUG in 🤯: [2024-07-04 22:50:52.764 UTC] [Info] [Main] [Command] ItzJay [ItzJayJay=)]: /doortp
[DEBUG](staffLog) 03:51:52/07-05 03:50:56(-1) logged CHAT in 🥶: [2024-07-04 22:50:57.461 UTC] [Info] [Main] [Global] Vampie A. [Vampie]: Paying 100 xp for a stack of dogtags
[DEBUG](staffLog) 03:52:12/07-05 03:51:17(-1) logged CHAT in 🥶: [2024-07-04 22:51:18.180 UTC] [Info] [Main] [Global] ItzJay [ItzJayJay=)]: BUYING DOGTAGS AT SUP B
[DEBUG](staffLog) 03:52:31/07-05 03:51:31(-3) fakelogged DEBUG in 🤯: [2024-07-04 22:51:34.532 UTC] [Info] [Main] [Command] ItzJay [ItzJayJay=)]: /vault
[DEBUG](staffLog) 03:52:31/07-05 03:51:41(-1) fakelogged DEBUG in 🤯: [2024-07-04 22:51:42.072 UTC] [Info] [Main] [Command] ItzJay [ItzJayJay=)]: /vault kappa
[DEBUG](staffLog) 03:52:52/07-05 03:52:00(-1) logged DEBUG in debug-logs: [2024-07-04 22:52:01.638 UTC] [Info] [Main] [Command] ItzJay [ItzJayJay=)]: /sellto 76561199612445730 46213
[DEBUG](staffLog) 03:53:22/07-05 03:52:20(-2) logged CHAT in 🥶: [2024-07-04 22:52:22.313 UTC] [Info] [Main] [Global] ItzJay [ItzJayJay=)]: make them stacks and sell em
[DEBUG](staffLog) 03:53:22/07-05 03:52:24(-1) logged CHAT in 🥶: [2024-07-04 22:52:25.607 UTC] [Info] [Main] [Global] ItzJay [ItzJayJay=)]: 10
[DEBUG](staffLog) 03:53:42/07-05 03:52:43(-1) logged CHAT in 🥶: [2024-07-04 22:52:44.519 UTC] [Info] [Main] [Global] Godly [Godly]: syq come vc
[DEBUG](staffLog) 03:53:52/07-05 03:53:00(-2) fakelogged DEBUG in 🤯: [2024-07-04 22:53:02.130 UTC] [Info] [Main] [Command] Vampie A. [Vampie]: /vault
[DEBUG](staffLog) 03:54:14/07-05 03:53:19(-1) logged CHAT in 🥶: [2024-07-04 22:53:20.296 UTC] [Info] [Main] [Global] ItzJay [ItzJayJay=)]: i have 200 dogtags
[DEBUG](staffLog) 03:54:14/07-05 03:53:18(-3) logged CHAT in 🥶: [2024-07-04 22:53:21.845 UTC] [Info] [Main] [Global] ItzJay [ItzJayJay=)]: mwahahah
[DEBUG](staffLog) 03:55:12/07-05 03:54:12(-2) logged CHAT in 🥶: [2024-07-04 22:54:14.123 UTC] [Info] [Main] [Global] ItzJay [ItzJayJay=)]: i have 280 dogtags >:)
[DEBUG](staffLog) 03:55:12/07-05 03:54:13(-3) logged CHAT in 🥶: [2024-07-04 22:54:16.104 UTC] [Info] [Main] [Global] Godly [Godly]: ggs
[DEBUG](staffLog) 03:55:32/07-05 03:54:34(-2) logged CHAT in 🥶: [2024-07-04 22:54:36.135 UTC] [Info] [Main] [Group] ItzJay [ItzJayJay=)]: 46213
[DEBUG](staffLog) 03:55:42/07-05 03:54:42(-1) logged CHAT in 🥶: [2024-07-04 22:54:43.197 UTC] [Info] [Main] [Group] ItzJay [ItzJayJay=)]: 46213
[DEBUG](staffLog) 03:55:42/07-05 03:54:43(-2) logged CHAT in 🥶: [2024-07-04 22:54:45.658 UTC] [Info] [Main] [Group] ItzJay [ItzJayJay=)]: uh
[DEBUG](staffLog) 03:55:52/07-05 03:54:51(-1) logged CHAT in 🥶: [2024-07-04 22:54:52.251 UTC] [Info] [Main] [Group] ItzJay [ItzJayJay=)]: aaa
[DEBUG](staffLog) 03:56:02/07-05 03:55:01(-1) logged CHAT in 🥶: [2024-07-04 22:55:02.943 UTC] [Info] [Main] [Group] ItzJay [ItzJayJay=)]: 46213
[DEBUG](staffLog) 03:56:02/07-05 03:55:04(-2) logged DEBUG in debug-logs: [2024-07-04 22:55:06.594 UTC] [Info] [Main] [Command] ItzJay [ItzJayJay=)]: /removeshop
[DEBUG](staffLog) 03:56:11/07-05 03:55:14(-3) fakelogged DEBUG in 🤯: [2024-07-04 22:55:17.178 UTC] [Info] [Main] [Command] ItzJay [ItzJayJay=)]: /addshop buy 46213 100000
[DEBUG](staffLog) 03:56:11/07-05 03:55:15(-3) fakelogged DEBUG in 🤯: [2024-07-04 22:55:18.971 UTC] [Info] [Main] [Command] Vampie A. [Vampie]: /vault
[DEBUG](staffLog) 03:56:22/07-05 03:55:19(-3) logged CHAT in 🥶: [2024-07-04 22:55:22.383 UTC] [Info] [Main] [Group] ItzJay [ItzJayJay=)]: 46212
[DEBUG](staffLog) 03:56:22/07-05 03:55:22(-2) logged DEBUG in debug-logs: [2024-07-04 22:55:24.805 UTC] [Info] [Main] [Command] ItzJay [ItzJayJay=)]: /removeshop
[DEBUG](staffLog) 03:56:22/07-05 03:55:31(-1) fakelogged DEBUG in 🤯: [2024-07-04 22:55:32.162 UTC] [Info] [Main] [Command] ItzJay [ItzJayJay=)]: /addshop buy 46212 5000
[DEBUG](staffLog) 03:56:32/07-05 03:55:35(-1) fakelogged DEBUG in 🤯: [2024-07-04 22:55:36.621 UTC] [Info] [Main] [Command] Godly [Godly]: //Doortp
[DEBUG](staffLog) 03:56:32/07-05 03:55:37(-2) fakelogged DEBUG in 🤯: [2024-07-04 22:55:39.688 UTC] [Info] [Main] [Command] Godly [Godly]: /stuck
[DEBUG](staffLog) 03:56:32/07-05 03:55:38(-2) logged CHAT in 🥶: [2024-07-04 22:55:40.537 UTC] [Info] [Main] [Group] ItzJay [ItzJayJay=)]: BUY DOGTAGS SUP B
[DEBUG](staffLog) 03:57:02/07-05 03:56:01(-3) logged CHAT in 🥶: [2024-07-04 22:56:04.125 UTC] [Info] [Main] [Global] ItzJay [ItzJayJay=)]: BUY DOG TAGS SUP B
[DEBUG](staffLog) 03:57:22/07-05 03:56:20(-3) logged DEBUG in debug-logs: [2024-07-04 22:56:23.227 UTC] [Info] [Main] [Command] ItzJay [ItzJayJay=)]: /removeshop
[DEBUG](staffLog) 03:57:22/07-05 03:56:21(-3) fakelogged DEBUG in 🤯: [2024-07-04 22:56:24.421 UTC] [Info] [Main] [Command] ItzJay [ItzJayJay=)]: /addshop buy 46213 75000
[DEBUG](staffLog) 03:57:22/07-05 03:56:27(-2) logged DEBUG in debug-logs: [2024-07-04 22:56:29.345 UTC] [Info] [Main] [Command] ItzJay [ItzJayJay=)]: /removeshop
[DEBUG](staffLog) 03:57:32/07-05 03:56:39(-2) fakelogged DEBUG in 🤯: [2024-07-04 22:56:41.115 UTC] [Info] [Main] [Command] ItzJay [ItzJayJay=)]: /addshop buy 46212 7500
[DEBUG](staffLog) 03:57:52/07-05 03:56:58(-3) fakelogged DEBUG in 🤯: [2024-07-04 22:57:01.717 UTC] [Info] [Main] [Command] Vampie A. [Vampie]: /vault
[DEBUG](staffLog) 03:58:12/07-05 03:57:12(-2) fakelogged DEBUG in 🤯: [2024-07-04 22:57:14.375 UTC] [Info] [Main] [Command] ItzJay [ItzJayJay=)]: /stuck
[DEBUG](staffLog) 03:58:22/07-05 03:57:28(-2) fakelogged DEBUG in 🤯: [2024-07-04 22:57:30.863 UTC] [Info] [Main] [Command] ItzJay [ItzJayJay=)]: /doortp
[DEBUG](staffLog) 03:59:02/07-05 03:58:08(-2) logged DEBUG in debug-logs: [2024-07-04 22:58:10.054 UTC] [Info] [Main] [Command] ItzJay [ItzJayJay=)]: /removeshop
[DEBUG](staffLog) 03:59:12/07-05 03:58:17(-1) fakelogged DEBUG in 🤯: [2024-07-04 22:58:18.526 UTC] [Info] [Main] [Command] ItzJay [ItzJayJay=)]: /addshop buy 46212 5000
[DEBUG](staffLog) 03:59:22/07-05 03:58:20(-2) logged DEBUG in debug-logs: [2024-07-04 22:58:22.698 UTC] [Info] [Main] [Command] ItzJay [ItzJayJay=)]: /removeshop
[DEBUG](staffLog) 03:59:32/07-05 03:58:33(-1) fakelogged DEBUG in 🤯: [2024-07-04 22:58:34.962 UTC] [Info] [Main] [Command] ItzJay [ItzJayJay=)]: /addshop buy 46213 65000
[DEBUG](staffLog) 03:59:52/07-05 03:58:55(-2) fakelogged DEBUG in 🤯: [2024-07-04 22:58:57.212 UTC] [Info] [Main] [Command] ItzJay [ItzJayJay=)]: /addshop buy "stack of" 250000
[DEBUG](staffLog) 04:00:02/07-05 03:59:05(-3) fakelogged DEBUG in 🤯: [2024-07-04 22:59:08.722 UTC] [Info] [Main] [Command] Vampie A. [Vampie]: /vault
[DEBUG](staffLog) 04:00:12/07-05 03:59:11(-1) fakelogged DEBUG in 🤯: [2024-07-04 22:59:12.780 UTC] [Info] [Main] [Command] Vampie A. [Vampie]: /vault stash
[DEBUG](staffLog) 04:00:22/07-05 03:59:28(-1) logged CHAT in 🥶: [2024-07-04 22:59:29.727 UTC] [Info] [Main] [Global] ItzJay [ItzJayJay=)]: anyone got 3 bundles of dogtags
[DEBUG](staffLog) 04:01:22/07-05 04:00:22(-2) fakelogged DEBUG in 🤯: [2024-07-04 23:00:24.127 UTC] [Info] [Main] [Command] ItzJay [ItzJayJay=)]: /stuck
[DEBUG](staffLog) 04:01:22/07-05 04:00:24(-2) fakelogged DEBUG in 🤯: [2024-07-04 23:00:26.185 UTC] [Info] [Main] [Command] Vampie A. [Vampie]: /vault kappa
[DEBUG](staffLog) 04:01:22/07-05 04:00:28(-3) fakelogged DEBUG in 🤯: [2024-07-04 23:00:31.079 UTC] [Info] [Main] [Command] Vampie A. [Vampie]: /vault stash
[DEBUG](staffLog) 04:01:32/07-05 04:00:34(-1) fakelogged DEBUG in 🤯: [2024-07-04 23:00:35.982 UTC] [Info] [Main] [Command] ItzJay [ItzJayJay=)]: /doortp
[DEBUG](staffLog) 04:01:32/07-05 04:00:38(-2) fakelogged DEBUG in 🤯: [2024-07-04 23:00:40.768 UTC] [Info] [Main] [Command] Vampie A. [Vampie]: /vault gamma
[DEBUG](staffLog) 04:01:41/07-05 04:00:43(-1) fakelogged DEBUG in 🤯: [2024-07-04 23:00:44.569 UTC] [Info] [Main] [Command] Vampie A. [Vampie]: /vault stash
[DEBUG](staffLog) 04:01:52/07-05 04:00:58(-1) fakelogged DEBUG in 🤯: [2024-07-04 23:00:59.587 UTC] [Info] [Main] [Command] ItzJay [ItzJayJay=)]: /addshop sell 46214 150000
[DEBUG](staffLog) 04:02:02/07-05 04:01:08(-2) fakelogged DEBUG in 🤯: [2024-07-04 23:01:10.770 UTC] [Info] [Main] [Command] ItzJay [ItzJayJay=)]: /addshop sell 46212 5000
[DEBUG](staffLog) 04:02:12/07-05 04:01:18(-2) fakelogged DEBUG in 🤯: [2024-07-04 23:01:20.144 UTC] [Info] [Main] [Command] ItzJay [ItzJayJay=)]: /addshop sell 46213 50000
[DEBUG](staffLog) 04:02:22/07-05 04:01:23(-1) logged DEBUG in debug-logs: [2024-07-04 23:01:24.033 UTC] [Info] [Main] [Command] ItzJay [ItzJayJay=)]: /removeshop
[DEBUG](staffLog) 04:02:22/07-05 04:01:28(-3) fakelogged DEBUG in 🤯: [2024-07-04 23:01:31.454 UTC] [Info] [Main] [Command] ItzJay [ItzJayJay=)]: /addshop buy 46212 7500
[DEBUG](staffLog) 04:02:42/07-05 04:01:46(-2) logged CHAT in 🥶: [2024-07-04 23:01:48.046 UTC] [Info] [Main] [Global] ItzJay [ItzJayJay=)]: BUY AND SELL DOG TAGS AT SUP B!
[DEBUG](staffLog) 04:04:34/07-05 04:03:24(-1) fakelogged DEBUG in 🤯: [2024-07-04 23:03:25.533 UTC] [Info] [Main] [Command] Vampie A. [Vampie]: /vault
[DEBUG](staffLog) 04:04:34/07-05 04:03:25(-3) logged CHAT in 🥶: [2024-07-04 23:03:28.085 UTC] [Info] [Main] [Global] ItzJay [ItzJayJay=)]: BUY AND SELL DOG TAGS SUP B
[DEBUG](staffLog) 04:06:01/07-05 04:05:00(-3) fakelogged DEBUG in 🤯: [2024-07-04 23:05:03.272 UTC] [Info] [Main] [Command] ItzJay [ItzJayJay=)]: /stuck
[DEBUG](staffLog) 04:06:22/07-05 04:05:21(-1) fakelogged DEBUG in 🤯: [2024-07-04 23:05:22.563 UTC] [Info] [Main] [Command] ItzJay [ItzJayJay=)]: /doortp
[DEBUG](staffLog) 04:07:02/07-05 04:06:03(-2) logged CHAT in 🥶: [2024-07-04 23:06:05.281 UTC] [Info] [Main] [Global] ItzJay [ItzJayJay=)]: 18
[DEBUG](staffLog) 04:07:22/07-05 04:06:27(-2) fakelogged DEBUG in 🤯: [2024-07-04 23:06:29.379 UTC] [Info] [Main] [Command] ItzJay [ItzJayJay=)]: /stuck
[DEBUG](staffLog) 04:07:42/07-05 04:06:40(-3) fakelogged DEBUG in 🤯: [2024-07-04 23:06:43.351 UTC] [Info] [Main] [Command] ItzJay [ItzJayJay=)]: /doortp
[DEBUG](staffLog) 04:08:12/07-05 04:07:14(-1) logged CHAT in 🥶: [2024-07-04 23:07:15.452 UTC] [Info] [Main] [Global] ItzJay [ItzJayJay=)]: bc im him
[DEBUG](staffLog) 04:08:32/07-05 04:07:31(-3) fakelogged DEBUG in 🤯: [2024-07-04 23:07:34.512 UTC] [Info] [Main] [Command] Godly [Godly]: /vault
[DEBUG](staffLog) 04:08:32/07-05 04:07:36(-1) logged DEBUG in debug-logs: [2024-07-04 23:07:37.662 UTC] [Info] [Main] [Command] Godly [Godly]: /vaqult gamma
[DEBUG](staffLog) 04:08:32/07-05 04:07:38(-2) fakelogged DEBUG in 🤯: [2024-07-04 23:07:40.108 UTC] [Info] [Main] [Command] Godly [Godly]: /vault gamma
[DEBUG](staffLog) 04:08:52/07-05 04:07:53(-2) logged CHAT in 🥶: [2024-07-04 23:07:55.741 UTC] [Info] [Main] [Global] ItzJay [ItzJayJay=)]: act
[DEBUG](staffLog) 04:08:52/07-05 04:07:54(-3) logged CHAT in 🥶: [2024-07-04 23:07:57.921 UTC] [Info] [Main] [Global] ItzJay [ItzJayJay=)]: acr
[DEBUG](staffLog) 04:09:52/07-05 04:08:53(-2) fakelogged DEBUG in 🤯: [2024-07-04 23:08:55.185 UTC] [Info] [Main] [Command] Godly [Godly]: /VAULT
[DEBUG](staffLog) 04:09:52/07-05 04:08:55(-3) fakelogged DEBUG in 🤯: [2024-07-04 23:08:58.821 UTC] [Info] [Main] [Command] Godly [Godly]: /DOORTP
[DEBUG](staffLog) 04:10:02/07-05 04:09:04(-1) fakelogged DEBUG in 🤯: [2024-07-04 23:09:05.173 UTC] [Info] [Main] [Command] Godly [Godly]: /STUCK
[DEBUG](staffLog) 04:10:32/07-05 04:09:30(-3) logged DEBUG in debug-logs: [2024-07-04 23:09:33.956 UTC] [Info] [Main] [Command] ItzJay [ItzJayJay=)]: /pay krim 1
[DEBUG](staffLog) 04:10:32/07-05 04:09:38(-1) logged DEBUG in debug-logs: [2024-07-04 23:09:39.204 UTC] [Info] [Main] [Command] ItzJay [ItzJayJay=)]: /pay krism 1
[DEBUG](staffLog) 04:10:42/07-05 04:09:41(-3) logged DEBUG in debug-logs: [2024-07-04 23:09:44.958 UTC] [Info] [Main] [Command] ItzJay [ItzJayJay=)]: /pay krism 100000
[DEBUG](staffLog) 04:10:52/07-05 04:09:56(-3) logged CHAT in 🥶: [2024-07-04 23:09:59.150 UTC] [Info] [Main] [Global] ItzJay [ItzJayJay=)]: pls dont
[DEBUG](staffLog) 04:11:02/07-05 04:10:03(-1) logged VANISH in vanish: [2024-07-04 23:10:04.617 UTC] [Info] [Main] [Command] ItzJay [ItzJayJay=)]: /mod
[DEBUG](staffLog) 04:11:02/07-05 04:10:05(-3) logged CHAT in 🥶: [2024-07-04 23:10:08.140 UTC] [Info] [Main] [Global] ItzJay [ItzJayJay=)]: pls dont do that again
[DEBUG](staffLog) 04:11:42/07-05 04:10:48(-2) logged VANISH in vanish: [2024-07-04 23:10:50.880 UTC] [Info] [Main] [Command] ItzJay [ItzJayJay=)]: /smod
[DEBUG](staffLog) 04:11:52/07-05 04:10:57(-1) logged CHAT in 🥶: [2024-07-04 23:10:58.921 UTC] [Info] [Main] [Global] ItzJay [ItzJayJay=)]: mute
[DEBUG](staffLog) 04:12:12/07-05 04:11:13(-3) logged CHAT in 🥶: [2024-07-04 23:11:16.060 UTC] [Info] [Main] [Global] Godly [Godly]: tt
[DEBUG](staffLog) 04:14:32/07-05 04:13:39(-2) logged VANISH in vanish: [2024-07-04 23:13:41.780 UTC] [Info] [Main] [Command] drakos [Andre]: /mod
[DEBUG](staffLog) 04:14:52/07-05 04:13:58(-1) logged MSG in 🌹: [2024-07-04 23:13:59.720 UTC] [Info] [Main] [Command] traktordriver42 [Accurse]: /pm drakos might be a cheta on server
[DEBUG](staffLog) 04:14:52/07-05 04:13:58(-1) logged CHAT in 🥶: [2024-07-04 23:13:59.915 UTC] [Info] [Main] [Global] Godly [Godly]: ye
[DEBUG](staffLog) 04:15:12/07-05 04:14:15(-1) logged CHAT in 🥶: [2024-07-04 23:14:16.660 UTC] [Info] [Main] [Global] Godly [Godly]: okok
[DEBUG](staffLog) 04:15:32/07-05 04:14:40(-1) logged CHAT in 🥶: [2024-07-04 23:14:41.074 UTC] [Info] [Main] [Global] Godly [Godly]: u on triple drown near evact?
[DEBUG](staffLog) 04:16:02/07-05 04:15:05(-1) logged DEBUG in debug-logs: [2024-07-04 23:15:06.551 UTC] [Info] [Main] [Command] Godly [Godly]: /vautl gamma
[DEBUG](staffLog) 04:16:02/07-05 04:15:08(-3) fakelogged DEBUG in 🤯: [2024-07-04 23:15:11.087 UTC] [Info] [Main] [Command] Godly [Godly]: /vault gamma
[DEBUG](staffLog) 04:16:42/07-05 04:15:45(-2) logged CHAT in 🥶: [2024-07-04 23:15:47.705 UTC] [Info] [Main] [Global] Godly [Godly]: <#
[DEBUG](staffLog) 04:16:42/07-05 04:15:46(-3) logged CHAT in 🥶: [2024-07-04 23:15:49.841 UTC] [Info] [Main] [Global] Godly [Godly]: <3
[DEBUG](staffLog) 04:18:32/07-05 04:17:36(-2) fakelogged DEBUG in 🤯: [2024-07-04 23:17:38.325 UTC] [Info] [Main] [Command] ItzJay [ItzJayJay=)]: /stuck
[DEBUG](staffLog) 04:18:52/07-05 04:17:58(-2) fakelogged DEBUG in 🤯: [2024-07-04 23:18:00.337 UTC] [Info] [Main] [Command] ItzJay [ItzJayJay=)]: /doortp
[DEBUG](staffLog) 04:20:22/07-05 04:19:20(-2) logged DEBUG in debug-logs: [2024-07-04 23:19:22.280 UTC] [Info] [Main] [Command] ItzJay [ItzJayJay=)]: /pay krism 69
[DEBUG](staffLog) 04:20:42/07-05 04:19:44(-2) logged DEBUG in debug-logs: [2024-07-04 23:19:46.653 UTC] [Info] [Main] [Command] ItzJay [ItzJayJay=)]: /pay krism 5
[DEBUG](staffLog) 04:20:52/07-05 04:19:54(-3) logged DEBUG in debug-logs: [2024-07-04 23:19:57.678 UTC] [Info] [Main] [Command] ItzJay [ItzJayJay=)]: /pay krism 5000000
[DEBUG](staffLog) 04:23:22/07-05 04:22:27(-2) logged CHAT in 🥶: [2024-07-04 23:22:29.668 UTC] [Info] [Main] [Global] Godly [Godly]: wsp
[DEBUG](staffLog) 04:23:42/07-05 04:22:41(-2) logged CHAT in 🥶: [2024-07-04 23:22:43.101 UTC] [Info] [Main] [Global] Godly [Godly]: not atm sold em all
[DEBUG](staffLog) 04:23:42/07-05 04:22:46(-3) logged CHAT in 🥶: [2024-07-04 23:22:49.242 UTC] [Info] [Main] [Global] Godly [Godly]: jus go fac tbh
[DEBUG](staffLog) 04:23:52/07-05 04:22:52(-2) fakelogged DEBUG in 🤯: [2024-07-04 23:22:54.052 UTC] [Info] [Main] [Command] Hank Hill [Foxbro37]: /stuck
[DEBUG](staffLog) 04:23:52/07-05 04:22:57(-3) logged CHAT in 🥶: [2024-07-04 23:23:00.440 UTC] [Info] [Main] [Global] Godly [Godly]: ill save some if i get em
[DEBUG](staffLog) 04:25:12/07-05 04:24:11(-1) fakelogged DEBUG in 🤯: [2024-07-04 23:24:12.232 UTC] [Info] [Main] [Command] Godly [Godly]: /vault
[DEBUG](staffLog) 04:25:12/07-05 04:24:17(-2) fakelogged DEBUG in 🤯: [2024-07-04 23:24:19.023 UTC] [Info] [Main] [Command] Hank Hill [Foxbro37]: /doortp
[DEBUG](staffLog) 04:26:31/07-05 04:25:33(-3) fakelogged DEBUG in 🤯: [2024-07-04 23:25:36.287 UTC] [Info] [Main] [Command] Vampie A. [Vampie]: /vault gamma
[DEBUG](staffLog) 04:26:42/07-05 04:25:42(-3) fakelogged DEBUG in 🤯: [2024-07-04 23:25:45.385 UTC] [Info] [Main] [Command] Vampie A. [Vampie]: /vault gamma
[DEBUG](staffLog) 04:26:42/07-05 04:25:46(-3) logged VANISH in vanish: [2024-07-04 23:25:49.398 UTC] [Info] [Main] [Command] Vampie A. [Vampie]: /smod
[DEBUG](staffLog) 04:26:52/07-05 04:25:53(-2) logged DEBUG in debug-logs: [2024-07-04 23:25:55.567 UTC] [Info] [Main] [Command] ItzJay [ItzJayJay=)]: /pay krism 462577
[DEBUG](staffLog) 04:27:53/07-05 04:26:59(-1) fakelogged DEBUG in 🤯: [2024-07-04 23:27:00.362 UTC] [Info] [Main] [Command] ItzJay [ItzJayJay=)]: /stuck
[DEBUG](staffLog) 04:27:53/07-05 04:26:59(-2) fakelogged DEBUG in 🤯: [2024-07-04 23:27:01.498 UTC] [Info] [Main] [Command] Vampie A. [Vampie]: /vault
[DEBUG](staffLog) 04:28:32/07-05 04:27:35(-3) fakelogged DEBUG in 🤯: [2024-07-04 23:27:38.296 UTC] [Info] [Main] [Command] Vampie A. [Vampie]: /vault
[DEBUG](staffLog) 04:28:42/07-05 04:27:42(-1) fakelogged DEBUG in 🤯: [2024-07-04 23:27:43.013 UTC] [Info] [Main] [Command] Vampie A. [Vampie]: /vault stash
[DEBUG](staffLog) 04:28:52/07-05 04:27:57(-1) logged MSG in 🌹: [2024-07-04 23:27:58.803 UTC] [Info] [Main] [Command] drakos [Andre]: /pm itzJay go to city, i need the kills
[DEBUG](staffLog) 04:29:11/07-05 04:28:16(-1) fakelogged DEBUG in 🤯: [2024-07-04 23:28:17.405 UTC] [Info] [Main] [Command] Vampie A. [Vampie]: /vault
[DEBUG](staffLog) 04:29:32/07-05 04:28:35(-1) fakelogged DEBUG in 🤯: [2024-07-04 23:28:36.474 UTC] [Info] [Main] [Command] Vampie A. [Vampie]: /vault
[DEBUG](staffLog) 04:29:32/07-05 04:28:38(-1) fakelogged DEBUG in 🤯: [2024-07-04 23:28:39.838 UTC] [Info] [Main] [Command] Vampie A. [Vampie]: /vault gamma
[DEBUG](staffLog) 04:29:42/07-05 04:28:45(-3) fakelogged DEBUG in 🤯: [2024-07-04 23:28:48.578 UTC] [Info] [Main] [Command] Vampie A. [Vampie]: /vault
[DEBUG](staffLog) 04:30:32/07-05 04:29:36(-3) fakelogged DEBUG in 🤯: [2024-07-04 23:29:39.785 UTC] [Info] [Main] [Command] Godly [Godly]: /vault
[DEBUG](staffLog) 04:31:02/07-05 04:30:07(-3) fakelogged DEBUG in 🤯: [2024-07-04 23:30:10.333 UTC] [Info] [Main] [Command] Vampie A. [Vampie]: /mc
[DEBUG](staffLog) 04:31:22/07-05 04:30:28(-1) logged VANISH in vanish: [2024-07-04 23:30:29.141 UTC] [Info] [Main] [Command] ItzJay [ItzJayJay=)]: /mod
[DEBUG](staffLog) 04:31:32/07-05 04:30:36(-2) logged DEBUG in debug-logs: [2024-07-04 23:30:38.444 UTC] [Info] [Main] [Command] Godly [Godly]: /dorotp
[DEBUG](staffLog) 04:31:32/07-05 04:30:38(-2) fakelogged DEBUG in 🤯: [2024-07-04 23:30:40.443 UTC] [Info] [Main] [Command] Godly [Godly]: /doortp
[DEBUG](staffLog) 04:31:52/07-05 04:30:51(-3) fakelogged DEBUG in 🤯: [2024-07-04 23:30:54.811 UTC] [Info] [Main] [Command] Godly [Godly]: /stuck
[DEBUG](staffLog) 04:32:12/07-05 04:31:11(-2) fakelogged DEBUG in 🤯: [2024-07-04 23:31:13.098 UTC] [Info] [Main] [Command] Godly [Godly]: /doortp
[DEBUG](staffLog) 04:32:22/07-05 04:31:23(-2) logged CHAT in 🥶: [2024-07-04 23:31:25.837 UTC] [Info] [Main] [Global] Vampie A. [Vampie]: City the best map
[DEBUG](staffLog) 04:32:42/07-05 04:31:43(-2) logged VANISH in vanish: [2024-07-04 23:31:45.822 UTC] [Info] [Main] [Command] ItzJay [ItzJayJay=)]: /smod
[DEBUG](staffLog) 04:32:42/07-05 04:31:47(-3) fakelogged DEBUG in 🤯: [2024-07-04 23:31:50.242 UTC] [Info] [Main] [Command] Godly [Godly]: /stuck
[DEBUG](staffLog) 04:33:12/07-05 04:32:18(-3) fakelogged DEBUG in 🤯: [2024-07-04 23:32:21.346 UTC] [Info] [Main] [Command] Vampie A. [Vampie]: /vault
[DEBUG](staffLog) 04:34:01/07-05 04:33:04(-3) fakelogged DEBUG in 🤯: [2024-07-04 23:33:07.738 UTC] [Info] [Main] [Command] Vampie A. [Vampie]: /vault kappa
[DEBUG](staffLog) 04:34:01/07-05 04:33:10(-1) fakelogged DEBUG in 🤯: [2024-07-04 23:33:11.462 UTC] [Info] [Main] [Command] Vampie A. [Vampie]: /vault stash
[DEBUG](staffLog) 04:34:12/07-05 04:33:12(-3) logged VANISH in vanish: [2024-07-04 23:33:15.796 UTC] [Info] [Main] [Command] ItzJay [ItzJayJay=)]: /mod
[DEBUG](staffLog) 04:34:12/07-05 04:33:16(-1) logged VANISH in vanish: [2024-07-04 23:33:17.323 UTC] [Info] [Main] [Command] ItzJay [ItzJayJay=)]: /vanish
[DEBUG](staffLog) 04:34:12/07-05 04:33:16(-3) logged TP in tp: [2024-07-04 23:33:19.111 UTC] [Info] [Main] Pandahut >> ItzJay (76561199612445730) - Teleported to DERECHAVELOZ (76561199055670390 at North of Interchange (-916.6893 48.74729 200.2336) from North West of Range (361.4359 65.31445 2630.456)
[DEBUG](staffLog) 04:34:13/07-05 04:33:19(-2) logged TP in tp: [2024-07-04 23:33:21.145 UTC] [Info] [Main] Pandahut >> ItzJay (76561199612445730) - Teleported to DERECHAVELOZ (76561199055670390 at North of Interchange (-931.7181 48.32706 191.7839) from North of Interchange (-879.0624 46.92785 207.3282)
[DEBUG](staffLog) 04:34:22/07-05 04:33:25(-2) fakelogged DEBUG in 🤯: [2024-07-04 23:33:27.776 UTC] [Info] [Main] [Command] Vampie A. [Vampie]: /vault
[DEBUG](staffLog) 04:34:53/07-05 04:33:53(-1) logged MSG in 🌹: [2024-07-04 23:33:54.680 UTC] [Info] [Main] [Command] [CyKo] V1per [Hanz0]: /pm vini wyd chat
[DEBUG](staffLog) 04:35:12/07-05 04:34:12(-2) logged BAN in bans: [2024-07-04 23:34:14.558 UTC] [Info] [Main] [Command] ItzJay [ItzJayJay=)]: /ban 76561199055670390 "ERP | First Offense | 1d 24h" 36 h
[DEBUG](staffLog) 04:35:12/07-05 04:34:18(-1) logged TP in tp: [2024-07-04 23:34:19.810 UTC] [Info] [Main] Pandahut >> ItzJay (76561199612445730) - Teleported to krismedkph (76561199238228941 at North West of Range (359.977 65.33444 2631.113) from North of Interchange (-931.7181 47.81505 191.7839)
[DEBUG](staffLog) 04:35:12/07-05 04:34:19(-3) logged VANISH in vanish: [2024-07-04 23:34:22.078 UTC] [Info] [Main] [Command] ItzJay [ItzJayJay=)]: /smod
[DEBUG](staffLog) 04:35:32/07-05 04:34:32(-1) fakelogged DEBUG in 🤯: [2024-07-04 23:34:33.031 UTC] [Info] [Main] [Command] Vampie A. [Vampie]: /vault
[DEBUG](staffLog) 04:35:42/07-05 04:34:48(-2) fakelogged DEBUG in 🤯: [2024-07-04 23:34:50.335 UTC] [Info] [Main] [Command] Vampie A. [Vampie]: /vault
[DEBUG](staffLog) 04:35:52/07-05 04:34:54(-1) fakelogged DEBUG in 🤯: [2024-07-04 23:34:55.243 UTC] [Info] [Main] [Command] Godly [Godly]: /vault
[DEBUG](staffLog) 04:35:52/07-05 04:34:58(-2) fakelogged DEBUG in 🤯: [2024-07-04 23:35:00.676 UTC] [Info] [Main] [Command] Godly [Godly]: /doortp
[DEBUG](staffLog) 04:36:02/07-05 04:35:02(-1) fakelogged DEBUG in 🤯: [2024-07-04 23:35:03.252 UTC] [Info] [Main] [Command] Godly [Godly]: /stuck
[DEBUG](staffLog) 04:36:02/07-05 04:35:05(-1) fakelogged DEBUG in 🤯: [2024-07-04 23:35:06.517 UTC] [Info] [Main] [Command] Godly [Godly]: /mc
[DEBUG](staffLog) 04:36:22/07-05 04:35:25(-2) fakelogged DEBUG in 🤯: [2024-07-04 23:35:27.143 UTC] [Info] [Main] [Command] Godly [Godly]: /mc
[DEBUG](staffLog) 04:36:32/07-05 04:35:34(-3) fakelogged DEBUG in 🤯: [2024-07-04 23:35:37.714 UTC] [Info] [Main] [Command] Vampie A. [Vampie]: /vault kappa
[DEBUG](staffLog) 04:36:32/07-05 04:35:37(-3) fakelogged DEBUG in 🤯: [2024-07-04 23:35:40.675 UTC] [Info] [Main] [Command] Vampie A. [Vampie]: /vault stash
[DEBUG](staffLog) 04:36:42/07-05 04:35:43(-3) fakelogged DEBUG in 🤯: [2024-07-04 23:35:46.739 UTC] [Info] [Main] [Command] Vampie A. [Vampie]: /vault gamma
[DEBUG](staffLog) 04:36:52/07-05 04:36:00(-1) fakelogged DEBUG in 🤯: [2024-07-04 23:36:01.703 UTC] [Info] [Main] [Command] Godly [Godly]: /mc
[DEBUG](staffLog) 04:38:52/07-05 04:37:59(-1) logged DEBUG in debug-logs: [2024-07-04 23:38:00.408 UTC] [Info] [Main] [Command] ItzJay [ItzJayJay=)]: /pay pog 150000
[DEBUG](staffLog) 04:39:22/07-05 04:38:21(-3) fakelogged DEBUG in 🤯: [2024-07-04 23:38:24.015 UTC] [Info] [Main] [Command] Godly [Godly]: /vault
[DEBUG](staffLog) 04:39:52/07-05 04:38:57(-3) fakelogged DEBUG in 🤯: [2024-07-04 23:39:00.204 UTC] [Info] [Main] [Command] Vampie A. [Vampie]: /vault
[DEBUG](staffLog) 04:40:12/07-05 04:39:14(-2) fakelogged DEBUG in 🤯: [2024-07-04 23:39:16.161 UTC] [Info] [Main] [Command] Vampie A. [Vampie]: /vault
[DEBUG](staffLog) 04:40:22/07-05 04:39:28(-3) fakelogged DEBUG in 🤯: [2024-07-04 23:39:31.958 UTC] [Info] [Main] [Command] Vampie A. [Vampie]: /vault kappa
[DEBUG](staffLog) 04:40:33/07-05 04:39:34(-2) fakelogged DEBUG in 🤯: [2024-07-04 23:39:36.163 UTC] [Info] [Main] [Command] Vampie A. [Vampie]: /vault stash
[DEBUG](staffLog) 04:40:33/07-05 04:39:40(-1) logged MSG in 🌹: [2024-07-04 23:39:41.608 UTC] [Info] [Main] [Command] epstein had drip [epstein had drip]: /msg vampie V1per is using esp
[DEBUG](staffLog) 04:40:52/07-05 04:39:53(-1) logged DEBUG in debug-logs: [2024-07-04 23:39:54.332 UTC] [Info] [Main] [Command] ItzJay [ItzJayJay=)]: /pay pog 100000
[DEBUG](staffLog) 04:41:02/07-05 04:40:08(-2) logged MSG in 🌹: [2024-07-04 23:40:10.820 UTC] [Info] [Main] [Command] epstein had drip [epstein had drip]: /msg vampie V1per I killed him and he came back to the other side of the map and killed me
[DEBUG](staffLog) 04:41:12/07-05 04:40:14(-1) fakelogged DEBUG in 🤯: [2024-07-04 23:40:15.493 UTC] [Info] [Main] [Command] Vampie A. [Vampie]: /vault
[DEBUG](staffLog) 04:42:02/07-05 04:41:04(-1) fakelogged DEBUG in 🤯: [2024-07-04 23:41:05.401 UTC] [Info] [Main] [Command] Vampie A. [Vampie]: /mc
[DEBUG](staffLog) 04:42:32/07-05 04:41:35(-2) fakelogged DEBUG in 🤯: [2024-07-04 23:41:37.706 UTC] [Info] [Main] [Command] Vampie A. [Vampie]: /vault kappa
[DEBUG](staffLog) 04:42:32/07-05 04:41:39(-2) fakelogged DEBUG in 🤯: [2024-07-04 23:41:41.084 UTC] [Info] [Main] [Command] Vampie A. [Vampie]: /vault stash
[DEBUG](staffLog) 04:43:42/07-05 04:42:41(-1) fakelogged DEBUG in 🤯: [2024-07-04 23:42:42.487 UTC] [Info] [Main] [Command] Vampie A. [Vampie]: /vault
[DEBUG](staffLog) 04:43:52/07-05 04:42:51(-2) fakelogged DEBUG in 🤯: [2024-07-04 23:42:53.330 UTC] [Info] [Main] [Command] ItzJay [ItzJayJay=)]: /vault
[DEBUG](staffLog) 04:44:12/07-05 04:43:17(-2) logged DEBUG in debug-logs: [2024-07-04 23:43:19.085 UTC] [Info] [Main] [Command] ItzJay [ItzJayJay=)]: /pay pog 750000
[DEBUG](staffLog) 04:44:22/07-05 04:43:21(-3) fakelogged DEBUG in 🤯: [2024-07-04 23:43:24.384 UTC] [Info] [Main] [Command] Vampie A. [Vampie]: /vault
[DEBUG](staffLog) 04:45:02/07-05 04:44:09(-1) logged DEBUG in debug-logs: [2024-07-04 23:44:10.498 UTC] [Info] [Main] [Command] ItzJay [ItzJayJay=)]: /coinflip
[DEBUG](staffLog) 04:45:22/07-05 04:44:20(-3) fakelogged DEBUG in 🤯: [2024-07-04 23:44:23.474 UTC] [Info] [Main] [Command] Vampie A. [Vampie]: /vault
[DEBUG](staffLog) 04:45:32/07-05 04:44:33(-2) fakelogged DEBUG in 🤯: [2024-07-04 23:44:35.795 UTC] [Info] [Main] [Command] Vampie A. [Vampie]: /vault
[DEBUG](staffLog) 04:45:42/07-05 04:44:43(-1) fakelogged DEBUG in 🤯: [2024-07-04 23:44:44.495 UTC] [Info] [Main] [Command] Vampie A. [Vampie]: /vault
[DEBUG](staffLog) 04:45:42/07-05 04:44:49(-2) logged DEBUG in debug-logs: [2024-07-04 23:44:51.588 UTC] [Info] [Main] [Command] ItzJay [ItzJayJay=)]: /coinflip
[DEBUG](staffLog) 04:45:52/07-05 04:44:50(-3) fakelogged DEBUG in 🤯: [2024-07-04 23:44:53.539 UTC] [Info] [Main] [Command] Vampie A. [Vampie]: /mc
[DEBUG](staffLog) 04:46:02/07-05 04:45:04(-2) logged CHAT in 🥶: [2024-07-04 23:45:06.323 UTC] [Info] [Main] [Global] ItzJay [ItzJayJay=)]: POG PAY UP
[DEBUG](staffLog) 04:46:02/07-05 04:45:05(-3) logged CHAT in 🥶: [2024-07-04 23:45:08.943 UTC] [Info] [Main] [Global] ItzJay [ItzJayJay=)]: POG PAY UP
[DEBUG](staffLog) 04:46:02/07-05 04:45:08(-3) logged VANISH in vanish: [2024-07-04 23:45:11.208 UTC] [Info] [Main] [Command] ItzJay [ItzJayJay=)]: /mod
[DEBUG](staffLog) 04:46:12/07-05 04:45:10(-3) logged TP in tp: [2024-07-04 23:45:13.380 UTC] [Info] [Main] Pandahut >> ItzJay (76561199612445730) - Teleported to Pog (76561199102821601 at North West of Range (338.3566 67.15501 2631.093) from North West of Range (336.55 65.31445 2623.719)
[DEBUG](staffLog) 04:46:22/07-05 04:45:28(-3) logged CHAT in 🥶: [2024-07-04 23:45:31.594 UTC] [Info] [Main] [Global] ItzJay [ItzJayJay=)]: ill give u free candy
[DEBUG](staffLog) 04:46:42/07-05 04:45:47(-2) fakelogged DEBUG in 🤯: [2024-07-04 23:45:49.356 UTC] [Info] [Main] [Command] Vampie A. [Vampie]: /vault stash
[DEBUG](staffLog) 04:46:52/07-05 04:45:53(-2) fakelogged DEBUG in 🤯: [2024-07-04 23:45:55.162 UTC] [Info] [Main] [Command] Vampie A. [Vampie]: /vault kappa
[DEBUG](staffLog) 04:46:52/07-05 04:45:58(-1) fakelogged DEBUG in 🤯: [2024-07-04 23:45:59.546 UTC] [Info] [Main] [Command] Vampie A. [Vampie]: /vault stash
[DEBUG](staffLog) 04:47:02/07-05 04:46:01(-3) fakelogged DEBUG in 🤯: [2024-07-04 23:46:04.259 UTC] [Info] [Main] [Command] Vampie A. [Vampie]: /vault stash
[DEBUG](staffLog) 04:47:02/07-05 04:46:04(-3) logged DEBUG in debug-logs: [2024-07-04 23:46:07.385 UTC] [Info] [Main] [Command] ItzJay [ItzJayJay=)]: /pay pog 25000
[DEBUG](staffLog) 04:47:32/07-05 04:46:32(-2) logged VANISH in vanish: [2024-07-04 23:46:34.912 UTC] [Info] [Main] [Command] ItzJay [ItzJayJay=)]: /smod
[DEBUG](staffLog) 04:49:22/07-05 04:48:26(-3) fakelogged DEBUG in 🤯: [2024-07-04 23:48:29.178 UTC] [Info] [Main] [Command] Vampie A. [Vampie]: /vault kappa
[DEBUG](staffLog) 04:49:22/07-05 04:48:28(-3) logged MSG in 🌹: [2024-07-04 23:48:31.556 UTC] [Info] [Main] [Command] Pog [Cheese]: /pm itz policefbi647
[DEBUG](staffLog) 04:49:52/07-05 04:48:58(-1) fakelogged DEBUG in 🤯: [2024-07-04 23:48:59.627 UTC] [Info] [Main] [Command] Vampie A. [Vampie]: /vault
[DEBUG](staffLog) 04:50:02/07-05 04:49:10(-1) fakelogged DEBUG in 🤯: [2024-07-04 23:49:11.471 UTC] [Info] [Main] [Command] Vampie A. [Vampie]: /vault
[DEBUG](staffLog) 04:50:12/07-05 04:49:15(-3) fakelogged DEBUG in 🤯: [2024-07-04 23:49:18.247 UTC] [Info] [Main] [Command] Godly [Godly]: /vault
[DEBUG](staffLog) 04:50:22/07-05 04:49:21(-2) fakelogged DEBUG in 🤯: [2024-07-04 23:49:23.542 UTC] [Info] [Main] [Command] Godly [Godly]: /doortp
[DEBUG](staffLog) 04:50:22/07-05 04:49:25(-3) fakelogged DEBUG in 🤯: [2024-07-04 23:49:28.600 UTC] [Info] [Main] [Command] Godly [Godly]: /stuck
[DEBUG](staffLog) 04:50:31/07-05 04:49:35(-3) fakelogged DEBUG in 🤯: [2024-07-04 23:49:38.516 UTC] [Info] [Main] [Command] Godly [Godly]: /stuck
[DEBUG](staffLog) 04:50:52/07-05 04:49:52(-1) logged CHAT in 🥶: [2024-07-04 23:49:53.561 UTC] [Info] [Main] [Global] Godly [Godly]: tt
[DEBUG](staffLog) 04:50:52/07-05 04:49:52(-2) fakelogged DEBUG in 🤯: [2024-07-04 23:49:54.018 UTC] [Info] [Main] [Command] Vampie A. [Vampie]: /vault
[DEBUG](staffLog) 04:51:32/07-05 04:50:30(-3) fakelogged DEBUG in 🤯: [2024-07-04 23:50:33.646 UTC] [Info] [Main] [Command] ItzJay [ItzJayJay=)]: /doortp
[DEBUG](staffLog) 04:54:42/07-05 04:53:42(-1) logged MSG in 🌹: [2024-07-04 23:53:43.274 UTC] [Info] [Main] [Command] vini is awful [$yq]: /msg v1per john went in
[DEBUG](staffLog) 04:54:52/07-05 04:53:55(-3) logged MSG in 🌹: [2024-07-04 23:53:58.916 UTC] [Info] [Main] [Command] [CyKo] V1per [Hanz0]: /pm vini i am pinned by godly
[DEBUG](staffLog) 04:55:02/07-05 04:54:04(-1) logged MSG in 🌹: [2024-07-04 23:54:05.773 UTC] [Info] [Main] [Command] vini is awful [$yq]: /r theyre team8s
[DEBUG](staffLog) 04:55:12/07-05 04:54:12(-2) logged CHAT in 🥶: [2024-07-04 23:54:14.400 UTC] [Info] [Main] [Global] Godly [Godly]: got u
[DEBUG](staffLog) 04:55:42/07-05 04:54:42(-3) logged CHAT in 🥶: [2024-07-04 23:54:45.485 UTC] [Info] [Main] [Global] Godly [Godly]: jvc story town rq
[DEBUG](staffLog) 04:55:42/07-05 04:54:48(-1) logged CHAT in 🥶: [2024-07-04 23:54:49.456 UTC] [Info] [Main] [Global] Godly [Godly]: im boutta get off
[DEBUG](staffLog) 04:55:52/07-05 04:54:52(-3) logged CHAT in 🥶: [2024-07-04 23:54:55.926 UTC] [Info] [Main] [Global] Godly [Godly]: like 2 more runs
[DEBUG](staffLog) 04:56:12/07-05 04:55:18(-1) logged CHAT in 🥶: [2024-07-04 23:55:19.920 UTC] [Info] [Main] [Global] Godly [Godly]: ok ok
[DEBUG](staffLog) 04:59:43/07-05 04:58:44(-3) fakelogged DEBUG in 🤯: [2024-07-04 23:58:47.777 UTC] [Info] [Main] [Command] Godly [Godly]: /doortp
[DEBUG](staffLog) 04:59:52/07-05 04:58:53(-3) fakelogged DEBUG in 🤯: [2024-07-04 23:58:56.982 UTC] [Info] [Main] [Command] Godly [Godly]: /stuck
[DEBUG](staffLog) 05:11:42/07-05 05:10:44(-1) logged VANISH in vanish: [2024-07-05 00:10:45.586 UTC] [Info] [Main] [Command] drakos [Andre]: /vanish
[DEBUG](staffLog) 05:13:42/07-05 05:12:49(-1) logged MSG in 🌹: [2024-07-05 00:12:50.786 UTC] [Info] [Main] [Command] traktordriver42 [Accurse]: /pm moose hes cheatint p sure
[DEBUG](staffLog) 05:17:02/07-05 05:16:03(-2) logged MSG in 🌹: [2024-07-05 00:16:05.038 UTC] [Info] [Main] [Command] traktordriver42 [Accurse]: /pm vini have u died to epstein yet?
[DEBUG](staffLog) 05:17:12/07-05 05:16:14(-1) logged MSG in 🌹: [2024-07-05 00:16:15.783 UTC] [Info] [Main] [Command] vini is awful [$yq]: /r no i havent
[DEBUG](staffLog) 05:17:22/07-05 05:16:24(-1) logged MSG in 🌹: [2024-07-05 00:16:25.283 UTC] [Info] [Main] [Command] traktordriver42 [Accurse]: /pm vini p sure hes toggling
[DEBUG](staffLog) 05:18:12/07-05 05:17:18(-2) logged MSG in 🌹: [2024-07-05 00:17:20.997 UTC] [Info] [Main] [Command] JackyWacky [JackyWacky]: /pm matu nice shit
[DEBUG](staffLog) 05:18:22/07-05 05:17:23(-2) logged VANISH in vanish: [2024-07-05 00:17:25.546 UTC] [Info] [Main] [Command] drakos [Andre]: /vanish
[DEBUG](staffLog) 05:18:22/07-05 05:17:25(-2) logged VANISH in vanish: [2024-07-05 00:17:27.530 UTC] [Info] [Main] [Command] drakos [Andre]: /vanish
[DEBUG](staffLog) 05:19:52/07-05 05:18:53(-3) logged MSG in 🌹: [2024-07-05 00:18:56.855 UTC] [Info] [Main] [Command] JackyWacky [JackyWacky]: /pm matu do yk where hospital transmitter in city is
[DEBUG](staffLog) 05:23:42/07-05 05:22:43(-2) logged VANISH in vanish: [2024-07-05 00:22:45.674 UTC] [Info] [Main] [Command] drakos [Andre]: /vanish
[DEBUG](staffLog) 05:23:42/07-05 05:22:44(-3) logged VANISH in vanish: [2024-07-05 00:22:47.465 UTC] [Info] [Main] [Command] drakos [Andre]: /vanish
[DEBUG](staffLog) 05:30:22/07-05 05:29:20(-2) logged MSG in 🌹: [2024-07-05 00:29:22.978 UTC] [Info] [Main] [Command] vini is awful [$yq]: /r i killed him twice
[DEBUG](staffLog) 05:30:32/07-05 05:29:31(-3) logged MSG in 🌹: [2024-07-05 00:29:34.568 UTC] [Info] [Main] [Command] traktordriver42 [Accurse]: /pm vini hes relogging hiding his statsw lmfao
[DEBUG](staffLog) 05:30:52/07-05 05:29:55(-1) logged MSG in 🌹: [2024-07-05 00:29:56.338 UTC] [Info] [Main] [Command] vini is awful [$yq]: /r but havent died to him
[DEBUG](staffLog) 05:31:02/07-05 05:30:10(-1) logged MSG in 🌹: [2024-07-05 00:30:11.080 UTC] [Info] [Main] [Command] vini is awful [$yq]: /r icic
[DEBUG](staffLog) 05:31:12/07-05 05:30:14(-2) logged MSG in 🌹: [2024-07-05 00:30:16.368 UTC] [Info] [Main] [Command] vini is awful [$yq]: /r whats his name again
[DEBUG](staffLog) 05:31:12/07-05 05:30:17(-3) logged MSG in 🌹: [2024-07-05 00:30:20.633 UTC] [Info] [Main] [Command] traktordriver42 [Accurse]: /pm vini same but he was shooting me though a wall
[DEBUG](staffLog) 05:31:22/07-05 05:30:27(-3) logged MSG in 🌹: [2024-07-05 00:30:30.335 UTC] [Info] [Main] [Command] traktordriver42 [Accurse]: /pm vini epstein had drip
[DEBUG](staffLog) 05:31:32/07-05 05:30:30(-2) logged MSG in 🌹: [2024-07-05 00:30:32.174 UTC] [Info] [Main] [Command] yoraze [yoraze]: /msg ayase hes cheating right?
[DEBUG](staffLog) 05:31:32/07-05 05:30:36(-1) logged MSG in 🌹: [2024-07-05 00:30:37.255 UTC] [Info] [Main] [Command] yoraze [yoraze]: /msg ayase is he cheating?
[DEBUG](staffLog) 05:31:32/07-05 05:30:38(-2) logged MSG in 🌹: [2024-07-05 00:30:40.187 UTC] [Info] [Main] [Command] yoraze [yoraze]: /pm
[DEBUG](staffLog) 05:31:42/07-05 05:30:45(-3) logged MSG in 🌹: [2024-07-05 00:30:48.818 UTC] [Info] [Main] [Command] yoraze [yoraze]: /pm ayase is he cheating?
[DEBUG](staffLog) 05:31:42/07-05 05:30:48(-2) logged MSG in 🌹: [2024-07-05 00:30:50.318 UTC] [Info] [Main] [Command] yoraze [yoraze]: /pm ayase
[DEBUG](staffLog) 05:31:52/07-05 05:30:51(-3) logged MSG in 🌹: [2024-07-05 00:30:54.273 UTC] [Info] [Main] [Command] yoraze [yoraze]: /pm love
[DEBUG](staffLog) 05:31:52/07-05 05:30:59(-2) logged MSG in 🌹: [2024-07-05 00:31:01.458 UTC] [Info] [Main] [Command] traktordriver42 [Accurse]: /pm vini hes relogged 20 times at least
[DEBUG](staffLog) 05:32:22/07-05 05:31:23(-2) logged MSG in 🌹: [2024-07-05 00:31:25.553 UTC] [Info] [Main] [Command] vini is awful [$yq]: /r he has a 2.4kd 46% hs rate 3 hrs of playtime
[DEBUG](staffLog) 05:32:32/07-05 05:31:37(-2) logged MSG in 🌹: [2024-07-05 00:31:39.475 UTC] [Info] [Main] [Command] traktordriver42 [Accurse]: /pm vini brand new steam accpint
[DEBUG](staffLog) 05:32:52/07-05 05:32:00(-1) logged MSG in 🌹: [2024-07-05 00:32:01.179 UTC] [Info] [Main] [Command] traktordriver42 [Accurse]: /pm vini lvl 0 private account
[DEBUG](staffLog) 05:33:02/07-05 05:32:03(-3) logged MSG in 🌹: [2024-07-05 00:32:06.676 UTC] [Info] [Main] [Command] vini is awful [$yq]: /r id hv to pvp him to know
[DEBUG](staffLog) 05:33:13/07-05 05:32:20(-1) logged MSG in 🌹: [2024-07-05 00:32:21.420 UTC] [Info] [Main] [Command] traktordriver42 [Accurse]: /pm vini he full tracked someone through a wall on factory
[DEBUG](staffLog) 05:33:42/07-05 05:32:48(-3) logged MSG in 🌹: [2024-07-05 00:32:51.087 UTC] [Info] [Main] [Command] traktordriver42 [Accurse]: /pm vini he relogged again LOL
[DEBUG](staffLog) 05:34:32/07-05 05:33:31(-3) logged MSG in 🌹: [2024-07-05 00:33:34.481 UTC] [Info] [Main] [Command] traktordriver42 [Accurse]: /pm vini he might be lowering his kd now
[DEBUG](staffLog) 05:34:32/07-05 05:33:37(-3) logged MSG in 🌹: [2024-07-05 00:33:40.198 UTC] [Info] [Main] [Command] traktordriver42 [Accurse]: /pm vini hes kinda smart
[DEBUG](staffLog) 05:34:52/07-05 05:33:52(-1) logged MSG in 🌹: [2024-07-05 00:33:53.446 UTC] [Info] [Main] [Command] vini is awful [$yq]: /r maybe
[DEBUG](staffLog) 05:34:52/07-05 05:33:56(-3) logged MSG in 🌹: [2024-07-05 00:33:59.774 UTC] [Info] [Main] [Command] epstein had drip [epstein had drip]: /msg accurse i am kinda smart
[DEBUG](staffLog) 05:35:42/07-05 05:34:44(-3) logged MSG in 🌹: [2024-07-05 00:34:47.998 UTC] [Info] [Main] [Command] traktordriver42 [Accurse]: /pm vini he just dmed me saying i am kinda smart
[DEBUG](staffLog) 05:35:53/07-05 05:34:54(-2) logged MSG in 🌹: [2024-07-05 00:34:56.556 UTC] [Info] [Main] [Command] traktordriver42 [Accurse]: /pm vini bro reading our dms
[DEBUG](staffLog) 05:35:53/07-05 05:34:58(-3) logged MSG in 🌹: [2024-07-05 00:35:01.913 UTC] [Info] [Main] [Command] vini is awful [$yq]: /r huh
[DEBUG](staffLog) 05:36:12/07-05 05:35:11(-3) logged MSG in 🌹: [2024-07-05 00:35:14.040 UTC] [Info] [Main] [Command] traktordriver42 [Accurse]: /pm vini wats ur discord u needa see this lfmao
[DEBUG](staffLog) 05:36:12/07-05 05:35:18(-1) logged MSG in 🌹: [2024-07-05 00:35:19.473 UTC] [Info] [Main] [Command] vini is awful [$yq]: /r syqho
[DEBUG](staffLog) 05:36:22/07-05 05:35:29(-1) logged MSG in 🌹: [2024-07-05 00:35:30.919 UTC] [Info] [Main] [Command] traktordriver42 [Accurse]: /pm epstein i knew u were cheating from the first raid lmfao
[DEBUG](staffLog) 05:36:32/07-05 05:35:37(-3) logged MSG in 🌹: [2024-07-05 00:35:40.738 UTC] [Info] [Main] [Command] DJ [DJ_Julien]: /pm vini you got blue and violet card>
[DEBUG](staffLog) 05:36:42/07-05 05:35:39(-3) logged MSG in 🌹: [2024-07-05 00:35:42.889 UTC] [Info] [Main] [Command] epstein had drip [epstein had drip]: /msg trakterdriver42 im not cheating
[DEBUG](staffLog) 05:36:52/07-05 05:35:51(-1) logged MSG in 🌹: [2024-07-05 00:35:52.536 UTC] [Info] [Main] [Command] vini is awful [$yq]: /r i got vio
[DEBUG](staffLog) 05:36:52/07-05 05:35:57(-3) logged MSG in 🌹: [2024-07-05 00:36:00.321 UTC] [Info] [Main] [Command] vini is awful [$yq]: /r wait i got both
[DEBUG](staffLog) 05:37:02/07-05 05:36:00(-3) logged MSG in 🌹: [2024-07-05 00:36:03.425 UTC] [Info] [Main] [Command] epstein had drip [epstein had drip]: /msg accurse what
[DEBUG](staffLog) 05:37:12/07-05 05:36:14(-2) logged MSG in 🌹: [2024-07-05 00:36:16.203 UTC] [Info] [Main] [Command] epstein had drip [epstein had drip]: /msg accurse i'm not cheating LOL
[DEBUG](staffLog) 05:37:12/07-05 05:36:16(-2) logged MSG in 🌹: [2024-07-05 00:36:18.394 UTC] [Info] [Main] [Command] DJ [DJ_Julien]: /pm vini can we run 1 raid I needa place the transmitters bruh
[DEBUG](staffLog) 05:37:42/07-05 05:36:45(-3) logged MSG in 🌹: [2024-07-05 00:36:48.937 UTC] [Info] [Main] [Command] traktordriver42 [Accurse]: /pm vini look discord
[DEBUG](staffLog) 05:38:42/07-05 05:37:40(-3) logged MSG in 🌹: [2024-07-05 00:37:43.655 UTC] [Info] [Main] [Command] DJ [DJ_Julien]: /pm vini mf
[DEBUG](staffLog) 05:38:42/07-05 05:37:44(-2) logged MSG in 🌹: [2024-07-05 00:37:46.961 UTC] [Info] [Main] [Command] vini is awful [$yq]: /r huh
[DEBUG](staffLog) 05:38:42/07-05 05:37:44(-3) logged MSG in 🌹: [2024-07-05 00:37:47.778 UTC] [Info] [Main] [Command] epstein had drip [epstein had drip]: /msg vini dont look discord he's lying
[DEBUG](staffLog) 05:38:52/07-05 05:37:54(-3) logged MSG in 🌹: [2024-07-05 00:37:57.514 UTC] [Info] [Main] [Command] DJ [DJ_Julien]: /pm vini did you not see what I said
[DEBUG](staffLog) 05:39:02/07-05 05:38:01(-2) logged MSG in 🌹: [2024-07-05 00:38:03.522 UTC] [Info] [Main] [Command] vini is awful [$yq]: /r nah i didnt
[DEBUG](staffLog) 05:39:02/07-05 05:38:04(-2) logged MSG in 🌹: [2024-07-05 00:38:06.528 UTC] [Info] [Main] [Command] vini is awful [$yq]: /r ep LMFAO
[DEBUG](staffLog) 05:39:22/07-05 05:38:21(-2) logged MSG in 🌹: [2024-07-05 00:38:23.845 UTC] [Info] [Main] [Command] DJ [DJ_Julien]: /pm vini can you run 1 raid in labs w me to open the doors
[DEBUG](staffLog) 05:39:22/07-05 05:38:25(-3) logged MSG in 🌹: [2024-07-05 00:38:28.865 UTC] [Info] [Main] [Command] vini is awful [$yq]: /r wait
[DEBUG](staffLog) 05:41:22/07-05 05:40:23(-1) logged MSG in 🌹: [2024-07-05 00:40:24.477 UTC] [Info] [Main] [Command] DJ [DJ_Julien]: /pm vini preferably in the next decade btw
[DEBUG](staffLog) 05:41:32/07-05 05:40:36(-3) logged MSG in 🌹: [2024-07-05 00:40:39.682 UTC] [Info] [Main] [Command] vini is awful [$yq]: /r theres a cheater on rn and he can read my pms so its a bit funnt
[DEBUG](staffLog) 05:41:42/07-05 05:40:50(-1) logged MSG in 🌹: [2024-07-05 00:40:51.642 UTC] [Info] [Main] [Command] DJ [DJ_Julien]: /pm vini wtf?
[DEBUG](staffLog) 05:41:53/07-05 05:40:57(-3) logged MSG in 🌹: [2024-07-05 00:41:00.155 UTC] [Info] [Main] [Command] traktordriver42 [Accurse]: /pm epstein u can see all our dms?
[DEBUG](staffLog) 05:42:02/07-05 05:41:01(-3) logged MSG in 🌹: [2024-07-05 00:41:04.984 UTC] [Info] [Main] [Command] DJ [DJ_Julien]: /pm vini wdym
[DEBUG](staffLog) 05:42:02/07-05 05:41:03(-2) logged MSG in 🌹: [2024-07-05 00:41:05.220 UTC] [Info] [Main] [Command] vini is awful [$yq]: /r yeah ik its kinda funny
[DEBUG](staffLog) 05:42:02/07-05 05:41:04(-2) logged MSG in 🌹: [2024-07-05 00:41:06.801 UTC] [Info] [Main] [Command] traktordriver42 [Accurse]: /pm epstein shit nuts
[DEBUG](staffLog) 05:42:03/07-05 05:41:09(-2) logged MSG in 🌹: [2024-07-05 00:41:11.863 UTC] [Info] [Main] [Command] vini is awful [$yq]: /r i dont know how to explain it
[DEBUG](staffLog) 05:42:12/07-05 05:41:13(-1) logged MSG in 🌹: [2024-07-05 00:41:14.203 UTC] [Info] [Main] [Command] epstein had drip [epstein had drip]: /msg accurse what?
[DEBUG](staffLog) 05:42:12/07-05 05:41:18(-1) logged MSG in 🌹: [2024-07-05 00:41:19.760 UTC] [Info] [Main] [Command] vini is awful [$yq]: /r but he can see all pms
[DEBUG](staffLog) 05:42:12/07-05 05:41:19(-2) logged MSG in 🌹: [2024-07-05 00:41:21.637 UTC] [Info] [Main] [Command] DJ [DJ_Julien]: /pm vini r u in vc rn?
[DEBUG](staffLog) 05:42:22/07-05 05:41:28(-1) logged MSG in 🌹: [2024-07-05 00:41:29.343 UTC] [Info] [Main] [Command] vini is awful [$yq]: /r im in vc with eoko
[DEBUG](staffLog) 05:42:42/07-05 05:41:40(-3) logged MSG in 🌹: [2024-07-05 00:41:43.927 UTC] [Info] [Main] [Command] DJ [DJ_Julien]: /pm vini alr
[DEBUG](staffLog) 05:42:43/07-05 05:41:48(-3) logged MSG in 🌹: [2024-07-05 00:41:51.397 UTC] [Info] [Main] [Command] DJ [DJ_Julien]: /pm vini wtf
[DEBUG](staffLog) 05:42:43/07-05 05:41:50(-2) logged MSG in 🌹: [2024-07-05 00:41:52.154 UTC] [Info] [Main] [Command] vini is awful [$yq]: /r look at what he said in general
[DEBUG](staffLog) 05:42:52/07-05 05:41:54(-1) logged MSG in 🌹: [2024-07-05 00:41:55.171 UTC] [Info] [Main] [Command] vini is awful [$yq]: /r LMFAO
[DEBUG](staffLog) 05:42:52/07-05 05:41:55(-3) logged MSG in 🌹: [2024-07-05 00:41:58.757 UTC] [Info] [Main] [Command] DJ [DJ_Julien]: /pm WHATTTTTTTTTTTT
[DEBUG](staffLog) 05:43:02/07-05 05:42:00(-2) logged MSG in 🌹: [2024-07-05 00:42:02.504 UTC] [Info] [Main] [Command] DJ [DJ_Julien]: /PM VINI WHAT
[DEBUG](staffLog) 05:43:03/07-05 05:42:08(-2) logged MSG in 🌹: [2024-07-05 00:42:10.092 UTC] [Info] [Main] [Command] DJ [DJ_Julien]: /pm vini AYO EPSTEIN YOU STINK
[DEBUG](staffLog) 05:43:42/07-05 05:42:42(-3) logged MSG in 🌹: [2024-07-05 00:42:45.581 UTC] [Info] [Main] [Command] DJ [DJ_Julien]: /PM vini alr so can you run 1 raid or are you busy getting ddosed
[DEBUG](staffLog) 05:44:02/07-05 05:43:08(-3) logged MSG in 🌹: [2024-07-05 00:43:11.469 UTC] [Info] [Main] [Command] DJ [DJ_Julien]: /pm vini whats eoko in game name?
[DEBUG](staffLog) 05:44:32/07-05 05:43:30(-2) logged MSG in 🌹: [2024-07-05 00:43:32.772 UTC] [Info] [Main] [Command] DJ [DJ_Julien]: /pm vini is chaos in labs?
[INFO](debug) changed debug level from 2 -> 3
[DEBUG](retrieveLog) read 499 lines from latest.log in 0.1970677375793457s 128 lines skipped
[INFO](debug) changed debug level from 3 -> 4
[DEBUG](retrieveLog) wrote 18.431238MB to latest.log in 1.9375545978546143
[DEBUG](retrieveLog) read 499 lines from latest.log in 0.19499969482421875s 138 lines skipped
[INFO](debug) changed debug level from 4 -> 2
[DEBUG](staffLog) 05:45:22/07-05 05:44:28(-1) logged MSG in 🌹: [2024-07-05 00:44:29.460 UTC] [Info] [Main] [Command] vini is awful [$yq]: /r brb ima afk
[DEBUG](staffLog) 05:45:32/07-05 05:44:34(-1) logged MSG in 🌹: [2024-07-05 00:44:35.183 UTC] [Info] [Main] [Command] DJ [DJ_Julien]: /pm chaos I needa get the transmitters if you can run 1 run
[DEBUG](staffLog) 05:45:42/07-05 05:44:44(-3) logged MSG in 🌹: [2024-07-05 00:44:47.216 UTC] [Info] [Main] [Command] chaos [chaos]: /r dont think i got any
[DEBUG](staffLog) 05:45:42/07-05 05:44:47(-3) logged MSG in 🌹: [2024-07-05 00:44:50.508 UTC] [Info] [Main] [Command] DJ [DJ_Julien]: /pm chaos syq is being a little bit of a bitch rn
[DEBUG](staffLog) 05:45:42/07-05 05:44:49(-2) logged MSG in 🌹: [2024-07-05 00:44:51.594 UTC] [Info] [Main] [Command] chaos [chaos]: /r scrapman sells for like 15k
[DEBUG](staffLog) 05:46:12/07-05 05:45:13(-1) logged MSG in 🌹: [2024-07-05 00:45:14.866 UTC] [Info] [Main] [Command] DJ [DJ_Julien]: /pm chaos NIGGA I DONT NEED TRANSMITTERS I NEED TO PLACE THEM IN THE ROOMS
[DEBUG](staffLog) 05:46:12/07-05 05:45:18(-3) logged MSG in 🌹: [2024-07-05 00:45:21.352 UTC] [Info] [Main] [Command] DJ [DJ_Julien]: /PM CHAOS ???????????????
[DEBUG](staffLog) 05:46:12/07-05 05:45:19(-2) logged MSG in 🌹: [2024-07-05 00:45:21.457 UTC] [Info] [Main] [Command] chaos [chaos]: /r what roomscunt
[DEBUG](staffLog) 05:46:22/07-05 05:45:25(-2) logged MSG in 🌹: [2024-07-05 00:45:27.962 UTC] [Info] [Main] [Command] DJ [DJ_Julien]: /PM CHAOS BLUE AND VIOLET
[DEBUG](staffLog) 05:46:32/07-05 05:45:32(-3) logged MSG in 🌹: [2024-07-05 00:45:35.936 UTC] [Info] [Main] [Command] DJ [DJ_Julien]: /pm CHAOS WHY DO YOU THINK I ASKED
[DEBUG](staffLog) 05:46:32/07-05 05:45:39(-1) logged MSG in 🌹: [2024-07-05 00:45:40.888 UTC] [Info] [Main] [Command] chaos [chaos]: /r go in a vc
[DEBUG](staffLog) 05:46:42/07-05 05:45:46(-1) logged MSG in 🌹: [2024-07-05 00:45:47.059 UTC] [Info] [Main] [Command] DJ [DJ_Julien]: /pm chaos alr'
[DEBUG](staffLog) 05:46:42/07-05 05:45:49(-2) logged MSG in 🌹: [2024-07-05 00:45:51.669 UTC] [Info] [Main] [Command] chaos [chaos]: /r lounge 1
[DEBUG](staffLog) 05:47:02/07-05 05:46:01(-1) logged MSG in 🌹: [2024-07-05 00:46:02.688 UTC] [Info] [Main] [Command] DJ [DJ_Julien]: /pm chaos im in gen 1 pandahut
[DEBUG](staffLog) 05:47:12/07-05 05:46:14(-1) logged MSG in 🌹: [2024-07-05 00:46:15.838 UTC] [Info] [Main] [Command] chaos [chaos]: /r go story town cunt
[DEBUG](staffLog) 05:47:52/07-05 05:46:53(-1) logged MSG in 🌹: [2024-07-05 00:46:54.744 UTC] [Info] [Main] [Command] DJ [DJ_Julien]: /pm chaos which vc
[DEBUG](staffLog) 05:48:02/07-05 05:47:02(-1) logged MSG in 🌹: [2024-07-05 00:47:03.871 UTC] [Info] [Main] [Command] chaos [chaos]: /r lounge 1 cuntt
[DEBUG](staffLog) 05:48:22/07-05 05:47:26(-1) logged MSG in 🌹: [2024-07-05 00:47:27.493 UTC] [Info] [Main] [Command] DJ [DJ_Julien]: /pm chaos WHAT THE FUCK IS LOUNGE 1 CUNT
[DEBUG](staffLog) 05:48:42/07-05 05:47:43(-1) logged MSG in 🌹: [2024-07-05 00:47:44.619 UTC] [Info] [Main] [Command] DJ [DJ_Julien]: /PM CHAOS IM I RETARTED OR WHAT WHERE
[DEBUG](staffLog) 05:49:12/07-05 05:48:18(-1) logged VANISH in vanish: [2024-07-05 00:48:19.728 UTC] [Info] [Main] [Command] drakos [Andre]: /vanish
[DEBUG](staffLog) 05:49:12/07-05 05:48:17(-3) logged MSG in 🌹: [2024-07-05 00:48:20.739 UTC] [Info] [Main] [Command] chaos [chaos]: /r look dc
[DEBUG](staffLog) 05:49:12/07-05 05:48:19(-2) logged VANISH in vanish: [2024-07-05 00:48:21.641 UTC] [Info] [Main] [Command] drakos [Andre]: /vanish
[DEBUG](staffLog) 05:50:12/07-05 05:49:13(-2) logged MSG in 🌹: [2024-07-05 00:49:15.905 UTC] [Info] [Main] [Command] epstein had drip [epstein had drip]: /msg thief lol
[DEBUG](staffLog) 05:50:22/07-05 05:49:21(-3) logged MSG in 🌹: [2024-07-05 00:49:24.697 UTC] [Info] [Main] [Command] Thief of joy [Thief of joy]: /r okay
[DEBUG](staffLog) 05:50:22/07-05 05:49:22(-3) logged MSG in 🌹: [2024-07-05 00:49:25.860 UTC] [Info] [Main] [Command] Thief of joy [Thief of joy]: /r buddy
[DEBUG](staffLog) 05:50:22/07-05 05:49:26(-2) logged MSG in 🌹: [2024-07-05 00:49:28.137 UTC] [Info] [Main] [Command] Thief of joy [Thief of joy]: /r i see
[DEBUG](staffLog) 05:50:23/07-05 05:49:28(-2) logged MSG in 🌹: [2024-07-05 00:49:30.225 UTC] [Info] [Main] [Command] epstein had drip [epstein had drip]: /msg thief ur cheating monkey
[DEBUG](staffLog) 05:50:33/07-05 05:49:37(-2) logged VANISH in vanish: [2024-07-05 00:49:39.600 UTC] [Info] [Main] [Command] drakos [Andre]: /vanish
[DEBUG](staffLog) 05:50:33/07-05 05:49:37(-3) logged MSG in 🌹: [2024-07-05 00:49:40.388 UTC] [Info] [Main] [Command] epstein had drip [epstein had drip]: /msg thief what cheat
[DEBUG](staffLog) 05:50:42/07-05 05:49:42(-3) logged MSG in 🌹: [2024-07-05 00:49:45.394 UTC] [Info] [Main] [Command] Thief of joy [Thief of joy]: /r what cheat
[DEBUG](staffLog) 05:50:52/07-05 05:49:51(-2) logged MSG in 🌹: [2024-07-05 00:49:53.582 UTC] [Info] [Main] [Command] epstein had drip [epstein had drip]: /msg thief what cheat are you using
[DEBUG](staffLog) 05:50:52/07-05 05:49:54(-2) logged MSG in 🌹: [2024-07-05 00:49:56.503 UTC] [Info] [Main] [Command] Thief of joy [Thief of joy]: /r the wolf one
[DEBUG](staffLog) 05:51:02/07-05 05:50:02(-1) logged MSG in 🌹: [2024-07-05 00:50:03.156 UTC] [Info] [Main] [Command] epstein had drip [epstein had drip]: /msg thief bro
[DEBUG](staffLog) 05:51:02/07-05 05:50:05(-3) logged MSG in 🌹: [2024-07-05 00:50:08.963 UTC] [Info] [Main] [Command] epstein had drip [epstein had drip]: /msg thief ur fucking whats his name arent u
[DEBUG](staffLog) 05:51:12/07-05 05:50:11(-2) logged MSG in 🌹: [2024-07-05 00:50:13.690 UTC] [Info] [Main] [Command] epstein had drip [epstein had drip]: /msg thief u got given the key right
[DEBUG](staffLog) 05:51:12/07-05 05:50:12(-2) logged MSG in 🌹: [2024-07-05 00:50:14.261 UTC] [Info] [Main] [Command] Thief of joy [Thief of joy]: /r ??
[DEBUG](staffLog) 05:51:32/07-05 05:50:35(-2) logged MSG in 🌹: [2024-07-05 00:50:37.724 UTC] [Info] [Main] [Command] Thief of joy [Thief of joy]: /r wdym
[DEBUG](staffLog) 05:51:42/07-05 05:50:46(-2) logged MSG in 🌹: [2024-07-05 00:50:48.178 UTC] [Info] [Main] [Command] epstein had drip [epstein had drip]: /msg thief who gave you the key
[DEBUG](staffLog) 05:51:52/07-05 05:50:55(-1) logged MSG in 🌹: [2024-07-05 00:50:56.724 UTC] [Info] [Main] [Command] Thief of joy [Thief of joy]: /r ???
[DEBUG](staffLog) 05:51:52/07-05 05:50:58(-2) logged MSG in 🌹: [2024-07-05 00:51:00.458 UTC] [Info] [Main] [Command] Thief of joy [Thief of joy]: /r what key
[DEBUG](staffLog) 05:52:02/07-05 05:51:07(-1) logged BAN in bans: [2024-07-05 00:51:08.056 UTC] [Info] [Main] [Command] drakos [Andre]: /ban 76561198372338624 "Cheating | RH | Perm" 0
[DEBUG](staffLog) 05:52:12/07-05 05:51:13(-3) logged MSG in 🌹: [2024-07-05 00:51:16.924 UTC] [Info] [Main] [Command] epstein had drip [epstein had drip]: /msg thief the key for the cheat bro
[DEBUG](staffLog) 05:52:12/07-05 05:51:19(-2) logged MSG in 🌹: [2024-07-05 00:51:21.601 UTC] [Info] [Main] [Command] poopisecret [PuupSecret]: /msg drakos Check Thief of Joy
[DEBUG](staffLog) 05:52:22/07-05 05:51:21(-1) logged MSG in 🌹: [2024-07-05 00:51:22.256 UTC] [Info] [Main] [Command] Thief of joy [Thief of joy]: /r what cheat
[DEBUG](staffLog) 05:52:22/07-05 05:51:25(-1) logged MSG in 🌹: [2024-07-05 00:51:26.109 UTC] [Info] [Main] [Command] epstein had drip [epstein had drip]: /msg thief bruh
[DEBUG](staffLog) 05:52:22/07-05 05:51:28(-3) logged MSG in 🌹: [2024-07-05 00:51:31.885 UTC] [Info] [Main] [Command] poopisecret [PuupSecret]: /msg drakos I just saw him get banned on another server like 15 minutes ago
[DEBUG](staffLog) 05:52:23/07-05 05:51:31(-1) logged MSG in 🌹: [2024-07-05 00:51:32.028 UTC] [Info] [Main] [Command] epstein had drip [epstein had drip]: /msg thief "the wolf one"
[DEBUG](staffLog) 05:52:32/07-05 05:51:34(-1) logged MSG in 🌹: [2024-07-05 00:51:35.268 UTC] [Info] [Main] [Command] Thief of joy [Thief of joy]: /r wdym
[DEBUG](staffLog) 05:52:42/07-05 05:51:40(-2) logged MSG in 🌹: [2024-07-05 00:51:42.791 UTC] [Info] [Main] [Command] Thief of joy [Thief of joy]: /r whats ur discord
[DEBUG](staffLog) 05:52:42/07-05 05:51:44(-1) logged VANISH in vanish: [2024-07-05 00:51:45.545 UTC] [Info] [Main] [Command] drakos [Andre]: /vanish
[DEBUG](staffLog) 05:52:42/07-05 05:51:44(-2) logged MSG in 🌹: [2024-07-05 00:51:46.358 UTC] [Info] [Main] [Command] Thief of joy [Thief of joy]: /r whats ur discord
[DEBUG](staffLog) 05:52:52/07-05 05:51:55(-1) logged MSG in 🌹: [2024-07-05 00:51:56.676 UTC] [Info] [Main] [Command] Thief of joy [Thief of joy]: /pm epstain y
[DEBUG](staffLog) 05:53:02/07-05 05:52:10(-1) logged MSG in 🌹: [2024-07-05 00:52:11.480 UTC] [Info] [Main] [Command] Thief of joy [Thief of joy]: /r yo
[DEBUG](staffLog) 05:53:12/07-05 05:52:11(-2) logged MSG in 🌹: [2024-07-05 00:52:13.822 UTC] [Info] [Main] [Command] epstein had drip [epstein had drip]: /msg thief yo
[DEBUG](staffLog) 05:53:12/07-05 05:52:15(-2) logged MSG in 🌹: [2024-07-05 00:52:17.284 UTC] [Info] [Main] [Command] epstein had drip [epstein had drip]: /msg thief whats ur cord
[DEBUG](staffLog) 05:53:12/07-05 05:52:19(-2) logged MSG in 🌹: [2024-07-05 00:52:21.399 UTC] [Info] [Main] [Command] Thief of joy [Thief of joy]: /r gimme urs
[DEBUG](staffLog) 05:53:22/07-05 05:52:22(-3) logged MSG in 🌹: [2024-07-05 00:52:25.577 UTC] [Info] [Main] [Command] epstein had drip [epstein had drip]: /msg thief no
[DEBUG](staffLog) 05:53:22/07-05 05:52:25(-3) logged MSG in 🌹: [2024-07-05 00:52:28.162 UTC] [Info] [Main] [Command] Thief of joy [Thief of joy]: /r then no
[DEBUG](staffLog) 05:53:22/07-05 05:52:29(-3) logged MSG in 🌹: [2024-07-05 00:52:32.124 UTC] [Info] [Main] [Command] epstein had drip [epstein had drip]: /msg thief u dont even know the name of ur cheat g
[DEBUG](staffLog) 05:53:32/07-05 05:52:33(-1) logged MSG in 🌹: [2024-07-05 00:52:34.097 UTC] [Info] [Main] [Command] epstein had drip [epstein had drip]: /msg thief no
[DEBUG](staffLog) 05:53:32/07-05 05:52:34(-2) logged MSG in 🌹: [2024-07-05 00:52:36.758 UTC] [Info] [Main] [Command] epstein had drip [epstein had drip]: /msg thief LOL
[DEBUG](staffLog) 05:53:33/07-05 05:52:37(-3) logged MSG in 🌹: [2024-07-05 00:52:40.303 UTC] [Info] [Main] [Command] Thief of joy [Thief of joy]: /r gimme urs
[DEBUG](staffLog) 05:53:52/07-05 05:52:56(-2) logged MSG in 🌹: [2024-07-05 00:52:58.578 UTC] [Info] [Main] [Command] epstein had drip [epstein had drip]: /r here
[DEBUG](staffLog) 05:54:12/07-05 05:53:13(-1) logged MSG in 🌹: [2024-07-05 00:53:14.067 UTC] [Info] [Main] [Command] Thief of joy [Thief of joy]: /r gimme it
[DEBUG](staffLog) 05:54:12/07-05 05:53:18(-1) logged MSG in 🌹: [2024-07-05 00:53:19.904 UTC] [Info] [Main] [Command] epstein had drip [epstein had drip]: /r tippingthroughtrezor_29895
[DEBUG](staffLog) 05:54:22/07-05 05:53:23(-1) logged MSG in 🌹: [2024-07-05 00:53:24.022 UTC] [Info] [Main] [Command] Thief of joy [Thief of joy]: /r ok sure
