[INFO](retrieveLog) wrote 28.219478MB to latest.log in 2.0348784923553467
[INFO](staffParse) CAUGHT UP TO LATEST 50
[DEBUG](staffLog) 03:42:07/07-01 03:41:11(-1) logged TP in tp mentioned 837703090345214022: [2024-06-30 22:41:12.998 UTC] [Info] [Main] Pandahut >> Alastor (76561198397021503) - Teleported to LXVEBANGEDURDAD (76561199005666604 at North of Factory (-1967.578 53.61261 1964.457) from North West of Range (320.515 65.06444 2670.063)
[DEBUG](staffLog) 03:42:07/07-01 03:41:13(-1) logged TP in tp mentioned 837703090345214022: [2024-06-30 22:41:14.656 UTC] [Info] [Main] Pandahut >> Alastor (76561198397021503) - Teleported to LXVEBANGEDURDAD (76561199005666604 at North of Factory (-1962.224 53.61261 1957.338) from South East of Factory (-1821.055 55.11261 1820.811)
[DEBUG](staffLog) 03:42:16/07-01 03:41:24(-2) logged TP in tp mentioned 837703090345214022: [2024-06-30 22:41:26.057 UTC] [Info] [Main] Pandahut >> Alastor (76561198397021503) - Teleported to LXVEBANGEDURDAD (76561199005666604 at North of Factory (-1933.716 53.61261 1965.707) from North of Factory (-1943.789 53.93876 1931.495)
[INFO](listMonitors) succesfully listed 3 monitors for user resetdev
[DEBUG](staffLog) 03:42:26/07-01 03:41:32(-2) logged TP in tp: [2024-06-30 22:41:34.112 UTC] [Info] [Main] Pandahut >> Alastor (76561198397021503) - Teleported to Alastor (76561198397021503 at North East of Factory (-1903.629 54.11261 1966.237) from North East of Factory (-1903.629 53.61261 1966.237)
[DEBUG](staffLog) 03:42:36/07-01 03:41:45(-1) logged TP in tp: [2024-06-30 22:41:46.102 UTC] [Info] [Main] [Command] Alastor [Foxbro37]: /tp
[DEBUG](staffLog) 03:42:36/07-01 03:41:47(-1) logged TP in tp mentioned 837703090345214022: [2024-06-30 22:41:48.664 UTC] [Info] [Main] Pandahut >> Alastor (76561198397021503) - Teleported to LXVEBANGEDURDAD (76561199005666604 at North of Factory (-1931.383 53.61261 1910.217) from North East of Factory (-1900.969 36.8522 1956.475)
[DEBUG](staffLog) 03:42:56/07-01 03:42:06(-2) logged TP in tp mentioned 837703090345214022: [2024-06-30 22:42:08.938 UTC] [Info] [Main] Pandahut >> Alastor (76561198397021503) - Teleported to LXVEBANGEDURDAD (76561199005666604 at East of Factory (-1894.426 54.13712 1885.478) from North East of Factory (-1919.63 53.6126 1896.345)
[DEBUG](staffLog) 03:43:06/07-01 03:42:13(-2) logged TP in tp: [2024-06-30 22:42:15.857 UTC] [Info] [Main] Pandahut >> Alastor (76561198397021503) - Teleported to Alastor (76561198397021503 at East of Factory (-1884.6 59.00481 1880.345) from East of Factory (-1884.6 58.50481 1880.345)
[DEBUG](staffLog) 03:43:16/07-01 03:42:29(-2) logged TP in tp: [2024-06-30 22:42:31.684 UTC] [Info] [Main] Pandahut >> Alastor (76561198397021503) - Teleported to Alastor (76561198397021503 at East of Factory (-1884.6 59.06455 1880.345) from East of Factory (-1884.6 58.56455 1880.345)
[DEBUG](staffLog) 03:43:26/07-01 03:42:30(-3) logged TP in tp mentioned 837703090345214022: [2024-06-30 22:42:33.322 UTC] [Info] [Main] Pandahut >> Alastor (76561198397021503) - Teleported to LXVEBANGEDURDAD (76561199005666604 at North West of Range (318.9332 65.31444 2675.385) from East of Factory (-1884.6 58.56455 1880.345)
[DEBUG](staffLog) 03:43:36/07-01 03:42:45(-2) logged TP in tp: [2024-06-30 22:42:47.519 UTC] [Info] [Main] Pandahut >> Alastor (76561198397021503) - Teleported to Scorched (76561198334721536 at West of Interchange (-1193.024 53.42254 37.40244) from North West of Range (314.8333 65.31444 2675.354)
[DEBUG](staffLog) 03:43:36/07-01 03:42:46(-3) logged TP in tp: [2024-06-30 22:42:49.133 UTC] [Info] [Main] Pandahut >> Alastor (76561198397021503) - Teleported to Scorched (76561198334721536 at West of Interchange (-1193.024 53.42254 37.40244) from South of Interchange (-905.8368 46.31628 61.18141)
[DEBUG](staffLog) 03:43:46/07-01 03:42:53(-3) logged DEBUG in debug-logs: [2024-06-30 22:42:56.764 UTC] [Info] [Main] [Command] Alastor [Foxbro37]: /god
[DEBUG](staffLog) 03:43:58/07-01 03:43:01(-2) logged DEBUG in debug-logs: [2024-06-30 22:43:03.698 UTC] [Info] [Main] [Command] Alastor [Foxbro37]: /tphere scorched
[DEBUG](staffLog) 03:44:06/07-01 03:43:15(-1) logged MSG in 🌹: [2024-06-30 22:43:16.005 UTC] [Info] [Main] [Command] Alastor [Foxbro37]: /pm scorched np
[DEBUG](staffLog) 03:44:06/07-01 03:43:17(-1) logged TP in tp mentioned 837703090345214022: [2024-06-30 22:43:18.877 UTC] [Info] [Main] Pandahut >> Alastor (76561198397021503) - Teleported to LXVEBANGEDURDAD (76561199005666604 at North West of Range (318.9332 65.31444 2675.385) from West of Interchange (-1192.119 53.15902 42.74473)
[DEBUG](staffLog) 03:46:26/07-01 03:45:31(-1) logged STATS in stats mentioned 837703090345214022: [2024-06-30 22:45:32.723 UTC] [Info] [Main] [Command] Alastor [Foxbro37]: /stats 76561199005666604
[DEBUG](staffLog) 03:47:06/07-01 03:46:18(-1) logged DEBUG in debug-logs mentioned 837703090345214022: [2024-06-30 22:46:19.499 UTC] [Info] [Main] [Command] Alastor [Foxbro37]: /kick 76561199005666604 "Change your username"
[DEBUG](staffLog) 03:49:26/07-01 03:48:40(-1) logged SERVER in 😃: [2024-06-30 22:48:41.204 UTC] [Info] [Main] [Command] Alastor [Foxbro37]: /server 30
[DEBUG](staffLog) 04:03:28/07-01 04:02:33(-1) logged MSG in 🌹: [2024-06-30 23:02:34.844 UTC] [Info] [Main] [Command] jsgamer1442 [jsgamer1442]: /pm high yo im on 9D rn
[DEBUG](staffLog) 04:03:28/07-01 04:02:39(-2) logged MSG in 🌹: [2024-06-30 23:02:41.537 UTC] [Info] [Main] [Command] High [High]: /pm donde ?
[DEBUG](staffLog) 04:03:36/07-01 04:02:46(-2) logged MSG in 🌹: [2024-06-30 23:02:48.701 UTC] [Info] [Main] [Command] High [High]: /pm Jsgamer1442 donde ?
[DEBUG](staffLog) 04:03:46/07-01 04:02:57(-3) logged MSG in 🌹: [2024-06-30 23:03:00.084 UTC] [Info] [Main] [Command] jsgamer1442 [jsgamer1442]: /pm high on the elevator broher
[DEBUG](staffLog) 04:03:56/07-01 04:03:04(-1) logged MSG in 🌹: [2024-06-30 23:03:05.857 UTC] [Info] [Main] [Command] jsgamer1442 [jsgamer1442]: /pm high brother*
[DEBUG](staffLog) 04:04:06/07-01 04:03:09(-3) logged MSG in 🌹: [2024-06-30 23:03:12.595 UTC] [Info] [Main] [Command] High [High]: /pm Jsgamer1442 I dont see you
[DEBUG](staffLog) 04:04:16/07-01 04:03:19(-3) logged MSG in 🌹: [2024-06-30 23:03:22.489 UTC] [Info] [Main] [Command] jsgamer1442 [jsgamer1442]: /pm high its 9D right?
[DEBUG](staffLog) 04:04:16/07-01 04:03:28(-3) logged MSG in 🌹: [2024-06-30 23:03:31.896 UTC] [Info] [Main] [Command] High [High]: /pm Jsgamer1442 9D
[DEBUG](staffLog) 04:04:46/07-01 04:03:52(-3) logged MSG in 🌹: [2024-06-30 23:03:55.872 UTC] [Info] [Main] [Command] High [High]: /pm Jsgamer1442 can u hear me
[DEBUG](staffLog) 04:05:36/07-01 04:04:41(-1) logged MSG in 🌹: [2024-06-30 23:04:42.631 UTC] [Info] [Main] [Command] High [High]: /pm Jsgamer1442 go to 10D
[DEBUG](staffLog) 04:05:46/07-01 04:04:52(-3) logged MSG in 🌹: [2024-06-30 23:04:55.137 UTC] [Info] [Main] [Command] jsgamer1442 [jsgamer1442]: /pm high omw
[DEBUG](staffLog) 04:09:57/07-01 04:09:04(-2) logged VANISH in vanish: [2024-06-30 23:09:06.177 UTC] [Info] [Main] [Command] Silly Person :3 [Angel_Abov3]: /vanish
[DEBUG](staffLog) 04:10:06/07-01 04:09:09(-3) fakelogged DEBUG in 🤯: [2024-06-30 23:09:12.225 UTC] [Info] [Main] [Command] Silly Person :3 [Angel_Abov3]: /trash
[DEBUG](staffLog) 04:10:17/07-01 04:09:28(-2) logged DEBUG in debug-logs: [2024-06-30 23:09:30.121 UTC] [Info] [Main] [Command] Silly Person :3 [Angel_Abov3]: /setspeed silly 4
[DEBUG](staffLog) 04:10:26/07-01 04:09:40(-1) fakelogged DEBUG in 🤯: [2024-06-30 23:09:41.404 UTC] [Info] [Main] [Command] Silly Person :3 [Angel_Abov3]: /i 55016 10
[DEBUG](staffLog) 04:10:36/07-01 04:09:45(-2) fakelogged DEBUG in 🤯: [2024-06-30 23:09:47.998 UTC] [Info] [Main] [Command] Silly Person :3 [Angel_Abov3]: /i 3334
[DEBUG](staffLog) 04:10:36/07-01 04:09:48(-1) fakelogged DEBUG in 🤯: [2024-06-30 23:09:49.809 UTC] [Info] [Main] [Command] Silly Person :3 [Angel_Abov3]: /i 334
[DEBUG](staffLog) 04:10:46/07-01 04:09:57(-2) logged MSG in 🌹: [2024-06-30 23:09:59.284 UTC] [Info] [Main] [Command] High [High]: /pm js wya
[DEBUG](staffLog) 04:11:16/07-01 04:10:24(-2) logged DEBUG in debug-logs: [2024-06-30 23:10:26.602 UTC] [Info] [Main] [Command] Silly Person :3 [Angel_Abov3]: /bunker
[DEBUG](staffLog) 04:11:36/07-01 04:10:40(-3) fakelogged DEBUG in 🤯: [2024-06-30 23:10:43.240 UTC] [Info] [Main] [Command] Silly Person :3 [Angel_Abov3]: /trash
[DEBUG](staffLog) 04:12:06/07-01 04:11:13(-3) logged DEBUG in debug-logs: [2024-06-30 23:11:16.673 UTC] [Info] [Main] [Command] Silly Person :3 [Angel_Abov3]: /setflag silly 55034 15
[DEBUG](staffLog) 04:12:16/07-01 04:11:22(-2) fakelogged DEBUG in 🤯: [2024-06-30 23:11:24.023 UTC] [Info] [Main] [Command] Silly Person :3 [Angel_Abov3]: /i akm
[DEBUG](staffLog) 04:12:16/07-01 04:11:22(-2) fakelogged DEBUG in 🤯: [2024-06-30 23:11:24.468 UTC] [Info] [Main] [Command] Silly Person :3 [Angel_Abov3]: /i akm
[DEBUG](staffLog) 04:12:16/07-01 04:11:22(-3) fakelogged DEBUG in 🤯: [2024-06-30 23:11:25.431 UTC] [Info] [Main] [Command] Silly Person :3 [Angel_Abov3]: /i akm
[DEBUG](staffLog) 04:12:26/07-01 04:11:32(-1) fakelogged DEBUG in 🤯: [2024-06-30 23:11:33.283 UTC] [Info] [Main] [Command] Silly Person :3 [Angel_Abov3]: /trash
[DEBUG](staffLog) 04:12:26/07-01 04:11:39(-2) fakelogged DEBUG in 🤯: [2024-06-30 23:11:41.453 UTC] [Info] [Main] [Command] Silly Person :3 [Angel_Abov3]: /i svdm
[DEBUG](staffLog) 04:12:46/07-01 04:11:51(-2) fakelogged DEBUG in 🤯: [2024-06-30 23:11:53.329 UTC] [Info] [Main] [Command] Silly Person :3 [Angel_Abov3]: /i dorms
[DEBUG](staffLog) 04:13:28/07-01 04:12:39(-1) logged DEBUG in debug-logs: [2024-06-30 23:12:40.024 UTC] [Info] [Main] [Command] Silly Person :3 [Angel_Abov3]: /bunker
[DEBUG](staffLog) 04:13:46/07-01 04:12:55(-3) fakelogged DEBUG in 🤯: [2024-06-30 23:12:58.099 UTC] [Info] [Main] [Command] Silly Person :3 [Angel_Abov3]: /i beryl 3
[DEBUG](staffLog) 04:13:56/07-01 04:13:02(-2) fakelogged DEBUG in 🤯: [2024-06-30 23:13:04.031 UTC] [Info] [Main] [Command] Silly Person :3 [Angel_Abov3]: /trash
[DEBUG](staffLog) 04:14:26/07-01 04:13:32(-1) logged VANISH in vanish: [2024-06-30 23:13:33.005 UTC] [Info] [Main] [Command] Alastor [Foxbro37]: /vanish
[DEBUG](staffLog) 04:15:06/07-01 04:13:34(-3) logged TP in tp mentioned 837703090345214022: [2024-06-30 23:13:37.569 UTC] [Info] [Main] Pandahut >> Alastor (76561198397021503) - Teleported to Lxve (76561199005666604 at East of Arena (3039.241 5.550005 1355.373) from North West of Range (325.6035 65.06445 2670.523)
[DEBUG](staffLog) 04:15:09/07-01 04:13:41(-3) logged DEBUG in debug-logs: [2024-06-30 23:13:44.064 UTC] [Info] [Main] [Command] Silly Person :3 [Angel_Abov3]: /j
[DEBUG](staffLog) 04:15:10/07-01 04:13:50(-1) logged DEBUG in debug-logs: [2024-06-30 23:13:51.363 UTC] [Info] [Main] [Command] Silly Person :3 [Angel_Abov3]: /bunker
[DEBUG](staffLog) 04:15:10/07-01 04:13:51(-1) logged DEBUG in debug-logs: [2024-06-30 23:13:52.471 UTC] [Info] [Main] [Command] Silly Person :3 [Angel_Abov3]: /exit
[DEBUG](staffLog) 04:16:13/07-01 04:15:09(-3) logged TP in tp: [2024-06-30 23:15:12.525 UTC] [Info] [Main] Pandahut >> Alastor (76561198397021503) - Teleported to Alastor (76561198397021503 at East of Arena (3042.372 6.050004 1363.568) from East of Arena (3042.372 5.550004 1363.568)
[DEBUG](staffLog) 04:16:36/07-01 04:15:45(-1) logged VANISH in vanish: [2024-06-30 23:15:46.301 UTC] [Info] [Main] [Command] Alastor [Foxbro37]: /vanish
[DEBUG](staffLog) 04:18:37/07-01 04:17:46(-1) logged VANISH in vanish: [2024-06-30 23:17:47.661 UTC] [Info] [Main] [Command] Alastor [Foxbro37]: /vanish
[DEBUG](staffLog) 04:18:37/07-01 04:17:47(-2) logged TP in tp mentioned 837703090345214022: [2024-06-30 23:17:49.855 UTC] [Info] [Main] Pandahut >> Alastor (76561198397021503) - Teleported to Lxve (76561199005666604 at East of Arena (3031.1 5.560005 1364.423) from East of Arena (3040.493 0.100005 1367.229)
[DEBUG](staffLog) 04:18:46/07-01 04:17:59(-2) logged VANISH in vanish: [2024-06-30 23:18:01.010 UTC] [Info] [Main] [Command] Alastor [Foxbro37]: /vanish
[DEBUG](staffLog) 04:26:06/07-01 04:25:16(-2) logged VANISH in vanish: [2024-06-30 23:25:18.555 UTC] [Info] [Main] [Command] Alastor [Foxbro37]: /vanish
[DEBUG](staffLog) 04:30:06/07-01 04:29:14(-1) logged VANISH in vanish: [2024-06-30 23:29:15.450 UTC] [Info] [Main] [Command] Alastor [Foxbro37]: /vanish
[DEBUG](staffLog) 04:30:16/07-01 04:29:30(-1) fakelogged DEBUG in 🤯: [2024-06-30 23:29:31.882 UTC] [Info] [Main] [Command] Alastor [Foxbro37]: /stuck
[DEBUG](staffLog) 04:30:37/07-01 04:29:43(-2) fakelogged DEBUG in 🤯: [2024-06-30 23:29:45.186 UTC] [Info] [Main] [Command] Alastor [Foxbro37]: //Vault Stash+
[DEBUG](staffLog) 04:30:37/07-01 04:29:45(-3) fakelogged DEBUG in 🤯: [2024-06-30 23:29:48.249 UTC] [Info] [Main] [Command] Alastor [Foxbro37]: //Vault Stash+
[DEBUG](staffLog) 04:30:37/07-01 04:29:50(-2) fakelogged DEBUG in 🤯: [2024-06-30 23:29:52.038 UTC] [Info] [Main] [Command] Alastor [Foxbro37]: //Vault Stash+
[DEBUG](staffLog) 04:31:26/07-01 04:30:37(-3) fakelogged DEBUG in 🤯: [2024-06-30 23:30:40.301 UTC] [Info] [Main] [Command] Alastor [Foxbro37]: /vault
[DEBUG](staffLog) 04:32:46/07-01 04:31:50(-3) fakelogged DEBUG in 🤯: [2024-06-30 23:31:53.160 UTC] [Info] [Main] [Command] Alastor [Foxbro37]: /vault gamma
[DEBUG](staffLog) 04:32:46/07-01 04:31:58(-3) fakelogged DEBUG in 🤯: [2024-06-30 23:32:01.132 UTC] [Info] [Main] [Command] Alastor [Foxbro37]: /vault gamma
[DEBUG](staffLog) 04:33:07/07-01 04:32:13(-2) fakelogged DEBUG in 🤯: [2024-06-30 23:32:15.784 UTC] [Info] [Main] [Command] Alastor [Foxbro37]: //Vault Stash+
[DEBUG](staffLog) 04:33:27/07-01 04:32:32(-3) fakelogged DEBUG in 🤯: [2024-06-30 23:32:35.701 UTC] [Info] [Main] [Command] Alastor [Foxbro37]: //Vault Stash+
[DEBUG](staffLog) 04:33:37/07-01 04:32:45(-2) fakelogged DEBUG in 🤯: [2024-06-30 23:32:47.448 UTC] [Info] [Main] [Command] Alastor [Foxbro37]: /vault kappa
[DEBUG](staffLog) 04:33:37/07-01 04:32:50(-1) fakelogged DEBUG in 🤯: [2024-06-30 23:32:51.642 UTC] [Info] [Main] [Command] Alastor [Foxbro37]: //Vault Stash+
[DEBUG](staffLog) 04:33:56/07-01 04:33:08(-3) fakelogged DEBUG in 🤯: [2024-06-30 23:33:11.578 UTC] [Info] [Main] [Command] Alastor [Foxbro37]: /vault stash++
[DEBUG](staffLog) 04:34:06/07-01 04:33:17(-2) fakelogged DEBUG in 🤯: [2024-06-30 23:33:19.008 UTC] [Info] [Main] [Command] Alastor [Foxbro37]: /vault gamma
[DEBUG](staffLog) 04:34:06/07-01 04:33:18(-3) fakelogged DEBUG in 🤯: [2024-06-30 23:33:21.486 UTC] [Info] [Main] [Command] Alastor [Foxbro37]: /vault stash++
[DEBUG](staffLog) 04:37:36/07-01 04:36:45(-1) logged MSG in 🌹: [2024-06-30 23:36:46.806 UTC] [Info] [Main] [Command] la caja [la caja]: /msg install u havelabs?
[DEBUG](staffLog) 04:37:46/07-01 04:36:57(-2) logged MSG in 🌹: [2024-06-30 23:36:59.429 UTC] [Info] [Main] [Command] la caja [la caja]: /msg install how much
[DEBUG](staffLog) 04:37:56/07-01 04:37:07(-2) fakelogged DEBUG in 🤯: [2024-06-30 23:37:09.162 UTC] [Info] [Main] [Command] Alastor [Foxbro37]: //Vault Stash+
[DEBUG](staffLog) 04:38:16/07-01 04:37:30(-1) fakelogged DEBUG in 🤯: [2024-06-30 23:37:31.169 UTC] [Info] [Main] [Command] Alastor [Foxbro37]: /vault stash++
[DEBUG](staffLog) 04:42:56/07-01 04:42:02(-2) fakelogged DEBUG in 🤯: [2024-06-30 23:42:04.856 UTC] [Info] [Main] [Command] Alastor [Foxbro37]: /vault
[DEBUG](staffLog) 04:43:06/07-01 04:42:18(-1) fakelogged DEBUG in 🤯: [2024-06-30 23:42:19.031 UTC] [Info] [Main] [Command] Alastor [Foxbro37]: /vault
[DEBUG](staffLog) 04:43:19/07-01 04:42:26(-2) fakelogged DEBUG in 🤯: [2024-06-30 23:42:28.737 UTC] [Info] [Main] [Command] Alastor [Foxbro37]: /vault
