[INFO](retrieveLog) wrote 148.988207MB to latest.log in 8.84259581565857
[INFO](staffParse) CAUGHT UP TO LATEST 62
[DEBUG](staffLog) 03:49:35/07-11 03:48:23(-2) logged MSG in 🌹: [2024-07-10 22:48:25.616 UTC] [Info] [Main] [Command] JackyWacky [JackyWacky]: /pm f-14 u still need the guns?
[DEBUG](staffLog) 03:52:16/07-11 03:51:08(-1) fakelogged DEBUG in 🤯 mentioned 846641395581190155: [2024-07-10 22:51:09.124 UTC] [Info] [Main] [Command] AUZZIE WIFI [NUK3JOEY]: /buyfrom 76561198884479492 43000
[DEBUG](staffLog) 03:55:54/07-11 03:54:46(-3) logged VANISH in vanish: [2024-07-10 22:54:49.133 UTC] [Info] [Main] [Command] Has anybody seen me? [Has anybody seen me?]: /vanish
[DEBUG](staffLog) 04:14:56/07-11 04:13:49(-2) logged MSG in 🌹: [2024-07-10 23:13:51.149 UTC] [Info] [Main] [Command] JackyWacky [JackyWacky]: /pm apex buh
[DEBUG](staffLog) 04:20:48/07-11 04:19:40(-1) fakelogged DEBUG in 🤯 mentioned 846641395581190155: [2024-07-10 23:19:41.608 UTC] [Info] [Main] [Command] xpsddd [xpsddd]: /buyfrom 76561198884479492 43000
[DEBUG](staffLog) 04:23:32/07-11 04:22:20(-3) logged MSG in 🌹: [2024-07-10 23:22:23.577 UTC] [Info] [Main] [Command] JackyWacky [JackyWacky]: /pm porter im selling for 1.2 mil
[DEBUG](staffLog) 04:23:41/07-11 04:22:34(-2) logged MSG in 🌹: [2024-07-10 23:22:36.362 UTC] [Info] [Main] [Command] JackyWacky [JackyWacky]: /pm porter nvm just buy from them
[DEBUG](staffLog) 04:33:29/07-11 04:32:18(-3) logged CONNECTING in 🤣: [2024-07-10 23:32:21.407 UTC] [Info] [Main] Connecting: PlayerID: 76561199531161985 Steam Name: Andre Character name: drakos Nick: Supremacy Group: 112589999263478627 Join GUID: b0254e6b-27ed-428e-97a2-9ad4eeeac540 Character Slot: 0 Language: English
[DEBUG](staffLog) 04:53:21/07-11 04:52:06(-2) logged MSG in 🌹: [2024-07-10 23:52:08.644 UTC] [Info] [Main] [Command] Opeth [561st_Flak]: /pm harm you know where the best place to get bolts is at all?
[DEBUG](staffLog) 05:12:03/07-11 05:10:50(-3) logged MSG in 🌹: [2024-07-11 00:10:53.953 UTC] [Info] [Main] [Command] JackyWacky [JackyWacky]: /pm harm how much for violet and black
[DEBUG](staffLog) 05:19:09/07-11 05:18:06(-1) logged MSG in 🌹: [2024-07-11 00:18:07.350 UTC] [Info] [Main] [Command] JackyWacky [JackyWacky]: /pm harm how muhc us selling violet and black cards for
[DEBUG](staffLog) 05:21:39/07-11 05:20:33(-3) logged CONNECTING in 🤣: [2024-07-11 00:20:36.491 UTC] [Info] [Main] Connecting: PlayerID: 76561198397021503 Steam Name: Foxbro37 Character name: Alastor Nick: Alastor Group: 112589999263479066 Join GUID: c93ba674-f563-42df-8bc9-8e8147b1cabd Character Slot: 0 Language: English
[DEBUG](staffLog) 05:24:08/07-11 05:23:02(-1) fakelogged DEBUG in 🤯: [2024-07-11 00:23:03.781 UTC] [Info] [Main] [Command] Alastor [Foxbro37]: /vault
[DEBUG](staffLog) 05:24:29/07-11 05:23:17(-3) fakelogged DEBUG in 🤯: [2024-07-11 00:23:20.905 UTC] [Info] [Main] [Command] Alastor [Foxbro37]: /vault
[DEBUG](staffLog) 05:26:11/07-11 05:24:58(-1) fakelogged DEBUG in 🤯: [2024-07-11 00:24:59.189 UTC] [Info] [Main] [Command] Alastor [Foxbro37]: /vault kappa
[DEBUG](staffLog) 05:26:11/07-11 05:25:02(-1) fakelogged DEBUG in 🤯: [2024-07-11 00:25:03.326 UTC] [Info] [Main] [Command] Alastor [Foxbro37]: /doortp
[DEBUG](staffLog) 05:26:42/07-11 05:25:25(-2) fakelogged DEBUG in 🤯: [2024-07-11 00:25:27.605 UTC] [Info] [Main] [Command] Alastor [Foxbro37]: /stuck
[DEBUG](staffLog) 05:26:42/07-11 05:25:26(-3) logged DEBUG in debug-logs: [2024-07-11 00:25:29.056 UTC] [Info] [Main] [Command] Alastor [Foxbro37]: /staff
[DEBUG](staffLog) 05:28:38/07-11 05:27:29(-1) fakelogged DEBUG in 🤯: [2024-07-11 00:27:30.694 UTC] [Info] [Main] [Command] Alastor [Foxbro37]: /vault
[DEBUG](staffLog) 05:30:22/07-11 05:29:06(-1) logged SERVER in 😃: [2024-07-11 00:29:07.624 UTC] [Info] [Main] [Command] Alastor [Foxbro37]: /server 10
[DEBUG](staffLog) 05:35:32/07-11 05:34:18(-2) logged CONNECTING in 🤣: [2024-07-11 00:34:20.402 UTC] [Info] [Main] Connecting: PlayerID: 76561199531161985 Steam Name: Andre Character name: drakos Nick: Supremacy Group: 112589999263478627 Join GUID: 95327f14-1002-4e80-874e-47e546eb4ef3 Character Slot: 0 Language: English
[DEBUG](staffLog) 05:38:44/07-11 05:37:30(-3) logged CONNECTING in 🤣: [2024-07-11 00:37:33.478 UTC] [Info] [Main] Connecting: PlayerID: 76561198878832149 Steam Name: stacey Character name: 猫猫糕 Nick: stacey da cat Group: 112589999263478627 Join GUID: 5f586a50-466d-4387-a4e2-c9e8ba48087d Character Slot: 0 Language: English
[DEBUG](staffLog) 05:38:52/07-11 05:37:37(-3) logged SERVER in 😃: [2024-07-11 00:37:40.800 UTC] [Info] [Main] [Command] 猫猫糕 [stacey]: /server 1
[DEBUG](staffLog) 05:41:31/07-11 05:40:10(-1) logged CONNECTING in 🤣: [2024-07-11 00:40:11.208 UTC] [Info] [Main] Connecting: PlayerID: 76561199531161985 Steam Name: Andre Character name: drakos Nick: Supremacy Group: 112589999263478627 Join GUID: fa5ae71c-9836-47c9-b59b-046317617ec0 Character Slot: 0 Language: English
[DEBUG](staffLog) 05:41:48/07-11 05:40:34(-2) logged VANISH in vanish: [2024-07-11 00:40:36.850 UTC] [Info] [Main] [Command] drakos [Andre]: /vanish
[DEBUG](staffLog) 05:41:48/07-11 05:40:35(-3) logged TP in tp: [2024-07-11 00:40:38.197 UTC] [Info] [Main] Pandahut >> drakos (76561199531161985) - Teleported to ball sucker (76561199562231505 at East of event (2905.73 0.3000051 -1096.232) from South East of gorge (2954.164 5.55001 167.4233)
[DEBUG](staffLog) 05:42:00/07-11 05:40:42(-1) fakelogged DEBUG in 🤯: [2024-07-11 00:40:43.096 UTC] [Info] [Main] [Command] drakos [Andre]: /doortp
[DEBUG](staffLog) 05:42:13/07-11 05:41:02(-1) logged DEBUG in debug-logs: [2024-07-11 00:41:03.752 UTC] [Info] [Main] [Command] drakos [Andre]: /kick 76561199562231505 "Change name | 1"
[DEBUG](staffLog) 05:42:24/07-11 05:41:18(-2) logged DEBUG in debug-logs: [2024-07-11 00:41:20.802 UTC] [Info] [Main] [Command] drakos [Andre]: /kick 76561199502944687 "Change name | 1"
[DEBUG](staffLog) 05:43:41/07-11 05:42:34(-2) logged MSG in 🌹: [2024-07-11 00:42:36.301 UTC] [Info] [Main] [Command] Mark  Chef [Tyewalt]: /pm mark u a hoe
[DEBUG](staffLog) 05:43:49/07-11 05:42:37(-3) logged MSG in 🌹: [2024-07-11 00:42:40.131 UTC] [Info] [Main] [Command] Mark  Chef [Tyewalt]: /pm chef u a hoe
[DEBUG](staffLog) 05:45:23/07-11 05:43:59(-3) logged CONNECTING in 🤣: [2024-07-11 00:44:02.288 UTC] [Info] [Main] Connecting: PlayerID: 76561198397021503 Steam Name: Foxbro37 Character name: Alastor Nick: Alastor Group: 112589999263479066 Join GUID: eb2612ef-6ae3-4fdf-9405-1bf4e8d20f01 Character Slot: 0 Language: English
[DEBUG](staffLog) 05:47:23/07-11 05:46:20(-1) fakelogged DEBUG in 🤯: [2024-07-11 00:46:21.882 UTC] [Info] [Main] [Command] Alastor [Foxbro37]: /doortp
[DEBUG](staffLog) 05:47:58/07-11 05:46:46(-3) fakelogged DEBUG in 🤯: [2024-07-11 00:46:49.408 UTC] [Info] [Main] [Command] drakos [Andre]: /stuck
[DEBUG](staffLog) 05:48:19/07-11 05:47:14(-2) logged VANISH in vanish: [2024-07-11 00:47:16.221 UTC] [Info] [Main] [Command] drakos [Andre]: /vanish
[DEBUG](staffLog) 05:48:58/07-11 05:47:56(-1) fakelogged DEBUG in 🤯: [2024-07-11 00:47:57.033 UTC] [Info] [Main] [Command] drakos [Andre]: /doortp
[DEBUG](staffLog) 05:49:41/07-11 05:48:32(-1) fakelogged DEBUG in 🤯: [2024-07-11 00:48:33.189 UTC] [Info] [Main] [Command] drakos [Andre]: /stuck
[DEBUG](staffLog) 05:49:48/07-11 05:48:42(-1) fakelogged DEBUG in 🤯: [2024-07-11 00:48:43.508 UTC] [Info] [Main] [Command] Alastor [Foxbro37]: /stuck
[DEBUG](staffLog) 05:49:59/07-11 05:48:54(-2) logged DEBUG in debug-logs: [2024-07-11 00:48:56.830 UTC] [Info] [Main] [Command] drakos [Andre]: /staff
[DEBUG](staffLog) 05:54:28/07-11 05:53:21(-3) fakelogged DEBUG in 🤯: [2024-07-11 00:53:24.515 UTC] [Info] [Main] [Command] Alastor [Foxbro37]: /vault
[DEBUG](staffLog) 05:59:05/07-11 05:57:41(-2) fakelogged DEBUG in 🤯: [2024-07-11 00:57:43.385 UTC] [Info] [Main] [Command] drakos [Andre]: /vault
[DEBUG](staffLog) 05:59:06/07-11 05:58:01(-1) fakelogged DEBUG in 🤯: [2024-07-11 00:58:02.037 UTC] [Info] [Main] [Command] Alastor [Foxbro37]: /doortp
[DEBUG](staffLog) 06:00:18/07-11 05:59:05(-3) fakelogged DEBUG in 🤯: [2024-07-11 00:59:08.894 UTC] [Info] [Main] [Command] drakos [Andre]: /stuck
[DEBUG](staffLog) 06:00:28/07-11 05:59:21(-1) fakelogged DEBUG in 🤯: [2024-07-11 00:59:22.133 UTC] [Info] [Main] [Command] Alastor [Foxbro37]: /stuck
[DEBUG](staffLog) 06:01:10/07-11 06:00:03(-2) fakelogged DEBUG in 🤯: [2024-07-11 01:00:05.366 UTC] [Info] [Main] [Command] drakos [Andre]: /vault
[DEBUG](staffLog) 06:01:18/07-11 06:00:07(-3) fakelogged DEBUG in 🤯: [2024-07-11 01:00:10.771 UTC] [Info] [Main] [Command] drakos [Andre]: /doortp
[DEBUG](staffLog) 06:02:09/07-11 06:00:45(-1) fakelogged DEBUG in 🤯: [2024-07-11 01:00:46.313 UTC] [Info] [Main] [Command] drakos [Andre]: /stuck
[DEBUG](staffLog) 06:02:36/07-11 06:01:24(-1) fakelogged DEBUG in 🤯: [2024-07-11 01:01:25.331 UTC] [Info] [Main] [Command] Alastor [Foxbro37]: /vault
[DEBUG](staffLog) 06:03:02/07-11 06:01:50(-3) fakelogged DEBUG in 🤯: [2024-07-11 01:01:53.815 UTC] [Info] [Main] [Command] Alastor [Foxbro37]: /vault gamma
[DEBUG](staffLog) 06:03:09/07-11 06:02:03(-2) logged DEBUG in debug-logs: [2024-07-11 01:02:05.092 UTC] [Info] [Main] [Command] drakos [Andre]: /mod
[DEBUG](staffLog) 06:03:19/07-11 06:02:10(-2) logged MSG in 🌹: [2024-07-11 01:02:12.900 UTC] [Info] [Main] [Command] Opeth [561st_Flak]: /pm King I will be giving this back
[DEBUG](staffLog) 06:03:19/07-11 06:02:12(-3) logged CHAT in 🥶: [2024-07-11 01:02:15.130 UTC] [Info] [Main] [Global] drakos [Andre]: you should give out 20 labs cars for free
[DEBUG](staffLog) 06:03:29/07-11 06:02:19(-1) logged MSG in 🌹: [2024-07-11 01:02:20.608 UTC] [Info] [Main] [Command] King [King]: /pm opeth ty ily
[DEBUG](staffLog) 06:03:30/07-11 06:02:20(-1) logged DEBUG in debug-logs: [2024-07-11 01:02:21.640 UTC] [Info] [Main] [Command] drakos [Andre]: /staff
[ERROR](staffParse) error parsing 'NoneType' object has no attribute 'group' | {'name': 'R', 'aliases': [], 'channel': 1256769061791072317, 'public': False, 'text': 'player "{}" said "{}"', 'textArgs': ['sender', 'all'], 'color': 34001} | [2024-07-11 01:02:55.756 UTC] [Info] [Main] [Command] deadlykitten [deadlykitten]: /r

[DEBUG](staffLog) 06:07:56/07-11 06:06:52(-1) fakelogged DEBUG in 🤯: [2024-07-11 01:06:53.521 UTC] [Info] [Main] [Command] Alastor [Foxbro37]: /doortp
[DEBUG](staffLog) 06:08:49/07-11 06:07:38(-2) fakelogged DEBUG in 🤯: [2024-07-11 01:07:40.300 UTC] [Info] [Main] [Command] Alastor [Foxbro37]: /vault kappa
[DEBUG](staffLog) 06:08:49/07-11 06:07:45(-1) fakelogged DEBUG in 🤯: [2024-07-11 01:07:46.281 UTC] [Info] [Main] [Command] Alastor [Foxbro37]: /vault gamma
[DEBUG](staffLog) 06:09:01/07-11 06:07:46(-3) fakelogged DEBUG in 🤯: [2024-07-11 01:07:49.861 UTC] [Info] [Main] [Command] Alastor [Foxbro37]: /vault
[DEBUG](staffLog) 06:09:21/07-11 06:08:15(-1) fakelogged DEBUG in 🤯: [2024-07-11 01:08:16.016 UTC] [Info] [Main] [Command] Alastor [Foxbro37]: /vault stash
[DEBUG](staffLog) 06:09:39/07-11 06:08:31(-1) logged DEBUG in debug-logs: [2024-07-11 01:08:32.328 UTC] [Info] [Main] [Command] drakos [Andre]: /staff
[DEBUG](staffLog) 06:09:39/07-11 06:08:32(-3) fakelogged DEBUG in 🤯: [2024-07-11 01:08:35.393 UTC] [Info] [Main] [Command] Alastor [Foxbro37]: /stuck
[DEBUG](staffLog) 06:10:54/07-11 06:09:18(-1) fakelogged DEBUG in 🤯: [2024-07-11 01:09:19.805 UTC] [Info] [Main] [Command] Alastor [Foxbro37]: /vault
[DEBUG](staffLog) 06:11:04/07-11 06:09:57(-1) logged MSG in 🌹: [2024-07-11 01:09:58.701 UTC] [Info] [Main] [Command] JackyWacky [JackyWacky]: /pm xpsddd join group
[DEBUG](staffLog) 06:11:40/07-11 06:10:29(-1) logged MSG in 🌹: [2024-07-11 01:10:30.539 UTC] [Info] [Main] [Command] Opeth [561st_Flak]: /pm king
[DEBUG](staffLog) 06:11:41/07-11 06:10:32(-3) logged MSG in 🌹: [2024-07-11 01:10:35.721 UTC] [Info] [Main] [Command] Opeth [561st_Flak]: /pm king Hey
[DEBUG](staffLog) 06:12:06/07-11 06:10:43(-2) logged MSG in 🌹: [2024-07-11 01:10:45.337 UTC] [Info] [Main] [Command] Opeth [561st_Flak]: /pm king Im out of raid where you want to meet
[DEBUG](staffLog) 06:12:16/07-11 06:10:46(-2) fakelogged DEBUG in 🤯: [2024-07-11 01:10:48.395 UTC] [Info] [Main] [Command] Alastor [Foxbro37]: /mc
[DEBUG](staffLog) 06:12:16/07-11 06:10:51(-1) logged MSG in 🌹: [2024-07-11 01:10:52.935 UTC] [Info] [Main] [Command] King [King]: /pm opeth what apartment??
[DEBUG](staffLog) 06:12:26/07-11 06:11:12(-1) logged MSG in 🌹: [2024-07-11 01:11:13.171 UTC] [Info] [Main] [Command] Opeth [561st_Flak]: /pm king I have exclusive so it might be best to meet at yours
[DEBUG](staffLog) 06:12:37/07-11 06:11:22(-2) logged MSG in 🌹: [2024-07-11 01:11:24.296 UTC] [Info] [Main] [Command] King [King]: /pm opeth i do too
[DEBUG](staffLog) 06:12:42/07-11 06:11:28(-3) logged DEBUG in debug-logs: [2024-07-11 01:11:31.660 UTC] [Info] [Main] [Command] drakos [Andre]: /mod
[DEBUG](staffLog) 06:13:59/07-11 06:12:51(-1) logged DEBUG in debug-logs: [2024-07-11 01:12:52.873 UTC] [Info] [Main] [Command] drakos [Andre]: /mute 76561198045694691 "Sexual cont. | First Offense | 1d" 1 d
[DEBUG](staffLog) 06:17:00/07-11 06:15:52(-1) logged CONNECTING in 🤣: [2024-07-11 01:15:53.236 UTC] [Info] [Main] Connecting: PlayerID: 76561199531161985 Steam Name: Andre Character name: drakos Nick: Supremacy Group: 112589999263478627 Join GUID: e4e951b3-1417-4b00-b11a-e791e9c7cfba Character Slot: 0 Language: English
[DEBUG](staffLog) 06:17:09/07-11 06:16:00(-3) fakelogged DEBUG in 🤯: [2024-07-11 01:16:03.417 UTC] [Info] [Main] [Command] drakos [Andre]: /vault
[DEBUG](staffLog) 06:17:18/07-11 06:16:08(-1) fakelogged DEBUG in 🤯: [2024-07-11 01:16:09.933 UTC] [Info] [Main] [Command] drakos [Andre]: /doortp
[DEBUG](staffLog) 06:17:18/07-11 06:16:15(-1) fakelogged DEBUG in 🤯: [2024-07-11 01:16:16.921 UTC] [Info] [Main] [Command] drakos [Andre]: /stuck
